[1.001s] DEBUG:colcon:Command line arguments: ['/usr/bin/colcon', 'build']
[1.001s] DEBUG:colcon:Parsed command line arguments: Namespace(log_base=None, log_level=None, verb_name='build', build_base='build', install_base='install', merge_install=False, symlink_install=False, test_result_base=None, continue_on_error=False, executor='parallel', parallel_workers=16, event_handlers=None, ignore_user_meta=False, metas=['./colcon.meta'], base_paths=['.'], packages_ignore=None, packages_ignore_regex=None, paths=None, packages_up_to=None, packages_up_to_regex=None, packages_above=None, packages_above_and_dependencies=None, packages_above_depth=None, packages_select_by_dep=None, packages_skip_by_dep=None, packages_skip_up_to=None, packages_select_build_failed=False, packages_skip_build_finished=False, packages_select_test_failures=False, packages_skip_test_passed=False, packages_select=None, packages_skip=None, packages_select_regex=None, packages_skip_regex=None, packages_start=None, packages_end=None, allow_overriding=[], cmake_args=None, cmake_target=None, cmake_target_skip_unavailable=False, cmake_clean_cache=False, cmake_clean_first=False, cmake_force_configure=False, ament_cmake_args=None, catkin_cmake_args=None, catkin_skip_building_tests=False, verb_parser=<colcon_defaults.argument_parser.defaults.DefaultArgumentsDecorator object at 0x7fd4ccd904f0>, verb_extension=<colcon_core.verb.build.BuildVerb object at 0x7fd4ccd5d270>, main=<bound method BuildVerb.main of <colcon_core.verb.build.BuildVerb object at 0x7fd4ccd5d270>>)
[1.044s] Level 1:colcon.colcon_core.package_discovery:discover_packages(colcon_meta) check parameters
[1.044s] Level 1:colcon.colcon_core.package_discovery:discover_packages(recursive) check parameters
[1.044s] Level 1:colcon.colcon_core.package_discovery:discover_packages(ignore) check parameters
[1.044s] Level 1:colcon.colcon_core.package_discovery:discover_packages(path) check parameters
[1.044s] Level 1:colcon.colcon_core.package_discovery:discover_packages(colcon_meta) discover
[1.044s] Level 1:colcon.colcon_core.package_discovery:discover_packages(recursive) discover
[1.044s] INFO:colcon.colcon_core.package_discovery:Crawling recursively for packages in '/home/sebab/ARS_Sanitizer_Project/ARS_Sanitizer_Project_ws'
[1.044s] Level 1:colcon.colcon_core.package_identification:_identify(.) by extensions ['ignore', 'ignore_ament_install']
[1.044s] Level 1:colcon.colcon_core.package_identification:_identify(.) by extension 'ignore'
[1.044s] Level 1:colcon.colcon_core.package_identification:_identify(.) by extension 'ignore_ament_install'
[1.044s] Level 1:colcon.colcon_core.package_identification:_identify(.) by extensions ['colcon_pkg']
[1.044s] Level 1:colcon.colcon_core.package_identification:_identify(.) by extension 'colcon_pkg'
[1.044s] Level 1:colcon.colcon_core.package_identification:_identify(.) by extensions ['colcon_meta']
[1.044s] Level 1:colcon.colcon_core.package_identification:_identify(.) by extension 'colcon_meta'
[1.045s] Level 1:colcon.colcon_core.package_identification:_identify(.) by extensions ['ros']
[1.045s] Level 1:colcon.colcon_core.package_identification:_identify(.) by extension 'ros'
[1.054s] Level 1:colcon.colcon_core.package_identification:_identify(.) by extensions ['cmake', 'python']
[1.054s] Level 1:colcon.colcon_core.package_identification:_identify(.) by extension 'cmake'
[1.054s] Level 1:colcon.colcon_core.package_identification:_identify(.) by extension 'python'
[1.054s] Level 1:colcon.colcon_core.package_identification:_identify(.) by extensions ['python_setup_py']
[1.054s] Level 1:colcon.colcon_core.package_identification:_identify(.) by extension 'python_setup_py'
[1.054s] Level 1:colcon.colcon_core.package_identification:_identify(build) by extensions ['ignore', 'ignore_ament_install']
[1.055s] Level 1:colcon.colcon_core.package_identification:_identify(build) by extension 'ignore'
[1.055s] Level 1:colcon.colcon_core.package_identification:_identify(build) ignored
[1.055s] Level 1:colcon.colcon_core.package_identification:_identify(install) by extensions ['ignore', 'ignore_ament_install']
[1.055s] Level 1:colcon.colcon_core.package_identification:_identify(install) by extension 'ignore'
[1.055s] Level 1:colcon.colcon_core.package_identification:_identify(install) ignored
[1.055s] Level 1:colcon.colcon_core.package_identification:_identify(log) by extensions ['ignore', 'ignore_ament_install']
[1.055s] Level 1:colcon.colcon_core.package_identification:_identify(log) by extension 'ignore'
[1.055s] Level 1:colcon.colcon_core.package_identification:_identify(log) ignored
[1.055s] Level 1:colcon.colcon_core.package_identification:_identify(src) by extensions ['ignore', 'ignore_ament_install']
[1.055s] Level 1:colcon.colcon_core.package_identification:_identify(src) by extension 'ignore'
[1.055s] Level 1:colcon.colcon_core.package_identification:_identify(src) by extension 'ignore_ament_install'
[1.055s] Level 1:colcon.colcon_core.package_identification:_identify(src) by extensions ['colcon_pkg']
[1.055s] Level 1:colcon.colcon_core.package_identification:_identify(src) by extension 'colcon_pkg'
[1.055s] Level 1:colcon.colcon_core.package_identification:_identify(src) by extensions ['colcon_meta']
[1.055s] Level 1:colcon.colcon_core.package_identification:_identify(src) by extension 'colcon_meta'
[1.055s] Level 1:colcon.colcon_core.package_identification:_identify(src) by extensions ['ros']
[1.055s] Level 1:colcon.colcon_core.package_identification:_identify(src) by extension 'ros'
[1.055s] Level 1:colcon.colcon_core.package_identification:_identify(src) by extensions ['cmake', 'python']
[1.055s] Level 1:colcon.colcon_core.package_identification:_identify(src) by extension 'cmake'
[1.055s] Level 1:colcon.colcon_core.package_identification:_identify(src) by extension 'python'
[1.056s] Level 1:colcon.colcon_core.package_identification:_identify(src) by extensions ['python_setup_py']
[1.056s] Level 1:colcon.colcon_core.package_identification:_identify(src) by extension 'python_setup_py'
[1.056s] Level 1:colcon.colcon_core.package_identification:_identify(src/energy_nav) by extensions ['ignore', 'ignore_ament_install']
[1.056s] Level 1:colcon.colcon_core.package_identification:_identify(src/energy_nav) by extension 'ignore'
[1.056s] Level 1:colcon.colcon_core.package_identification:_identify(src/energy_nav) by extension 'ignore_ament_install'
[1.056s] Level 1:colcon.colcon_core.package_identification:_identify(src/energy_nav) by extensions ['colcon_pkg']
[1.056s] Level 1:colcon.colcon_core.package_identification:_identify(src/energy_nav) by extension 'colcon_pkg'
[1.056s] Level 1:colcon.colcon_core.package_identification:_identify(src/energy_nav) by extensions ['colcon_meta']
[1.056s] Level 1:colcon.colcon_core.package_identification:_identify(src/energy_nav) by extension 'colcon_meta'
[1.056s] Level 1:colcon.colcon_core.package_identification:_identify(src/energy_nav) by extensions ['ros']
[1.056s] Level 1:colcon.colcon_core.package_identification:_identify(src/energy_nav) by extension 'ros'
[1.058s] DEBUG:colcon.colcon_core.package_identification:Package 'src/energy_nav' with type 'ros.ament_python' and name 'energy_nav'
[1.058s] Level 1:colcon.colcon_core.package_identification:_identify(src/energy_pub) by extensions ['ignore', 'ignore_ament_install']
[1.058s] Level 1:colcon.colcon_core.package_identification:_identify(src/energy_pub) by extension 'ignore'
[1.058s] Level 1:colcon.colcon_core.package_identification:_identify(src/energy_pub) by extension 'ignore_ament_install'
[1.058s] Level 1:colcon.colcon_core.package_identification:_identify(src/energy_pub) by extensions ['colcon_pkg']
[1.058s] Level 1:colcon.colcon_core.package_identification:_identify(src/energy_pub) by extension 'colcon_pkg'
[1.058s] Level 1:colcon.colcon_core.package_identification:_identify(src/energy_pub) by extensions ['colcon_meta']
[1.058s] Level 1:colcon.colcon_core.package_identification:_identify(src/energy_pub) by extension 'colcon_meta'
[1.058s] Level 1:colcon.colcon_core.package_identification:_identify(src/energy_pub) by extensions ['ros']
[1.058s] Level 1:colcon.colcon_core.package_identification:_identify(src/energy_pub) by extension 'ros'
[1.059s] DEBUG:colcon.colcon_core.package_identification:Package 'src/energy_pub' with type 'ros.ament_python' and name 'energy_pub'
[1.059s] Level 1:colcon.colcon_core.package_identification:_identify(src/nav2_wavefront_frontier_exploration) by extensions ['ignore', 'ignore_ament_install']
[1.059s] Level 1:colcon.colcon_core.package_identification:_identify(src/nav2_wavefront_frontier_exploration) by extension 'ignore'
[1.059s] Level 1:colcon.colcon_core.package_identification:_identify(src/nav2_wavefront_frontier_exploration) by extension 'ignore_ament_install'
[1.059s] Level 1:colcon.colcon_core.package_identification:_identify(src/nav2_wavefront_frontier_exploration) by extensions ['colcon_pkg']
[1.059s] Level 1:colcon.colcon_core.package_identification:_identify(src/nav2_wavefront_frontier_exploration) by extension 'colcon_pkg'
[1.059s] Level 1:colcon.colcon_core.package_identification:_identify(src/nav2_wavefront_frontier_exploration) by extensions ['colcon_meta']
[1.059s] Level 1:colcon.colcon_core.package_identification:_identify(src/nav2_wavefront_frontier_exploration) by extension 'colcon_meta'
[1.059s] Level 1:colcon.colcon_core.package_identification:_identify(src/nav2_wavefront_frontier_exploration) by extensions ['ros']
[1.059s] Level 1:colcon.colcon_core.package_identification:_identify(src/nav2_wavefront_frontier_exploration) by extension 'ros'
[1.059s] DEBUG:colcon.colcon_core.package_identification:Package 'src/nav2_wavefront_frontier_exploration' with type 'ros.ament_python' and name 'nav2_wfd'
[1.059s] Level 1:colcon.colcon_core.package_identification:_identify(src/turtlebot3_simulations) by extensions ['ignore', 'ignore_ament_install']
[1.060s] Level 1:colcon.colcon_core.package_identification:_identify(src/turtlebot3_simulations) by extension 'ignore'
[1.060s] Level 1:colcon.colcon_core.package_identification:_identify(src/turtlebot3_simulations) by extension 'ignore_ament_install'
[1.060s] Level 1:colcon.colcon_core.package_identification:_identify(src/turtlebot3_simulations) by extensions ['colcon_pkg']
[1.060s] Level 1:colcon.colcon_core.package_identification:_identify(src/turtlebot3_simulations) by extension 'colcon_pkg'
[1.060s] Level 1:colcon.colcon_core.package_identification:_identify(src/turtlebot3_simulations) by extensions ['colcon_meta']
[1.060s] Level 1:colcon.colcon_core.package_identification:_identify(src/turtlebot3_simulations) by extension 'colcon_meta'
[1.060s] Level 1:colcon.colcon_core.package_identification:_identify(src/turtlebot3_simulations) by extensions ['ros']
[1.060s] Level 1:colcon.colcon_core.package_identification:_identify(src/turtlebot3_simulations) by extension 'ros'
[1.060s] Level 1:colcon.colcon_core.package_identification:_identify(src/turtlebot3_simulations) by extensions ['cmake', 'python']
[1.060s] Level 1:colcon.colcon_core.package_identification:_identify(src/turtlebot3_simulations) by extension 'cmake'
[1.060s] Level 1:colcon.colcon_core.package_identification:_identify(src/turtlebot3_simulations) by extension 'python'
[1.060s] Level 1:colcon.colcon_core.package_identification:_identify(src/turtlebot3_simulations) by extensions ['python_setup_py']
[1.060s] Level 1:colcon.colcon_core.package_identification:_identify(src/turtlebot3_simulations) by extension 'python_setup_py'
[1.060s] Level 1:colcon.colcon_core.package_identification:_identify(src/turtlebot3_simulations/turtlebot3_fake_node) by extensions ['ignore', 'ignore_ament_install']
[1.060s] Level 1:colcon.colcon_core.package_identification:_identify(src/turtlebot3_simulations/turtlebot3_fake_node) by extension 'ignore'
[1.060s] Level 1:colcon.colcon_core.package_identification:_identify(src/turtlebot3_simulations/turtlebot3_fake_node) by extension 'ignore_ament_install'
[1.060s] Level 1:colcon.colcon_core.package_identification:_identify(src/turtlebot3_simulations/turtlebot3_fake_node) by extensions ['colcon_pkg']
[1.060s] Level 1:colcon.colcon_core.package_identification:_identify(src/turtlebot3_simulations/turtlebot3_fake_node) by extension 'colcon_pkg'
[1.060s] Level 1:colcon.colcon_core.package_identification:_identify(src/turtlebot3_simulations/turtlebot3_fake_node) by extensions ['colcon_meta']
[1.060s] Level 1:colcon.colcon_core.package_identification:_identify(src/turtlebot3_simulations/turtlebot3_fake_node) by extension 'colcon_meta'
[1.060s] Level 1:colcon.colcon_core.package_identification:_identify(src/turtlebot3_simulations/turtlebot3_fake_node) by extensions ['ros']
[1.060s] Level 1:colcon.colcon_core.package_identification:_identify(src/turtlebot3_simulations/turtlebot3_fake_node) by extension 'ros'
[1.061s] DEBUG:colcon.colcon_core.package_identification:Package 'src/turtlebot3_simulations/turtlebot3_fake_node' with type 'ros.ament_cmake' and name 'turtlebot3_fake_node'
[1.061s] Level 1:colcon.colcon_core.package_identification:_identify(src/turtlebot3_simulations/turtlebot3_gazebo) by extensions ['ignore', 'ignore_ament_install']
[1.061s] Level 1:colcon.colcon_core.package_identification:_identify(src/turtlebot3_simulations/turtlebot3_gazebo) by extension 'ignore'
[1.061s] Level 1:colcon.colcon_core.package_identification:_identify(src/turtlebot3_simulations/turtlebot3_gazebo) by extension 'ignore_ament_install'
[1.061s] Level 1:colcon.colcon_core.package_identification:_identify(src/turtlebot3_simulations/turtlebot3_gazebo) by extensions ['colcon_pkg']
[1.061s] Level 1:colcon.colcon_core.package_identification:_identify(src/turtlebot3_simulations/turtlebot3_gazebo) by extension 'colcon_pkg'
[1.061s] Level 1:colcon.colcon_core.package_identification:_identify(src/turtlebot3_simulations/turtlebot3_gazebo) by extensions ['colcon_meta']
[1.061s] Level 1:colcon.colcon_core.package_identification:_identify(src/turtlebot3_simulations/turtlebot3_gazebo) by extension 'colcon_meta'
[1.061s] Level 1:colcon.colcon_core.package_identification:_identify(src/turtlebot3_simulations/turtlebot3_gazebo) by extensions ['ros']
[1.061s] Level 1:colcon.colcon_core.package_identification:_identify(src/turtlebot3_simulations/turtlebot3_gazebo) by extension 'ros'
[1.062s] DEBUG:colcon.colcon_core.package_identification:Package 'src/turtlebot3_simulations/turtlebot3_gazebo' with type 'ros.ament_cmake' and name 'turtlebot3_gazebo'
[1.062s] Level 1:colcon.colcon_core.package_identification:_identify(src/turtlebot3_simulations/turtlebot3_simulations) by extensions ['ignore', 'ignore_ament_install']
[1.062s] Level 1:colcon.colcon_core.package_identification:_identify(src/turtlebot3_simulations/turtlebot3_simulations) by extension 'ignore'
[1.062s] Level 1:colcon.colcon_core.package_identification:_identify(src/turtlebot3_simulations/turtlebot3_simulations) by extension 'ignore_ament_install'
[1.062s] Level 1:colcon.colcon_core.package_identification:_identify(src/turtlebot3_simulations/turtlebot3_simulations) by extensions ['colcon_pkg']
[1.062s] Level 1:colcon.colcon_core.package_identification:_identify(src/turtlebot3_simulations/turtlebot3_simulations) by extension 'colcon_pkg'
[1.063s] Level 1:colcon.colcon_core.package_identification:_identify(src/turtlebot3_simulations/turtlebot3_simulations) by extensions ['colcon_meta']
[1.063s] Level 1:colcon.colcon_core.package_identification:_identify(src/turtlebot3_simulations/turtlebot3_simulations) by extension 'colcon_meta'
[1.063s] Level 1:colcon.colcon_core.package_identification:_identify(src/turtlebot3_simulations/turtlebot3_simulations) by extensions ['ros']
[1.063s] Level 1:colcon.colcon_core.package_identification:_identify(src/turtlebot3_simulations/turtlebot3_simulations) by extension 'ros'
[1.063s] DEBUG:colcon.colcon_core.package_identification:Package 'src/turtlebot3_simulations/turtlebot3_simulations' with type 'ros.ament_cmake' and name 'turtlebot3_simulations'
[1.063s] Level 1:colcon.colcon_core.package_identification:_identify(src/uv_power) by extensions ['ignore', 'ignore_ament_install']
[1.063s] Level 1:colcon.colcon_core.package_identification:_identify(src/uv_power) by extension 'ignore'
[1.063s] Level 1:colcon.colcon_core.package_identification:_identify(src/uv_power) by extension 'ignore_ament_install'
[1.063s] Level 1:colcon.colcon_core.package_identification:_identify(src/uv_power) by extensions ['colcon_pkg']
[1.063s] Level 1:colcon.colcon_core.package_identification:_identify(src/uv_power) by extension 'colcon_pkg'
[1.063s] Level 1:colcon.colcon_core.package_identification:_identify(src/uv_power) by extensions ['colcon_meta']
[1.063s] Level 1:colcon.colcon_core.package_identification:_identify(src/uv_power) by extension 'colcon_meta'
[1.063s] Level 1:colcon.colcon_core.package_identification:_identify(src/uv_power) by extensions ['ros']
[1.063s] Level 1:colcon.colcon_core.package_identification:_identify(src/uv_power) by extension 'ros'
[1.064s] DEBUG:colcon.colcon_core.package_identification:Package 'src/uv_power' with type 'ros.ament_python' and name 'uv_power'
[1.064s] Level 1:colcon.colcon_core.package_discovery:discover_packages(recursive) using defaults
[1.064s] Level 1:colcon.colcon_core.package_discovery:discover_packages(ignore) discover
[1.064s] Level 1:colcon.colcon_core.package_discovery:discover_packages(ignore) using defaults
[1.064s] Level 1:colcon.colcon_core.package_discovery:discover_packages(path) discover
[1.064s] Level 1:colcon.colcon_core.package_discovery:discover_packages(path) using defaults
[1.161s] Level 1:colcon.colcon_core.package_discovery:discover_packages(prefix_path) check parameters
[1.161s] Level 1:colcon.colcon_core.package_discovery:discover_packages(prefix_path) discover
[1.191s] DEBUG:colcon.colcon_installed_package_information.package_discovery:Found 8 installed packages in /home/sebab/ARS_Sanitizer_Project/ARS_Sanitizer_Project_ws/install
[1.207s] DEBUG:colcon.colcon_installed_package_information.package_discovery:Found 399 installed packages in /opt/ros/humble
[1.208s] Level 1:colcon.colcon_core.package_discovery:discover_packages(prefix_path) using defaults
[1.306s] Level 5:colcon.colcon_core.verb:set package 'energy_nav' build argument 'cmake_args' from command line to 'None'
[1.306s] Level 5:colcon.colcon_core.verb:set package 'energy_nav' build argument 'cmake_target' from command line to 'None'
[1.306s] Level 5:colcon.colcon_core.verb:set package 'energy_nav' build argument 'cmake_target_skip_unavailable' from command line to 'False'
[1.306s] Level 5:colcon.colcon_core.verb:set package 'energy_nav' build argument 'cmake_clean_cache' from command line to 'False'
[1.306s] Level 5:colcon.colcon_core.verb:set package 'energy_nav' build argument 'cmake_clean_first' from command line to 'False'
[1.306s] Level 5:colcon.colcon_core.verb:set package 'energy_nav' build argument 'cmake_force_configure' from command line to 'False'
[1.306s] Level 5:colcon.colcon_core.verb:set package 'energy_nav' build argument 'ament_cmake_args' from command line to 'None'
[1.306s] Level 5:colcon.colcon_core.verb:set package 'energy_nav' build argument 'catkin_cmake_args' from command line to 'None'
[1.306s] Level 5:colcon.colcon_core.verb:set package 'energy_nav' build argument 'catkin_skip_building_tests' from command line to 'False'
[1.306s] DEBUG:colcon.colcon_core.verb:Building package 'energy_nav' with the following arguments: {'ament_cmake_args': None, 'build_base': '/home/sebab/ARS_Sanitizer_Project/ARS_Sanitizer_Project_ws/build/energy_nav', 'catkin_cmake_args': None, 'catkin_skip_building_tests': False, 'cmake_args': None, 'cmake_clean_cache': False, 'cmake_clean_first': False, 'cmake_force_configure': False, 'cmake_target': None, 'cmake_target_skip_unavailable': False, 'install_base': '/home/sebab/ARS_Sanitizer_Project/ARS_Sanitizer_Project_ws/install/energy_nav', 'merge_install': False, 'path': '/home/sebab/ARS_Sanitizer_Project/ARS_Sanitizer_Project_ws/src/energy_nav', 'symlink_install': False, 'test_result_base': None}
[1.323s] Level 5:colcon.colcon_core.verb:set package 'energy_pub' build argument 'cmake_args' from command line to 'None'
[1.323s] Level 5:colcon.colcon_core.verb:set package 'energy_pub' build argument 'cmake_target' from command line to 'None'
[1.323s] Level 5:colcon.colcon_core.verb:set package 'energy_pub' build argument 'cmake_target_skip_unavailable' from command line to 'False'
[1.323s] Level 5:colcon.colcon_core.verb:set package 'energy_pub' build argument 'cmake_clean_cache' from command line to 'False'
[1.323s] Level 5:colcon.colcon_core.verb:set package 'energy_pub' build argument 'cmake_clean_first' from command line to 'False'
[1.323s] Level 5:colcon.colcon_core.verb:set package 'energy_pub' build argument 'cmake_force_configure' from command line to 'False'
[1.323s] Level 5:colcon.colcon_core.verb:set package 'energy_pub' build argument 'ament_cmake_args' from command line to 'None'
[1.323s] Level 5:colcon.colcon_core.verb:set package 'energy_pub' build argument 'catkin_cmake_args' from command line to 'None'
[1.323s] Level 5:colcon.colcon_core.verb:set package 'energy_pub' build argument 'catkin_skip_building_tests' from command line to 'False'
[1.323s] DEBUG:colcon.colcon_core.verb:Building package 'energy_pub' with the following arguments: {'ament_cmake_args': None, 'build_base': '/home/sebab/ARS_Sanitizer_Project/ARS_Sanitizer_Project_ws/build/energy_pub', 'catkin_cmake_args': None, 'catkin_skip_building_tests': False, 'cmake_args': None, 'cmake_clean_cache': False, 'cmake_clean_first': False, 'cmake_force_configure': False, 'cmake_target': None, 'cmake_target_skip_unavailable': False, 'install_base': '/home/sebab/ARS_Sanitizer_Project/ARS_Sanitizer_Project_ws/install/energy_pub', 'merge_install': False, 'path': '/home/sebab/ARS_Sanitizer_Project/ARS_Sanitizer_Project_ws/src/energy_pub', 'symlink_install': False, 'test_result_base': None}
[1.337s] Level 5:colcon.colcon_core.verb:set package 'nav2_wfd' build argument 'cmake_args' from command line to 'None'
[1.337s] Level 5:colcon.colcon_core.verb:set package 'nav2_wfd' build argument 'cmake_target' from command line to 'None'
[1.337s] Level 5:colcon.colcon_core.verb:set package 'nav2_wfd' build argument 'cmake_target_skip_unavailable' from command line to 'False'
[1.337s] Level 5:colcon.colcon_core.verb:set package 'nav2_wfd' build argument 'cmake_clean_cache' from command line to 'False'
[1.338s] Level 5:colcon.colcon_core.verb:set package 'nav2_wfd' build argument 'cmake_clean_first' from command line to 'False'
[1.338s] Level 5:colcon.colcon_core.verb:set package 'nav2_wfd' build argument 'cmake_force_configure' from command line to 'False'
[1.338s] Level 5:colcon.colcon_core.verb:set package 'nav2_wfd' build argument 'ament_cmake_args' from command line to 'None'
[1.338s] Level 5:colcon.colcon_core.verb:set package 'nav2_wfd' build argument 'catkin_cmake_args' from command line to 'None'
[1.338s] Level 5:colcon.colcon_core.verb:set package 'nav2_wfd' build argument 'catkin_skip_building_tests' from command line to 'False'
[1.338s] DEBUG:colcon.colcon_core.verb:Building package 'nav2_wfd' with the following arguments: {'ament_cmake_args': None, 'build_base': '/home/sebab/ARS_Sanitizer_Project/ARS_Sanitizer_Project_ws/build/nav2_wfd', 'catkin_cmake_args': None, 'catkin_skip_building_tests': False, 'cmake_args': None, 'cmake_clean_cache': False, 'cmake_clean_first': False, 'cmake_force_configure': False, 'cmake_target': None, 'cmake_target_skip_unavailable': False, 'install_base': '/home/sebab/ARS_Sanitizer_Project/ARS_Sanitizer_Project_ws/install/nav2_wfd', 'merge_install': False, 'path': '/home/sebab/ARS_Sanitizer_Project/ARS_Sanitizer_Project_ws/src/nav2_wavefront_frontier_exploration', 'symlink_install': False, 'test_result_base': None}
[1.352s] Level 5:colcon.colcon_core.verb:set package 'turtlebot3_fake_node' build argument 'cmake_args' from command line to 'None'
[1.352s] Level 5:colcon.colcon_core.verb:set package 'turtlebot3_fake_node' build argument 'cmake_target' from command line to 'None'
[1.352s] Level 5:colcon.colcon_core.verb:set package 'turtlebot3_fake_node' build argument 'cmake_target_skip_unavailable' from command line to 'False'
[1.352s] Level 5:colcon.colcon_core.verb:set package 'turtlebot3_fake_node' build argument 'cmake_clean_cache' from command line to 'False'
[1.352s] Level 5:colcon.colcon_core.verb:set package 'turtlebot3_fake_node' build argument 'cmake_clean_first' from command line to 'False'
[1.352s] Level 5:colcon.colcon_core.verb:set package 'turtlebot3_fake_node' build argument 'cmake_force_configure' from command line to 'False'
[1.352s] Level 5:colcon.colcon_core.verb:set package 'turtlebot3_fake_node' build argument 'ament_cmake_args' from command line to 'None'
[1.352s] Level 5:colcon.colcon_core.verb:set package 'turtlebot3_fake_node' build argument 'catkin_cmake_args' from command line to 'None'
[1.352s] Level 5:colcon.colcon_core.verb:set package 'turtlebot3_fake_node' build argument 'catkin_skip_building_tests' from command line to 'False'
[1.352s] DEBUG:colcon.colcon_core.verb:Building package 'turtlebot3_fake_node' with the following arguments: {'ament_cmake_args': None, 'build_base': '/home/sebab/ARS_Sanitizer_Project/ARS_Sanitizer_Project_ws/build/turtlebot3_fake_node', 'catkin_cmake_args': None, 'catkin_skip_building_tests': False, 'cmake_args': None, 'cmake_clean_cache': False, 'cmake_clean_first': False, 'cmake_force_configure': False, 'cmake_target': None, 'cmake_target_skip_unavailable': False, 'install_base': '/home/sebab/ARS_Sanitizer_Project/ARS_Sanitizer_Project_ws/install/turtlebot3_fake_node', 'merge_install': False, 'path': '/home/sebab/ARS_Sanitizer_Project/ARS_Sanitizer_Project_ws/src/turtlebot3_simulations/turtlebot3_fake_node', 'symlink_install': False, 'test_result_base': None}
[1.370s] Level 5:colcon.colcon_core.verb:set package 'turtlebot3_gazebo' build argument 'cmake_args' from command line to 'None'
[1.370s] Level 5:colcon.colcon_core.verb:set package 'turtlebot3_gazebo' build argument 'cmake_target' from command line to 'None'
[1.370s] Level 5:colcon.colcon_core.verb:set package 'turtlebot3_gazebo' build argument 'cmake_target_skip_unavailable' from command line to 'False'
[1.370s] Level 5:colcon.colcon_core.verb:set package 'turtlebot3_gazebo' build argument 'cmake_clean_cache' from command line to 'False'
[1.370s] Level 5:colcon.colcon_core.verb:set package 'turtlebot3_gazebo' build argument 'cmake_clean_first' from command line to 'False'
[1.370s] Level 5:colcon.colcon_core.verb:set package 'turtlebot3_gazebo' build argument 'cmake_force_configure' from command line to 'False'
[1.370s] Level 5:colcon.colcon_core.verb:set package 'turtlebot3_gazebo' build argument 'ament_cmake_args' from command line to 'None'
[1.370s] Level 5:colcon.colcon_core.verb:set package 'turtlebot3_gazebo' build argument 'catkin_cmake_args' from command line to 'None'
[1.370s] Level 5:colcon.colcon_core.verb:set package 'turtlebot3_gazebo' build argument 'catkin_skip_building_tests' from command line to 'False'
[1.370s] DEBUG:colcon.colcon_core.verb:Building package 'turtlebot3_gazebo' with the following arguments: {'ament_cmake_args': None, 'build_base': '/home/sebab/ARS_Sanitizer_Project/ARS_Sanitizer_Project_ws/build/turtlebot3_gazebo', 'catkin_cmake_args': None, 'catkin_skip_building_tests': False, 'cmake_args': None, 'cmake_clean_cache': False, 'cmake_clean_first': False, 'cmake_force_configure': False, 'cmake_target': None, 'cmake_target_skip_unavailable': False, 'install_base': '/home/sebab/ARS_Sanitizer_Project/ARS_Sanitizer_Project_ws/install/turtlebot3_gazebo', 'merge_install': False, 'path': '/home/sebab/ARS_Sanitizer_Project/ARS_Sanitizer_Project_ws/src/turtlebot3_simulations/turtlebot3_gazebo', 'symlink_install': False, 'test_result_base': None}
[1.387s] Level 5:colcon.colcon_core.verb:set package 'uv_power' build argument 'cmake_args' from command line to 'None'
[1.387s] Level 5:colcon.colcon_core.verb:set package 'uv_power' build argument 'cmake_target' from command line to 'None'
[1.387s] Level 5:colcon.colcon_core.verb:set package 'uv_power' build argument 'cmake_target_skip_unavailable' from command line to 'False'
[1.387s] Level 5:colcon.colcon_core.verb:set package 'uv_power' build argument 'cmake_clean_cache' from command line to 'False'
[1.387s] Level 5:colcon.colcon_core.verb:set package 'uv_power' build argument 'cmake_clean_first' from command line to 'False'
[1.387s] Level 5:colcon.colcon_core.verb:set package 'uv_power' build argument 'cmake_force_configure' from command line to 'False'
[1.387s] Level 5:colcon.colcon_core.verb:set package 'uv_power' build argument 'ament_cmake_args' from command line to 'None'
[1.387s] Level 5:colcon.colcon_core.verb:set package 'uv_power' build argument 'catkin_cmake_args' from command line to 'None'
[1.387s] Level 5:colcon.colcon_core.verb:set package 'uv_power' build argument 'catkin_skip_building_tests' from command line to 'False'
[1.387s] DEBUG:colcon.colcon_core.verb:Building package 'uv_power' with the following arguments: {'ament_cmake_args': None, 'build_base': '/home/sebab/ARS_Sanitizer_Project/ARS_Sanitizer_Project_ws/build/uv_power', 'catkin_cmake_args': None, 'catkin_skip_building_tests': False, 'cmake_args': None, 'cmake_clean_cache': False, 'cmake_clean_first': False, 'cmake_force_configure': False, 'cmake_target': None, 'cmake_target_skip_unavailable': False, 'install_base': '/home/sebab/ARS_Sanitizer_Project/ARS_Sanitizer_Project_ws/install/uv_power', 'merge_install': False, 'path': '/home/sebab/ARS_Sanitizer_Project/ARS_Sanitizer_Project_ws/src/uv_power', 'symlink_install': False, 'test_result_base': None}
[1.404s] Level 5:colcon.colcon_core.verb:set package 'turtlebot3_simulations' build argument 'cmake_args' from command line to 'None'
[1.404s] Level 5:colcon.colcon_core.verb:set package 'turtlebot3_simulations' build argument 'cmake_target' from command line to 'None'
[1.404s] Level 5:colcon.colcon_core.verb:set package 'turtlebot3_simulations' build argument 'cmake_target_skip_unavailable' from command line to 'False'
[1.404s] Level 5:colcon.colcon_core.verb:set package 'turtlebot3_simulations' build argument 'cmake_clean_cache' from command line to 'False'
[1.404s] Level 5:colcon.colcon_core.verb:set package 'turtlebot3_simulations' build argument 'cmake_clean_first' from command line to 'False'
[1.404s] Level 5:colcon.colcon_core.verb:set package 'turtlebot3_simulations' build argument 'cmake_force_configure' from command line to 'False'
[1.404s] Level 5:colcon.colcon_core.verb:set package 'turtlebot3_simulations' build argument 'ament_cmake_args' from command line to 'None'
[1.404s] Level 5:colcon.colcon_core.verb:set package 'turtlebot3_simulations' build argument 'catkin_cmake_args' from command line to 'None'
[1.404s] Level 5:colcon.colcon_core.verb:set package 'turtlebot3_simulations' build argument 'catkin_skip_building_tests' from command line to 'False'
[1.404s] DEBUG:colcon.colcon_core.verb:Building package 'turtlebot3_simulations' with the following arguments: {'ament_cmake_args': None, 'build_base': '/home/sebab/ARS_Sanitizer_Project/ARS_Sanitizer_Project_ws/build/turtlebot3_simulations', 'catkin_cmake_args': None, 'catkin_skip_building_tests': False, 'cmake_args': None, 'cmake_clean_cache': False, 'cmake_clean_first': False, 'cmake_force_configure': False, 'cmake_target': None, 'cmake_target_skip_unavailable': False, 'install_base': '/home/sebab/ARS_Sanitizer_Project/ARS_Sanitizer_Project_ws/install/turtlebot3_simulations', 'merge_install': False, 'path': '/home/sebab/ARS_Sanitizer_Project/ARS_Sanitizer_Project_ws/src/turtlebot3_simulations/turtlebot3_simulations', 'symlink_install': False, 'test_result_base': None}
[1.418s] INFO:colcon.colcon_core.executor:Executing jobs using 'parallel' executor
[1.433s] DEBUG:colcon.colcon_parallel_executor.executor.parallel:run_until_complete
[1.433s] INFO:colcon.colcon_ros.task.ament_cmake.build:Building ROS package in '/home/sebab/ARS_Sanitizer_Project/ARS_Sanitizer_Project_ws/src/turtlebot3_simulations/turtlebot3_fake_node' with build type 'ament_cmake'
[1.434s] INFO:colcon.colcon_cmake.task.cmake.build:Building CMake package in '/home/sebab/ARS_Sanitizer_Project/ARS_Sanitizer_Project_ws/src/turtlebot3_simulations/turtlebot3_fake_node'
[1.450s] INFO:colcon.colcon_core.plugin_system:Skipping extension 'colcon_core.shell.bat': Not used on non-Windows systems
[1.450s] INFO:colcon.colcon_core.shell:Skip shell extension 'powershell' for command environment: Not usable outside of PowerShell
[1.450s] DEBUG:colcon.colcon_core.shell:Skip shell extension 'dsv' for command environment
[1.497s] INFO:colcon.colcon_ros.task.ament_cmake.build:Building ROS package in '/home/sebab/ARS_Sanitizer_Project/ARS_Sanitizer_Project_ws/src/turtlebot3_simulations/turtlebot3_gazebo' with build type 'ament_cmake'
[1.498s] INFO:colcon.colcon_cmake.task.cmake.build:Building CMake package in '/home/sebab/ARS_Sanitizer_Project/ARS_Sanitizer_Project_ws/src/turtlebot3_simulations/turtlebot3_gazebo'
[1.513s] INFO:colcon.colcon_core.shell:Skip shell extension 'powershell' for command environment: Not usable outside of PowerShell
[1.513s] DEBUG:colcon.colcon_core.shell:Skip shell extension 'dsv' for command environment
[1.561s] INFO:colcon.colcon_ros.task.ament_python.build:Building ROS package in '/home/sebab/ARS_Sanitizer_Project/ARS_Sanitizer_Project_ws/src/energy_nav' with build type 'ament_python'
[1.561s] Level 1:colcon.colcon_core.shell:create_environment_hook('energy_nav', 'ament_prefix_path')
[1.576s] INFO:colcon.colcon_core.shell:Creating environment hook '/home/sebab/ARS_Sanitizer_Project/ARS_Sanitizer_Project_ws/install/energy_nav/share/energy_nav/hook/ament_prefix_path.ps1'
[1.577s] INFO:colcon.colcon_core.shell:Creating environment descriptor '/home/sebab/ARS_Sanitizer_Project/ARS_Sanitizer_Project_ws/install/energy_nav/share/energy_nav/hook/ament_prefix_path.dsv'
[1.577s] INFO:colcon.colcon_core.shell:Creating environment hook '/home/sebab/ARS_Sanitizer_Project/ARS_Sanitizer_Project_ws/install/energy_nav/share/energy_nav/hook/ament_prefix_path.sh'
[1.592s] INFO:colcon.colcon_core.shell:Skip shell extension 'powershell' for command environment: Not usable outside of PowerShell
[1.592s] DEBUG:colcon.colcon_core.shell:Skip shell extension 'dsv' for command environment
[1.639s] INFO:colcon.colcon_ros.task.ament_python.build:Building ROS package in '/home/sebab/ARS_Sanitizer_Project/ARS_Sanitizer_Project_ws/src/energy_pub' with build type 'ament_python'
[1.639s] Level 1:colcon.colcon_core.shell:create_environment_hook('energy_pub', 'ament_prefix_path')
[1.655s] INFO:colcon.colcon_core.shell:Creating environment hook '/home/sebab/ARS_Sanitizer_Project/ARS_Sanitizer_Project_ws/install/energy_pub/share/energy_pub/hook/ament_prefix_path.ps1'
[1.655s] INFO:colcon.colcon_core.shell:Creating environment descriptor '/home/sebab/ARS_Sanitizer_Project/ARS_Sanitizer_Project_ws/install/energy_pub/share/energy_pub/hook/ament_prefix_path.dsv'
[1.655s] INFO:colcon.colcon_core.shell:Creating environment hook '/home/sebab/ARS_Sanitizer_Project/ARS_Sanitizer_Project_ws/install/energy_pub/share/energy_pub/hook/ament_prefix_path.sh'
[1.671s] INFO:colcon.colcon_core.shell:Skip shell extension 'powershell' for command environment: Not usable outside of PowerShell
[1.671s] DEBUG:colcon.colcon_core.shell:Skip shell extension 'dsv' for command environment
[1.717s] INFO:colcon.colcon_ros.task.ament_python.build:Building ROS package in '/home/sebab/ARS_Sanitizer_Project/ARS_Sanitizer_Project_ws/src/nav2_wavefront_frontier_exploration' with build type 'ament_python'
[1.717s] Level 1:colcon.colcon_core.shell:create_environment_hook('nav2_wfd', 'ament_prefix_path')
[1.732s] INFO:colcon.colcon_core.shell:Creating environment hook '/home/sebab/ARS_Sanitizer_Project/ARS_Sanitizer_Project_ws/install/nav2_wfd/share/nav2_wfd/hook/ament_prefix_path.ps1'
[1.732s] INFO:colcon.colcon_core.shell:Creating environment descriptor '/home/sebab/ARS_Sanitizer_Project/ARS_Sanitizer_Project_ws/install/nav2_wfd/share/nav2_wfd/hook/ament_prefix_path.dsv'
[1.733s] INFO:colcon.colcon_core.shell:Creating environment hook '/home/sebab/ARS_Sanitizer_Project/ARS_Sanitizer_Project_ws/install/nav2_wfd/share/nav2_wfd/hook/ament_prefix_path.sh'
[1.748s] INFO:colcon.colcon_core.shell:Skip shell extension 'powershell' for command environment: Not usable outside of PowerShell
[1.748s] DEBUG:colcon.colcon_core.shell:Skip shell extension 'dsv' for command environment
[1.795s] INFO:colcon.colcon_ros.task.ament_python.build:Building ROS package in '/home/sebab/ARS_Sanitizer_Project/ARS_Sanitizer_Project_ws/src/uv_power' with build type 'ament_python'
[1.795s] Level 1:colcon.colcon_core.shell:create_environment_hook('uv_power', 'ament_prefix_path')
[1.810s] INFO:colcon.colcon_core.shell:Creating environment hook '/home/sebab/ARS_Sanitizer_Project/ARS_Sanitizer_Project_ws/install/uv_power/share/uv_power/hook/ament_prefix_path.ps1'
[1.810s] INFO:colcon.colcon_core.shell:Creating environment descriptor '/home/sebab/ARS_Sanitizer_Project/ARS_Sanitizer_Project_ws/install/uv_power/share/uv_power/hook/ament_prefix_path.dsv'
[1.811s] INFO:colcon.colcon_core.shell:Creating environment hook '/home/sebab/ARS_Sanitizer_Project/ARS_Sanitizer_Project_ws/install/uv_power/share/uv_power/hook/ament_prefix_path.sh'
[1.826s] INFO:colcon.colcon_core.shell:Skip shell extension 'powershell' for command environment: Not usable outside of PowerShell
[1.826s] DEBUG:colcon.colcon_core.shell:Skip shell extension 'dsv' for command environment
[1.879s] DEBUG:colcon.colcon_core.event_handler.log_command:Invoking command in '/home/sebab/ARS_Sanitizer_Project/ARS_Sanitizer_Project_ws/build/turtlebot3_fake_node': CMAKE_PREFIX_PATH=${CMAKE_PREFIX_PATH}:/home/sebab/ARS_Sanitizer_Project/ARS_Sanitizer_Project_ws/install/uv_power:/home/sebab/ARS_Sanitizer_Project/ARS_Sanitizer_Project_ws/install/nav2_wfd:/home/sebab/ARS_Sanitizer_Project/ARS_Sanitizer_Project_ws/install/energy_pub:/home/sebab/ARS_Sanitizer_Project/ARS_Sanitizer_Project_ws/install/energy_nav:/home/sebab/ARS_Sanitizer_Project/ARS_Sanitizer_Project_ws/install/autonomous_exploration:/opt/ros/humble /usr/bin/cmake --build /home/sebab/ARS_Sanitizer_Project/ARS_Sanitizer_Project_ws/build/turtlebot3_fake_node -- -j16 -l16
[1.882s] DEBUG:colcon.colcon_core.event_handler.log_command:Invoking command in '/home/sebab/ARS_Sanitizer_Project/ARS_Sanitizer_Project_ws/build/turtlebot3_gazebo': CMAKE_PREFIX_PATH=${CMAKE_PREFIX_PATH}:/home/sebab/ARS_Sanitizer_Project/ARS_Sanitizer_Project_ws/install/uv_power:/home/sebab/ARS_Sanitizer_Project/ARS_Sanitizer_Project_ws/install/nav2_wfd:/home/sebab/ARS_Sanitizer_Project/ARS_Sanitizer_Project_ws/install/energy_pub:/home/sebab/ARS_Sanitizer_Project/ARS_Sanitizer_Project_ws/install/energy_nav:/home/sebab/ARS_Sanitizer_Project/ARS_Sanitizer_Project_ws/install/autonomous_exploration:/opt/ros/humble /usr/bin/cmake --build /home/sebab/ARS_Sanitizer_Project/ARS_Sanitizer_Project_ws/build/turtlebot3_gazebo -- -j16 -l16
[2.131s] INFO:colcon.colcon_core.task.python.build:Building Python package in '/home/sebab/ARS_Sanitizer_Project/ARS_Sanitizer_Project_ws/src/energy_nav'
[2.156s] INFO:colcon.colcon_core.shell:Skip shell extension 'powershell' for command environment: Not usable outside of PowerShell
[2.156s] DEBUG:colcon.colcon_core.shell:Skip shell extension 'dsv' for command environment
[2.500s] INFO:colcon.colcon_core.task.python.build:Building Python package in '/home/sebab/ARS_Sanitizer_Project/ARS_Sanitizer_Project_ws/src/energy_pub'
[2.516s] INFO:colcon.colcon_core.shell:Skip shell extension 'powershell' for command environment: Not usable outside of PowerShell
[2.516s] DEBUG:colcon.colcon_core.shell:Skip shell extension 'dsv' for command environment
[2.861s] INFO:colcon.colcon_core.task.python.build:Building Python package in '/home/sebab/ARS_Sanitizer_Project/ARS_Sanitizer_Project_ws/src/nav2_wavefront_frontier_exploration'
[2.878s] INFO:colcon.colcon_core.shell:Skip shell extension 'powershell' for command environment: Not usable outside of PowerShell
[2.878s] DEBUG:colcon.colcon_core.shell:Skip shell extension 'dsv' for command environment
[2.934s] DEBUG:colcon.colcon_core.event_handler.log_command:Invoked command in '/home/sebab/ARS_Sanitizer_Project/ARS_Sanitizer_Project_ws/build/turtlebot3_fake_node' returned '0': CMAKE_PREFIX_PATH=${CMAKE_PREFIX_PATH}:/home/sebab/ARS_Sanitizer_Project/ARS_Sanitizer_Project_ws/install/uv_power:/home/sebab/ARS_Sanitizer_Project/ARS_Sanitizer_Project_ws/install/nav2_wfd:/home/sebab/ARS_Sanitizer_Project/ARS_Sanitizer_Project_ws/install/energy_pub:/home/sebab/ARS_Sanitizer_Project/ARS_Sanitizer_Project_ws/install/energy_nav:/home/sebab/ARS_Sanitizer_Project/ARS_Sanitizer_Project_ws/install/autonomous_exploration:/opt/ros/humble /usr/bin/cmake --build /home/sebab/ARS_Sanitizer_Project/ARS_Sanitizer_Project_ws/build/turtlebot3_fake_node -- -j16 -l16
[2.935s] DEBUG:colcon.colcon_core.event_handler.log_command:Invoked command in '/home/sebab/ARS_Sanitizer_Project/ARS_Sanitizer_Project_ws/build/turtlebot3_gazebo' returned '0': CMAKE_PREFIX_PATH=${CMAKE_PREFIX_PATH}:/home/sebab/ARS_Sanitizer_Project/ARS_Sanitizer_Project_ws/install/uv_power:/home/sebab/ARS_Sanitizer_Project/ARS_Sanitizer_Project_ws/install/nav2_wfd:/home/sebab/ARS_Sanitizer_Project/ARS_Sanitizer_Project_ws/install/energy_pub:/home/sebab/ARS_Sanitizer_Project/ARS_Sanitizer_Project_ws/install/energy_nav:/home/sebab/ARS_Sanitizer_Project/ARS_Sanitizer_Project_ws/install/autonomous_exploration:/opt/ros/humble /usr/bin/cmake --build /home/sebab/ARS_Sanitizer_Project/ARS_Sanitizer_Project_ws/build/turtlebot3_gazebo -- -j16 -l16
[3.207s] INFO:colcon.colcon_core.task.python.build:Building Python package in '/home/sebab/ARS_Sanitizer_Project/ARS_Sanitizer_Project_ws/src/uv_power'
[3.223s] INFO:colcon.colcon_core.shell:Skip shell extension 'powershell' for command environment: Not usable outside of PowerShell
[3.223s] DEBUG:colcon.colcon_core.shell:Skip shell extension 'dsv' for command environment
[3.292s] DEBUG:colcon.colcon_core.event_handler.log_command:Invoking command in '/home/sebab/ARS_Sanitizer_Project/ARS_Sanitizer_Project_ws/build/turtlebot3_fake_node': CMAKE_PREFIX_PATH=${CMAKE_PREFIX_PATH}:/home/sebab/ARS_Sanitizer_Project/ARS_Sanitizer_Project_ws/install/uv_power:/home/sebab/ARS_Sanitizer_Project/ARS_Sanitizer_Project_ws/install/nav2_wfd:/home/sebab/ARS_Sanitizer_Project/ARS_Sanitizer_Project_ws/install/energy_pub:/home/sebab/ARS_Sanitizer_Project/ARS_Sanitizer_Project_ws/install/energy_nav:/home/sebab/ARS_Sanitizer_Project/ARS_Sanitizer_Project_ws/install/autonomous_exploration:/opt/ros/humble /usr/bin/cmake --install /home/sebab/ARS_Sanitizer_Project/ARS_Sanitizer_Project_ws/build/turtlebot3_fake_node
[3.295s] DEBUG:colcon.colcon_core.event_handler.log_command:Invoking command in '/home/sebab/ARS_Sanitizer_Project/ARS_Sanitizer_Project_ws/build/turtlebot3_gazebo': CMAKE_PREFIX_PATH=${CMAKE_PREFIX_PATH}:/home/sebab/ARS_Sanitizer_Project/ARS_Sanitizer_Project_ws/install/uv_power:/home/sebab/ARS_Sanitizer_Project/ARS_Sanitizer_Project_ws/install/nav2_wfd:/home/sebab/ARS_Sanitizer_Project/ARS_Sanitizer_Project_ws/install/energy_pub:/home/sebab/ARS_Sanitizer_Project/ARS_Sanitizer_Project_ws/install/energy_nav:/home/sebab/ARS_Sanitizer_Project/ARS_Sanitizer_Project_ws/install/autonomous_exploration:/opt/ros/humble /usr/bin/cmake --install /home/sebab/ARS_Sanitizer_Project/ARS_Sanitizer_Project_ws/build/turtlebot3_gazebo
[3.307s] Level 1:colcon.colcon_core.environment:create_environment_scripts_only(turtlebot3_fake_node)
[3.317s] DEBUG:colcon.colcon_core.event_handler.log_command:Invoked command in '/home/sebab/ARS_Sanitizer_Project/ARS_Sanitizer_Project_ws/build/turtlebot3_fake_node' returned '0': CMAKE_PREFIX_PATH=${CMAKE_PREFIX_PATH}:/home/sebab/ARS_Sanitizer_Project/ARS_Sanitizer_Project_ws/install/uv_power:/home/sebab/ARS_Sanitizer_Project/ARS_Sanitizer_Project_ws/install/nav2_wfd:/home/sebab/ARS_Sanitizer_Project/ARS_Sanitizer_Project_ws/install/energy_pub:/home/sebab/ARS_Sanitizer_Project/ARS_Sanitizer_Project_ws/install/energy_nav:/home/sebab/ARS_Sanitizer_Project/ARS_Sanitizer_Project_ws/install/autonomous_exploration:/opt/ros/humble /usr/bin/cmake --install /home/sebab/ARS_Sanitizer_Project/ARS_Sanitizer_Project_ws/build/turtlebot3_fake_node
[3.337s] Level 1:colcon.colcon_core.environment:checking '/home/sebab/ARS_Sanitizer_Project/ARS_Sanitizer_Project_ws/install/turtlebot3_fake_node' for CMake module files
[3.337s] Level 1:colcon.colcon_core.environment:checking '/home/sebab/ARS_Sanitizer_Project/ARS_Sanitizer_Project_ws/install/turtlebot3_fake_node' for CMake config files
[3.338s] Level 1:colcon.colcon_core.shell:create_environment_hook('turtlebot3_fake_node', 'cmake_prefix_path')
[3.356s] INFO:colcon.colcon_core.shell:Creating environment hook '/home/sebab/ARS_Sanitizer_Project/ARS_Sanitizer_Project_ws/install/turtlebot3_fake_node/share/turtlebot3_fake_node/hook/cmake_prefix_path.ps1'
[3.356s] INFO:colcon.colcon_core.shell:Creating environment descriptor '/home/sebab/ARS_Sanitizer_Project/ARS_Sanitizer_Project_ws/install/turtlebot3_fake_node/share/turtlebot3_fake_node/hook/cmake_prefix_path.dsv'
[3.357s] INFO:colcon.colcon_core.shell:Creating environment hook '/home/sebab/ARS_Sanitizer_Project/ARS_Sanitizer_Project_ws/install/turtlebot3_fake_node/share/turtlebot3_fake_node/hook/cmake_prefix_path.sh'
[3.357s] Level 1:colcon.colcon_core.environment:checking '/home/sebab/ARS_Sanitizer_Project/ARS_Sanitizer_Project_ws/install/turtlebot3_fake_node/lib'
[3.357s] Level 1:colcon.colcon_core.environment:checking '/home/sebab/ARS_Sanitizer_Project/ARS_Sanitizer_Project_ws/install/turtlebot3_fake_node/bin'
[3.357s] Level 1:colcon.colcon_core.environment:checking '/home/sebab/ARS_Sanitizer_Project/ARS_Sanitizer_Project_ws/install/turtlebot3_fake_node/lib/pkgconfig/turtlebot3_fake_node.pc'
[3.358s] Level 1:colcon.colcon_core.environment:checking '/home/sebab/ARS_Sanitizer_Project/ARS_Sanitizer_Project_ws/install/turtlebot3_fake_node/lib/python3.10/site-packages'
[3.358s] Level 1:colcon.colcon_core.environment:checking '/home/sebab/ARS_Sanitizer_Project/ARS_Sanitizer_Project_ws/install/turtlebot3_fake_node/bin'
[3.377s] INFO:colcon.colcon_core.shell:Creating package script '/home/sebab/ARS_Sanitizer_Project/ARS_Sanitizer_Project_ws/install/turtlebot3_fake_node/share/turtlebot3_fake_node/package.ps1'
[3.377s] INFO:colcon.colcon_core.shell:Creating package descriptor '/home/sebab/ARS_Sanitizer_Project/ARS_Sanitizer_Project_ws/install/turtlebot3_fake_node/share/turtlebot3_fake_node/package.dsv'
[3.378s] INFO:colcon.colcon_core.shell:Creating package script '/home/sebab/ARS_Sanitizer_Project/ARS_Sanitizer_Project_ws/install/turtlebot3_fake_node/share/turtlebot3_fake_node/package.sh'
[3.378s] INFO:colcon.colcon_core.shell:Creating package script '/home/sebab/ARS_Sanitizer_Project/ARS_Sanitizer_Project_ws/install/turtlebot3_fake_node/share/turtlebot3_fake_node/package.bash'
[3.379s] INFO:colcon.colcon_core.shell:Creating package script '/home/sebab/ARS_Sanitizer_Project/ARS_Sanitizer_Project_ws/install/turtlebot3_fake_node/share/turtlebot3_fake_node/package.zsh'
[3.380s] Level 1:colcon.colcon_core.environment:create_file_with_runtime_dependencies(/home/sebab/ARS_Sanitizer_Project/ARS_Sanitizer_Project_ws/install/turtlebot3_fake_node/share/colcon-core/packages/turtlebot3_fake_node)
[3.381s] Level 1:colcon.colcon_core.environment:create_environment_scripts_only(turtlebot3_gazebo)
[3.381s] DEBUG:colcon.colcon_core.event_handler.log_command:Invoked command in '/home/sebab/ARS_Sanitizer_Project/ARS_Sanitizer_Project_ws/build/turtlebot3_gazebo' returned '0': CMAKE_PREFIX_PATH=${CMAKE_PREFIX_PATH}:/home/sebab/ARS_Sanitizer_Project/ARS_Sanitizer_Project_ws/install/uv_power:/home/sebab/ARS_Sanitizer_Project/ARS_Sanitizer_Project_ws/install/nav2_wfd:/home/sebab/ARS_Sanitizer_Project/ARS_Sanitizer_Project_ws/install/energy_pub:/home/sebab/ARS_Sanitizer_Project/ARS_Sanitizer_Project_ws/install/energy_nav:/home/sebab/ARS_Sanitizer_Project/ARS_Sanitizer_Project_ws/install/autonomous_exploration:/opt/ros/humble /usr/bin/cmake --install /home/sebab/ARS_Sanitizer_Project/ARS_Sanitizer_Project_ws/build/turtlebot3_gazebo
[3.401s] Level 1:colcon.colcon_core.environment:checking '/home/sebab/ARS_Sanitizer_Project/ARS_Sanitizer_Project_ws/install/turtlebot3_gazebo' for CMake module files
[3.402s] Level 1:colcon.colcon_core.environment:checking '/home/sebab/ARS_Sanitizer_Project/ARS_Sanitizer_Project_ws/install/turtlebot3_gazebo' for CMake config files
[3.403s] Level 1:colcon.colcon_core.shell:create_environment_hook('turtlebot3_gazebo', 'cmake_prefix_path')
[3.425s] INFO:colcon.colcon_core.shell:Creating environment hook '/home/sebab/ARS_Sanitizer_Project/ARS_Sanitizer_Project_ws/install/turtlebot3_gazebo/share/turtlebot3_gazebo/hook/cmake_prefix_path.ps1'
[3.426s] INFO:colcon.colcon_core.shell:Creating environment descriptor '/home/sebab/ARS_Sanitizer_Project/ARS_Sanitizer_Project_ws/install/turtlebot3_gazebo/share/turtlebot3_gazebo/hook/cmake_prefix_path.dsv'
[3.426s] INFO:colcon.colcon_core.shell:Creating environment hook '/home/sebab/ARS_Sanitizer_Project/ARS_Sanitizer_Project_ws/install/turtlebot3_gazebo/share/turtlebot3_gazebo/hook/cmake_prefix_path.sh'
[3.427s] Level 1:colcon.colcon_core.environment:checking '/home/sebab/ARS_Sanitizer_Project/ARS_Sanitizer_Project_ws/install/turtlebot3_gazebo/lib'
[3.427s] Level 1:colcon.colcon_core.environment:checking '/home/sebab/ARS_Sanitizer_Project/ARS_Sanitizer_Project_ws/install/turtlebot3_gazebo/bin'
[3.427s] Level 1:colcon.colcon_core.environment:checking '/home/sebab/ARS_Sanitizer_Project/ARS_Sanitizer_Project_ws/install/turtlebot3_gazebo/lib/pkgconfig/turtlebot3_gazebo.pc'
[3.427s] Level 1:colcon.colcon_core.environment:checking '/home/sebab/ARS_Sanitizer_Project/ARS_Sanitizer_Project_ws/install/turtlebot3_gazebo/lib/python3.10/site-packages'
[3.427s] Level 1:colcon.colcon_core.environment:checking '/home/sebab/ARS_Sanitizer_Project/ARS_Sanitizer_Project_ws/install/turtlebot3_gazebo/bin'
[3.447s] INFO:colcon.colcon_core.shell:Creating package script '/home/sebab/ARS_Sanitizer_Project/ARS_Sanitizer_Project_ws/install/turtlebot3_gazebo/share/turtlebot3_gazebo/package.ps1'
[3.448s] INFO:colcon.colcon_core.shell:Creating package descriptor '/home/sebab/ARS_Sanitizer_Project/ARS_Sanitizer_Project_ws/install/turtlebot3_gazebo/share/turtlebot3_gazebo/package.dsv'
[3.448s] INFO:colcon.colcon_core.shell:Creating package script '/home/sebab/ARS_Sanitizer_Project/ARS_Sanitizer_Project_ws/install/turtlebot3_gazebo/share/turtlebot3_gazebo/package.sh'
[3.449s] INFO:colcon.colcon_core.shell:Creating package script '/home/sebab/ARS_Sanitizer_Project/ARS_Sanitizer_Project_ws/install/turtlebot3_gazebo/share/turtlebot3_gazebo/package.bash'
[3.449s] INFO:colcon.colcon_core.shell:Creating package script '/home/sebab/ARS_Sanitizer_Project/ARS_Sanitizer_Project_ws/install/turtlebot3_gazebo/share/turtlebot3_gazebo/package.zsh'
[3.449s] Level 1:colcon.colcon_core.environment:create_file_with_runtime_dependencies(/home/sebab/ARS_Sanitizer_Project/ARS_Sanitizer_Project_ws/install/turtlebot3_gazebo/share/colcon-core/packages/turtlebot3_gazebo)
[3.472s] Level 1:colcon.colcon_core.environment:create_environment_scripts_only(turtlebot3_fake_node)
[3.494s] Level 1:colcon.colcon_core.environment:checking '/home/sebab/ARS_Sanitizer_Project/ARS_Sanitizer_Project_ws/install/turtlebot3_fake_node' for CMake module files
[3.494s] Level 1:colcon.colcon_core.environment:checking '/home/sebab/ARS_Sanitizer_Project/ARS_Sanitizer_Project_ws/install/turtlebot3_fake_node' for CMake config files
[3.494s] Level 1:colcon.colcon_core.shell:create_environment_hook('turtlebot3_fake_node', 'cmake_prefix_path')
[3.514s] INFO:colcon.colcon_core.shell:Creating environment hook '/home/sebab/ARS_Sanitizer_Project/ARS_Sanitizer_Project_ws/install/turtlebot3_fake_node/share/turtlebot3_fake_node/hook/cmake_prefix_path.ps1'
[3.515s] INFO:colcon.colcon_core.shell:Creating environment descriptor '/home/sebab/ARS_Sanitizer_Project/ARS_Sanitizer_Project_ws/install/turtlebot3_fake_node/share/turtlebot3_fake_node/hook/cmake_prefix_path.dsv'
[3.515s] INFO:colcon.colcon_core.shell:Creating environment hook '/home/sebab/ARS_Sanitizer_Project/ARS_Sanitizer_Project_ws/install/turtlebot3_fake_node/share/turtlebot3_fake_node/hook/cmake_prefix_path.sh'
[3.516s] Level 1:colcon.colcon_core.environment:checking '/home/sebab/ARS_Sanitizer_Project/ARS_Sanitizer_Project_ws/install/turtlebot3_fake_node/lib'
[3.516s] Level 1:colcon.colcon_core.environment:checking '/home/sebab/ARS_Sanitizer_Project/ARS_Sanitizer_Project_ws/install/turtlebot3_fake_node/bin'
[3.516s] Level 1:colcon.colcon_core.environment:checking '/home/sebab/ARS_Sanitizer_Project/ARS_Sanitizer_Project_ws/install/turtlebot3_fake_node/lib/pkgconfig/turtlebot3_fake_node.pc'
[3.516s] Level 1:colcon.colcon_core.environment:checking '/home/sebab/ARS_Sanitizer_Project/ARS_Sanitizer_Project_ws/install/turtlebot3_fake_node/lib/python3.10/site-packages'
[3.516s] Level 1:colcon.colcon_core.environment:checking '/home/sebab/ARS_Sanitizer_Project/ARS_Sanitizer_Project_ws/install/turtlebot3_fake_node/bin'
[3.537s] INFO:colcon.colcon_core.shell:Creating package script '/home/sebab/ARS_Sanitizer_Project/ARS_Sanitizer_Project_ws/install/turtlebot3_fake_node/share/turtlebot3_fake_node/package.ps1'
[3.538s] INFO:colcon.colcon_core.shell:Creating package descriptor '/home/sebab/ARS_Sanitizer_Project/ARS_Sanitizer_Project_ws/install/turtlebot3_fake_node/share/turtlebot3_fake_node/package.dsv'
[3.539s] INFO:colcon.colcon_core.shell:Creating package script '/home/sebab/ARS_Sanitizer_Project/ARS_Sanitizer_Project_ws/install/turtlebot3_fake_node/share/turtlebot3_fake_node/package.sh'
[3.539s] INFO:colcon.colcon_core.shell:Creating package script '/home/sebab/ARS_Sanitizer_Project/ARS_Sanitizer_Project_ws/install/turtlebot3_fake_node/share/turtlebot3_fake_node/package.bash'
[3.540s] INFO:colcon.colcon_core.shell:Creating package script '/home/sebab/ARS_Sanitizer_Project/ARS_Sanitizer_Project_ws/install/turtlebot3_fake_node/share/turtlebot3_fake_node/package.zsh'
[3.540s] Level 1:colcon.colcon_core.environment:create_file_with_runtime_dependencies(/home/sebab/ARS_Sanitizer_Project/ARS_Sanitizer_Project_ws/install/turtlebot3_fake_node/share/colcon-core/packages/turtlebot3_fake_node)
[3.560s] Level 1:colcon.colcon_core.environment:create_environment_scripts_only(turtlebot3_gazebo)
[3.579s] Level 1:colcon.colcon_core.environment:checking '/home/sebab/ARS_Sanitizer_Project/ARS_Sanitizer_Project_ws/install/turtlebot3_gazebo' for CMake module files
[3.579s] Level 1:colcon.colcon_core.environment:checking '/home/sebab/ARS_Sanitizer_Project/ARS_Sanitizer_Project_ws/install/turtlebot3_gazebo' for CMake config files
[3.580s] Level 1:colcon.colcon_core.shell:create_environment_hook('turtlebot3_gazebo', 'cmake_prefix_path')
[3.600s] INFO:colcon.colcon_core.shell:Creating environment hook '/home/sebab/ARS_Sanitizer_Project/ARS_Sanitizer_Project_ws/install/turtlebot3_gazebo/share/turtlebot3_gazebo/hook/cmake_prefix_path.ps1'
[3.600s] INFO:colcon.colcon_core.shell:Creating environment descriptor '/home/sebab/ARS_Sanitizer_Project/ARS_Sanitizer_Project_ws/install/turtlebot3_gazebo/share/turtlebot3_gazebo/hook/cmake_prefix_path.dsv'
[3.600s] INFO:colcon.colcon_core.shell:Creating environment hook '/home/sebab/ARS_Sanitizer_Project/ARS_Sanitizer_Project_ws/install/turtlebot3_gazebo/share/turtlebot3_gazebo/hook/cmake_prefix_path.sh'
[3.601s] Level 1:colcon.colcon_core.environment:checking '/home/sebab/ARS_Sanitizer_Project/ARS_Sanitizer_Project_ws/install/turtlebot3_gazebo/lib'
[3.601s] Level 1:colcon.colcon_core.environment:checking '/home/sebab/ARS_Sanitizer_Project/ARS_Sanitizer_Project_ws/install/turtlebot3_gazebo/bin'
[3.601s] Level 1:colcon.colcon_core.environment:checking '/home/sebab/ARS_Sanitizer_Project/ARS_Sanitizer_Project_ws/install/turtlebot3_gazebo/lib/pkgconfig/turtlebot3_gazebo.pc'
[3.601s] Level 1:colcon.colcon_core.environment:checking '/home/sebab/ARS_Sanitizer_Project/ARS_Sanitizer_Project_ws/install/turtlebot3_gazebo/lib/python3.10/site-packages'
[3.601s] Level 1:colcon.colcon_core.environment:checking '/home/sebab/ARS_Sanitizer_Project/ARS_Sanitizer_Project_ws/install/turtlebot3_gazebo/bin'
[3.620s] INFO:colcon.colcon_core.shell:Creating package script '/home/sebab/ARS_Sanitizer_Project/ARS_Sanitizer_Project_ws/install/turtlebot3_gazebo/share/turtlebot3_gazebo/package.ps1'
[3.621s] INFO:colcon.colcon_core.shell:Creating package descriptor '/home/sebab/ARS_Sanitizer_Project/ARS_Sanitizer_Project_ws/install/turtlebot3_gazebo/share/turtlebot3_gazebo/package.dsv'
[3.621s] INFO:colcon.colcon_core.shell:Creating package script '/home/sebab/ARS_Sanitizer_Project/ARS_Sanitizer_Project_ws/install/turtlebot3_gazebo/share/turtlebot3_gazebo/package.sh'
[3.622s] INFO:colcon.colcon_core.shell:Creating package script '/home/sebab/ARS_Sanitizer_Project/ARS_Sanitizer_Project_ws/install/turtlebot3_gazebo/share/turtlebot3_gazebo/package.bash'
[3.622s] INFO:colcon.colcon_core.shell:Creating package script '/home/sebab/ARS_Sanitizer_Project/ARS_Sanitizer_Project_ws/install/turtlebot3_gazebo/share/turtlebot3_gazebo/package.zsh'
[3.622s] Level 1:colcon.colcon_core.environment:create_file_with_runtime_dependencies(/home/sebab/ARS_Sanitizer_Project/ARS_Sanitizer_Project_ws/install/turtlebot3_gazebo/share/colcon-core/packages/turtlebot3_gazebo)
[3.622s] INFO:colcon.colcon_ros.task.ament_cmake.build:Building ROS package in '/home/sebab/ARS_Sanitizer_Project/ARS_Sanitizer_Project_ws/src/turtlebot3_simulations/turtlebot3_simulations' with build type 'ament_cmake'
[3.623s] INFO:colcon.colcon_cmake.task.cmake.build:Building CMake package in '/home/sebab/ARS_Sanitizer_Project/ARS_Sanitizer_Project_ws/src/turtlebot3_simulations/turtlebot3_simulations'
[3.643s] INFO:colcon.colcon_core.shell:Skip shell extension 'powershell' for command environment: Not usable outside of PowerShell
[3.643s] DEBUG:colcon.colcon_core.shell:Skip shell extension 'dsv' for command environment
[3.726s] DEBUG:colcon.colcon_core.event_handler.log_command:Invoking command in '/home/sebab/ARS_Sanitizer_Project/ARS_Sanitizer_Project_ws/src/nav2_wavefront_frontier_exploration': PYTHONPATH=/home/sebab/ARS_Sanitizer_Project/ARS_Sanitizer_Project_ws/build/nav2_wfd/prefix_override:/home/sebab/ARS_Sanitizer_Project/ARS_Sanitizer_Project_ws/install/nav2_wfd/lib/python3.10/site-packages:${PYTHONPATH} /usr/bin/python3 setup.py egg_info --egg-base ../../build/nav2_wfd build --build-base /home/sebab/ARS_Sanitizer_Project/ARS_Sanitizer_Project_ws/build/nav2_wfd/build install --record /home/sebab/ARS_Sanitizer_Project/ARS_Sanitizer_Project_ws/build/nav2_wfd/install.log --single-version-externally-managed
[3.731s] DEBUG:colcon.colcon_core.event_handler.log_command:Invoking command in '/home/sebab/ARS_Sanitizer_Project/ARS_Sanitizer_Project_ws/build/turtlebot3_simulations': CMAKE_PREFIX_PATH=/home/sebab/ARS_Sanitizer_Project/ARS_Sanitizer_Project_ws/install/turtlebot3_gazebo:/home/sebab/ARS_Sanitizer_Project/ARS_Sanitizer_Project_ws/install/turtlebot3_fake_node:/home/sebab/ARS_Sanitizer_Project/ARS_Sanitizer_Project_ws/install/turtlebot3_simulations:/home/sebab/ARS_Sanitizer_Project/ARS_Sanitizer_Project_ws/install/uv_power:/home/sebab/ARS_Sanitizer_Project/ARS_Sanitizer_Project_ws/install/nav2_wfd:/home/sebab/ARS_Sanitizer_Project/ARS_Sanitizer_Project_ws/install/energy_pub:/home/sebab/ARS_Sanitizer_Project/ARS_Sanitizer_Project_ws/install/energy_nav:/home/sebab/ARS_Sanitizer_Project/ARS_Sanitizer_Project_ws/install/autonomous_exploration:/opt/ros/humble /usr/bin/cmake --build /home/sebab/ARS_Sanitizer_Project/ARS_Sanitizer_Project_ws/build/turtlebot3_simulations -- -j16 -l16
[3.732s] DEBUG:colcon.colcon_core.event_handler.log_command:Invoking command in '/home/sebab/ARS_Sanitizer_Project/ARS_Sanitizer_Project_ws/src/energy_nav': PYTHONPATH=/home/sebab/ARS_Sanitizer_Project/ARS_Sanitizer_Project_ws/build/energy_nav/prefix_override:/home/sebab/ARS_Sanitizer_Project/ARS_Sanitizer_Project_ws/install/energy_nav/lib/python3.10/site-packages:${PYTHONPATH} /usr/bin/python3 setup.py egg_info --egg-base ../../build/energy_nav build --build-base /home/sebab/ARS_Sanitizer_Project/ARS_Sanitizer_Project_ws/build/energy_nav/build install --record /home/sebab/ARS_Sanitizer_Project/ARS_Sanitizer_Project_ws/build/energy_nav/install.log --single-version-externally-managed
[3.739s] DEBUG:colcon.colcon_core.event_handler.log_command:Invoking command in '/home/sebab/ARS_Sanitizer_Project/ARS_Sanitizer_Project_ws/src/energy_pub': PYTHONPATH=/home/sebab/ARS_Sanitizer_Project/ARS_Sanitizer_Project_ws/build/energy_pub/prefix_override:/home/sebab/ARS_Sanitizer_Project/ARS_Sanitizer_Project_ws/install/energy_pub/lib/python3.10/site-packages:${PYTHONPATH} /usr/bin/python3 setup.py egg_info --egg-base ../../build/energy_pub build --build-base /home/sebab/ARS_Sanitizer_Project/ARS_Sanitizer_Project_ws/build/energy_pub/build install --record /home/sebab/ARS_Sanitizer_Project/ARS_Sanitizer_Project_ws/build/energy_pub/install.log --single-version-externally-managed
[3.749s] DEBUG:colcon.colcon_core.event_handler.log_command:Invoking command in '/home/sebab/ARS_Sanitizer_Project/ARS_Sanitizer_Project_ws/src/uv_power': PYTHONPATH=/home/sebab/ARS_Sanitizer_Project/ARS_Sanitizer_Project_ws/build/uv_power/prefix_override:/home/sebab/ARS_Sanitizer_Project/ARS_Sanitizer_Project_ws/install/uv_power/lib/python3.10/site-packages:${PYTHONPATH} /usr/bin/python3 setup.py egg_info --egg-base ../../build/uv_power build --build-base /home/sebab/ARS_Sanitizer_Project/ARS_Sanitizer_Project_ws/build/uv_power/build install --record /home/sebab/ARS_Sanitizer_Project/ARS_Sanitizer_Project_ws/build/uv_power/install.log --single-version-externally-managed
[3.771s] DEBUG:colcon.colcon_core.event_handler.log_command:Invoked command in '/home/sebab/ARS_Sanitizer_Project/ARS_Sanitizer_Project_ws/build/turtlebot3_simulations' returned '0': CMAKE_PREFIX_PATH=/home/sebab/ARS_Sanitizer_Project/ARS_Sanitizer_Project_ws/install/turtlebot3_gazebo:/home/sebab/ARS_Sanitizer_Project/ARS_Sanitizer_Project_ws/install/turtlebot3_fake_node:/home/sebab/ARS_Sanitizer_Project/ARS_Sanitizer_Project_ws/install/turtlebot3_simulations:/home/sebab/ARS_Sanitizer_Project/ARS_Sanitizer_Project_ws/install/uv_power:/home/sebab/ARS_Sanitizer_Project/ARS_Sanitizer_Project_ws/install/nav2_wfd:/home/sebab/ARS_Sanitizer_Project/ARS_Sanitizer_Project_ws/install/energy_pub:/home/sebab/ARS_Sanitizer_Project/ARS_Sanitizer_Project_ws/install/energy_nav:/home/sebab/ARS_Sanitizer_Project/ARS_Sanitizer_Project_ws/install/autonomous_exploration:/opt/ros/humble /usr/bin/cmake --build /home/sebab/ARS_Sanitizer_Project/ARS_Sanitizer_Project_ws/build/turtlebot3_simulations -- -j16 -l16
[3.794s] DEBUG:colcon.colcon_core.event_handler.log_command:Invoking command in '/home/sebab/ARS_Sanitizer_Project/ARS_Sanitizer_Project_ws/build/turtlebot3_simulations': CMAKE_PREFIX_PATH=/home/sebab/ARS_Sanitizer_Project/ARS_Sanitizer_Project_ws/install/turtlebot3_gazebo:/home/sebab/ARS_Sanitizer_Project/ARS_Sanitizer_Project_ws/install/turtlebot3_fake_node:/home/sebab/ARS_Sanitizer_Project/ARS_Sanitizer_Project_ws/install/turtlebot3_simulations:/home/sebab/ARS_Sanitizer_Project/ARS_Sanitizer_Project_ws/install/uv_power:/home/sebab/ARS_Sanitizer_Project/ARS_Sanitizer_Project_ws/install/nav2_wfd:/home/sebab/ARS_Sanitizer_Project/ARS_Sanitizer_Project_ws/install/energy_pub:/home/sebab/ARS_Sanitizer_Project/ARS_Sanitizer_Project_ws/install/energy_nav:/home/sebab/ARS_Sanitizer_Project/ARS_Sanitizer_Project_ws/install/autonomous_exploration:/opt/ros/humble /usr/bin/cmake --install /home/sebab/ARS_Sanitizer_Project/ARS_Sanitizer_Project_ws/build/turtlebot3_simulations
[3.804s] Level 1:colcon.colcon_core.environment:create_environment_scripts_only(turtlebot3_simulations)
[3.804s] DEBUG:colcon.colcon_core.event_handler.log_command:Invoked command in '/home/sebab/ARS_Sanitizer_Project/ARS_Sanitizer_Project_ws/build/turtlebot3_simulations' returned '0': CMAKE_PREFIX_PATH=/home/sebab/ARS_Sanitizer_Project/ARS_Sanitizer_Project_ws/install/turtlebot3_gazebo:/home/sebab/ARS_Sanitizer_Project/ARS_Sanitizer_Project_ws/install/turtlebot3_fake_node:/home/sebab/ARS_Sanitizer_Project/ARS_Sanitizer_Project_ws/install/turtlebot3_simulations:/home/sebab/ARS_Sanitizer_Project/ARS_Sanitizer_Project_ws/install/uv_power:/home/sebab/ARS_Sanitizer_Project/ARS_Sanitizer_Project_ws/install/nav2_wfd:/home/sebab/ARS_Sanitizer_Project/ARS_Sanitizer_Project_ws/install/energy_pub:/home/sebab/ARS_Sanitizer_Project/ARS_Sanitizer_Project_ws/install/energy_nav:/home/sebab/ARS_Sanitizer_Project/ARS_Sanitizer_Project_ws/install/autonomous_exploration:/opt/ros/humble /usr/bin/cmake --install /home/sebab/ARS_Sanitizer_Project/ARS_Sanitizer_Project_ws/build/turtlebot3_simulations
[3.823s] Level 1:colcon.colcon_core.environment:checking '/home/sebab/ARS_Sanitizer_Project/ARS_Sanitizer_Project_ws/install/turtlebot3_simulations' for CMake module files
[3.824s] Level 1:colcon.colcon_core.environment:checking '/home/sebab/ARS_Sanitizer_Project/ARS_Sanitizer_Project_ws/install/turtlebot3_simulations' for CMake config files
[3.824s] Level 1:colcon.colcon_core.shell:create_environment_hook('turtlebot3_simulations', 'cmake_prefix_path')
[3.845s] INFO:colcon.colcon_core.shell:Creating environment hook '/home/sebab/ARS_Sanitizer_Project/ARS_Sanitizer_Project_ws/install/turtlebot3_simulations/share/turtlebot3_simulations/hook/cmake_prefix_path.ps1'
[3.846s] INFO:colcon.colcon_core.shell:Creating environment descriptor '/home/sebab/ARS_Sanitizer_Project/ARS_Sanitizer_Project_ws/install/turtlebot3_simulations/share/turtlebot3_simulations/hook/cmake_prefix_path.dsv'
[3.846s] INFO:colcon.colcon_core.shell:Creating environment hook '/home/sebab/ARS_Sanitizer_Project/ARS_Sanitizer_Project_ws/install/turtlebot3_simulations/share/turtlebot3_simulations/hook/cmake_prefix_path.sh'
[3.847s] Level 1:colcon.colcon_core.environment:checking '/home/sebab/ARS_Sanitizer_Project/ARS_Sanitizer_Project_ws/install/turtlebot3_simulations/bin'
[3.847s] Level 1:colcon.colcon_core.environment:checking '/home/sebab/ARS_Sanitizer_Project/ARS_Sanitizer_Project_ws/install/turtlebot3_simulations/lib/pkgconfig/turtlebot3_simulations.pc'
[3.848s] Level 1:colcon.colcon_core.environment:checking '/home/sebab/ARS_Sanitizer_Project/ARS_Sanitizer_Project_ws/install/turtlebot3_simulations/lib/python3.10/site-packages'
[3.848s] Level 1:colcon.colcon_core.environment:checking '/home/sebab/ARS_Sanitizer_Project/ARS_Sanitizer_Project_ws/install/turtlebot3_simulations/bin'
[3.880s] INFO:colcon.colcon_core.shell:Creating package script '/home/sebab/ARS_Sanitizer_Project/ARS_Sanitizer_Project_ws/install/turtlebot3_simulations/share/turtlebot3_simulations/package.ps1'
[3.881s] INFO:colcon.colcon_core.shell:Creating package descriptor '/home/sebab/ARS_Sanitizer_Project/ARS_Sanitizer_Project_ws/install/turtlebot3_simulations/share/turtlebot3_simulations/package.dsv'
[3.882s] INFO:colcon.colcon_core.shell:Creating package script '/home/sebab/ARS_Sanitizer_Project/ARS_Sanitizer_Project_ws/install/turtlebot3_simulations/share/turtlebot3_simulations/package.sh'
[3.882s] INFO:colcon.colcon_core.shell:Creating package script '/home/sebab/ARS_Sanitizer_Project/ARS_Sanitizer_Project_ws/install/turtlebot3_simulations/share/turtlebot3_simulations/package.bash'
[3.882s] INFO:colcon.colcon_core.shell:Creating package script '/home/sebab/ARS_Sanitizer_Project/ARS_Sanitizer_Project_ws/install/turtlebot3_simulations/share/turtlebot3_simulations/package.zsh'
[3.883s] Level 1:colcon.colcon_core.environment:create_file_with_runtime_dependencies(/home/sebab/ARS_Sanitizer_Project/ARS_Sanitizer_Project_ws/install/turtlebot3_simulations/share/colcon-core/packages/turtlebot3_simulations)
[3.922s] Level 1:colcon.colcon_core.environment:create_environment_scripts_only(turtlebot3_simulations)
[3.941s] Level 1:colcon.colcon_core.environment:checking '/home/sebab/ARS_Sanitizer_Project/ARS_Sanitizer_Project_ws/install/turtlebot3_simulations' for CMake module files
[3.942s] Level 1:colcon.colcon_core.environment:checking '/home/sebab/ARS_Sanitizer_Project/ARS_Sanitizer_Project_ws/install/turtlebot3_simulations' for CMake config files
[3.942s] Level 1:colcon.colcon_core.shell:create_environment_hook('turtlebot3_simulations', 'cmake_prefix_path')
[3.973s] INFO:colcon.colcon_core.shell:Creating environment hook '/home/sebab/ARS_Sanitizer_Project/ARS_Sanitizer_Project_ws/install/turtlebot3_simulations/share/turtlebot3_simulations/hook/cmake_prefix_path.ps1'
[3.974s] INFO:colcon.colcon_core.shell:Creating environment descriptor '/home/sebab/ARS_Sanitizer_Project/ARS_Sanitizer_Project_ws/install/turtlebot3_simulations/share/turtlebot3_simulations/hook/cmake_prefix_path.dsv'
[3.974s] INFO:colcon.colcon_core.shell:Creating environment hook '/home/sebab/ARS_Sanitizer_Project/ARS_Sanitizer_Project_ws/install/turtlebot3_simulations/share/turtlebot3_simulations/hook/cmake_prefix_path.sh'
[3.975s] Level 1:colcon.colcon_core.environment:checking '/home/sebab/ARS_Sanitizer_Project/ARS_Sanitizer_Project_ws/install/turtlebot3_simulations/bin'
[3.975s] Level 1:colcon.colcon_core.environment:checking '/home/sebab/ARS_Sanitizer_Project/ARS_Sanitizer_Project_ws/install/turtlebot3_simulations/lib/pkgconfig/turtlebot3_simulations.pc'
[3.975s] Level 1:colcon.colcon_core.environment:checking '/home/sebab/ARS_Sanitizer_Project/ARS_Sanitizer_Project_ws/install/turtlebot3_simulations/lib/python3.10/site-packages'
[3.976s] Level 1:colcon.colcon_core.environment:checking '/home/sebab/ARS_Sanitizer_Project/ARS_Sanitizer_Project_ws/install/turtlebot3_simulations/bin'
[4.007s] INFO:colcon.colcon_core.shell:Creating package script '/home/sebab/ARS_Sanitizer_Project/ARS_Sanitizer_Project_ws/install/turtlebot3_simulations/share/turtlebot3_simulations/package.ps1'
[4.008s] INFO:colcon.colcon_core.shell:Creating package descriptor '/home/sebab/ARS_Sanitizer_Project/ARS_Sanitizer_Project_ws/install/turtlebot3_simulations/share/turtlebot3_simulations/package.dsv'
[4.010s] INFO:colcon.colcon_core.shell:Creating package script '/home/sebab/ARS_Sanitizer_Project/ARS_Sanitizer_Project_ws/install/turtlebot3_simulations/share/turtlebot3_simulations/package.sh'
[4.010s] INFO:colcon.colcon_core.shell:Creating package script '/home/sebab/ARS_Sanitizer_Project/ARS_Sanitizer_Project_ws/install/turtlebot3_simulations/share/turtlebot3_simulations/package.bash'
[4.011s] INFO:colcon.colcon_core.shell:Creating package script '/home/sebab/ARS_Sanitizer_Project/ARS_Sanitizer_Project_ws/install/turtlebot3_simulations/share/turtlebot3_simulations/package.zsh'
[4.012s] Level 1:colcon.colcon_core.environment:create_file_with_runtime_dependencies(/home/sebab/ARS_Sanitizer_Project/ARS_Sanitizer_Project_ws/install/turtlebot3_simulations/share/colcon-core/packages/turtlebot3_simulations)
[4.067s] DEBUG:colcon.colcon_core.event_handler.log_command:Invoked command in '/home/sebab/ARS_Sanitizer_Project/ARS_Sanitizer_Project_ws/src/nav2_wavefront_frontier_exploration' returned '0': PYTHONPATH=/home/sebab/ARS_Sanitizer_Project/ARS_Sanitizer_Project_ws/build/nav2_wfd/prefix_override:/home/sebab/ARS_Sanitizer_Project/ARS_Sanitizer_Project_ws/install/nav2_wfd/lib/python3.10/site-packages:${PYTHONPATH} /usr/bin/python3 setup.py egg_info --egg-base ../../build/nav2_wfd build --build-base /home/sebab/ARS_Sanitizer_Project/ARS_Sanitizer_Project_ws/build/nav2_wfd/build install --record /home/sebab/ARS_Sanitizer_Project/ARS_Sanitizer_Project_ws/build/nav2_wfd/install.log --single-version-externally-managed
[4.101s] Level 1:colcon.colcon_core.environment:checking '/home/sebab/ARS_Sanitizer_Project/ARS_Sanitizer_Project_ws/install/nav2_wfd' for CMake module files
[4.101s] Level 1:colcon.colcon_core.environment:checking '/home/sebab/ARS_Sanitizer_Project/ARS_Sanitizer_Project_ws/install/nav2_wfd' for CMake config files
[4.102s] Level 1:colcon.colcon_core.environment:checking '/home/sebab/ARS_Sanitizer_Project/ARS_Sanitizer_Project_ws/install/nav2_wfd/lib'
[4.102s] Level 1:colcon.colcon_core.environment:checking '/home/sebab/ARS_Sanitizer_Project/ARS_Sanitizer_Project_ws/install/nav2_wfd/bin'
[4.102s] Level 1:colcon.colcon_core.environment:checking '/home/sebab/ARS_Sanitizer_Project/ARS_Sanitizer_Project_ws/install/nav2_wfd/lib/pkgconfig/nav2_wfd.pc'
[4.103s] Level 1:colcon.colcon_core.environment:checking '/home/sebab/ARS_Sanitizer_Project/ARS_Sanitizer_Project_ws/install/nav2_wfd/lib/python3.10/site-packages'
[4.103s] Level 1:colcon.colcon_core.shell:create_environment_hook('nav2_wfd', 'pythonpath')
[4.131s] INFO:colcon.colcon_core.shell:Creating environment hook '/home/sebab/ARS_Sanitizer_Project/ARS_Sanitizer_Project_ws/install/nav2_wfd/share/nav2_wfd/hook/pythonpath.ps1'
[4.132s] INFO:colcon.colcon_core.shell:Creating environment descriptor '/home/sebab/ARS_Sanitizer_Project/ARS_Sanitizer_Project_ws/install/nav2_wfd/share/nav2_wfd/hook/pythonpath.dsv'
[4.132s] INFO:colcon.colcon_core.shell:Creating environment hook '/home/sebab/ARS_Sanitizer_Project/ARS_Sanitizer_Project_ws/install/nav2_wfd/share/nav2_wfd/hook/pythonpath.sh'
[4.132s] Level 1:colcon.colcon_core.environment:checking '/home/sebab/ARS_Sanitizer_Project/ARS_Sanitizer_Project_ws/install/nav2_wfd/bin'
[4.132s] Level 1:colcon.colcon_core.environment:create_environment_scripts_only(nav2_wfd)
[4.151s] INFO:colcon.colcon_core.shell:Creating package script '/home/sebab/ARS_Sanitizer_Project/ARS_Sanitizer_Project_ws/install/nav2_wfd/share/nav2_wfd/package.ps1'
[4.151s] INFO:colcon.colcon_core.shell:Creating package descriptor '/home/sebab/ARS_Sanitizer_Project/ARS_Sanitizer_Project_ws/install/nav2_wfd/share/nav2_wfd/package.dsv'
[4.152s] INFO:colcon.colcon_core.shell:Creating package script '/home/sebab/ARS_Sanitizer_Project/ARS_Sanitizer_Project_ws/install/nav2_wfd/share/nav2_wfd/package.sh'
[4.152s] INFO:colcon.colcon_core.shell:Creating package script '/home/sebab/ARS_Sanitizer_Project/ARS_Sanitizer_Project_ws/install/nav2_wfd/share/nav2_wfd/package.bash'
[4.152s] INFO:colcon.colcon_core.shell:Creating package script '/home/sebab/ARS_Sanitizer_Project/ARS_Sanitizer_Project_ws/install/nav2_wfd/share/nav2_wfd/package.zsh'
[4.152s] Level 1:colcon.colcon_core.environment:create_file_with_runtime_dependencies(/home/sebab/ARS_Sanitizer_Project/ARS_Sanitizer_Project_ws/install/nav2_wfd/share/colcon-core/packages/nav2_wfd)
[4.154s] DEBUG:colcon.colcon_core.event_handler.log_command:Invoked command in '/home/sebab/ARS_Sanitizer_Project/ARS_Sanitizer_Project_ws/src/energy_pub' returned '0': PYTHONPATH=/home/sebab/ARS_Sanitizer_Project/ARS_Sanitizer_Project_ws/build/energy_pub/prefix_override:/home/sebab/ARS_Sanitizer_Project/ARS_Sanitizer_Project_ws/install/energy_pub/lib/python3.10/site-packages:${PYTHONPATH} /usr/bin/python3 setup.py egg_info --egg-base ../../build/energy_pub build --build-base /home/sebab/ARS_Sanitizer_Project/ARS_Sanitizer_Project_ws/build/energy_pub/build install --record /home/sebab/ARS_Sanitizer_Project/ARS_Sanitizer_Project_ws/build/energy_pub/install.log --single-version-externally-managed
[4.171s] Level 1:colcon.colcon_core.environment:checking '/home/sebab/ARS_Sanitizer_Project/ARS_Sanitizer_Project_ws/install/energy_pub' for CMake module files
[4.172s] Level 1:colcon.colcon_core.environment:checking '/home/sebab/ARS_Sanitizer_Project/ARS_Sanitizer_Project_ws/install/energy_pub' for CMake config files
[4.172s] Level 1:colcon.colcon_core.environment:checking '/home/sebab/ARS_Sanitizer_Project/ARS_Sanitizer_Project_ws/install/energy_pub/lib'
[4.172s] Level 1:colcon.colcon_core.environment:checking '/home/sebab/ARS_Sanitizer_Project/ARS_Sanitizer_Project_ws/install/energy_pub/bin'
[4.172s] Level 1:colcon.colcon_core.environment:checking '/home/sebab/ARS_Sanitizer_Project/ARS_Sanitizer_Project_ws/install/energy_pub/lib/pkgconfig/energy_pub.pc'
[4.173s] Level 1:colcon.colcon_core.environment:checking '/home/sebab/ARS_Sanitizer_Project/ARS_Sanitizer_Project_ws/install/energy_pub/lib/python3.10/site-packages'
[4.173s] Level 1:colcon.colcon_core.shell:create_environment_hook('energy_pub', 'pythonpath')
[4.189s] INFO:colcon.colcon_core.shell:Creating environment hook '/home/sebab/ARS_Sanitizer_Project/ARS_Sanitizer_Project_ws/install/energy_pub/share/energy_pub/hook/pythonpath.ps1'
[4.190s] INFO:colcon.colcon_core.shell:Creating environment descriptor '/home/sebab/ARS_Sanitizer_Project/ARS_Sanitizer_Project_ws/install/energy_pub/share/energy_pub/hook/pythonpath.dsv'
[4.190s] INFO:colcon.colcon_core.shell:Creating environment hook '/home/sebab/ARS_Sanitizer_Project/ARS_Sanitizer_Project_ws/install/energy_pub/share/energy_pub/hook/pythonpath.sh'
[4.190s] Level 1:colcon.colcon_core.environment:checking '/home/sebab/ARS_Sanitizer_Project/ARS_Sanitizer_Project_ws/install/energy_pub/bin'
[4.190s] Level 1:colcon.colcon_core.environment:create_environment_scripts_only(energy_pub)
[4.207s] INFO:colcon.colcon_core.shell:Creating package script '/home/sebab/ARS_Sanitizer_Project/ARS_Sanitizer_Project_ws/install/energy_pub/share/energy_pub/package.ps1'
[4.208s] INFO:colcon.colcon_core.shell:Creating package descriptor '/home/sebab/ARS_Sanitizer_Project/ARS_Sanitizer_Project_ws/install/energy_pub/share/energy_pub/package.dsv'
[4.208s] INFO:colcon.colcon_core.shell:Creating package script '/home/sebab/ARS_Sanitizer_Project/ARS_Sanitizer_Project_ws/install/energy_pub/share/energy_pub/package.sh'
[4.208s] INFO:colcon.colcon_core.shell:Creating package script '/home/sebab/ARS_Sanitizer_Project/ARS_Sanitizer_Project_ws/install/energy_pub/share/energy_pub/package.bash'
[4.209s] INFO:colcon.colcon_core.shell:Creating package script '/home/sebab/ARS_Sanitizer_Project/ARS_Sanitizer_Project_ws/install/energy_pub/share/energy_pub/package.zsh'
[4.209s] Level 1:colcon.colcon_core.environment:create_file_with_runtime_dependencies(/home/sebab/ARS_Sanitizer_Project/ARS_Sanitizer_Project_ws/install/energy_pub/share/colcon-core/packages/energy_pub)
[4.210s] DEBUG:colcon.colcon_core.event_handler.log_command:Invoked command in '/home/sebab/ARS_Sanitizer_Project/ARS_Sanitizer_Project_ws/src/energy_nav' returned '0': PYTHONPATH=/home/sebab/ARS_Sanitizer_Project/ARS_Sanitizer_Project_ws/build/energy_nav/prefix_override:/home/sebab/ARS_Sanitizer_Project/ARS_Sanitizer_Project_ws/install/energy_nav/lib/python3.10/site-packages:${PYTHONPATH} /usr/bin/python3 setup.py egg_info --egg-base ../../build/energy_nav build --build-base /home/sebab/ARS_Sanitizer_Project/ARS_Sanitizer_Project_ws/build/energy_nav/build install --record /home/sebab/ARS_Sanitizer_Project/ARS_Sanitizer_Project_ws/build/energy_nav/install.log --single-version-externally-managed
[4.227s] Level 1:colcon.colcon_core.environment:checking '/home/sebab/ARS_Sanitizer_Project/ARS_Sanitizer_Project_ws/install/energy_nav' for CMake module files
[4.227s] Level 1:colcon.colcon_core.environment:checking '/home/sebab/ARS_Sanitizer_Project/ARS_Sanitizer_Project_ws/install/energy_nav' for CMake config files
[4.228s] Level 1:colcon.colcon_core.environment:checking '/home/sebab/ARS_Sanitizer_Project/ARS_Sanitizer_Project_ws/install/energy_nav/lib'
[4.228s] Level 1:colcon.colcon_core.environment:checking '/home/sebab/ARS_Sanitizer_Project/ARS_Sanitizer_Project_ws/install/energy_nav/bin'
[4.228s] Level 1:colcon.colcon_core.environment:checking '/home/sebab/ARS_Sanitizer_Project/ARS_Sanitizer_Project_ws/install/energy_nav/lib/pkgconfig/energy_nav.pc'
[4.228s] Level 1:colcon.colcon_core.environment:checking '/home/sebab/ARS_Sanitizer_Project/ARS_Sanitizer_Project_ws/install/energy_nav/lib/python3.10/site-packages'
[4.228s] Level 1:colcon.colcon_core.shell:create_environment_hook('energy_nav', 'pythonpath')
[4.245s] INFO:colcon.colcon_core.shell:Creating environment hook '/home/sebab/ARS_Sanitizer_Project/ARS_Sanitizer_Project_ws/install/energy_nav/share/energy_nav/hook/pythonpath.ps1'
[4.246s] INFO:colcon.colcon_core.shell:Creating environment descriptor '/home/sebab/ARS_Sanitizer_Project/ARS_Sanitizer_Project_ws/install/energy_nav/share/energy_nav/hook/pythonpath.dsv'
[4.246s] INFO:colcon.colcon_core.shell:Creating environment hook '/home/sebab/ARS_Sanitizer_Project/ARS_Sanitizer_Project_ws/install/energy_nav/share/energy_nav/hook/pythonpath.sh'
[4.246s] Level 1:colcon.colcon_core.environment:checking '/home/sebab/ARS_Sanitizer_Project/ARS_Sanitizer_Project_ws/install/energy_nav/bin'
[4.246s] Level 1:colcon.colcon_core.environment:create_environment_scripts_only(energy_nav)
[4.263s] INFO:colcon.colcon_core.shell:Creating package script '/home/sebab/ARS_Sanitizer_Project/ARS_Sanitizer_Project_ws/install/energy_nav/share/energy_nav/package.ps1'
[4.264s] INFO:colcon.colcon_core.shell:Creating package descriptor '/home/sebab/ARS_Sanitizer_Project/ARS_Sanitizer_Project_ws/install/energy_nav/share/energy_nav/package.dsv'
[4.264s] INFO:colcon.colcon_core.shell:Creating package script '/home/sebab/ARS_Sanitizer_Project/ARS_Sanitizer_Project_ws/install/energy_nav/share/energy_nav/package.sh'
[4.264s] INFO:colcon.colcon_core.shell:Creating package script '/home/sebab/ARS_Sanitizer_Project/ARS_Sanitizer_Project_ws/install/energy_nav/share/energy_nav/package.bash'
[4.265s] INFO:colcon.colcon_core.shell:Creating package script '/home/sebab/ARS_Sanitizer_Project/ARS_Sanitizer_Project_ws/install/energy_nav/share/energy_nav/package.zsh'
[4.265s] Level 1:colcon.colcon_core.environment:create_file_with_runtime_dependencies(/home/sebab/ARS_Sanitizer_Project/ARS_Sanitizer_Project_ws/install/energy_nav/share/colcon-core/packages/energy_nav)
[4.266s] DEBUG:colcon.colcon_core.event_handler.log_command:Invoked command in '/home/sebab/ARS_Sanitizer_Project/ARS_Sanitizer_Project_ws/src/uv_power' returned '0': PYTHONPATH=/home/sebab/ARS_Sanitizer_Project/ARS_Sanitizer_Project_ws/build/uv_power/prefix_override:/home/sebab/ARS_Sanitizer_Project/ARS_Sanitizer_Project_ws/install/uv_power/lib/python3.10/site-packages:${PYTHONPATH} /usr/bin/python3 setup.py egg_info --egg-base ../../build/uv_power build --build-base /home/sebab/ARS_Sanitizer_Project/ARS_Sanitizer_Project_ws/build/uv_power/build install --record /home/sebab/ARS_Sanitizer_Project/ARS_Sanitizer_Project_ws/build/uv_power/install.log --single-version-externally-managed
[4.283s] Level 1:colcon.colcon_core.environment:checking '/home/sebab/ARS_Sanitizer_Project/ARS_Sanitizer_Project_ws/install/uv_power' for CMake module files
[4.283s] Level 1:colcon.colcon_core.environment:checking '/home/sebab/ARS_Sanitizer_Project/ARS_Sanitizer_Project_ws/install/uv_power' for CMake config files
[4.284s] Level 1:colcon.colcon_core.environment:checking '/home/sebab/ARS_Sanitizer_Project/ARS_Sanitizer_Project_ws/install/uv_power/lib'
[4.284s] Level 1:colcon.colcon_core.environment:checking '/home/sebab/ARS_Sanitizer_Project/ARS_Sanitizer_Project_ws/install/uv_power/bin'
[4.284s] Level 1:colcon.colcon_core.environment:checking '/home/sebab/ARS_Sanitizer_Project/ARS_Sanitizer_Project_ws/install/uv_power/lib/pkgconfig/uv_power.pc'
[4.284s] Level 1:colcon.colcon_core.environment:checking '/home/sebab/ARS_Sanitizer_Project/ARS_Sanitizer_Project_ws/install/uv_power/lib/python3.10/site-packages'
[4.284s] Level 1:colcon.colcon_core.shell:create_environment_hook('uv_power', 'pythonpath')
[4.300s] INFO:colcon.colcon_core.shell:Creating environment hook '/home/sebab/ARS_Sanitizer_Project/ARS_Sanitizer_Project_ws/install/uv_power/share/uv_power/hook/pythonpath.ps1'
[4.301s] INFO:colcon.colcon_core.shell:Creating environment descriptor '/home/sebab/ARS_Sanitizer_Project/ARS_Sanitizer_Project_ws/install/uv_power/share/uv_power/hook/pythonpath.dsv'
[4.301s] INFO:colcon.colcon_core.shell:Creating environment hook '/home/sebab/ARS_Sanitizer_Project/ARS_Sanitizer_Project_ws/install/uv_power/share/uv_power/hook/pythonpath.sh'
[4.302s] Level 1:colcon.colcon_core.environment:checking '/home/sebab/ARS_Sanitizer_Project/ARS_Sanitizer_Project_ws/install/uv_power/bin'
[4.302s] Level 1:colcon.colcon_core.environment:create_environment_scripts_only(uv_power)
[4.318s] INFO:colcon.colcon_core.shell:Creating package script '/home/sebab/ARS_Sanitizer_Project/ARS_Sanitizer_Project_ws/install/uv_power/share/uv_power/package.ps1'
[4.319s] INFO:colcon.colcon_core.shell:Creating package descriptor '/home/sebab/ARS_Sanitizer_Project/ARS_Sanitizer_Project_ws/install/uv_power/share/uv_power/package.dsv'
[4.319s] INFO:colcon.colcon_core.shell:Creating package script '/home/sebab/ARS_Sanitizer_Project/ARS_Sanitizer_Project_ws/install/uv_power/share/uv_power/package.sh'
[4.319s] INFO:colcon.colcon_core.shell:Creating package script '/home/sebab/ARS_Sanitizer_Project/ARS_Sanitizer_Project_ws/install/uv_power/share/uv_power/package.bash'
[4.320s] INFO:colcon.colcon_core.shell:Creating package script '/home/sebab/ARS_Sanitizer_Project/ARS_Sanitizer_Project_ws/install/uv_power/share/uv_power/package.zsh'
[4.320s] Level 1:colcon.colcon_core.environment:create_file_with_runtime_dependencies(/home/sebab/ARS_Sanitizer_Project/ARS_Sanitizer_Project_ws/install/uv_power/share/colcon-core/packages/uv_power)
[4.320s] DEBUG:colcon.colcon_parallel_executor.executor.parallel:closing loop
[4.320s] DEBUG:colcon.colcon_parallel_executor.executor.parallel:loop closed
[4.320s] DEBUG:colcon.colcon_parallel_executor.executor.parallel:run_until_complete finished with '0'
[4.321s] DEBUG:colcon.colcon_core.event_reactor:joining thread
[4.342s] INFO:colcon.colcon_core.plugin_system:Skipping extension 'colcon_notification.desktop_notification.terminal_notifier': Not used on non-Darwin systems
[4.342s] INFO:colcon.colcon_core.plugin_system:Skipping extension 'colcon_notification.desktop_notification.win32': Not used on non-Windows systems
[4.342s] INFO:colcon.colcon_notification.desktop_notification:Sending desktop notification using 'notify2'
[4.355s] DEBUG:colcon.colcon_core.event_reactor:joined thread
[4.372s] INFO:colcon.colcon_core.shell:Creating prefix script '/home/sebab/ARS_Sanitizer_Project/ARS_Sanitizer_Project_ws/install/local_setup.ps1'
[4.373s] INFO:colcon.colcon_core.shell:Creating prefix util module '/home/sebab/ARS_Sanitizer_Project/ARS_Sanitizer_Project_ws/install/_local_setup_util_ps1.py'
[4.374s] INFO:colcon.colcon_core.shell:Creating prefix chain script '/home/sebab/ARS_Sanitizer_Project/ARS_Sanitizer_Project_ws/install/setup.ps1'
[4.390s] INFO:colcon.colcon_core.shell:Creating prefix script '/home/sebab/ARS_Sanitizer_Project/ARS_Sanitizer_Project_ws/install/local_setup.sh'
[4.391s] INFO:colcon.colcon_core.shell:Creating prefix util module '/home/sebab/ARS_Sanitizer_Project/ARS_Sanitizer_Project_ws/install/_local_setup_util_sh.py'
[4.391s] INFO:colcon.colcon_core.shell:Creating prefix chain script '/home/sebab/ARS_Sanitizer_Project/ARS_Sanitizer_Project_ws/install/setup.sh'
[4.407s] INFO:colcon.colcon_core.shell:Creating prefix script '/home/sebab/ARS_Sanitizer_Project/ARS_Sanitizer_Project_ws/install/local_setup.bash'
[4.408s] INFO:colcon.colcon_core.shell:Creating prefix chain script '/home/sebab/ARS_Sanitizer_Project/ARS_Sanitizer_Project_ws/install/setup.bash'
[4.424s] INFO:colcon.colcon_core.shell:Creating prefix script '/home/sebab/ARS_Sanitizer_Project/ARS_Sanitizer_Project_ws/install/local_setup.zsh'
[4.425s] INFO:colcon.colcon_core.shell:Creating prefix chain script '/home/sebab/ARS_Sanitizer_Project/ARS_Sanitizer_Project_ws/install/setup.zsh'
