[0.000000] (-) TimerEvent: {}
[0.000237] (nav2_wfd) JobQueued: {'identifier': 'nav2_wfd', 'dependencies': OrderedDict()}
[0.000289] (task4_sanification) JobQueued: {'identifier': 'task4_sanification', 'dependencies': OrderedDict()}
[0.000329] (nav2_wfd) JobStarted: {'identifier': 'nav2_wfd'}
[0.035544] (task4_sanification) JobStarted: {'identifier': 'task4_sanification'}
[0.099344] (-) TimerEvent: {}
[0.199655] (-) TimerEvent: {}
[0.300064] (-) TimerEvent: {}
[0.400564] (-) TimerEvent: {}
[0.500978] (-) TimerEvent: {}
[0.601462] (-) TimerEvent: {}
[0.701766] (-) TimerEvent: {}
[0.802091] (-) TimerEvent: {}
[0.859289] (nav2_wfd) Command: {'cmd': ['/usr/bin/python3', 'setup.py', 'egg_info', '--egg-base', '../../build/nav2_wfd', 'build', '--build-base', '/home/sebab/ARS_Sanitizer_Project/ARS_Sanitizer_Project_ws/build/nav2_wfd/build', 'install', '--record', '/home/sebab/ARS_Sanitizer_Project/ARS_Sanitizer_Project_ws/build/nav2_wfd/install.log', '--single-version-externally-managed'], 'cwd': '/home/sebab/ARS_Sanitizer_Project/ARS_Sanitizer_Project_ws/src/nav2_wavefront_frontier_exploration', 'env': {'USER': 'sebab', 'LC_TIME': 'it_IT.UTF-8', 'XDG_SESSION_TYPE': 'wayland', 'SHLVL': '1', 'HOME': '/home/sebab', 'OLDPWD': '/home/sebab', 'DESKTOP_SESSION': 'ubuntu', 'GNOME_SHELL_SESSION_MODE': 'ubuntu', 'GTK_MODULES': 'gail:atk-bridge', 'LC_MONETARY': 'it_IT.UTF-8', 'SYSTEMD_EXEC_PID': '2482', 'DBUS_SESSION_BUS_ADDRESS': 'unix:path=/run/user/1000/bus', 'COLORTERM': 'truecolor', 'IM_CONFIG_PHASE': '1', 'WAYLAND_DISPLAY': 'wayland-0', 'LOGNAME': 'sebab', '_': '/usr/bin/colcon', 'XDG_SESSION_CLASS': 'user', 'USERNAME': 'sebab', 'TERM': 'xterm-256color', 'GNOME_DESKTOP_SESSION_ID': 'this-is-deprecated', 'PATH': '/opt/gcc-arm-none-eabi-9-2020-q2-update/bin:/home/sebab/.local/bin:/usr/local/sbin:/usr/local/bin:/usr/sbin:/usr/bin:/sbin:/bin:/usr/games:/usr/local/games:/snap/bin:/snap/bin', 'SESSION_MANAGER': 'local/sebab-XPS-15-9510:@/tmp/.ICE-unix/2450,unix/sebab-XPS-15-9510:/tmp/.ICE-unix/2450', 'XDG_MENU_PREFIX': 'gnome-', 'LC_ADDRESS': 'it_IT.UTF-8', 'GNOME_TERMINAL_SCREEN': '/org/gnome/Terminal/screen/d5d07ba9_694a_454c_9e1f_8719ce80c966', 'GNOME_SETUP_DISPLAY': ':1', 'XDG_RUNTIME_DIR': '/run/user/1000', 'DISPLAY': ':0', 'LANG': 'en_US.UTF-8', 'XDG_CURRENT_DESKTOP': 'ubuntu:GNOME', 'LC_TELEPHONE': 'it_IT.UTF-8', 'XMODIFIERS': '@im=ibus', 'XDG_SESSION_DESKTOP': 'ubuntu', 'XAUTHORITY': '/run/user/1000/.mutter-Xwaylandauth.ODR7I2', 'GNOME_TERMINAL_SERVICE': ':1.1615', 'SSH_AGENT_LAUNCHER': 'gnome-keyring', 'SSH_AUTH_SOCK': '/run/user/1000/keyring/ssh', 'SHELL': '/bin/bash', 'LC_NAME': 'it_IT.UTF-8', 'QT_ACCESSIBILITY': '1', 'GDMSESSION': 'ubuntu', 'LC_MEASUREMENT': 'it_IT.UTF-8', 'LC_IDENTIFICATION': 'it_IT.UTF-8', 'QT_IM_MODULE': 'ibus', 'JAVA_HOME': '/lib/jvm/java-11-openjdk-amd64/bin/java', 'PWD': '/home/sebab/ARS_Sanitizer_Project/ARS_Sanitizer_Project_ws/build/nav2_wfd', 'LC_ALL': 'en_US.UTF-8', 'XDG_CONFIG_DIRS': '/etc/xdg/xdg-ubuntu:/etc/xdg', 'XDG_DATA_DIRS': '/usr/share/ubuntu:/usr/local/share/:/usr/share/:/var/lib/snapd/desktop', 'LC_NUMERIC': 'it_IT.UTF-8', 'LC_PAPER': 'it_IT.UTF-8', 'COLCON': '1', 'VTE_VERSION': '6800', 'PYTHONPATH': '/home/sebab/ARS_Sanitizer_Project/ARS_Sanitizer_Project_ws/build/nav2_wfd/prefix_override:/home/sebab/ARS_Sanitizer_Project/ARS_Sanitizer_Project_ws/install/nav2_wfd/lib/python3.10/site-packages:'}, 'shell': False}
[0.868548] (task4_sanification) Command: {'cmd': ['/usr/bin/python3', 'setup.py', 'egg_info', '--egg-base', '../../build/task4_sanification', 'build', '--build-base', '/home/sebab/ARS_Sanitizer_Project/ARS_Sanitizer_Project_ws/build/task4_sanification/build', 'install', '--record', '/home/sebab/ARS_Sanitizer_Project/ARS_Sanitizer_Project_ws/build/task4_sanification/install.log', '--single-version-externally-managed'], 'cwd': '/home/sebab/ARS_Sanitizer_Project/ARS_Sanitizer_Project_ws/src/task4_sanification', 'env': {'USER': 'sebab', 'LC_TIME': 'it_IT.UTF-8', 'XDG_SESSION_TYPE': 'wayland', 'SHLVL': '1', 'HOME': '/home/sebab', 'OLDPWD': '/home/sebab', 'DESKTOP_SESSION': 'ubuntu', 'GNOME_SHELL_SESSION_MODE': 'ubuntu', 'GTK_MODULES': 'gail:atk-bridge', 'LC_MONETARY': 'it_IT.UTF-8', 'SYSTEMD_EXEC_PID': '2482', 'DBUS_SESSION_BUS_ADDRESS': 'unix:path=/run/user/1000/bus', 'COLORTERM': 'truecolor', 'IM_CONFIG_PHASE': '1', 'WAYLAND_DISPLAY': 'wayland-0', 'LOGNAME': 'sebab', '_': '/usr/bin/colcon', 'XDG_SESSION_CLASS': 'user', 'USERNAME': 'sebab', 'TERM': 'xterm-256color', 'GNOME_DESKTOP_SESSION_ID': 'this-is-deprecated', 'PATH': '/opt/gcc-arm-none-eabi-9-2020-q2-update/bin:/home/sebab/.local/bin:/usr/local/sbin:/usr/local/bin:/usr/sbin:/usr/bin:/sbin:/bin:/usr/games:/usr/local/games:/snap/bin:/snap/bin', 'SESSION_MANAGER': 'local/sebab-XPS-15-9510:@/tmp/.ICE-unix/2450,unix/sebab-XPS-15-9510:/tmp/.ICE-unix/2450', 'XDG_MENU_PREFIX': 'gnome-', 'LC_ADDRESS': 'it_IT.UTF-8', 'GNOME_TERMINAL_SCREEN': '/org/gnome/Terminal/screen/d5d07ba9_694a_454c_9e1f_8719ce80c966', 'GNOME_SETUP_DISPLAY': ':1', 'XDG_RUNTIME_DIR': '/run/user/1000', 'DISPLAY': ':0', 'LANG': 'en_US.UTF-8', 'XDG_CURRENT_DESKTOP': 'ubuntu:GNOME', 'LC_TELEPHONE': 'it_IT.UTF-8', 'XMODIFIERS': '@im=ibus', 'XDG_SESSION_DESKTOP': 'ubuntu', 'XAUTHORITY': '/run/user/1000/.mutter-Xwaylandauth.ODR7I2', 'GNOME_TERMINAL_SERVICE': ':1.1615', 'SSH_AGENT_LAUNCHER': 'gnome-keyring', 'SSH_AUTH_SOCK': '/run/user/1000/keyring/ssh', 'SHELL': '/bin/bash', 'LC_NAME': 'it_IT.UTF-8', 'QT_ACCESSIBILITY': '1', 'GDMSESSION': 'ubuntu', 'LC_MEASUREMENT': 'it_IT.UTF-8', 'LC_IDENTIFICATION': 'it_IT.UTF-8', 'QT_IM_MODULE': 'ibus', 'JAVA_HOME': '/lib/jvm/java-11-openjdk-amd64/bin/java', 'PWD': '/home/sebab/ARS_Sanitizer_Project/ARS_Sanitizer_Project_ws/build/task4_sanification', 'LC_ALL': 'en_US.UTF-8', 'XDG_CONFIG_DIRS': '/etc/xdg/xdg-ubuntu:/etc/xdg', 'XDG_DATA_DIRS': '/usr/share/ubuntu:/usr/local/share/:/usr/share/:/var/lib/snapd/desktop', 'LC_NUMERIC': 'it_IT.UTF-8', 'LC_PAPER': 'it_IT.UTF-8', 'COLCON': '1', 'VTE_VERSION': '6800', 'PYTHONPATH': '/home/sebab/ARS_Sanitizer_Project/ARS_Sanitizer_Project_ws/build/task4_sanification/prefix_override:/home/sebab/ARS_Sanitizer_Project/ARS_Sanitizer_Project_ws/install/task4_sanification/lib/python3.10/site-packages:'}, 'shell': False}
[0.902221] (-) TimerEvent: {}
[1.002769] (-) TimerEvent: {}
[1.073389] (nav2_wfd) StdoutLine: {'line': b'running egg_info\n'}
[1.074168] (nav2_wfd) StdoutLine: {'line': b'writing ../../build/nav2_wfd/nav2_wfd.egg-info/PKG-INFO\n'}
[1.074413] (nav2_wfd) StdoutLine: {'line': b'writing dependency_links to ../../build/nav2_wfd/nav2_wfd.egg-info/dependency_links.txt\n'}
[1.074517] (nav2_wfd) StdoutLine: {'line': b'writing entry points to ../../build/nav2_wfd/nav2_wfd.egg-info/entry_points.txt\n'}
[1.074568] (nav2_wfd) StdoutLine: {'line': b'writing requirements to ../../build/nav2_wfd/nav2_wfd.egg-info/requires.txt\n'}
[1.074618] (nav2_wfd) StdoutLine: {'line': b'writing top-level names to ../../build/nav2_wfd/nav2_wfd.egg-info/top_level.txt\n'}
[1.075232] (nav2_wfd) StdoutLine: {'line': b"reading manifest file '../../build/nav2_wfd/nav2_wfd.egg-info/SOURCES.txt'\n"}
[1.075484] (nav2_wfd) StdoutLine: {'line': b"adding license file 'LICENSE'\n"}
[1.076064] (nav2_wfd) StdoutLine: {'line': b"writing manifest file '../../build/nav2_wfd/nav2_wfd.egg-info/SOURCES.txt'\n"}
[1.076402] (nav2_wfd) StdoutLine: {'line': b'running build\n'}
[1.076521] (nav2_wfd) StdoutLine: {'line': b'running build_py\n'}
[1.076583] (nav2_wfd) StdoutLine: {'line': b'running install\n'}
[1.076849] (nav2_wfd) StdoutLine: {'line': b'running install_lib\n'}
[1.077473] (nav2_wfd) StdoutLine: {'line': b'running install_data\n'}
[1.077926] (nav2_wfd) StdoutLine: {'line': b'running install_egg_info\n'}
[1.079795] (nav2_wfd) StdoutLine: {'line': b"removing '/home/sebab/ARS_Sanitizer_Project/ARS_Sanitizer_Project_ws/install/nav2_wfd/lib/python3.10/site-packages/nav2_wfd-0.0.0-py3.10.egg-info' (and everything under it)\n"}
[1.079982] (nav2_wfd) StdoutLine: {'line': b'Copying ../../build/nav2_wfd/nav2_wfd.egg-info to /home/sebab/ARS_Sanitizer_Project/ARS_Sanitizer_Project_ws/install/nav2_wfd/lib/python3.10/site-packages/nav2_wfd-0.0.0-py3.10.egg-info\n'}
[1.080665] (nav2_wfd) StdoutLine: {'line': b'running install_scripts\n'}
[1.081540] (task4_sanification) StdoutLine: {'line': b'running egg_info\n'}
[1.082034] (task4_sanification) StdoutLine: {'line': b'writing ../../build/task4_sanification/task4_sanification.egg-info/PKG-INFO\n'}
[1.082145] (task4_sanification) StdoutLine: {'line': b'writing dependency_links to ../../build/task4_sanification/task4_sanification.egg-info/dependency_links.txt\n'}
[1.082238] (task4_sanification) StdoutLine: {'line': b'writing entry points to ../../build/task4_sanification/task4_sanification.egg-info/entry_points.txt\n'}
[1.082335] (task4_sanification) StdoutLine: {'line': b'writing requirements to ../../build/task4_sanification/task4_sanification.egg-info/requires.txt\n'}
[1.082391] (task4_sanification) StdoutLine: {'line': b'writing top-level names to ../../build/task4_sanification/task4_sanification.egg-info/top_level.txt\n'}
[1.083819] (task4_sanification) StdoutLine: {'line': b"reading manifest file '../../build/task4_sanification/task4_sanification.egg-info/SOURCES.txt'\n"}
[1.084614] (task4_sanification) StdoutLine: {'line': b"writing manifest file '../../build/task4_sanification/task4_sanification.egg-info/SOURCES.txt'\n"}
[1.084807] (task4_sanification) StdoutLine: {'line': b'running build\n'}
[1.084924] (task4_sanification) StdoutLine: {'line': b'running build_py\n'}
[1.085075] (task4_sanification) StdoutLine: {'line': b'running install\n'}
[1.085230] (task4_sanification) StdoutLine: {'line': b'running install_lib\n'}
[1.086319] (task4_sanification) StdoutLine: {'line': b'running install_data\n'}
[1.086576] (task4_sanification) StdoutLine: {'line': b'running install_egg_info\n'}
[1.088342] (task4_sanification) StdoutLine: {'line': b"removing '/home/sebab/ARS_Sanitizer_Project/ARS_Sanitizer_Project_ws/install/task4_sanification/lib/python3.10/site-packages/task4_sanification-0.0.0-py3.10.egg-info' (and everything under it)\n"}
[1.088586] (task4_sanification) StdoutLine: {'line': b'Copying ../../build/task4_sanification/task4_sanification.egg-info to /home/sebab/ARS_Sanitizer_Project/ARS_Sanitizer_Project_ws/install/task4_sanification/lib/python3.10/site-packages/task4_sanification-0.0.0-py3.10.egg-info\n'}
[1.089149] (task4_sanification) StdoutLine: {'line': b'running install_scripts\n'}
[1.098495] (nav2_wfd) StdoutLine: {'line': b'Installing explore script to /home/sebab/ARS_Sanitizer_Project/ARS_Sanitizer_Project_ws/install/nav2_wfd/lib/nav2_wfd\n'}
[1.098885] (nav2_wfd) StdoutLine: {'line': b"writing list of installed files to '/home/sebab/ARS_Sanitizer_Project/ARS_Sanitizer_Project_ws/build/nav2_wfd/install.log'\n"}
[1.102889] (-) TimerEvent: {}
[1.108060] (task4_sanification) StdoutLine: {'line': b'Installing energy_navigation script to /home/sebab/ARS_Sanitizer_Project/ARS_Sanitizer_Project_ws/install/task4_sanification/lib/task4_sanification\n'}
[1.108420] (task4_sanification) StdoutLine: {'line': b'Installing energy_publisher script to /home/sebab/ARS_Sanitizer_Project/ARS_Sanitizer_Project_ws/install/task4_sanification/lib/task4_sanification\n'}
[1.108663] (task4_sanification) StdoutLine: {'line': b'Installing power_publisher script to /home/sebab/ARS_Sanitizer_Project/ARS_Sanitizer_Project_ws/install/task4_sanification/lib/task4_sanification\n'}
[1.108813] (task4_sanification) StdoutLine: {'line': b'Installing trigger_global_localization script to /home/sebab/ARS_Sanitizer_Project/ARS_Sanitizer_Project_ws/install/task4_sanification/lib/task4_sanification\n'}
[1.108954] (task4_sanification) StdoutLine: {'line': b"writing list of installed files to '/home/sebab/ARS_Sanitizer_Project/ARS_Sanitizer_Project_ws/build/task4_sanification/install.log'\n"}
[1.121244] (nav2_wfd) CommandEnded: {'returncode': 0}
[1.159941] (nav2_wfd) JobEnded: {'identifier': 'nav2_wfd', 'rc': 0}
[1.161430] (task4_sanification) CommandEnded: {'returncode': 0}
[1.194697] (task4_sanification) JobEnded: {'identifier': 'task4_sanification', 'rc': 0}
[1.196083] (-) EventReactorShutdown: {}
