[0.970s] Invoking command in '/home/sebab/ARS_Sanitizer_Project/ARS_Sanitizer_Project_ws/ROS2-FrontierBaseExplorationForAutonomousRobot/autonomous_exploration': PYTHONPATH=/home/sebab/ARS_Sanitizer_Project/ARS_Sanitizer_Project_ws/build/autonomous_exploration/prefix_override:/home/sebab/ARS_Sanitizer_Project/ARS_Sanitizer_Project_ws/install/autonomous_exploration/lib/python3.10/site-packages:${PYTHONPATH} /usr/bin/python3 setup.py egg_info --egg-base ../../build/autonomous_exploration build --build-base /home/sebab/ARS_Sanitizer_Project/ARS_Sanitizer_Project_ws/build/autonomous_exploration/build install --record /home/sebab/ARS_Sanitizer_Project/ARS_Sanitizer_Project_ws/build/autonomous_exploration/install.log --single-version-externally-managed
[1.177s] running egg_info
[1.177s] creating ../../build/autonomous_exploration/autonomous_exploration.egg-info
[1.177s] writing ../../build/autonomous_exploration/autonomous_exploration.egg-info/PKG-INFO
[1.177s] writing dependency_links to ../../build/autonomous_exploration/autonomous_exploration.egg-info/dependency_links.txt
[1.177s] writing entry points to ../../build/autonomous_exploration/autonomous_exploration.egg-info/entry_points.txt
[1.177s] writing requirements to ../../build/autonomous_exploration/autonomous_exploration.egg-info/requires.txt
[1.177s] writing top-level names to ../../build/autonomous_exploration/autonomous_exploration.egg-info/top_level.txt
[1.177s] writing manifest file '../../build/autonomous_exploration/autonomous_exploration.egg-info/SOURCES.txt'
[1.179s] reading manifest file '../../build/autonomous_exploration/autonomous_exploration.egg-info/SOURCES.txt'
[1.179s] writing manifest file '../../build/autonomous_exploration/autonomous_exploration.egg-info/SOURCES.txt'
[1.179s] running build
[1.180s] running build_py
[1.180s] creating /home/sebab/ARS_Sanitizer_Project/ARS_Sanitizer_Project_ws/build/autonomous_exploration/build
[1.180s] creating /home/sebab/ARS_Sanitizer_Project/ARS_Sanitizer_Project_ws/build/autonomous_exploration/build/lib
[1.180s] creating /home/sebab/ARS_Sanitizer_Project/ARS_Sanitizer_Project_ws/build/autonomous_exploration/build/lib/autonomous_exploration
[1.180s] copying autonomous_exploration/__init__.py -> /home/sebab/ARS_Sanitizer_Project/ARS_Sanitizer_Project_ws/build/autonomous_exploration/build/lib/autonomous_exploration
[1.180s] copying autonomous_exploration/control.py -> /home/sebab/ARS_Sanitizer_Project/ARS_Sanitizer_Project_ws/build/autonomous_exploration/build/lib/autonomous_exploration
[1.180s] running install
[1.180s] running install_lib
[1.181s] creating /home/sebab/ARS_Sanitizer_Project/ARS_Sanitizer_Project_ws/install/autonomous_exploration/lib/python3.10/site-packages/autonomous_exploration
[1.181s] copying /home/sebab/ARS_Sanitizer_Project/ARS_Sanitizer_Project_ws/build/autonomous_exploration/build/lib/autonomous_exploration/__init__.py -> /home/sebab/ARS_Sanitizer_Project/ARS_Sanitizer_Project_ws/install/autonomous_exploration/lib/python3.10/site-packages/autonomous_exploration
[1.181s] copying /home/sebab/ARS_Sanitizer_Project/ARS_Sanitizer_Project_ws/build/autonomous_exploration/build/lib/autonomous_exploration/control.py -> /home/sebab/ARS_Sanitizer_Project/ARS_Sanitizer_Project_ws/install/autonomous_exploration/lib/python3.10/site-packages/autonomous_exploration
[1.181s] byte-compiling /home/sebab/ARS_Sanitizer_Project/ARS_Sanitizer_Project_ws/install/autonomous_exploration/lib/python3.10/site-packages/autonomous_exploration/__init__.py to __init__.cpython-310.pyc
[1.181s] byte-compiling /home/sebab/ARS_Sanitizer_Project/ARS_Sanitizer_Project_ws/install/autonomous_exploration/lib/python3.10/site-packages/autonomous_exploration/control.py to control.cpython-310.pyc
[1.184s] running install_data
[1.185s] creating /home/sebab/ARS_Sanitizer_Project/ARS_Sanitizer_Project_ws/install/autonomous_exploration/share/ament_index
[1.185s] creating /home/sebab/ARS_Sanitizer_Project/ARS_Sanitizer_Project_ws/install/autonomous_exploration/share/ament_index/resource_index
[1.185s] creating /home/sebab/ARS_Sanitizer_Project/ARS_Sanitizer_Project_ws/install/autonomous_exploration/share/ament_index/resource_index/packages
[1.185s] copying resource/autonomous_exploration -> /home/sebab/ARS_Sanitizer_Project/ARS_Sanitizer_Project_ws/install/autonomous_exploration/share/ament_index/resource_index/packages
[1.185s] copying package.xml -> /home/sebab/ARS_Sanitizer_Project/ARS_Sanitizer_Project_ws/install/autonomous_exploration/share/autonomous_exploration
[1.185s] running install_egg_info
[1.186s] Copying ../../build/autonomous_exploration/autonomous_exploration.egg-info to /home/sebab/ARS_Sanitizer_Project/ARS_Sanitizer_Project_ws/install/autonomous_exploration/lib/python3.10/site-packages/autonomous_exploration-0.0.0-py3.10.egg-info
[1.186s] running install_scripts
[1.200s] Installing control script to /home/sebab/ARS_Sanitizer_Project/ARS_Sanitizer_Project_ws/install/autonomous_exploration/lib/autonomous_exploration
[1.201s] writing list of installed files to '/home/sebab/ARS_Sanitizer_Project/ARS_Sanitizer_Project_ws/build/autonomous_exploration/install.log'
[1.258s] Invoked command in '/home/sebab/ARS_Sanitizer_Project/ARS_Sanitizer_Project_ws/ROS2-FrontierBaseExplorationForAutonomousRobot/autonomous_exploration' returned '0': PYTHONPATH=/home/sebab/ARS_Sanitizer_Project/ARS_Sanitizer_Project_ws/build/autonomous_exploration/prefix_override:/home/sebab/ARS_Sanitizer_Project/ARS_Sanitizer_Project_ws/install/autonomous_exploration/lib/python3.10/site-packages:${PYTHONPATH} /usr/bin/python3 setup.py egg_info --egg-base ../../build/autonomous_exploration build --build-base /home/sebab/ARS_Sanitizer_Project/ARS_Sanitizer_Project_ws/build/autonomous_exploration/build install --record /home/sebab/ARS_Sanitizer_Project/ARS_Sanitizer_Project_ws/build/autonomous_exploration/install.log --single-version-externally-managed
