[0.038s] Invoking command in '/home/sebab/ARS_final_project/build/turtlebot3_gazebo': CMAKE_PREFIX_PATH=/opt/ros/humble /usr/bin/cmake /home/sebab/ARS_final_project/src/turtlebot3_simulations/turtlebot3_gazebo -DCMAKE_INSTALL_PREFIX=/home/sebab/ARS_final_project/install/turtlebot3_gazebo
[0.046s] -- Found ament_cmake: 1.3.6 (/opt/ros/humble/share/ament_cmake/cmake)
[0.127s] -- Override CMake install command with custom implementation using symlinks instead of copying resources
[0.133s] [33mCMake Warning (dev) at /usr/share/cmake-3.22/Modules/FindPackageHandleStandardArgs.cmake:440 (message):
[0.133s]   The package name passed to `find_package_handle_standard_args` (PkgConfig)
[0.134s]   does not match the name of the calling package (gazebo).  This can lead to
[0.134s]   problems in calling code that expects `find_package` result variables
[0.134s]   (e.g., `_FOUND`) to follow a certain pattern.
[0.134s] Call Stack (most recent call first):
[0.134s]   /usr/share/cmake-3.22/Modules/FindPkgConfig.cmake:99 (find_package_handle_standard_args)
[0.134s]   /usr/lib/x86_64-linux-gnu/cmake/gazebo/gazebo-config.cmake:72 (include)
[0.134s]   CMakeLists.txt:23 (find_package)
[0.134s] This warning is for project developers.  Use -Wno-dev to suppress it.
[0.134s] [0m
[0.147s] -- Found DART: /usr/include (Required is at least version "6.6") found components: dart 
[0.166s] -- Found Protobuf: /usr/lib/x86_64-linux-gnu/libprotobuf.so (found version "3.12.4") 
[0.167s] -- Looking for ignition-math6 -- found version 6.15.1
[0.170s] -- Searching for dependencies of ignition-math6
[0.171s] -- Looking for OGRE...
[0.174s] -- Found Ogre Ghadamon (1.9.0)
[0.174s] -- Found OGRE: optimized;/usr/lib/x86_64-linux-gnu/libOgreMain.so;debug;/usr/lib/x86_64-linux-gnu/libOgreMain.so
[0.181s] -- Looking for OGRE_Paging...
[0.181s] -- Found OGRE_Paging: optimized;/usr/lib/x86_64-linux-gnu/libOgrePaging.so;debug;/usr/lib/x86_64-linux-gnu/libOgrePaging.so
[0.181s] -- Looking for OGRE_Terrain...
[0.181s] -- Found OGRE_Terrain: optimized;/usr/lib/x86_64-linux-gnu/libOgreTerrain.so;debug;/usr/lib/x86_64-linux-gnu/libOgreTerrain.so
[0.181s] -- Looking for OGRE_Property...
[0.181s] -- Found OGRE_Property: optimized;/usr/lib/x86_64-linux-gnu/libOgreProperty.so;debug;/usr/lib/x86_64-linux-gnu/libOgreProperty.so
[0.181s] -- Looking for OGRE_RTShaderSystem...
[0.181s] -- Found OGRE_RTShaderSystem: optimized;/usr/lib/x86_64-linux-gnu/libOgreRTShaderSystem.so;debug;/usr/lib/x86_64-linux-gnu/libOgreRTShaderSystem.so
[0.181s] -- Looking for OGRE_Volume...
[0.181s] -- Found OGRE_Volume: optimized;/usr/lib/x86_64-linux-gnu/libOgreVolume.so;debug;/usr/lib/x86_64-linux-gnu/libOgreVolume.so
[0.181s] -- Looking for OGRE_Overlay...
[0.181s] -- Found OGRE_Overlay: optimized;/usr/lib/x86_64-linux-gnu/libOgreOverlay.so;debug;/usr/lib/x86_64-linux-gnu/libOgreOverlay.so
[0.270s] -- Looking for ignition-math6 -- found version 6.15.1
[0.270s] -- Looking for ignition-transport8 -- found version 8.2.1
[0.270s] -- Searching for dependencies of ignition-transport8
[0.284s] -- Found Protobuf: /usr/lib/x86_64-linux-gnu/libprotobuf.so (found suitable version "3.12.4", minimum required is "3") 
[0.293s] -- Config-file not installed for ZeroMQ -- checking for pkg-config
[0.297s] -- Checking for module 'libzmq >= 4'
[0.306s] --   Found libzmq , version 4.3.4
[0.331s] -- Checking for module 'uuid'
[0.339s] --   Found uuid, version 2.37.2
[0.358s] -- Looking for ignition-msgs5 -- found version 5.8.1
[0.359s] -- Searching for dependencies of ignition-msgs5
[0.372s] -- Looking for ignition-math6 -- found version 6.15.1
[0.376s] -- Checking for module 'tinyxml2'
[0.384s] --   Found tinyxml2, version 9.0.0
[0.405s] -- Looking for ignition-msgs5 -- found version 5.8.1
[0.406s] -- Looking for ignition-common3 -- found version 3.14.0
[0.406s] -- Searching for dependencies of ignition-common3
[0.406s] -- Looking for dlfcn.h - found
[0.406s] -- Looking for libdl - found
[0.414s] -- Searching for <ignition-common3> component [graphics]
[0.414s] -- Looking for ignition-common3-graphics -- found version 3.14.0
[0.415s] -- Searching for dependencies of ignition-common3-graphics
[0.415s] -- Looking for ignition-math6 -- found version 6.15.1
[0.415s] -- Looking for ignition-fuel_tools4 -- found version 4.4.0
[0.416s] -- Searching for dependencies of ignition-fuel_tools4
[0.443s] -- Checking for module 'jsoncpp'
[0.451s] --   Found jsoncpp, version 1.9.5
[0.476s] -- Checking for module 'libzip'
[0.484s] --   Found libzip, version 1.7.3
[0.504s] -- Looking for ignition-common3 -- found version 3.14.0
[0.505s] -- Looking for ignition-math6 -- found version 6.15.1
[0.505s] -- Looking for ignition-msgs5 -- found version 5.8.1
[0.506s] -- Found gazebo_ros_pkgs: 3.7.0 (/opt/ros/humble/share/gazebo_ros_pkgs/cmake)
[0.506s] -- Found geometry_msgs: 4.2.3 (/opt/ros/humble/share/geometry_msgs/cmake)
[0.519s] -- Found rosidl_generator_c: 3.1.5 (/opt/ros/humble/share/rosidl_generator_c/cmake)
[0.521s] -- Found rosidl_adapter: 3.1.5 (/opt/ros/humble/share/rosidl_adapter/cmake)
[0.525s] -- Found rosidl_generator_cpp: 3.1.5 (/opt/ros/humble/share/rosidl_generator_cpp/cmake)
[0.533s] -- Using all available rosidl_typesupport_c: rosidl_typesupport_fastrtps_c;rosidl_typesupport_introspection_c
[0.544s] -- Using all available rosidl_typesupport_cpp: rosidl_typesupport_fastrtps_cpp;rosidl_typesupport_introspection_cpp
[0.629s] -- Found nav_msgs: 4.2.3 (/opt/ros/humble/share/nav_msgs/cmake)
[0.689s] -- Found rclcpp: 16.0.7 (/opt/ros/humble/share/rclcpp/cmake)
[0.720s] -- Found rmw_implementation_cmake: 6.1.1 (/opt/ros/humble/share/rmw_implementation_cmake/cmake)
[0.721s] -- Found rmw_cyclonedds_cpp: 1.3.4 (/opt/ros/humble/share/rmw_cyclonedds_cpp/cmake)
[0.740s] -- Using RMW implementation 'rmw_cyclonedds_cpp' as default
[0.827s] -- Found sensor_msgs: 4.2.3 (/opt/ros/humble/share/sensor_msgs/cmake)
[0.883s] -- Found tf2: 0.25.5 (/opt/ros/humble/share/tf2/cmake)
[0.937s] -- Configuring done
[0.953s] -- Generating done
[0.954s] -- Build files have been written to: /home/sebab/ARS_final_project/build/turtlebot3_gazebo
[0.962s] Invoked command in '/home/sebab/ARS_final_project/build/turtlebot3_gazebo' returned '0': CMAKE_PREFIX_PATH=/opt/ros/humble /usr/bin/cmake /home/sebab/ARS_final_project/src/turtlebot3_simulations/turtlebot3_gazebo -DCMAKE_INSTALL_PREFIX=/home/sebab/ARS_final_project/install/turtlebot3_gazebo
[0.963s] Invoking command in '/home/sebab/ARS_final_project/build/turtlebot3_gazebo': CMAKE_PREFIX_PATH=/opt/ros/humble /usr/bin/cmake --build /home/sebab/ARS_final_project/build/turtlebot3_gazebo -- -j16 -l16
[0.990s] [35m[1mConsolidate compiler generated dependencies of target turtlebot3_drive[0m
[0.991s] [35m[1mConsolidate compiler generated dependencies of target obstacle2[0m
[0.991s] [35m[1mConsolidate compiler generated dependencies of target obstacles[0m
[0.991s] [35m[1mConsolidate compiler generated dependencies of target obstacle1[0m
[1.002s] [ 25%] Built target turtlebot3_drive
[1.015s] [ 62%] Built target obstacle1
[1.015s] [ 75%] Built target obstacles
[1.015s] [100%] Built target obstacle2
[1.023s] Invoked command in '/home/sebab/ARS_final_project/build/turtlebot3_gazebo' returned '0': CMAKE_PREFIX_PATH=/opt/ros/humble /usr/bin/cmake --build /home/sebab/ARS_final_project/build/turtlebot3_gazebo -- -j16 -l16
[1.051s] Invoking command in '/home/sebab/ARS_final_project/build/turtlebot3_gazebo': CMAKE_PREFIX_PATH=/opt/ros/humble /usr/bin/cmake --install /home/sebab/ARS_final_project/build/turtlebot3_gazebo
[1.055s] -- Install configuration: ""
[1.055s] -- Execute custom install script
[1.055s] -- Symlinking: /home/sebab/ARS_final_project/install/turtlebot3_gazebo/lib/turtlebot3_gazebo/turtlebot3_drive
[1.061s] -- Symlinking: /home/sebab/ARS_final_project/install/turtlebot3_gazebo/share/turtlebot3_gazebo//launch/empty_world.launch.py
[1.066s] -- Symlinking: /home/sebab/ARS_final_project/install/turtlebot3_gazebo/share/turtlebot3_gazebo//launch/robot_state_publisher.launch.py
[1.072s] -- Symlinking: /home/sebab/ARS_final_project/install/turtlebot3_gazebo/share/turtlebot3_gazebo//launch/turtlebot3_autorace.launch.py
[1.077s] -- Symlinking: /home/sebab/ARS_final_project/install/turtlebot3_gazebo/share/turtlebot3_gazebo//launch/turtlebot3_big_house.launch.py
[1.082s] -- Symlinking: /home/sebab/ARS_final_project/install/turtlebot3_gazebo/share/turtlebot3_gazebo//launch/turtlebot3_dqn_stage1.launch.py
[1.087s] -- Symlinking: /home/sebab/ARS_final_project/install/turtlebot3_gazebo/share/turtlebot3_gazebo//launch/turtlebot3_dqn_stage2.launch.py
[1.092s] -- Symlinking: /home/sebab/ARS_final_project/install/turtlebot3_gazebo/share/turtlebot3_gazebo//launch/turtlebot3_dqn_stage3.launch.py
[1.100s] -- Symlinking: /home/sebab/ARS_final_project/install/turtlebot3_gazebo/share/turtlebot3_gazebo//launch/turtlebot3_dqn_stage4.launch.py
[1.105s] -- Symlinking: /home/sebab/ARS_final_project/install/turtlebot3_gazebo/share/turtlebot3_gazebo//launch/turtlebot3_house.launch.py
[1.111s] -- Symlinking: /home/sebab/ARS_final_project/install/turtlebot3_gazebo/share/turtlebot3_gazebo//launch/turtlebot3_world.launch.py
[1.117s] -- Symlinking: /home/sebab/ARS_final_project/install/turtlebot3_gazebo/share/turtlebot3_gazebo//models/turtlebot3_autorace/course/materials/scripts/course.material
[1.123s] -- Symlinking: /home/sebab/ARS_final_project/install/turtlebot3_gazebo/share/turtlebot3_gazebo//models/turtlebot3_autorace/course/materials/textures/course.png
[1.128s] -- Symlinking: /home/sebab/ARS_final_project/install/turtlebot3_gazebo/share/turtlebot3_gazebo//models/turtlebot3_autorace/course/model.config
[1.133s] -- Symlinking: /home/sebab/ARS_final_project/install/turtlebot3_gazebo/share/turtlebot3_gazebo//models/turtlebot3_autorace/course/model.sdf
[1.139s] -- Symlinking: /home/sebab/ARS_final_project/install/turtlebot3_gazebo/share/turtlebot3_gazebo//models/turtlebot3_autorace/ground/model.config
[1.144s] -- Symlinking: /home/sebab/ARS_final_project/install/turtlebot3_gazebo/share/turtlebot3_gazebo//models/turtlebot3_autorace/ground/model.sdf
[1.149s] -- Symlinking: /home/sebab/ARS_final_project/install/turtlebot3_gazebo/share/turtlebot3_gazebo//models/turtlebot3_autorace/lights/model.config
[1.154s] -- Symlinking: /home/sebab/ARS_final_project/install/turtlebot3_gazebo/share/turtlebot3_gazebo//models/turtlebot3_autorace/lights/model.sdf
[1.160s] -- Symlinking: /home/sebab/ARS_final_project/install/turtlebot3_gazebo/share/turtlebot3_gazebo//models/turtlebot3_autorace/model.config
[1.165s] -- Symlinking: /home/sebab/ARS_final_project/install/turtlebot3_gazebo/share/turtlebot3_gazebo//models/turtlebot3_autorace/traffic_bar_down/materials/scripts/traffic_bar.material
[1.170s] -- Symlinking: /home/sebab/ARS_final_project/install/turtlebot3_gazebo/share/turtlebot3_gazebo//models/turtlebot3_autorace/traffic_bar_down/materials/textures/traffic_bar.png
[1.176s] -- Symlinking: /home/sebab/ARS_final_project/install/turtlebot3_gazebo/share/turtlebot3_gazebo//models/turtlebot3_autorace/traffic_bar_down/model.config
[1.181s] -- Symlinking: /home/sebab/ARS_final_project/install/turtlebot3_gazebo/share/turtlebot3_gazebo//models/turtlebot3_autorace/traffic_bar_down/model.sdf
[1.186s] -- Symlinking: /home/sebab/ARS_final_project/install/turtlebot3_gazebo/share/turtlebot3_gazebo//models/turtlebot3_autorace/traffic_bar_up/materials/scripts/traffic_bar.material
[1.191s] -- Symlinking: /home/sebab/ARS_final_project/install/turtlebot3_gazebo/share/turtlebot3_gazebo//models/turtlebot3_autorace/traffic_bar_up/materials/textures/traffic_bar.png
[1.197s] -- Symlinking: /home/sebab/ARS_final_project/install/turtlebot3_gazebo/share/turtlebot3_gazebo//models/turtlebot3_autorace/traffic_bar_up/model.config
[1.203s] -- Symlinking: /home/sebab/ARS_final_project/install/turtlebot3_gazebo/share/turtlebot3_gazebo//models/turtlebot3_autorace/traffic_bar_up/model.sdf
[1.209s] -- Symlinking: /home/sebab/ARS_final_project/install/turtlebot3_gazebo/share/turtlebot3_gazebo//models/turtlebot3_autorace/traffic_light_green/model.config
[1.214s] -- Symlinking: /home/sebab/ARS_final_project/install/turtlebot3_gazebo/share/turtlebot3_gazebo//models/turtlebot3_autorace/traffic_light_green/model.sdf
[1.219s] -- Symlinking: /home/sebab/ARS_final_project/install/turtlebot3_gazebo/share/turtlebot3_gazebo//models/turtlebot3_autorace/traffic_light_red/model.config
[1.225s] -- Symlinking: /home/sebab/ARS_final_project/install/turtlebot3_gazebo/share/turtlebot3_gazebo//models/turtlebot3_autorace/traffic_light_red/model.sdf
[1.230s] -- Symlinking: /home/sebab/ARS_final_project/install/turtlebot3_gazebo/share/turtlebot3_gazebo//models/turtlebot3_autorace/traffic_light_yellow/model.config
[1.235s] -- Symlinking: /home/sebab/ARS_final_project/install/turtlebot3_gazebo/share/turtlebot3_gazebo//models/turtlebot3_autorace/traffic_light_yellow/model.sdf
[1.240s] -- Symlinking: /home/sebab/ARS_final_project/install/turtlebot3_gazebo/share/turtlebot3_gazebo//models/turtlebot3_autorace/traffic_parking/materials/scripts/traffic_parking.material
[1.246s] -- Symlinking: /home/sebab/ARS_final_project/install/turtlebot3_gazebo/share/turtlebot3_gazebo//models/turtlebot3_autorace/traffic_parking/materials/textures/traffic_parking.png
[1.251s] -- Symlinking: /home/sebab/ARS_final_project/install/turtlebot3_gazebo/share/turtlebot3_gazebo//models/turtlebot3_autorace/traffic_parking/model.config
[1.256s] -- Symlinking: /home/sebab/ARS_final_project/install/turtlebot3_gazebo/share/turtlebot3_gazebo//models/turtlebot3_autorace/traffic_parking/model.sdf
[1.262s] -- Symlinking: /home/sebab/ARS_final_project/install/turtlebot3_gazebo/share/turtlebot3_gazebo//models/turtlebot3_autorace/traffic_stop/materials/scripts/traffic_stop.material
[1.267s] -- Symlinking: /home/sebab/ARS_final_project/install/turtlebot3_gazebo/share/turtlebot3_gazebo//models/turtlebot3_autorace/traffic_stop/materials/textures/traffic_stop.png
[1.273s] -- Symlinking: /home/sebab/ARS_final_project/install/turtlebot3_gazebo/share/turtlebot3_gazebo//models/turtlebot3_autorace/traffic_stop/model.config
[1.278s] -- Symlinking: /home/sebab/ARS_final_project/install/turtlebot3_gazebo/share/turtlebot3_gazebo//models/turtlebot3_autorace/traffic_stop/model.sdf
[1.283s] -- Symlinking: /home/sebab/ARS_final_project/install/turtlebot3_gazebo/share/turtlebot3_gazebo//models/turtlebot3_autorace/traffic_tunnel/materials/scripts/tunnel.material
[1.288s] -- Symlinking: /home/sebab/ARS_final_project/install/turtlebot3_gazebo/share/turtlebot3_gazebo//models/turtlebot3_autorace/traffic_tunnel/materials/textures/tunnel.png
[1.294s] -- Symlinking: /home/sebab/ARS_final_project/install/turtlebot3_gazebo/share/turtlebot3_gazebo//models/turtlebot3_autorace/traffic_tunnel/model.config
[1.300s] -- Symlinking: /home/sebab/ARS_final_project/install/turtlebot3_gazebo/share/turtlebot3_gazebo//models/turtlebot3_autorace/traffic_tunnel/model.sdf
[1.306s] -- Symlinking: /home/sebab/ARS_final_project/install/turtlebot3_gazebo/share/turtlebot3_gazebo//models/turtlebot3_autorace/tunnel_obstacles/model.config
[1.311s] -- Symlinking: /home/sebab/ARS_final_project/install/turtlebot3_gazebo/share/turtlebot3_gazebo//models/turtlebot3_autorace/tunnel_obstacles/model.sdf
[1.316s] -- Symlinking: /home/sebab/ARS_final_project/install/turtlebot3_gazebo/share/turtlebot3_gazebo//models/turtlebot3_autorace/tunnel_wall/model.config
[1.322s] -- Symlinking: /home/sebab/ARS_final_project/install/turtlebot3_gazebo/share/turtlebot3_gazebo//models/turtlebot3_autorace/tunnel_wall/model.sdf
[1.327s] -- Symlinking: /home/sebab/ARS_final_project/install/turtlebot3_gazebo/share/turtlebot3_gazebo//models/turtlebot3_big_house/model.config
[1.332s] -- Symlinking: /home/sebab/ARS_final_project/install/turtlebot3_gazebo/share/turtlebot3_gazebo//models/turtlebot3_big_house/model.sdf
[1.338s] -- Symlinking: /home/sebab/ARS_final_project/install/turtlebot3_gazebo/share/turtlebot3_gazebo//models/turtlebot3_burger/meshes/burger_base.dae
[1.343s] -- Symlinking: /home/sebab/ARS_final_project/install/turtlebot3_gazebo/share/turtlebot3_gazebo//models/turtlebot3_burger/meshes/lds.dae
[1.348s] -- Symlinking: /home/sebab/ARS_final_project/install/turtlebot3_gazebo/share/turtlebot3_gazebo//models/turtlebot3_burger/meshes/tire.dae
[1.354s] -- Symlinking: /home/sebab/ARS_final_project/install/turtlebot3_gazebo/share/turtlebot3_gazebo//models/turtlebot3_burger/model-1_4.sdf
[1.359s] -- Symlinking: /home/sebab/ARS_final_project/install/turtlebot3_gazebo/share/turtlebot3_gazebo//models/turtlebot3_burger/model.config
[1.364s] -- Symlinking: /home/sebab/ARS_final_project/install/turtlebot3_gazebo/share/turtlebot3_gazebo//models/turtlebot3_burger/model.sdf
[1.370s] -- Symlinking: /home/sebab/ARS_final_project/install/turtlebot3_gazebo/share/turtlebot3_gazebo//models/turtlebot3_dqn_world/goal_box/model.config
[1.376s] -- Symlinking: /home/sebab/ARS_final_project/install/turtlebot3_gazebo/share/turtlebot3_gazebo//models/turtlebot3_dqn_world/goal_box/model.sdf
[1.382s] -- Symlinking: /home/sebab/ARS_final_project/install/turtlebot3_gazebo/share/turtlebot3_gazebo//models/turtlebot3_dqn_world/inner_walls/model.config
[1.387s] -- Symlinking: /home/sebab/ARS_final_project/install/turtlebot3_gazebo/share/turtlebot3_gazebo//models/turtlebot3_dqn_world/inner_walls/model.sdf
[1.392s] -- Symlinking: /home/sebab/ARS_final_project/install/turtlebot3_gazebo/share/turtlebot3_gazebo//models/turtlebot3_dqn_world/model.config
[1.399s] -- Symlinking: /home/sebab/ARS_final_project/install/turtlebot3_gazebo/share/turtlebot3_gazebo//models/turtlebot3_dqn_world/model.sdf
[1.405s] -- Symlinking: /home/sebab/ARS_final_project/install/turtlebot3_gazebo/share/turtlebot3_gazebo//models/turtlebot3_dqn_world/obstacle1/model.config
[1.410s] -- Symlinking: /home/sebab/ARS_final_project/install/turtlebot3_gazebo/share/turtlebot3_gazebo//models/turtlebot3_dqn_world/obstacle1/model.sdf
[1.416s] -- Symlinking: /home/sebab/ARS_final_project/install/turtlebot3_gazebo/share/turtlebot3_gazebo//models/turtlebot3_dqn_world/obstacle2/model.config
[1.421s] -- Symlinking: /home/sebab/ARS_final_project/install/turtlebot3_gazebo/share/turtlebot3_gazebo//models/turtlebot3_dqn_world/obstacle2/model.sdf
[1.426s] -- Symlinking: /home/sebab/ARS_final_project/install/turtlebot3_gazebo/share/turtlebot3_gazebo//models/turtlebot3_dqn_world/obstacle_plugin/CMakeLists.txt
[1.432s] -- Symlinking: /home/sebab/ARS_final_project/install/turtlebot3_gazebo/share/turtlebot3_gazebo//models/turtlebot3_dqn_world/obstacle_plugin/obstacle1.cc
[1.437s] -- Symlinking: /home/sebab/ARS_final_project/install/turtlebot3_gazebo/share/turtlebot3_gazebo//models/turtlebot3_dqn_world/obstacle_plugin/obstacle2.cc
[1.443s] -- Symlinking: /home/sebab/ARS_final_project/install/turtlebot3_gazebo/share/turtlebot3_gazebo//models/turtlebot3_dqn_world/obstacle_plugin/obstacles.cc
[1.448s] -- Symlinking: /home/sebab/ARS_final_project/install/turtlebot3_gazebo/share/turtlebot3_gazebo//models/turtlebot3_dqn_world/obstacles/model.config
[1.453s] -- Symlinking: /home/sebab/ARS_final_project/install/turtlebot3_gazebo/share/turtlebot3_gazebo//models/turtlebot3_dqn_world/obstacles/model.sdf
[1.458s] -- Symlinking: /home/sebab/ARS_final_project/install/turtlebot3_gazebo/share/turtlebot3_gazebo//models/turtlebot3_house/model.config
[1.464s] -- Symlinking: /home/sebab/ARS_final_project/install/turtlebot3_gazebo/share/turtlebot3_gazebo//models/turtlebot3_house/model.sdf
[1.469s] -- Symlinking: /home/sebab/ARS_final_project/install/turtlebot3_gazebo/share/turtlebot3_gazebo//models/turtlebot3_waffle/meshes/lds.dae
[1.474s] -- Symlinking: /home/sebab/ARS_final_project/install/turtlebot3_gazebo/share/turtlebot3_gazebo//models/turtlebot3_waffle/meshes/r200.dae
[1.479s] -- Symlinking: /home/sebab/ARS_final_project/install/turtlebot3_gazebo/share/turtlebot3_gazebo//models/turtlebot3_waffle/meshes/tire.dae
[1.484s] -- Symlinking: /home/sebab/ARS_final_project/install/turtlebot3_gazebo/share/turtlebot3_gazebo//models/turtlebot3_waffle/meshes/waffle_base.dae
[1.489s] -- Symlinking: /home/sebab/ARS_final_project/install/turtlebot3_gazebo/share/turtlebot3_gazebo//models/turtlebot3_waffle/model-1_4.sdf
[1.495s] -- Symlinking: /home/sebab/ARS_final_project/install/turtlebot3_gazebo/share/turtlebot3_gazebo//models/turtlebot3_waffle/model.config
[1.501s] -- Symlinking: /home/sebab/ARS_final_project/install/turtlebot3_gazebo/share/turtlebot3_gazebo//models/turtlebot3_waffle/model.sdf
[1.506s] -- Symlinking: /home/sebab/ARS_final_project/install/turtlebot3_gazebo/share/turtlebot3_gazebo//models/turtlebot3_waffle_pi/meshes/lds.dae
[1.512s] -- Symlinking: /home/sebab/ARS_final_project/install/turtlebot3_gazebo/share/turtlebot3_gazebo//models/turtlebot3_waffle_pi/meshes/tire.dae
[1.517s] -- Symlinking: /home/sebab/ARS_final_project/install/turtlebot3_gazebo/share/turtlebot3_gazebo//models/turtlebot3_waffle_pi/meshes/waffle_pi_base.dae
[1.522s] -- Symlinking: /home/sebab/ARS_final_project/install/turtlebot3_gazebo/share/turtlebot3_gazebo//models/turtlebot3_waffle_pi/model-1_4_.sdf
[1.528s] -- Symlinking: /home/sebab/ARS_final_project/install/turtlebot3_gazebo/share/turtlebot3_gazebo//models/turtlebot3_waffle_pi/model.config
[1.533s] -- Symlinking: /home/sebab/ARS_final_project/install/turtlebot3_gazebo/share/turtlebot3_gazebo//models/turtlebot3_waffle_pi/model.sdf
[1.538s] -- Symlinking: /home/sebab/ARS_final_project/install/turtlebot3_gazebo/share/turtlebot3_gazebo//models/turtlebot3_world/meshes/hexagon.dae
[1.544s] -- Symlinking: /home/sebab/ARS_final_project/install/turtlebot3_gazebo/share/turtlebot3_gazebo//models/turtlebot3_world/meshes/wall.dae
[1.549s] -- Symlinking: /home/sebab/ARS_final_project/install/turtlebot3_gazebo/share/turtlebot3_gazebo//models/turtlebot3_world/model-1_4.sdf
[1.554s] -- Symlinking: /home/sebab/ARS_final_project/install/turtlebot3_gazebo/share/turtlebot3_gazebo//models/turtlebot3_world/model.config
[1.560s] -- Symlinking: /home/sebab/ARS_final_project/install/turtlebot3_gazebo/share/turtlebot3_gazebo//models/turtlebot3_world/model.sdf
[1.566s] -- Symlinking: /home/sebab/ARS_final_project/install/turtlebot3_gazebo/share/turtlebot3_gazebo//rviz/tb3_gazebo.rviz
[1.572s] -- Symlinking: /home/sebab/ARS_final_project/install/turtlebot3_gazebo/share/turtlebot3_gazebo//worlds/empty_worlds/burger.model
[1.577s] -- Symlinking: /home/sebab/ARS_final_project/install/turtlebot3_gazebo/share/turtlebot3_gazebo//worlds/empty_worlds/waffle.model
[1.583s] -- Symlinking: /home/sebab/ARS_final_project/install/turtlebot3_gazebo/share/turtlebot3_gazebo//worlds/empty_worlds/waffle_pi.model
[1.588s] -- Symlinking: /home/sebab/ARS_final_project/install/turtlebot3_gazebo/share/turtlebot3_gazebo//worlds/turtlebot3_autoraces/burger.model
[1.593s] -- Symlinking: /home/sebab/ARS_final_project/install/turtlebot3_gazebo/share/turtlebot3_gazebo//worlds/turtlebot3_autoraces/waffle.model
[1.599s] -- Symlinking: /home/sebab/ARS_final_project/install/turtlebot3_gazebo/share/turtlebot3_gazebo//worlds/turtlebot3_autoraces/waffle_pi.model
[1.605s] -- Symlinking: /home/sebab/ARS_final_project/install/turtlebot3_gazebo/share/turtlebot3_gazebo//worlds/turtlebot3_big_houses/burger.model
[1.611s] -- Symlinking: /home/sebab/ARS_final_project/install/turtlebot3_gazebo/share/turtlebot3_gazebo//worlds/turtlebot3_big_houses/waffle.model
[1.616s] -- Symlinking: /home/sebab/ARS_final_project/install/turtlebot3_gazebo/share/turtlebot3_gazebo//worlds/turtlebot3_big_houses/waffle_pi.model
[1.622s] -- Symlinking: /home/sebab/ARS_final_project/install/turtlebot3_gazebo/share/turtlebot3_gazebo//worlds/turtlebot3_dqn_stage1/burger.model
[1.627s] -- Symlinking: /home/sebab/ARS_final_project/install/turtlebot3_gazebo/share/turtlebot3_gazebo//worlds/turtlebot3_dqn_stage1/waffle.model
[1.632s] -- Symlinking: /home/sebab/ARS_final_project/install/turtlebot3_gazebo/share/turtlebot3_gazebo//worlds/turtlebot3_dqn_stage1/waffle_pi.model
[1.638s] -- Symlinking: /home/sebab/ARS_final_project/install/turtlebot3_gazebo/share/turtlebot3_gazebo//worlds/turtlebot3_dqn_stage2/burger.model
[1.643s] -- Symlinking: /home/sebab/ARS_final_project/install/turtlebot3_gazebo/share/turtlebot3_gazebo//worlds/turtlebot3_dqn_stage2/waffle.model
[1.649s] -- Symlinking: /home/sebab/ARS_final_project/install/turtlebot3_gazebo/share/turtlebot3_gazebo//worlds/turtlebot3_dqn_stage2/waffle_pi.model
[1.655s] -- Symlinking: /home/sebab/ARS_final_project/install/turtlebot3_gazebo/share/turtlebot3_gazebo//worlds/turtlebot3_dqn_stage3/burger.model
[1.660s] -- Symlinking: /home/sebab/ARS_final_project/install/turtlebot3_gazebo/share/turtlebot3_gazebo//worlds/turtlebot3_dqn_stage3/waffle.model
[1.665s] -- Symlinking: /home/sebab/ARS_final_project/install/turtlebot3_gazebo/share/turtlebot3_gazebo//worlds/turtlebot3_dqn_stage3/waffle_pi.model
[1.670s] -- Symlinking: /home/sebab/ARS_final_project/install/turtlebot3_gazebo/share/turtlebot3_gazebo//worlds/turtlebot3_dqn_stage4/burger.model
[1.675s] -- Symlinking: /home/sebab/ARS_final_project/install/turtlebot3_gazebo/share/turtlebot3_gazebo//worlds/turtlebot3_dqn_stage4/waffle.model
[1.681s] -- Symlinking: /home/sebab/ARS_final_project/install/turtlebot3_gazebo/share/turtlebot3_gazebo//worlds/turtlebot3_dqn_stage4/waffle_pi.model
[1.686s] -- Symlinking: /home/sebab/ARS_final_project/install/turtlebot3_gazebo/share/turtlebot3_gazebo//worlds/turtlebot3_houses/burger.model
[1.691s] -- Symlinking: /home/sebab/ARS_final_project/install/turtlebot3_gazebo/share/turtlebot3_gazebo//worlds/turtlebot3_houses/waffle.model
[1.697s] -- Symlinking: /home/sebab/ARS_final_project/install/turtlebot3_gazebo/share/turtlebot3_gazebo//worlds/turtlebot3_houses/waffle_pi.model
[1.702s] -- Symlinking: /home/sebab/ARS_final_project/install/turtlebot3_gazebo/share/turtlebot3_gazebo//worlds/turtlebot3_worlds/burger.model
[1.708s] -- Symlinking: /home/sebab/ARS_final_project/install/turtlebot3_gazebo/share/turtlebot3_gazebo//worlds/turtlebot3_worlds/waffle.model
[1.714s] -- Symlinking: /home/sebab/ARS_final_project/install/turtlebot3_gazebo/share/turtlebot3_gazebo//worlds/turtlebot3_worlds/waffle_pi.model
[1.720s] -- Symlinking: /home/sebab/ARS_final_project/install/turtlebot3_gazebo/include//turtlebot3_gazebo/turtlebot3_drive.hpp
[1.725s] -- Symlinking: /home/sebab/ARS_final_project/install/turtlebot3_gazebo/share/ament_index/resource_index/package_run_dependencies/turtlebot3_gazebo
[1.730s] -- Symlinking: /home/sebab/ARS_final_project/install/turtlebot3_gazebo/share/ament_index/resource_index/parent_prefix_path/turtlebot3_gazebo
[1.736s] -- Symlinking: /home/sebab/ARS_final_project/install/turtlebot3_gazebo/share/turtlebot3_gazebo/environment/ament_prefix_path.sh
[1.741s] -- Symlinking: /home/sebab/ARS_final_project/install/turtlebot3_gazebo/share/turtlebot3_gazebo/environment/ament_prefix_path.dsv
[1.746s] -- Symlinking: /home/sebab/ARS_final_project/install/turtlebot3_gazebo/share/turtlebot3_gazebo/environment/path.sh
[1.751s] -- Symlinking: /home/sebab/ARS_final_project/install/turtlebot3_gazebo/share/turtlebot3_gazebo/environment/path.dsv
[1.757s] -- Symlinking: /home/sebab/ARS_final_project/install/turtlebot3_gazebo/share/turtlebot3_gazebo/local_setup.bash
[1.762s] -- Symlinking: /home/sebab/ARS_final_project/install/turtlebot3_gazebo/share/turtlebot3_gazebo/local_setup.sh
[1.767s] -- Symlinking: /home/sebab/ARS_final_project/install/turtlebot3_gazebo/share/turtlebot3_gazebo/local_setup.zsh
[1.772s] -- Symlinking: /home/sebab/ARS_final_project/install/turtlebot3_gazebo/share/turtlebot3_gazebo/local_setup.dsv
[1.778s] -- Symlinking: /home/sebab/ARS_final_project/install/turtlebot3_gazebo/share/turtlebot3_gazebo/package.dsv
[1.783s] -- Symlinking: /home/sebab/ARS_final_project/install/turtlebot3_gazebo/share/ament_index/resource_index/packages/turtlebot3_gazebo
[1.788s] -- Symlinking: /home/sebab/ARS_final_project/install/turtlebot3_gazebo/share/turtlebot3_gazebo/cmake/ament_cmake_export_include_directories-extras.cmake
[1.795s] -- Symlinking: /home/sebab/ARS_final_project/install/turtlebot3_gazebo/share/turtlebot3_gazebo/cmake/ament_cmake_export_dependencies-extras.cmake
[1.800s] -- Symlinking: /home/sebab/ARS_final_project/install/turtlebot3_gazebo/share/turtlebot3_gazebo/cmake/turtlebot3_gazeboConfig.cmake
[1.806s] -- Symlinking: /home/sebab/ARS_final_project/install/turtlebot3_gazebo/share/turtlebot3_gazebo/cmake/turtlebot3_gazeboConfig-version.cmake
[1.812s] -- Symlinking: /home/sebab/ARS_final_project/install/turtlebot3_gazebo/share/turtlebot3_gazebo/package.xml
[1.819s] Invoked command in '/home/sebab/ARS_final_project/build/turtlebot3_gazebo' returned '0': CMAKE_PREFIX_PATH=/opt/ros/humble /usr/bin/cmake --install /home/sebab/ARS_final_project/build/turtlebot3_gazebo
