[2.896s] Invoking command in '/home/sebab/ARS_Sanitizer_Project/ARS_Sanitizer_Project_ws/src/energy_pub': PYTHONPATH=/home/sebab/ARS_Sanitizer_Project/ARS_Sanitizer_Project_ws/build/energy_pub/prefix_override:/home/sebab/ARS_Sanitizer_Project/ARS_Sanitizer_Project_ws/install/energy_pub/lib/python3.10/site-packages:${PYTHONPATH} /usr/bin/python3 setup.py egg_info --egg-base ../../build/energy_pub build --build-base /home/sebab/ARS_Sanitizer_Project/ARS_Sanitizer_Project_ws/build/energy_pub/build install --record /home/sebab/ARS_Sanitizer_Project/ARS_Sanitizer_Project_ws/build/energy_pub/install.log --single-version-externally-managed
[3.313s] running egg_info
[3.313s] writing ../../build/energy_pub/energy_pub.egg-info/PKG-INFO
[3.314s] writing dependency_links to ../../build/energy_pub/energy_pub.egg-info/dependency_links.txt
[3.314s] writing entry points to ../../build/energy_pub/energy_pub.egg-info/entry_points.txt
[3.314s] writing requirements to ../../build/energy_pub/energy_pub.egg-info/requires.txt
[3.314s] writing top-level names to ../../build/energy_pub/energy_pub.egg-info/top_level.txt
[3.317s] reading manifest file '../../build/energy_pub/energy_pub.egg-info/SOURCES.txt'
[3.318s] writing manifest file '../../build/energy_pub/energy_pub.egg-info/SOURCES.txt'
[3.318s] running build
[3.318s] running build_py
[3.318s] running install
[3.318s] running install_lib
[3.321s] running install_data
[3.322s] running install_egg_info
[3.324s] removing '/home/sebab/ARS_Sanitizer_Project/ARS_Sanitizer_Project_ws/install/energy_pub/lib/python3.10/site-packages/energy_pub-0.0.0-py3.10.egg-info' (and everything under it)
[3.324s] Copying ../../build/energy_pub/energy_pub.egg-info to /home/sebab/ARS_Sanitizer_Project/ARS_Sanitizer_Project_ws/install/energy_pub/lib/python3.10/site-packages/energy_pub-0.0.0-py3.10.egg-info
[3.325s] running install_scripts
[3.352s] Installing energy_pub_node script to /home/sebab/ARS_Sanitizer_Project/ARS_Sanitizer_Project_ws/install/energy_pub/lib/energy_pub
[3.353s] writing list of installed files to '/home/sebab/ARS_Sanitizer_Project/ARS_Sanitizer_Project_ws/build/energy_pub/install.log'
[3.485s] Invoked command in '/home/sebab/ARS_Sanitizer_Project/ARS_Sanitizer_Project_ws/src/energy_pub' returned '0': PYTHONPATH=/home/sebab/ARS_Sanitizer_Project/ARS_Sanitizer_Project_ws/build/energy_pub/prefix_override:/home/sebab/ARS_Sanitizer_Project/ARS_Sanitizer_Project_ws/install/energy_pub/lib/python3.10/site-packages:${PYTHONPATH} /usr/bin/python3 setup.py egg_info --egg-base ../../build/energy_pub build --build-base /home/sebab/ARS_Sanitizer_Project/ARS_Sanitizer_Project_ws/build/energy_pub/build install --record /home/sebab/ARS_Sanitizer_Project/ARS_Sanitizer_Project_ws/build/energy_pub/install.log --single-version-externally-managed
