running egg_info
creating ../../build/energy_pub/energy_pub.egg-info
writing ../../build/energy_pub/energy_pub.egg-info/PKG-INFO
writing dependency_links to ../../build/energy_pub/energy_pub.egg-info/dependency_links.txt
writing entry points to ../../build/energy_pub/energy_pub.egg-info/entry_points.txt
writing requirements to ../../build/energy_pub/energy_pub.egg-info/requires.txt
writing top-level names to ../../build/energy_pub/energy_pub.egg-info/top_level.txt
writing manifest file '../../build/energy_pub/energy_pub.egg-info/SOURCES.txt'
reading manifest file '../../build/energy_pub/energy_pub.egg-info/SOURCES.txt'
writing manifest file '../../build/energy_pub/energy_pub.egg-info/SOURCES.txt'
running build
running build_py
creating /home/sebab/ARS_Sanitizer_Project/ARS_Sanitizer_Project_ws/build/energy_pub/build
creating /home/sebab/ARS_Sanitizer_Project/ARS_Sanitizer_Project_ws/build/energy_pub/build/lib
creating /home/sebab/ARS_Sanitizer_Project/ARS_Sanitizer_Project_ws/build/energy_pub/build/lib/energy_pub
copying energy_pub/energy_pub.py -> /home/sebab/ARS_Sanitizer_Project/ARS_Sanitizer_Project_ws/build/energy_pub/build/lib/energy_pub
copying energy_pub/__init__.py -> /home/sebab/ARS_Sanitizer_Project/ARS_Sanitizer_Project_ws/build/energy_pub/build/lib/energy_pub
running install
running install_lib
creating /home/sebab/ARS_Sanitizer_Project/ARS_Sanitizer_Project_ws/install/energy_pub/lib/python3.10/site-packages/energy_pub
copying /home/sebab/ARS_Sanitizer_Project/ARS_Sanitizer_Project_ws/build/energy_pub/build/lib/energy_pub/energy_pub.py -> /home/sebab/ARS_Sanitizer_Project/ARS_Sanitizer_Project_ws/install/energy_pub/lib/python3.10/site-packages/energy_pub
copying /home/sebab/ARS_Sanitizer_Project/ARS_Sanitizer_Project_ws/build/energy_pub/build/lib/energy_pub/__init__.py -> /home/sebab/ARS_Sanitizer_Project/ARS_Sanitizer_Project_ws/install/energy_pub/lib/python3.10/site-packages/energy_pub
byte-compiling /home/sebab/ARS_Sanitizer_Project/ARS_Sanitizer_Project_ws/install/energy_pub/lib/python3.10/site-packages/energy_pub/energy_pub.py to energy_pub.cpython-310.pyc
byte-compiling /home/sebab/ARS_Sanitizer_Project/ARS_Sanitizer_Project_ws/install/energy_pub/lib/python3.10/site-packages/energy_pub/__init__.py to __init__.cpython-310.pyc
running install_data
creating /home/sebab/ARS_Sanitizer_Project/ARS_Sanitizer_Project_ws/install/energy_pub/share/ament_index
creating /home/sebab/ARS_Sanitizer_Project/ARS_Sanitizer_Project_ws/install/energy_pub/share/ament_index/resource_index
creating /home/sebab/ARS_Sanitizer_Project/ARS_Sanitizer_Project_ws/install/energy_pub/share/ament_index/resource_index/packages
copying resource/energy_pub -> /home/sebab/ARS_Sanitizer_Project/ARS_Sanitizer_Project_ws/install/energy_pub/share/ament_index/resource_index/packages
copying package.xml -> /home/sebab/ARS_Sanitizer_Project/ARS_Sanitizer_Project_ws/install/energy_pub/share/energy_pub
running install_egg_info
Copying ../../build/energy_pub/energy_pub.egg-info to /home/sebab/ARS_Sanitizer_Project/ARS_Sanitizer_Project_ws/install/energy_pub/lib/python3.10/site-packages/energy_pub-0.0.0-py3.10.egg-info
running install_scripts
Installing energy_pub_node script to /home/sebab/ARS_Sanitizer_Project/ARS_Sanitizer_Project_ws/install/energy_pub/lib/energy_pub
writing list of installed files to '/home/sebab/ARS_Sanitizer_Project/ARS_Sanitizer_Project_ws/build/energy_pub/install.log'
