[1.722s] Invoking command in '/home/sebab/ARS_Sanitizer_Project/ARS_Sanitizer_Project_ws/src/energy_pub': PYTHONPATH=/home/sebab/ARS_Sanitizer_Project/ARS_Sanitizer_Project_ws/build/energy_pub/prefix_override:/home/sebab/ARS_Sanitizer_Project/ARS_Sanitizer_Project_ws/install/energy_pub/lib/python3.10/site-packages:${PYTHONPATH} /usr/bin/python3 setup.py egg_info --egg-base ../../build/energy_pub build --build-base /home/sebab/ARS_Sanitizer_Project/ARS_Sanitizer_Project_ws/build/energy_pub/build install --record /home/sebab/ARS_Sanitizer_Project/ARS_Sanitizer_Project_ws/build/energy_pub/install.log --single-version-externally-managed
[1.966s] running egg_info
[1.966s] writing ../../build/energy_pub/energy_pub.egg-info/PKG-INFO
[1.966s] writing dependency_links to ../../build/energy_pub/energy_pub.egg-info/dependency_links.txt
[1.966s] writing entry points to ../../build/energy_pub/energy_pub.egg-info/entry_points.txt
[1.966s] writing requirements to ../../build/energy_pub/energy_pub.egg-info/requires.txt
[1.967s] writing top-level names to ../../build/energy_pub/energy_pub.egg-info/top_level.txt
[1.968s] reading manifest file '../../build/energy_pub/energy_pub.egg-info/SOURCES.txt'
[1.969s] writing manifest file '../../build/energy_pub/energy_pub.egg-info/SOURCES.txt'
[1.969s] running build
[1.969s] running build_py
[1.969s] running install
[1.969s] running install_lib
[1.970s] running install_data
[1.971s] running install_egg_info
[1.972s] removing '/home/sebab/ARS_Sanitizer_Project/ARS_Sanitizer_Project_ws/install/energy_pub/lib/python3.10/site-packages/energy_pub-0.0.0-py3.10.egg-info' (and everything under it)
[1.972s] Copying ../../build/energy_pub/energy_pub.egg-info to /home/sebab/ARS_Sanitizer_Project/ARS_Sanitizer_Project_ws/install/energy_pub/lib/python3.10/site-packages/energy_pub-0.0.0-py3.10.egg-info
[1.973s] running install_scripts
[1.991s] Installing energy_pub_node script to /home/sebab/ARS_Sanitizer_Project/ARS_Sanitizer_Project_ws/install/energy_pub/lib/energy_pub
[1.991s] writing list of installed files to '/home/sebab/ARS_Sanitizer_Project/ARS_Sanitizer_Project_ws/build/energy_pub/install.log'
[2.056s] Invoked command in '/home/sebab/ARS_Sanitizer_Project/ARS_Sanitizer_Project_ws/src/energy_pub' returned '0': PYTHONPATH=/home/sebab/ARS_Sanitizer_Project/ARS_Sanitizer_Project_ws/build/energy_pub/prefix_override:/home/sebab/ARS_Sanitizer_Project/ARS_Sanitizer_Project_ws/install/energy_pub/lib/python3.10/site-packages:${PYTHONPATH} /usr/bin/python3 setup.py egg_info --egg-base ../../build/energy_pub build --build-base /home/sebab/ARS_Sanitizer_Project/ARS_Sanitizer_Project_ws/build/energy_pub/build install --record /home/sebab/ARS_Sanitizer_Project/ARS_Sanitizer_Project_ws/build/energy_pub/install.log --single-version-externally-managed
