running egg_info
creating ../../build/uv_power/uv_power.egg-info
writing ../../build/uv_power/uv_power.egg-info/PKG-INFO
writing dependency_links to ../../build/uv_power/uv_power.egg-info/dependency_links.txt
writing entry points to ../../build/uv_power/uv_power.egg-info/entry_points.txt
writing requirements to ../../build/uv_power/uv_power.egg-info/requires.txt
writing top-level names to ../../build/uv_power/uv_power.egg-info/top_level.txt
writing manifest file '../../build/uv_power/uv_power.egg-info/SOURCES.txt'
reading manifest file '../../build/uv_power/uv_power.egg-info/SOURCES.txt'
writing manifest file '../../build/uv_power/uv_power.egg-info/SOURCES.txt'
running build
running build_py
creating /home/sebab/ARS_Sanitizer_Project/ARS_Sanitizer_Project_ws/build/uv_power/build
creating /home/sebab/ARS_Sanitizer_Project/ARS_Sanitizer_Project_ws/build/uv_power/build/lib
creating /home/sebab/ARS_Sanitizer_Project/ARS_Sanitizer_Project_ws/build/uv_power/build/lib/uv_power
copying uv_power/__init__.py -> /home/sebab/ARS_Sanitizer_Project/ARS_Sanitizer_Project_ws/build/uv_power/build/lib/uv_power
copying uv_power/uv_power_node.py -> /home/sebab/ARS_Sanitizer_Project/ARS_Sanitizer_Project_ws/build/uv_power/build/lib/uv_power
running install
running install_lib
creating /home/sebab/ARS_Sanitizer_Project/ARS_Sanitizer_Project_ws/install/uv_power/lib/python3.10/site-packages/uv_power
copying /home/sebab/ARS_Sanitizer_Project/ARS_Sanitizer_Project_ws/build/uv_power/build/lib/uv_power/__init__.py -> /home/sebab/ARS_Sanitizer_Project/ARS_Sanitizer_Project_ws/install/uv_power/lib/python3.10/site-packages/uv_power
copying /home/sebab/ARS_Sanitizer_Project/ARS_Sanitizer_Project_ws/build/uv_power/build/lib/uv_power/uv_power_node.py -> /home/sebab/ARS_Sanitizer_Project/ARS_Sanitizer_Project_ws/install/uv_power/lib/python3.10/site-packages/uv_power
byte-compiling /home/sebab/ARS_Sanitizer_Project/ARS_Sanitizer_Project_ws/install/uv_power/lib/python3.10/site-packages/uv_power/__init__.py to __init__.cpython-310.pyc
byte-compiling /home/sebab/ARS_Sanitizer_Project/ARS_Sanitizer_Project_ws/install/uv_power/lib/python3.10/site-packages/uv_power/uv_power_node.py to uv_power_node.cpython-310.pyc
running install_data
creating /home/sebab/ARS_Sanitizer_Project/ARS_Sanitizer_Project_ws/install/uv_power/share/ament_index
creating /home/sebab/ARS_Sanitizer_Project/ARS_Sanitizer_Project_ws/install/uv_power/share/ament_index/resource_index
creating /home/sebab/ARS_Sanitizer_Project/ARS_Sanitizer_Project_ws/install/uv_power/share/ament_index/resource_index/packages
copying resource/uv_power -> /home/sebab/ARS_Sanitizer_Project/ARS_Sanitizer_Project_ws/install/uv_power/share/ament_index/resource_index/packages
copying package.xml -> /home/sebab/ARS_Sanitizer_Project/ARS_Sanitizer_Project_ws/install/uv_power/share/uv_power
running install_egg_info
Copying ../../build/uv_power/uv_power.egg-info to /home/sebab/ARS_Sanitizer_Project/ARS_Sanitizer_Project_ws/install/uv_power/lib/python3.10/site-packages/uv_power-0.0.0-py3.10.egg-info
running install_scripts
Installing uv_power script to /home/sebab/ARS_Sanitizer_Project/ARS_Sanitizer_Project_ws/install/uv_power/lib/uv_power
writing list of installed files to '/home/sebab/ARS_Sanitizer_Project/ARS_Sanitizer_Project_ws/build/uv_power/install.log'
