[1.500s] Invoking command in '/home/sebab/ARS_Sanitizer_Project/ARS_Sanitizer_Project_ws/src/uv_power': PYTHONPATH=/home/sebab/ARS_Sanitizer_Project/ARS_Sanitizer_Project_ws/build/uv_power/prefix_override:/home/sebab/ARS_Sanitizer_Project/ARS_Sanitizer_Project_ws/install/uv_power/lib/python3.10/site-packages:${PYTHONPATH} /usr/bin/python3 setup.py egg_info --egg-base ../../build/uv_power build --build-base /home/sebab/ARS_Sanitizer_Project/ARS_Sanitizer_Project_ws/build/uv_power/build install --record /home/sebab/ARS_Sanitizer_Project/ARS_Sanitizer_Project_ws/build/uv_power/install.log --single-version-externally-managed
[1.702s] running egg_info
[1.702s] writing ../../build/uv_power/uv_power.egg-info/PKG-INFO
[1.702s] writing dependency_links to ../../build/uv_power/uv_power.egg-info/dependency_links.txt
[1.702s] writing entry points to ../../build/uv_power/uv_power.egg-info/entry_points.txt
[1.702s] writing requirements to ../../build/uv_power/uv_power.egg-info/requires.txt
[1.702s] writing top-level names to ../../build/uv_power/uv_power.egg-info/top_level.txt
[1.704s] reading manifest file '../../build/uv_power/uv_power.egg-info/SOURCES.txt'
[1.704s] writing manifest file '../../build/uv_power/uv_power.egg-info/SOURCES.txt'
[1.704s] running build
[1.704s] running build_py
[1.704s] running install
[1.705s] running install_lib
[1.705s] running install_data
[1.706s] running install_egg_info
[1.707s] removing '/home/sebab/ARS_Sanitizer_Project/ARS_Sanitizer_Project_ws/install/uv_power/lib/python3.10/site-packages/uv_power-0.0.0-py3.10.egg-info' (and everything under it)
[1.707s] Copying ../../build/uv_power/uv_power.egg-info to /home/sebab/ARS_Sanitizer_Project/ARS_Sanitizer_Project_ws/install/uv_power/lib/python3.10/site-packages/uv_power-0.0.0-py3.10.egg-info
[1.708s] running install_scripts
[1.723s] Installing uv_power script to /home/sebab/ARS_Sanitizer_Project/ARS_Sanitizer_Project_ws/install/uv_power/lib/uv_power
[1.724s] writing list of installed files to '/home/sebab/ARS_Sanitizer_Project/ARS_Sanitizer_Project_ws/build/uv_power/install.log'
[1.753s] Invoked command in '/home/sebab/ARS_Sanitizer_Project/ARS_Sanitizer_Project_ws/src/uv_power' returned '0': PYTHONPATH=/home/sebab/ARS_Sanitizer_Project/ARS_Sanitizer_Project_ws/build/uv_power/prefix_override:/home/sebab/ARS_Sanitizer_Project/ARS_Sanitizer_Project_ws/install/uv_power/lib/python3.10/site-packages:${PYTHONPATH} /usr/bin/python3 setup.py egg_info --egg-base ../../build/uv_power build --build-base /home/sebab/ARS_Sanitizer_Project/ARS_Sanitizer_Project_ws/build/uv_power/build install --record /home/sebab/ARS_Sanitizer_Project/ARS_Sanitizer_Project_ws/build/uv_power/install.log --single-version-externally-managed
