[2.686s] Invoking command in '/home/sebab/ARS_Sanitizer_Project/ARS_Sanitizer_Project_ws/src/nav2_wavefront_frontier_exploration': PYTHONPATH=/home/sebab/ARS_Sanitizer_Project/ARS_Sanitizer_Project_ws/build/nav2_wfd/prefix_override:/home/sebab/ARS_Sanitizer_Project/ARS_Sanitizer_Project_ws/install/nav2_wfd/lib/python3.10/site-packages:${PYTHONPATH} /usr/bin/python3 setup.py egg_info --egg-base ../../build/nav2_wfd build --build-base /home/sebab/ARS_Sanitizer_Project/ARS_Sanitizer_Project_ws/build/nav2_wfd/build install --record /home/sebab/ARS_Sanitizer_Project/ARS_Sanitizer_Project_ws/build/nav2_wfd/install.log --single-version-externally-managed
[3.085s] running egg_info
[3.086s] writing ../../build/nav2_wfd/nav2_wfd.egg-info/PKG-INFO
[3.086s] writing dependency_links to ../../build/nav2_wfd/nav2_wfd.egg-info/dependency_links.txt
[3.086s] writing entry points to ../../build/nav2_wfd/nav2_wfd.egg-info/entry_points.txt
[3.087s] writing requirements to ../../build/nav2_wfd/nav2_wfd.egg-info/requires.txt
[3.087s] writing top-level names to ../../build/nav2_wfd/nav2_wfd.egg-info/top_level.txt
[3.089s] reading manifest file '../../build/nav2_wfd/nav2_wfd.egg-info/SOURCES.txt'
[3.090s] adding license file 'LICENSE'
[3.091s] writing manifest file '../../build/nav2_wfd/nav2_wfd.egg-info/SOURCES.txt'
[3.091s] running build
[3.091s] running build_py
[3.091s] running install
[3.092s] running install_lib
[3.093s] running install_data
[3.094s] running install_egg_info
[3.096s] removing '/home/sebab/ARS_Sanitizer_Project/ARS_Sanitizer_Project_ws/install/nav2_wfd/lib/python3.10/site-packages/nav2_wfd-0.0.0-py3.10.egg-info' (and everything under it)
[3.097s] Copying ../../build/nav2_wfd/nav2_wfd.egg-info to /home/sebab/ARS_Sanitizer_Project/ARS_Sanitizer_Project_ws/install/nav2_wfd/lib/python3.10/site-packages/nav2_wfd-0.0.0-py3.10.egg-info
[3.097s] running install_scripts
[3.128s] Installing explore script to /home/sebab/ARS_Sanitizer_Project/ARS_Sanitizer_Project_ws/install/nav2_wfd/lib/nav2_wfd
[3.128s] writing list of installed files to '/home/sebab/ARS_Sanitizer_Project/ARS_Sanitizer_Project_ws/build/nav2_wfd/install.log'
[3.276s] Invoked command in '/home/sebab/ARS_Sanitizer_Project/ARS_Sanitizer_Project_ws/src/nav2_wavefront_frontier_exploration' returned '0': PYTHONPATH=/home/sebab/ARS_Sanitizer_Project/ARS_Sanitizer_Project_ws/build/nav2_wfd/prefix_override:/home/sebab/ARS_Sanitizer_Project/ARS_Sanitizer_Project_ws/install/nav2_wfd/lib/python3.10/site-packages:${PYTHONPATH} /usr/bin/python3 setup.py egg_info --egg-base ../../build/nav2_wfd build --build-base /home/sebab/ARS_Sanitizer_Project/ARS_Sanitizer_Project_ws/build/nav2_wfd/build install --record /home/sebab/ARS_Sanitizer_Project/ARS_Sanitizer_Project_ws/build/nav2_wfd/install.log --single-version-externally-managed
