[2.681s] Invoking command in '/home/sebab/ARS_Sanitizer_Project/ARS_Sanitizer_Project_ws/src/energy_pub': PYTHONPATH=/home/sebab/ARS_Sanitizer_Project/ARS_Sanitizer_Project_ws/build/energy_pub/prefix_override:/home/sebab/ARS_Sanitizer_Project/ARS_Sanitizer_Project_ws/install/energy_pub/lib/python3.10/site-packages:${PYTHONPATH} /usr/bin/python3 setup.py egg_info --egg-base ../../build/energy_pub build --build-base /home/sebab/ARS_Sanitizer_Project/ARS_Sanitizer_Project_ws/build/energy_pub/build install --record /home/sebab/ARS_Sanitizer_Project/ARS_Sanitizer_Project_ws/build/energy_pub/install.log --single-version-externally-managed
[3.108s] running egg_info
[3.108s] writing ../../build/energy_pub/energy_pub.egg-info/PKG-INFO
[3.109s] writing dependency_links to ../../build/energy_pub/energy_pub.egg-info/dependency_links.txt
[3.109s] writing entry points to ../../build/energy_pub/energy_pub.egg-info/entry_points.txt
[3.109s] writing requirements to ../../build/energy_pub/energy_pub.egg-info/requires.txt
[3.109s] writing top-level names to ../../build/energy_pub/energy_pub.egg-info/top_level.txt
[3.113s] reading manifest file '../../build/energy_pub/energy_pub.egg-info/SOURCES.txt'
[3.113s] writing manifest file '../../build/energy_pub/energy_pub.egg-info/SOURCES.txt'
[3.113s] running build
[3.114s] running build_py
[3.114s] running install
[3.114s] running install_lib
[3.115s] running install_data
[3.116s] running install_egg_info
[3.118s] removing '/home/sebab/ARS_Sanitizer_Project/ARS_Sanitizer_Project_ws/install/energy_pub/lib/python3.10/site-packages/energy_pub-0.0.0-py3.10.egg-info' (and everything under it)
[3.119s] Copying ../../build/energy_pub/energy_pub.egg-info to /home/sebab/ARS_Sanitizer_Project/ARS_Sanitizer_Project_ws/install/energy_pub/lib/python3.10/site-packages/energy_pub-0.0.0-py3.10.egg-info
[3.119s] running install_scripts
[3.143s] Installing energy_pub_node script to /home/sebab/ARS_Sanitizer_Project/ARS_Sanitizer_Project_ws/install/energy_pub/lib/energy_pub
[3.144s] writing list of installed files to '/home/sebab/ARS_Sanitizer_Project/ARS_Sanitizer_Project_ws/build/energy_pub/install.log'
[3.302s] Invoked command in '/home/sebab/ARS_Sanitizer_Project/ARS_Sanitizer_Project_ws/src/energy_pub' returned '0': PYTHONPATH=/home/sebab/ARS_Sanitizer_Project/ARS_Sanitizer_Project_ws/build/energy_pub/prefix_override:/home/sebab/ARS_Sanitizer_Project/ARS_Sanitizer_Project_ws/install/energy_pub/lib/python3.10/site-packages:${PYTHONPATH} /usr/bin/python3 setup.py egg_info --egg-base ../../build/energy_pub build --build-base /home/sebab/ARS_Sanitizer_Project/ARS_Sanitizer_Project_ws/build/energy_pub/build install --record /home/sebab/ARS_Sanitizer_Project/ARS_Sanitizer_Project_ws/build/energy_pub/install.log --single-version-externally-managed
