[2.636s] Invoking command in '/home/sebab/ARS_Sanitizer_Project/ARS_Sanitizer_Project_ws/src/uv_power': PYTHONPATH=/home/sebab/ARS_Sanitizer_Project/ARS_Sanitizer_Project_ws/build/uv_power/prefix_override:/home/sebab/ARS_Sanitizer_Project/ARS_Sanitizer_Project_ws/install/uv_power/lib/python3.10/site-packages:${PYTHONPATH} /usr/bin/python3 setup.py egg_info --egg-base ../../build/uv_power build --build-base /home/sebab/ARS_Sanitizer_Project/ARS_Sanitizer_Project_ws/build/uv_power/build install --record /home/sebab/ARS_Sanitizer_Project/ARS_Sanitizer_Project_ws/build/uv_power/install.log --single-version-externally-managed
[3.122s] running egg_info
[3.123s] writing ../../build/uv_power/uv_power.egg-info/PKG-INFO
[3.124s] writing dependency_links to ../../build/uv_power/uv_power.egg-info/dependency_links.txt
[3.124s] writing entry points to ../../build/uv_power/uv_power.egg-info/entry_points.txt
[3.125s] writing requirements to ../../build/uv_power/uv_power.egg-info/requires.txt
[3.125s] writing top-level names to ../../build/uv_power/uv_power.egg-info/top_level.txt
[3.127s] reading manifest file '../../build/uv_power/uv_power.egg-info/SOURCES.txt'
[3.128s] writing manifest file '../../build/uv_power/uv_power.egg-info/SOURCES.txt'
[3.128s] running build
[3.128s] running build_py
[3.128s] copying uv_power/uv_power_node.py -> /home/sebab/ARS_Sanitizer_Project/ARS_Sanitizer_Project_ws/build/uv_power/build/lib/uv_power
[3.128s] running install
[3.129s] running install_lib
[3.130s] copying /home/sebab/ARS_Sanitizer_Project/ARS_Sanitizer_Project_ws/build/uv_power/build/lib/uv_power/uv_power_node.py -> /home/sebab/ARS_Sanitizer_Project/ARS_Sanitizer_Project_ws/install/uv_power/lib/python3.10/site-packages/uv_power
[3.130s] byte-compiling /home/sebab/ARS_Sanitizer_Project/ARS_Sanitizer_Project_ws/install/uv_power/lib/python3.10/site-packages/uv_power/uv_power_node.py to uv_power_node.cpython-310.pyc
[3.133s] running install_data
[3.133s] running install_egg_info
[3.137s] removing '/home/sebab/ARS_Sanitizer_Project/ARS_Sanitizer_Project_ws/install/uv_power/lib/python3.10/site-packages/uv_power-0.0.0-py3.10.egg-info' (and everything under it)
[3.137s] Copying ../../build/uv_power/uv_power.egg-info to /home/sebab/ARS_Sanitizer_Project/ARS_Sanitizer_Project_ws/install/uv_power/lib/python3.10/site-packages/uv_power-0.0.0-py3.10.egg-info
[3.138s] running install_scripts
[3.162s] Installing uv_power script to /home/sebab/ARS_Sanitizer_Project/ARS_Sanitizer_Project_ws/install/uv_power/lib/uv_power
[3.162s] writing list of installed files to '/home/sebab/ARS_Sanitizer_Project/ARS_Sanitizer_Project_ws/build/uv_power/install.log'
[3.306s] Invoked command in '/home/sebab/ARS_Sanitizer_Project/ARS_Sanitizer_Project_ws/src/uv_power' returned '0': PYTHONPATH=/home/sebab/ARS_Sanitizer_Project/ARS_Sanitizer_Project_ws/build/uv_power/prefix_override:/home/sebab/ARS_Sanitizer_Project/ARS_Sanitizer_Project_ws/install/uv_power/lib/python3.10/site-packages:${PYTHONPATH} /usr/bin/python3 setup.py egg_info --egg-base ../../build/uv_power build --build-base /home/sebab/ARS_Sanitizer_Project/ARS_Sanitizer_Project_ws/build/uv_power/build install --record /home/sebab/ARS_Sanitizer_Project/ARS_Sanitizer_Project_ws/build/uv_power/install.log --single-version-externally-managed
