[2.557s] Invoking command in '/home/sebab/ARS_Sanitizer_Project/ARS_Sanitizer_Project_ws/src/uv_power': PYTHONPATH=/home/sebab/ARS_Sanitizer_Project/ARS_Sanitizer_Project_ws/build/uv_power/prefix_override:/home/sebab/ARS_Sanitizer_Project/ARS_Sanitizer_Project_ws/install/uv_power/lib/python3.10/site-packages:${PYTHONPATH} /usr/bin/python3 setup.py egg_info --egg-base ../../build/uv_power build --build-base /home/sebab/ARS_Sanitizer_Project/ARS_Sanitizer_Project_ws/build/uv_power/build install --record /home/sebab/ARS_Sanitizer_Project/ARS_Sanitizer_Project_ws/build/uv_power/install.log --single-version-externally-managed
[2.936s] running egg_info
[2.936s] writing ../../build/uv_power/uv_power.egg-info/PKG-INFO
[2.936s] writing dependency_links to ../../build/uv_power/uv_power.egg-info/dependency_links.txt
[2.937s] writing entry points to ../../build/uv_power/uv_power.egg-info/entry_points.txt
[2.937s] writing requirements to ../../build/uv_power/uv_power.egg-info/requires.txt
[2.937s] writing top-level names to ../../build/uv_power/uv_power.egg-info/top_level.txt
[2.939s] reading manifest file '../../build/uv_power/uv_power.egg-info/SOURCES.txt'
[2.940s] writing manifest file '../../build/uv_power/uv_power.egg-info/SOURCES.txt'
[2.940s] running build
[2.940s] running build_py
[2.940s] copying uv_power/uv_power_node.py -> /home/sebab/ARS_Sanitizer_Project/ARS_Sanitizer_Project_ws/build/uv_power/build/lib/uv_power
[2.941s] running install
[2.941s] running install_lib
[2.942s] copying /home/sebab/ARS_Sanitizer_Project/ARS_Sanitizer_Project_ws/build/uv_power/build/lib/uv_power/uv_power_node.py -> /home/sebab/ARS_Sanitizer_Project/ARS_Sanitizer_Project_ws/install/uv_power/lib/python3.10/site-packages/uv_power
[2.942s] byte-compiling /home/sebab/ARS_Sanitizer_Project/ARS_Sanitizer_Project_ws/install/uv_power/lib/python3.10/site-packages/uv_power/uv_power_node.py to uv_power_node.cpython-310.pyc
[2.944s] running install_data
[2.944s] running install_egg_info
[2.946s] removing '/home/sebab/ARS_Sanitizer_Project/ARS_Sanitizer_Project_ws/install/uv_power/lib/python3.10/site-packages/uv_power-0.0.0-py3.10.egg-info' (and everything under it)
[2.947s] Copying ../../build/uv_power/uv_power.egg-info to /home/sebab/ARS_Sanitizer_Project/ARS_Sanitizer_Project_ws/install/uv_power/lib/python3.10/site-packages/uv_power-0.0.0-py3.10.egg-info
[2.948s] running install_scripts
[2.972s] Installing uv_power script to /home/sebab/ARS_Sanitizer_Project/ARS_Sanitizer_Project_ws/install/uv_power/lib/uv_power
[2.972s] writing list of installed files to '/home/sebab/ARS_Sanitizer_Project/ARS_Sanitizer_Project_ws/build/uv_power/install.log'
[3.005s] Invoked command in '/home/sebab/ARS_Sanitizer_Project/ARS_Sanitizer_Project_ws/src/uv_power' returned '0': PYTHONPATH=/home/sebab/ARS_Sanitizer_Project/ARS_Sanitizer_Project_ws/build/uv_power/prefix_override:/home/sebab/ARS_Sanitizer_Project/ARS_Sanitizer_Project_ws/install/uv_power/lib/python3.10/site-packages:${PYTHONPATH} /usr/bin/python3 setup.py egg_info --egg-base ../../build/uv_power build --build-base /home/sebab/ARS_Sanitizer_Project/ARS_Sanitizer_Project_ws/build/uv_power/build install --record /home/sebab/ARS_Sanitizer_Project/ARS_Sanitizer_Project_ws/build/uv_power/install.log --single-version-externally-managed
