[0.833s] DEBUG:colcon:Command line arguments: ['/usr/bin/colcon', 'build']
[0.833s] DEBUG:colcon:Parsed command line arguments: Namespace(log_base=None, log_level=None, verb_name='build', build_base='build', install_base='install', merge_install=False, symlink_install=False, test_result_base=None, continue_on_error=False, executor='parallel', parallel_workers=16, event_handlers=None, ignore_user_meta=False, metas=['./colcon.meta'], base_paths=['.'], packages_ignore=None, packages_ignore_regex=None, paths=None, packages_up_to=None, packages_up_to_regex=None, packages_above=None, packages_above_and_dependencies=None, packages_above_depth=None, packages_select_by_dep=None, packages_skip_by_dep=None, packages_skip_up_to=None, packages_select_build_failed=False, packages_skip_build_finished=False, packages_select_test_failures=False, packages_skip_test_passed=False, packages_select=None, packages_skip=None, packages_select_regex=None, packages_skip_regex=None, packages_start=None, packages_end=None, allow_overriding=[], cmake_args=None, cmake_target=None, cmake_target_skip_unavailable=False, cmake_clean_cache=False, cmake_clean_first=False, cmake_force_configure=False, ament_cmake_args=None, catkin_cmake_args=None, catkin_skip_building_tests=False, verb_parser=<colcon_defaults.argument_parser.defaults.DefaultArgumentsDecorator object at 0x7fb7714b8460>, verb_extension=<colcon_core.verb.build.BuildVerb object at 0x7fb7714b9420>, main=<bound method BuildVerb.main of <colcon_core.verb.build.BuildVerb object at 0x7fb7714b9420>>)
[0.868s] Level 1:colcon.colcon_core.package_discovery:discover_packages(colcon_meta) check parameters
[0.868s] Level 1:colcon.colcon_core.package_discovery:discover_packages(recursive) check parameters
[0.869s] Level 1:colcon.colcon_core.package_discovery:discover_packages(ignore) check parameters
[0.869s] Level 1:colcon.colcon_core.package_discovery:discover_packages(path) check parameters
[0.869s] Level 1:colcon.colcon_core.package_discovery:discover_packages(colcon_meta) discover
[0.869s] Level 1:colcon.colcon_core.package_discovery:discover_packages(recursive) discover
[0.869s] INFO:colcon.colcon_core.package_discovery:Crawling recursively for packages in '/home/sebab/ARS_Sanitizer_Project/ARS_Sanitizer_Project_ws'
[0.869s] Level 1:colcon.colcon_core.package_identification:_identify(.) by extensions ['ignore', 'ignore_ament_install']
[0.869s] Level 1:colcon.colcon_core.package_identification:_identify(.) by extension 'ignore'
[0.869s] Level 1:colcon.colcon_core.package_identification:_identify(.) by extension 'ignore_ament_install'
[0.869s] Level 1:colcon.colcon_core.package_identification:_identify(.) by extensions ['colcon_pkg']
[0.869s] Level 1:colcon.colcon_core.package_identification:_identify(.) by extension 'colcon_pkg'
[0.869s] Level 1:colcon.colcon_core.package_identification:_identify(.) by extensions ['colcon_meta']
[0.869s] Level 1:colcon.colcon_core.package_identification:_identify(.) by extension 'colcon_meta'
[0.869s] Level 1:colcon.colcon_core.package_identification:_identify(.) by extensions ['ros']
[0.869s] Level 1:colcon.colcon_core.package_identification:_identify(.) by extension 'ros'
[0.876s] Level 1:colcon.colcon_core.package_identification:_identify(.) by extensions ['cmake', 'python']
[0.876s] Level 1:colcon.colcon_core.package_identification:_identify(.) by extension 'cmake'
[0.876s] Level 1:colcon.colcon_core.package_identification:_identify(.) by extension 'python'
[0.876s] Level 1:colcon.colcon_core.package_identification:_identify(.) by extensions ['python_setup_py']
[0.877s] Level 1:colcon.colcon_core.package_identification:_identify(.) by extension 'python_setup_py'
[0.877s] Level 1:colcon.colcon_core.package_identification:_identify(build) by extensions ['ignore', 'ignore_ament_install']
[0.877s] Level 1:colcon.colcon_core.package_identification:_identify(build) by extension 'ignore'
[0.877s] Level 1:colcon.colcon_core.package_identification:_identify(build) ignored
[0.877s] Level 1:colcon.colcon_core.package_identification:_identify(install) by extensions ['ignore', 'ignore_ament_install']
[0.877s] Level 1:colcon.colcon_core.package_identification:_identify(install) by extension 'ignore'
[0.877s] Level 1:colcon.colcon_core.package_identification:_identify(install) ignored
[0.877s] Level 1:colcon.colcon_core.package_identification:_identify(log) by extensions ['ignore', 'ignore_ament_install']
[0.877s] Level 1:colcon.colcon_core.package_identification:_identify(log) by extension 'ignore'
[0.877s] Level 1:colcon.colcon_core.package_identification:_identify(log) ignored
[0.877s] Level 1:colcon.colcon_core.package_identification:_identify(src) by extensions ['ignore', 'ignore_ament_install']
[0.877s] Level 1:colcon.colcon_core.package_identification:_identify(src) by extension 'ignore'
[0.877s] Level 1:colcon.colcon_core.package_identification:_identify(src) by extension 'ignore_ament_install'
[0.877s] Level 1:colcon.colcon_core.package_identification:_identify(src) by extensions ['colcon_pkg']
[0.877s] Level 1:colcon.colcon_core.package_identification:_identify(src) by extension 'colcon_pkg'
[0.877s] Level 1:colcon.colcon_core.package_identification:_identify(src) by extensions ['colcon_meta']
[0.877s] Level 1:colcon.colcon_core.package_identification:_identify(src) by extension 'colcon_meta'
[0.877s] Level 1:colcon.colcon_core.package_identification:_identify(src) by extensions ['ros']
[0.877s] Level 1:colcon.colcon_core.package_identification:_identify(src) by extension 'ros'
[0.877s] Level 1:colcon.colcon_core.package_identification:_identify(src) by extensions ['cmake', 'python']
[0.877s] Level 1:colcon.colcon_core.package_identification:_identify(src) by extension 'cmake'
[0.877s] Level 1:colcon.colcon_core.package_identification:_identify(src) by extension 'python'
[0.877s] Level 1:colcon.colcon_core.package_identification:_identify(src) by extensions ['python_setup_py']
[0.877s] Level 1:colcon.colcon_core.package_identification:_identify(src) by extension 'python_setup_py'
[0.877s] Level 1:colcon.colcon_core.package_identification:_identify(src/nav2_wavefront_frontier_exploration) by extensions ['ignore', 'ignore_ament_install']
[0.878s] Level 1:colcon.colcon_core.package_identification:_identify(src/nav2_wavefront_frontier_exploration) by extension 'ignore'
[0.878s] Level 1:colcon.colcon_core.package_identification:_identify(src/nav2_wavefront_frontier_exploration) by extension 'ignore_ament_install'
[0.878s] Level 1:colcon.colcon_core.package_identification:_identify(src/nav2_wavefront_frontier_exploration) by extensions ['colcon_pkg']
[0.878s] Level 1:colcon.colcon_core.package_identification:_identify(src/nav2_wavefront_frontier_exploration) by extension 'colcon_pkg'
[0.878s] Level 1:colcon.colcon_core.package_identification:_identify(src/nav2_wavefront_frontier_exploration) by extensions ['colcon_meta']
[0.878s] Level 1:colcon.colcon_core.package_identification:_identify(src/nav2_wavefront_frontier_exploration) by extension 'colcon_meta'
[0.878s] Level 1:colcon.colcon_core.package_identification:_identify(src/nav2_wavefront_frontier_exploration) by extensions ['ros']
[0.878s] Level 1:colcon.colcon_core.package_identification:_identify(src/nav2_wavefront_frontier_exploration) by extension 'ros'
[0.879s] DEBUG:colcon.colcon_core.package_identification:Package 'src/nav2_wavefront_frontier_exploration' with type 'ros.ament_python' and name 'nav2_wfd'
[0.879s] Level 1:colcon.colcon_core.package_identification:_identify(src/turtlebot3_simulations) by extensions ['ignore', 'ignore_ament_install']
[0.879s] Level 1:colcon.colcon_core.package_identification:_identify(src/turtlebot3_simulations) by extension 'ignore'
[0.879s] Level 1:colcon.colcon_core.package_identification:_identify(src/turtlebot3_simulations) by extension 'ignore_ament_install'
[0.880s] Level 1:colcon.colcon_core.package_identification:_identify(src/turtlebot3_simulations) by extensions ['colcon_pkg']
[0.880s] Level 1:colcon.colcon_core.package_identification:_identify(src/turtlebot3_simulations) by extension 'colcon_pkg'
[0.880s] Level 1:colcon.colcon_core.package_identification:_identify(src/turtlebot3_simulations) by extensions ['colcon_meta']
[0.880s] Level 1:colcon.colcon_core.package_identification:_identify(src/turtlebot3_simulations) by extension 'colcon_meta'
[0.880s] Level 1:colcon.colcon_core.package_identification:_identify(src/turtlebot3_simulations) by extensions ['ros']
[0.880s] Level 1:colcon.colcon_core.package_identification:_identify(src/turtlebot3_simulations) by extension 'ros'
[0.880s] Level 1:colcon.colcon_core.package_identification:_identify(src/turtlebot3_simulations) by extensions ['cmake', 'python']
[0.880s] Level 1:colcon.colcon_core.package_identification:_identify(src/turtlebot3_simulations) by extension 'cmake'
[0.880s] Level 1:colcon.colcon_core.package_identification:_identify(src/turtlebot3_simulations) by extension 'python'
[0.880s] Level 1:colcon.colcon_core.package_identification:_identify(src/turtlebot3_simulations) by extensions ['python_setup_py']
[0.880s] Level 1:colcon.colcon_core.package_identification:_identify(src/turtlebot3_simulations) by extension 'python_setup_py'
[0.880s] Level 1:colcon.colcon_core.package_identification:_identify(src/turtlebot3_simulations/turtlebot3_fake_node) by extensions ['ignore', 'ignore_ament_install']
[0.880s] Level 1:colcon.colcon_core.package_identification:_identify(src/turtlebot3_simulations/turtlebot3_fake_node) by extension 'ignore'
[0.880s] Level 1:colcon.colcon_core.package_identification:_identify(src/turtlebot3_simulations/turtlebot3_fake_node) by extension 'ignore_ament_install'
[0.880s] Level 1:colcon.colcon_core.package_identification:_identify(src/turtlebot3_simulations/turtlebot3_fake_node) by extensions ['colcon_pkg']
[0.880s] Level 1:colcon.colcon_core.package_identification:_identify(src/turtlebot3_simulations/turtlebot3_fake_node) by extension 'colcon_pkg'
[0.880s] Level 1:colcon.colcon_core.package_identification:_identify(src/turtlebot3_simulations/turtlebot3_fake_node) by extensions ['colcon_meta']
[0.880s] Level 1:colcon.colcon_core.package_identification:_identify(src/turtlebot3_simulations/turtlebot3_fake_node) by extension 'colcon_meta'
[0.880s] Level 1:colcon.colcon_core.package_identification:_identify(src/turtlebot3_simulations/turtlebot3_fake_node) by extensions ['ros']
[0.880s] Level 1:colcon.colcon_core.package_identification:_identify(src/turtlebot3_simulations/turtlebot3_fake_node) by extension 'ros'
[0.881s] DEBUG:colcon.colcon_core.package_identification:Package 'src/turtlebot3_simulations/turtlebot3_fake_node' with type 'ros.ament_cmake' and name 'turtlebot3_fake_node'
[0.881s] Level 1:colcon.colcon_core.package_identification:_identify(src/turtlebot3_simulations/turtlebot3_gazebo) by extensions ['ignore', 'ignore_ament_install']
[0.881s] Level 1:colcon.colcon_core.package_identification:_identify(src/turtlebot3_simulations/turtlebot3_gazebo) by extension 'ignore'
[0.881s] Level 1:colcon.colcon_core.package_identification:_identify(src/turtlebot3_simulations/turtlebot3_gazebo) by extension 'ignore_ament_install'
[0.881s] Level 1:colcon.colcon_core.package_identification:_identify(src/turtlebot3_simulations/turtlebot3_gazebo) by extensions ['colcon_pkg']
[0.881s] Level 1:colcon.colcon_core.package_identification:_identify(src/turtlebot3_simulations/turtlebot3_gazebo) by extension 'colcon_pkg'
[0.881s] Level 1:colcon.colcon_core.package_identification:_identify(src/turtlebot3_simulations/turtlebot3_gazebo) by extensions ['colcon_meta']
[0.881s] Level 1:colcon.colcon_core.package_identification:_identify(src/turtlebot3_simulations/turtlebot3_gazebo) by extension 'colcon_meta'
[0.881s] Level 1:colcon.colcon_core.package_identification:_identify(src/turtlebot3_simulations/turtlebot3_gazebo) by extensions ['ros']
[0.881s] Level 1:colcon.colcon_core.package_identification:_identify(src/turtlebot3_simulations/turtlebot3_gazebo) by extension 'ros'
[0.882s] DEBUG:colcon.colcon_core.package_identification:Package 'src/turtlebot3_simulations/turtlebot3_gazebo' with type 'ros.ament_cmake' and name 'turtlebot3_gazebo'
[0.882s] Level 1:colcon.colcon_core.package_identification:_identify(src/turtlebot3_simulations/turtlebot3_simulations) by extensions ['ignore', 'ignore_ament_install']
[0.882s] Level 1:colcon.colcon_core.package_identification:_identify(src/turtlebot3_simulations/turtlebot3_simulations) by extension 'ignore'
[0.882s] Level 1:colcon.colcon_core.package_identification:_identify(src/turtlebot3_simulations/turtlebot3_simulations) by extension 'ignore_ament_install'
[0.882s] Level 1:colcon.colcon_core.package_identification:_identify(src/turtlebot3_simulations/turtlebot3_simulations) by extensions ['colcon_pkg']
[0.882s] Level 1:colcon.colcon_core.package_identification:_identify(src/turtlebot3_simulations/turtlebot3_simulations) by extension 'colcon_pkg'
[0.882s] Level 1:colcon.colcon_core.package_identification:_identify(src/turtlebot3_simulations/turtlebot3_simulations) by extensions ['colcon_meta']
[0.882s] Level 1:colcon.colcon_core.package_identification:_identify(src/turtlebot3_simulations/turtlebot3_simulations) by extension 'colcon_meta'
[0.882s] Level 1:colcon.colcon_core.package_identification:_identify(src/turtlebot3_simulations/turtlebot3_simulations) by extensions ['ros']
[0.882s] Level 1:colcon.colcon_core.package_identification:_identify(src/turtlebot3_simulations/turtlebot3_simulations) by extension 'ros'
[0.883s] DEBUG:colcon.colcon_core.package_identification:Package 'src/turtlebot3_simulations/turtlebot3_simulations' with type 'ros.ament_cmake' and name 'turtlebot3_simulations'
[0.883s] Level 1:colcon.colcon_core.package_discovery:discover_packages(recursive) using defaults
[0.883s] Level 1:colcon.colcon_core.package_discovery:discover_packages(ignore) discover
[0.883s] Level 1:colcon.colcon_core.package_discovery:discover_packages(ignore) using defaults
[0.883s] Level 1:colcon.colcon_core.package_discovery:discover_packages(path) discover
[0.883s] Level 1:colcon.colcon_core.package_discovery:discover_packages(path) using defaults
[0.963s] Level 1:colcon.colcon_core.package_discovery:discover_packages(prefix_path) check parameters
[0.963s] Level 1:colcon.colcon_core.package_discovery:discover_packages(prefix_path) discover
[0.988s] DEBUG:colcon.colcon_installed_package_information.package_discovery:Found 5 installed packages in /home/sebab/ARS_Sanitizer_Project/ARS_Sanitizer_Project_ws/install
[1.001s] DEBUG:colcon.colcon_installed_package_information.package_discovery:Found 355 installed packages in /opt/ros/humble
[1.002s] Level 1:colcon.colcon_core.package_discovery:discover_packages(prefix_path) using defaults
[1.076s] Level 5:colcon.colcon_core.verb:set package 'nav2_wfd' build argument 'cmake_args' from command line to 'None'
[1.076s] Level 5:colcon.colcon_core.verb:set package 'nav2_wfd' build argument 'cmake_target' from command line to 'None'
[1.076s] Level 5:colcon.colcon_core.verb:set package 'nav2_wfd' build argument 'cmake_target_skip_unavailable' from command line to 'False'
[1.077s] Level 5:colcon.colcon_core.verb:set package 'nav2_wfd' build argument 'cmake_clean_cache' from command line to 'False'
[1.077s] Level 5:colcon.colcon_core.verb:set package 'nav2_wfd' build argument 'cmake_clean_first' from command line to 'False'
[1.077s] Level 5:colcon.colcon_core.verb:set package 'nav2_wfd' build argument 'cmake_force_configure' from command line to 'False'
[1.077s] Level 5:colcon.colcon_core.verb:set package 'nav2_wfd' build argument 'ament_cmake_args' from command line to 'None'
[1.077s] Level 5:colcon.colcon_core.verb:set package 'nav2_wfd' build argument 'catkin_cmake_args' from command line to 'None'
[1.077s] Level 5:colcon.colcon_core.verb:set package 'nav2_wfd' build argument 'catkin_skip_building_tests' from command line to 'False'
[1.077s] DEBUG:colcon.colcon_core.verb:Building package 'nav2_wfd' with the following arguments: {'ament_cmake_args': None, 'build_base': '/home/sebab/ARS_Sanitizer_Project/ARS_Sanitizer_Project_ws/build/nav2_wfd', 'catkin_cmake_args': None, 'catkin_skip_building_tests': False, 'cmake_args': None, 'cmake_clean_cache': False, 'cmake_clean_first': False, 'cmake_force_configure': False, 'cmake_target': None, 'cmake_target_skip_unavailable': False, 'install_base': '/home/sebab/ARS_Sanitizer_Project/ARS_Sanitizer_Project_ws/install/nav2_wfd', 'merge_install': False, 'path': '/home/sebab/ARS_Sanitizer_Project/ARS_Sanitizer_Project_ws/src/nav2_wavefront_frontier_exploration', 'symlink_install': False, 'test_result_base': None}
[1.088s] Level 5:colcon.colcon_core.verb:set package 'turtlebot3_fake_node' build argument 'cmake_args' from command line to 'None'
[1.088s] Level 5:colcon.colcon_core.verb:set package 'turtlebot3_fake_node' build argument 'cmake_target' from command line to 'None'
[1.089s] Level 5:colcon.colcon_core.verb:set package 'turtlebot3_fake_node' build argument 'cmake_target_skip_unavailable' from command line to 'False'
[1.089s] Level 5:colcon.colcon_core.verb:set package 'turtlebot3_fake_node' build argument 'cmake_clean_cache' from command line to 'False'
[1.089s] Level 5:colcon.colcon_core.verb:set package 'turtlebot3_fake_node' build argument 'cmake_clean_first' from command line to 'False'
[1.089s] Level 5:colcon.colcon_core.verb:set package 'turtlebot3_fake_node' build argument 'cmake_force_configure' from command line to 'False'
[1.089s] Level 5:colcon.colcon_core.verb:set package 'turtlebot3_fake_node' build argument 'ament_cmake_args' from command line to 'None'
[1.089s] Level 5:colcon.colcon_core.verb:set package 'turtlebot3_fake_node' build argument 'catkin_cmake_args' from command line to 'None'
[1.089s] Level 5:colcon.colcon_core.verb:set package 'turtlebot3_fake_node' build argument 'catkin_skip_building_tests' from command line to 'False'
[1.089s] DEBUG:colcon.colcon_core.verb:Building package 'turtlebot3_fake_node' with the following arguments: {'ament_cmake_args': None, 'build_base': '/home/sebab/ARS_Sanitizer_Project/ARS_Sanitizer_Project_ws/build/turtlebot3_fake_node', 'catkin_cmake_args': None, 'catkin_skip_building_tests': False, 'cmake_args': None, 'cmake_clean_cache': False, 'cmake_clean_first': False, 'cmake_force_configure': False, 'cmake_target': None, 'cmake_target_skip_unavailable': False, 'install_base': '/home/sebab/ARS_Sanitizer_Project/ARS_Sanitizer_Project_ws/install/turtlebot3_fake_node', 'merge_install': False, 'path': '/home/sebab/ARS_Sanitizer_Project/ARS_Sanitizer_Project_ws/src/turtlebot3_simulations/turtlebot3_fake_node', 'symlink_install': False, 'test_result_base': None}
[1.100s] Level 5:colcon.colcon_core.verb:set package 'turtlebot3_gazebo' build argument 'cmake_args' from command line to 'None'
[1.100s] Level 5:colcon.colcon_core.verb:set package 'turtlebot3_gazebo' build argument 'cmake_target' from command line to 'None'
[1.100s] Level 5:colcon.colcon_core.verb:set package 'turtlebot3_gazebo' build argument 'cmake_target_skip_unavailable' from command line to 'False'
[1.100s] Level 5:colcon.colcon_core.verb:set package 'turtlebot3_gazebo' build argument 'cmake_clean_cache' from command line to 'False'
[1.100s] Level 5:colcon.colcon_core.verb:set package 'turtlebot3_gazebo' build argument 'cmake_clean_first' from command line to 'False'
[1.100s] Level 5:colcon.colcon_core.verb:set package 'turtlebot3_gazebo' build argument 'cmake_force_configure' from command line to 'False'
[1.100s] Level 5:colcon.colcon_core.verb:set package 'turtlebot3_gazebo' build argument 'ament_cmake_args' from command line to 'None'
[1.100s] Level 5:colcon.colcon_core.verb:set package 'turtlebot3_gazebo' build argument 'catkin_cmake_args' from command line to 'None'
[1.100s] Level 5:colcon.colcon_core.verb:set package 'turtlebot3_gazebo' build argument 'catkin_skip_building_tests' from command line to 'False'
[1.100s] DEBUG:colcon.colcon_core.verb:Building package 'turtlebot3_gazebo' with the following arguments: {'ament_cmake_args': None, 'build_base': '/home/sebab/ARS_Sanitizer_Project/ARS_Sanitizer_Project_ws/build/turtlebot3_gazebo', 'catkin_cmake_args': None, 'catkin_skip_building_tests': False, 'cmake_args': None, 'cmake_clean_cache': False, 'cmake_clean_first': False, 'cmake_force_configure': False, 'cmake_target': None, 'cmake_target_skip_unavailable': False, 'install_base': '/home/sebab/ARS_Sanitizer_Project/ARS_Sanitizer_Project_ws/install/turtlebot3_gazebo', 'merge_install': False, 'path': '/home/sebab/ARS_Sanitizer_Project/ARS_Sanitizer_Project_ws/src/turtlebot3_simulations/turtlebot3_gazebo', 'symlink_install': False, 'test_result_base': None}
[1.112s] Level 5:colcon.colcon_core.verb:set package 'turtlebot3_simulations' build argument 'cmake_args' from command line to 'None'
[1.112s] Level 5:colcon.colcon_core.verb:set package 'turtlebot3_simulations' build argument 'cmake_target' from command line to 'None'
[1.112s] Level 5:colcon.colcon_core.verb:set package 'turtlebot3_simulations' build argument 'cmake_target_skip_unavailable' from command line to 'False'
[1.112s] Level 5:colcon.colcon_core.verb:set package 'turtlebot3_simulations' build argument 'cmake_clean_cache' from command line to 'False'
[1.112s] Level 5:colcon.colcon_core.verb:set package 'turtlebot3_simulations' build argument 'cmake_clean_first' from command line to 'False'
[1.112s] Level 5:colcon.colcon_core.verb:set package 'turtlebot3_simulations' build argument 'cmake_force_configure' from command line to 'False'
[1.112s] Level 5:colcon.colcon_core.verb:set package 'turtlebot3_simulations' build argument 'ament_cmake_args' from command line to 'None'
[1.112s] Level 5:colcon.colcon_core.verb:set package 'turtlebot3_simulations' build argument 'catkin_cmake_args' from command line to 'None'
[1.112s] Level 5:colcon.colcon_core.verb:set package 'turtlebot3_simulations' build argument 'catkin_skip_building_tests' from command line to 'False'
[1.112s] DEBUG:colcon.colcon_core.verb:Building package 'turtlebot3_simulations' with the following arguments: {'ament_cmake_args': None, 'build_base': '/home/sebab/ARS_Sanitizer_Project/ARS_Sanitizer_Project_ws/build/turtlebot3_simulations', 'catkin_cmake_args': None, 'catkin_skip_building_tests': False, 'cmake_args': None, 'cmake_clean_cache': False, 'cmake_clean_first': False, 'cmake_force_configure': False, 'cmake_target': None, 'cmake_target_skip_unavailable': False, 'install_base': '/home/sebab/ARS_Sanitizer_Project/ARS_Sanitizer_Project_ws/install/turtlebot3_simulations', 'merge_install': False, 'path': '/home/sebab/ARS_Sanitizer_Project/ARS_Sanitizer_Project_ws/src/turtlebot3_simulations/turtlebot3_simulations', 'symlink_install': False, 'test_result_base': None}
[1.124s] INFO:colcon.colcon_core.executor:Executing jobs using 'parallel' executor
[1.137s] DEBUG:colcon.colcon_parallel_executor.executor.parallel:run_until_complete
[1.137s] INFO:colcon.colcon_ros.task.ament_cmake.build:Building ROS package in '/home/sebab/ARS_Sanitizer_Project/ARS_Sanitizer_Project_ws/src/turtlebot3_simulations/turtlebot3_fake_node' with build type 'ament_cmake'
[1.137s] INFO:colcon.colcon_cmake.task.cmake.build:Building CMake package in '/home/sebab/ARS_Sanitizer_Project/ARS_Sanitizer_Project_ws/src/turtlebot3_simulations/turtlebot3_fake_node'
[1.150s] INFO:colcon.colcon_core.plugin_system:Skipping extension 'colcon_core.shell.bat': Not used on non-Windows systems
[1.150s] INFO:colcon.colcon_core.shell:Skip shell extension 'powershell' for command environment: Not usable outside of PowerShell
[1.150s] DEBUG:colcon.colcon_core.shell:Skip shell extension 'dsv' for command environment
[1.194s] INFO:colcon.colcon_ros.task.ament_cmake.build:Building ROS package in '/home/sebab/ARS_Sanitizer_Project/ARS_Sanitizer_Project_ws/src/turtlebot3_simulations/turtlebot3_gazebo' with build type 'ament_cmake'
[1.194s] INFO:colcon.colcon_cmake.task.cmake.build:Building CMake package in '/home/sebab/ARS_Sanitizer_Project/ARS_Sanitizer_Project_ws/src/turtlebot3_simulations/turtlebot3_gazebo'
[1.209s] INFO:colcon.colcon_core.shell:Skip shell extension 'powershell' for command environment: Not usable outside of PowerShell
[1.209s] DEBUG:colcon.colcon_core.shell:Skip shell extension 'dsv' for command environment
[1.250s] INFO:colcon.colcon_ros.task.ament_python.build:Building ROS package in '/home/sebab/ARS_Sanitizer_Project/ARS_Sanitizer_Project_ws/src/nav2_wavefront_frontier_exploration' with build type 'ament_python'
[1.250s] Level 1:colcon.colcon_core.shell:create_environment_hook('nav2_wfd', 'ament_prefix_path')
[1.264s] INFO:colcon.colcon_core.shell:Creating environment hook '/home/sebab/ARS_Sanitizer_Project/ARS_Sanitizer_Project_ws/install/nav2_wfd/share/nav2_wfd/hook/ament_prefix_path.ps1'
[1.265s] INFO:colcon.colcon_core.shell:Creating environment descriptor '/home/sebab/ARS_Sanitizer_Project/ARS_Sanitizer_Project_ws/install/nav2_wfd/share/nav2_wfd/hook/ament_prefix_path.dsv'
[1.265s] INFO:colcon.colcon_core.shell:Creating environment hook '/home/sebab/ARS_Sanitizer_Project/ARS_Sanitizer_Project_ws/install/nav2_wfd/share/nav2_wfd/hook/ament_prefix_path.sh'
[1.279s] INFO:colcon.colcon_core.shell:Skip shell extension 'powershell' for command environment: Not usable outside of PowerShell
[1.279s] DEBUG:colcon.colcon_core.shell:Skip shell extension 'dsv' for command environment
[1.323s] DEBUG:colcon.colcon_core.event_handler.log_command:Invoking command in '/home/sebab/ARS_Sanitizer_Project/ARS_Sanitizer_Project_ws/build/turtlebot3_fake_node': CMAKE_PREFIX_PATH=${CMAKE_PREFIX_PATH}:/home/sebab/ARS_Sanitizer_Project/ARS_Sanitizer_Project_ws/install/nav2_wfd:/home/sebab/ARS_Sanitizer_Project/ARS_Sanitizer_Project_ws/install/autonomous_exploration:/opt/ros/humble /usr/bin/cmake --build /home/sebab/ARS_Sanitizer_Project/ARS_Sanitizer_Project_ws/build/turtlebot3_fake_node -- -j16 -l16
[1.325s] DEBUG:colcon.colcon_core.event_handler.log_command:Invoking command in '/home/sebab/ARS_Sanitizer_Project/ARS_Sanitizer_Project_ws/build/turtlebot3_gazebo': CMAKE_PREFIX_PATH=${CMAKE_PREFIX_PATH}:/home/sebab/ARS_Sanitizer_Project/ARS_Sanitizer_Project_ws/install/nav2_wfd:/home/sebab/ARS_Sanitizer_Project/ARS_Sanitizer_Project_ws/install/autonomous_exploration:/opt/ros/humble /usr/bin/cmake --build /home/sebab/ARS_Sanitizer_Project/ARS_Sanitizer_Project_ws/build/turtlebot3_gazebo -- -j16 -l16
[1.562s] INFO:colcon.colcon_core.task.python.build:Building Python package in '/home/sebab/ARS_Sanitizer_Project/ARS_Sanitizer_Project_ws/src/nav2_wavefront_frontier_exploration'
[1.576s] INFO:colcon.colcon_core.shell:Skip shell extension 'powershell' for command environment: Not usable outside of PowerShell
[1.577s] DEBUG:colcon.colcon_core.shell:Skip shell extension 'dsv' for command environment
[1.621s] DEBUG:colcon.colcon_core.event_handler.log_command:Invoked command in '/home/sebab/ARS_Sanitizer_Project/ARS_Sanitizer_Project_ws/build/turtlebot3_fake_node' returned '0': CMAKE_PREFIX_PATH=${CMAKE_PREFIX_PATH}:/home/sebab/ARS_Sanitizer_Project/ARS_Sanitizer_Project_ws/install/nav2_wfd:/home/sebab/ARS_Sanitizer_Project/ARS_Sanitizer_Project_ws/install/autonomous_exploration:/opt/ros/humble /usr/bin/cmake --build /home/sebab/ARS_Sanitizer_Project/ARS_Sanitizer_Project_ws/build/turtlebot3_fake_node -- -j16 -l16
[1.624s] DEBUG:colcon.colcon_core.event_handler.log_command:Invoked command in '/home/sebab/ARS_Sanitizer_Project/ARS_Sanitizer_Project_ws/build/turtlebot3_gazebo' returned '0': CMAKE_PREFIX_PATH=${CMAKE_PREFIX_PATH}:/home/sebab/ARS_Sanitizer_Project/ARS_Sanitizer_Project_ws/install/nav2_wfd:/home/sebab/ARS_Sanitizer_Project/ARS_Sanitizer_Project_ws/install/autonomous_exploration:/opt/ros/humble /usr/bin/cmake --build /home/sebab/ARS_Sanitizer_Project/ARS_Sanitizer_Project_ws/build/turtlebot3_gazebo -- -j16 -l16
[1.647s] DEBUG:colcon.colcon_core.event_handler.log_command:Invoking command in '/home/sebab/ARS_Sanitizer_Project/ARS_Sanitizer_Project_ws/build/turtlebot3_fake_node': CMAKE_PREFIX_PATH=${CMAKE_PREFIX_PATH}:/home/sebab/ARS_Sanitizer_Project/ARS_Sanitizer_Project_ws/install/nav2_wfd:/home/sebab/ARS_Sanitizer_Project/ARS_Sanitizer_Project_ws/install/autonomous_exploration:/opt/ros/humble /usr/bin/cmake --install /home/sebab/ARS_Sanitizer_Project/ARS_Sanitizer_Project_ws/build/turtlebot3_fake_node
[1.658s] Level 1:colcon.colcon_core.environment:create_environment_scripts_only(turtlebot3_fake_node)
[1.658s] DEBUG:colcon.colcon_core.event_handler.log_command:Invoking command in '/home/sebab/ARS_Sanitizer_Project/ARS_Sanitizer_Project_ws/build/turtlebot3_gazebo': CMAKE_PREFIX_PATH=${CMAKE_PREFIX_PATH}:/home/sebab/ARS_Sanitizer_Project/ARS_Sanitizer_Project_ws/install/nav2_wfd:/home/sebab/ARS_Sanitizer_Project/ARS_Sanitizer_Project_ws/install/autonomous_exploration:/opt/ros/humble /usr/bin/cmake --install /home/sebab/ARS_Sanitizer_Project/ARS_Sanitizer_Project_ws/build/turtlebot3_gazebo
[1.659s] DEBUG:colcon.colcon_core.event_handler.log_command:Invoked command in '/home/sebab/ARS_Sanitizer_Project/ARS_Sanitizer_Project_ws/build/turtlebot3_fake_node' returned '0': CMAKE_PREFIX_PATH=${CMAKE_PREFIX_PATH}:/home/sebab/ARS_Sanitizer_Project/ARS_Sanitizer_Project_ws/install/nav2_wfd:/home/sebab/ARS_Sanitizer_Project/ARS_Sanitizer_Project_ws/install/autonomous_exploration:/opt/ros/humble /usr/bin/cmake --install /home/sebab/ARS_Sanitizer_Project/ARS_Sanitizer_Project_ws/build/turtlebot3_fake_node
[1.690s] Level 1:colcon.colcon_core.environment:checking '/home/sebab/ARS_Sanitizer_Project/ARS_Sanitizer_Project_ws/install/turtlebot3_fake_node' for CMake module files
[1.690s] Level 1:colcon.colcon_core.environment:checking '/home/sebab/ARS_Sanitizer_Project/ARS_Sanitizer_Project_ws/install/turtlebot3_fake_node' for CMake config files
[1.690s] Level 1:colcon.colcon_core.shell:create_environment_hook('turtlebot3_fake_node', 'cmake_prefix_path')
[1.703s] INFO:colcon.colcon_core.shell:Creating environment hook '/home/sebab/ARS_Sanitizer_Project/ARS_Sanitizer_Project_ws/install/turtlebot3_fake_node/share/turtlebot3_fake_node/hook/cmake_prefix_path.ps1'
[1.703s] INFO:colcon.colcon_core.shell:Creating environment descriptor '/home/sebab/ARS_Sanitizer_Project/ARS_Sanitizer_Project_ws/install/turtlebot3_fake_node/share/turtlebot3_fake_node/hook/cmake_prefix_path.dsv'
[1.704s] INFO:colcon.colcon_core.shell:Creating environment hook '/home/sebab/ARS_Sanitizer_Project/ARS_Sanitizer_Project_ws/install/turtlebot3_fake_node/share/turtlebot3_fake_node/hook/cmake_prefix_path.sh'
[1.704s] Level 1:colcon.colcon_core.environment:checking '/home/sebab/ARS_Sanitizer_Project/ARS_Sanitizer_Project_ws/install/turtlebot3_fake_node/lib'
[1.704s] Level 1:colcon.colcon_core.environment:checking '/home/sebab/ARS_Sanitizer_Project/ARS_Sanitizer_Project_ws/install/turtlebot3_fake_node/bin'
[1.704s] Level 1:colcon.colcon_core.environment:checking '/home/sebab/ARS_Sanitizer_Project/ARS_Sanitizer_Project_ws/install/turtlebot3_fake_node/lib/pkgconfig/turtlebot3_fake_node.pc'
[1.705s] Level 1:colcon.colcon_core.environment:checking '/home/sebab/ARS_Sanitizer_Project/ARS_Sanitizer_Project_ws/install/turtlebot3_fake_node/lib/python3.10/site-packages'
[1.705s] Level 1:colcon.colcon_core.environment:checking '/home/sebab/ARS_Sanitizer_Project/ARS_Sanitizer_Project_ws/install/turtlebot3_fake_node/bin'
[1.717s] INFO:colcon.colcon_core.shell:Creating package script '/home/sebab/ARS_Sanitizer_Project/ARS_Sanitizer_Project_ws/install/turtlebot3_fake_node/share/turtlebot3_fake_node/package.ps1'
[1.718s] INFO:colcon.colcon_core.shell:Creating package descriptor '/home/sebab/ARS_Sanitizer_Project/ARS_Sanitizer_Project_ws/install/turtlebot3_fake_node/share/turtlebot3_fake_node/package.dsv'
[1.718s] INFO:colcon.colcon_core.shell:Creating package script '/home/sebab/ARS_Sanitizer_Project/ARS_Sanitizer_Project_ws/install/turtlebot3_fake_node/share/turtlebot3_fake_node/package.sh'
[1.719s] INFO:colcon.colcon_core.shell:Creating package script '/home/sebab/ARS_Sanitizer_Project/ARS_Sanitizer_Project_ws/install/turtlebot3_fake_node/share/turtlebot3_fake_node/package.bash'
[1.719s] INFO:colcon.colcon_core.shell:Creating package script '/home/sebab/ARS_Sanitizer_Project/ARS_Sanitizer_Project_ws/install/turtlebot3_fake_node/share/turtlebot3_fake_node/package.zsh'
[1.720s] Level 1:colcon.colcon_core.environment:create_file_with_runtime_dependencies(/home/sebab/ARS_Sanitizer_Project/ARS_Sanitizer_Project_ws/install/turtlebot3_fake_node/share/colcon-core/packages/turtlebot3_fake_node)
[1.721s] Level 1:colcon.colcon_core.environment:create_environment_scripts_only(turtlebot3_gazebo)
[1.723s] DEBUG:colcon.colcon_core.event_handler.log_command:Invoked command in '/home/sebab/ARS_Sanitizer_Project/ARS_Sanitizer_Project_ws/build/turtlebot3_gazebo' returned '0': CMAKE_PREFIX_PATH=${CMAKE_PREFIX_PATH}:/home/sebab/ARS_Sanitizer_Project/ARS_Sanitizer_Project_ws/install/nav2_wfd:/home/sebab/ARS_Sanitizer_Project/ARS_Sanitizer_Project_ws/install/autonomous_exploration:/opt/ros/humble /usr/bin/cmake --install /home/sebab/ARS_Sanitizer_Project/ARS_Sanitizer_Project_ws/build/turtlebot3_gazebo
[1.737s] Level 1:colcon.colcon_core.environment:checking '/home/sebab/ARS_Sanitizer_Project/ARS_Sanitizer_Project_ws/install/turtlebot3_gazebo' for CMake module files
[1.737s] Level 1:colcon.colcon_core.environment:checking '/home/sebab/ARS_Sanitizer_Project/ARS_Sanitizer_Project_ws/install/turtlebot3_gazebo' for CMake config files
[1.738s] Level 1:colcon.colcon_core.shell:create_environment_hook('turtlebot3_gazebo', 'cmake_prefix_path')
[1.752s] INFO:colcon.colcon_core.shell:Creating environment hook '/home/sebab/ARS_Sanitizer_Project/ARS_Sanitizer_Project_ws/install/turtlebot3_gazebo/share/turtlebot3_gazebo/hook/cmake_prefix_path.ps1'
[1.752s] INFO:colcon.colcon_core.shell:Creating environment descriptor '/home/sebab/ARS_Sanitizer_Project/ARS_Sanitizer_Project_ws/install/turtlebot3_gazebo/share/turtlebot3_gazebo/hook/cmake_prefix_path.dsv'
[1.753s] INFO:colcon.colcon_core.shell:Creating environment hook '/home/sebab/ARS_Sanitizer_Project/ARS_Sanitizer_Project_ws/install/turtlebot3_gazebo/share/turtlebot3_gazebo/hook/cmake_prefix_path.sh'
[1.753s] Level 1:colcon.colcon_core.environment:checking '/home/sebab/ARS_Sanitizer_Project/ARS_Sanitizer_Project_ws/install/turtlebot3_gazebo/lib'
[1.753s] Level 1:colcon.colcon_core.environment:checking '/home/sebab/ARS_Sanitizer_Project/ARS_Sanitizer_Project_ws/install/turtlebot3_gazebo/bin'
[1.753s] Level 1:colcon.colcon_core.environment:checking '/home/sebab/ARS_Sanitizer_Project/ARS_Sanitizer_Project_ws/install/turtlebot3_gazebo/lib/pkgconfig/turtlebot3_gazebo.pc'
[1.753s] Level 1:colcon.colcon_core.environment:checking '/home/sebab/ARS_Sanitizer_Project/ARS_Sanitizer_Project_ws/install/turtlebot3_gazebo/lib/python3.10/site-packages'
[1.753s] Level 1:colcon.colcon_core.environment:checking '/home/sebab/ARS_Sanitizer_Project/ARS_Sanitizer_Project_ws/install/turtlebot3_gazebo/bin'
[1.768s] INFO:colcon.colcon_core.shell:Creating package script '/home/sebab/ARS_Sanitizer_Project/ARS_Sanitizer_Project_ws/install/turtlebot3_gazebo/share/turtlebot3_gazebo/package.ps1'
[1.768s] INFO:colcon.colcon_core.shell:Creating package descriptor '/home/sebab/ARS_Sanitizer_Project/ARS_Sanitizer_Project_ws/install/turtlebot3_gazebo/share/turtlebot3_gazebo/package.dsv'
[1.768s] INFO:colcon.colcon_core.shell:Creating package script '/home/sebab/ARS_Sanitizer_Project/ARS_Sanitizer_Project_ws/install/turtlebot3_gazebo/share/turtlebot3_gazebo/package.sh'
[1.769s] INFO:colcon.colcon_core.shell:Creating package script '/home/sebab/ARS_Sanitizer_Project/ARS_Sanitizer_Project_ws/install/turtlebot3_gazebo/share/turtlebot3_gazebo/package.bash'
[1.769s] INFO:colcon.colcon_core.shell:Creating package script '/home/sebab/ARS_Sanitizer_Project/ARS_Sanitizer_Project_ws/install/turtlebot3_gazebo/share/turtlebot3_gazebo/package.zsh'
[1.769s] Level 1:colcon.colcon_core.environment:create_file_with_runtime_dependencies(/home/sebab/ARS_Sanitizer_Project/ARS_Sanitizer_Project_ws/install/turtlebot3_gazebo/share/colcon-core/packages/turtlebot3_gazebo)
[1.786s] Level 1:colcon.colcon_core.environment:create_environment_scripts_only(turtlebot3_fake_node)
[1.800s] Level 1:colcon.colcon_core.environment:checking '/home/sebab/ARS_Sanitizer_Project/ARS_Sanitizer_Project_ws/install/turtlebot3_fake_node' for CMake module files
[1.801s] Level 1:colcon.colcon_core.environment:checking '/home/sebab/ARS_Sanitizer_Project/ARS_Sanitizer_Project_ws/install/turtlebot3_fake_node' for CMake config files
[1.801s] Level 1:colcon.colcon_core.shell:create_environment_hook('turtlebot3_fake_node', 'cmake_prefix_path')
[1.814s] INFO:colcon.colcon_core.shell:Creating environment hook '/home/sebab/ARS_Sanitizer_Project/ARS_Sanitizer_Project_ws/install/turtlebot3_fake_node/share/turtlebot3_fake_node/hook/cmake_prefix_path.ps1'
[1.815s] INFO:colcon.colcon_core.shell:Creating environment descriptor '/home/sebab/ARS_Sanitizer_Project/ARS_Sanitizer_Project_ws/install/turtlebot3_fake_node/share/turtlebot3_fake_node/hook/cmake_prefix_path.dsv'
[1.815s] INFO:colcon.colcon_core.shell:Creating environment hook '/home/sebab/ARS_Sanitizer_Project/ARS_Sanitizer_Project_ws/install/turtlebot3_fake_node/share/turtlebot3_fake_node/hook/cmake_prefix_path.sh'
[1.815s] Level 1:colcon.colcon_core.environment:checking '/home/sebab/ARS_Sanitizer_Project/ARS_Sanitizer_Project_ws/install/turtlebot3_fake_node/lib'
[1.815s] Level 1:colcon.colcon_core.environment:checking '/home/sebab/ARS_Sanitizer_Project/ARS_Sanitizer_Project_ws/install/turtlebot3_fake_node/bin'
[1.815s] Level 1:colcon.colcon_core.environment:checking '/home/sebab/ARS_Sanitizer_Project/ARS_Sanitizer_Project_ws/install/turtlebot3_fake_node/lib/pkgconfig/turtlebot3_fake_node.pc'
[1.815s] Level 1:colcon.colcon_core.environment:checking '/home/sebab/ARS_Sanitizer_Project/ARS_Sanitizer_Project_ws/install/turtlebot3_fake_node/lib/python3.10/site-packages'
[1.816s] Level 1:colcon.colcon_core.environment:checking '/home/sebab/ARS_Sanitizer_Project/ARS_Sanitizer_Project_ws/install/turtlebot3_fake_node/bin'
[1.828s] INFO:colcon.colcon_core.shell:Creating package script '/home/sebab/ARS_Sanitizer_Project/ARS_Sanitizer_Project_ws/install/turtlebot3_fake_node/share/turtlebot3_fake_node/package.ps1'
[1.829s] INFO:colcon.colcon_core.shell:Creating package descriptor '/home/sebab/ARS_Sanitizer_Project/ARS_Sanitizer_Project_ws/install/turtlebot3_fake_node/share/turtlebot3_fake_node/package.dsv'
[1.829s] INFO:colcon.colcon_core.shell:Creating package script '/home/sebab/ARS_Sanitizer_Project/ARS_Sanitizer_Project_ws/install/turtlebot3_fake_node/share/turtlebot3_fake_node/package.sh'
[1.829s] INFO:colcon.colcon_core.shell:Creating package script '/home/sebab/ARS_Sanitizer_Project/ARS_Sanitizer_Project_ws/install/turtlebot3_fake_node/share/turtlebot3_fake_node/package.bash'
[1.830s] INFO:colcon.colcon_core.shell:Creating package script '/home/sebab/ARS_Sanitizer_Project/ARS_Sanitizer_Project_ws/install/turtlebot3_fake_node/share/turtlebot3_fake_node/package.zsh'
[1.830s] Level 1:colcon.colcon_core.environment:create_file_with_runtime_dependencies(/home/sebab/ARS_Sanitizer_Project/ARS_Sanitizer_Project_ws/install/turtlebot3_fake_node/share/colcon-core/packages/turtlebot3_fake_node)
[1.844s] Level 1:colcon.colcon_core.environment:create_environment_scripts_only(turtlebot3_gazebo)
[1.859s] Level 1:colcon.colcon_core.environment:checking '/home/sebab/ARS_Sanitizer_Project/ARS_Sanitizer_Project_ws/install/turtlebot3_gazebo' for CMake module files
[1.859s] Level 1:colcon.colcon_core.environment:checking '/home/sebab/ARS_Sanitizer_Project/ARS_Sanitizer_Project_ws/install/turtlebot3_gazebo' for CMake config files
[1.860s] Level 1:colcon.colcon_core.shell:create_environment_hook('turtlebot3_gazebo', 'cmake_prefix_path')
[1.875s] INFO:colcon.colcon_core.shell:Creating environment hook '/home/sebab/ARS_Sanitizer_Project/ARS_Sanitizer_Project_ws/install/turtlebot3_gazebo/share/turtlebot3_gazebo/hook/cmake_prefix_path.ps1'
[1.875s] INFO:colcon.colcon_core.shell:Creating environment descriptor '/home/sebab/ARS_Sanitizer_Project/ARS_Sanitizer_Project_ws/install/turtlebot3_gazebo/share/turtlebot3_gazebo/hook/cmake_prefix_path.dsv'
[1.875s] INFO:colcon.colcon_core.shell:Creating environment hook '/home/sebab/ARS_Sanitizer_Project/ARS_Sanitizer_Project_ws/install/turtlebot3_gazebo/share/turtlebot3_gazebo/hook/cmake_prefix_path.sh'
[1.875s] Level 1:colcon.colcon_core.environment:checking '/home/sebab/ARS_Sanitizer_Project/ARS_Sanitizer_Project_ws/install/turtlebot3_gazebo/lib'
[1.876s] Level 1:colcon.colcon_core.environment:checking '/home/sebab/ARS_Sanitizer_Project/ARS_Sanitizer_Project_ws/install/turtlebot3_gazebo/bin'
[1.876s] Level 1:colcon.colcon_core.environment:checking '/home/sebab/ARS_Sanitizer_Project/ARS_Sanitizer_Project_ws/install/turtlebot3_gazebo/lib/pkgconfig/turtlebot3_gazebo.pc'
[1.876s] Level 1:colcon.colcon_core.environment:checking '/home/sebab/ARS_Sanitizer_Project/ARS_Sanitizer_Project_ws/install/turtlebot3_gazebo/lib/python3.10/site-packages'
[1.876s] Level 1:colcon.colcon_core.environment:checking '/home/sebab/ARS_Sanitizer_Project/ARS_Sanitizer_Project_ws/install/turtlebot3_gazebo/bin'
[1.891s] INFO:colcon.colcon_core.shell:Creating package script '/home/sebab/ARS_Sanitizer_Project/ARS_Sanitizer_Project_ws/install/turtlebot3_gazebo/share/turtlebot3_gazebo/package.ps1'
[1.892s] INFO:colcon.colcon_core.shell:Creating package descriptor '/home/sebab/ARS_Sanitizer_Project/ARS_Sanitizer_Project_ws/install/turtlebot3_gazebo/share/turtlebot3_gazebo/package.dsv'
[1.892s] INFO:colcon.colcon_core.shell:Creating package script '/home/sebab/ARS_Sanitizer_Project/ARS_Sanitizer_Project_ws/install/turtlebot3_gazebo/share/turtlebot3_gazebo/package.sh'
[1.892s] INFO:colcon.colcon_core.shell:Creating package script '/home/sebab/ARS_Sanitizer_Project/ARS_Sanitizer_Project_ws/install/turtlebot3_gazebo/share/turtlebot3_gazebo/package.bash'
[1.892s] INFO:colcon.colcon_core.shell:Creating package script '/home/sebab/ARS_Sanitizer_Project/ARS_Sanitizer_Project_ws/install/turtlebot3_gazebo/share/turtlebot3_gazebo/package.zsh'
[1.893s] Level 1:colcon.colcon_core.environment:create_file_with_runtime_dependencies(/home/sebab/ARS_Sanitizer_Project/ARS_Sanitizer_Project_ws/install/turtlebot3_gazebo/share/colcon-core/packages/turtlebot3_gazebo)
[1.893s] INFO:colcon.colcon_ros.task.ament_cmake.build:Building ROS package in '/home/sebab/ARS_Sanitizer_Project/ARS_Sanitizer_Project_ws/src/turtlebot3_simulations/turtlebot3_simulations' with build type 'ament_cmake'
[1.893s] INFO:colcon.colcon_cmake.task.cmake.build:Building CMake package in '/home/sebab/ARS_Sanitizer_Project/ARS_Sanitizer_Project_ws/src/turtlebot3_simulations/turtlebot3_simulations'
[1.908s] INFO:colcon.colcon_core.shell:Skip shell extension 'powershell' for command environment: Not usable outside of PowerShell
[1.908s] DEBUG:colcon.colcon_core.shell:Skip shell extension 'dsv' for command environment
[1.958s] DEBUG:colcon.colcon_core.event_handler.log_command:Invoking command in '/home/sebab/ARS_Sanitizer_Project/ARS_Sanitizer_Project_ws/src/nav2_wavefront_frontier_exploration': PYTHONPATH=/home/sebab/ARS_Sanitizer_Project/ARS_Sanitizer_Project_ws/build/nav2_wfd/prefix_override:/home/sebab/ARS_Sanitizer_Project/ARS_Sanitizer_Project_ws/install/nav2_wfd/lib/python3.10/site-packages:${PYTHONPATH} /usr/bin/python3 setup.py egg_info --egg-base ../../build/nav2_wfd build --build-base /home/sebab/ARS_Sanitizer_Project/ARS_Sanitizer_Project_ws/build/nav2_wfd/build install --record /home/sebab/ARS_Sanitizer_Project/ARS_Sanitizer_Project_ws/build/nav2_wfd/install.log --single-version-externally-managed
[1.961s] DEBUG:colcon.colcon_core.event_handler.log_command:Invoking command in '/home/sebab/ARS_Sanitizer_Project/ARS_Sanitizer_Project_ws/build/turtlebot3_simulations': CMAKE_PREFIX_PATH=/home/sebab/ARS_Sanitizer_Project/ARS_Sanitizer_Project_ws/install/turtlebot3_gazebo:/home/sebab/ARS_Sanitizer_Project/ARS_Sanitizer_Project_ws/install/turtlebot3_fake_node:/home/sebab/ARS_Sanitizer_Project/ARS_Sanitizer_Project_ws/install/turtlebot3_simulations:/home/sebab/ARS_Sanitizer_Project/ARS_Sanitizer_Project_ws/install/nav2_wfd:/home/sebab/ARS_Sanitizer_Project/ARS_Sanitizer_Project_ws/install/autonomous_exploration:/opt/ros/humble /usr/bin/cmake --build /home/sebab/ARS_Sanitizer_Project/ARS_Sanitizer_Project_ws/build/turtlebot3_simulations -- -j16 -l16
[1.993s] DEBUG:colcon.colcon_core.event_handler.log_command:Invoked command in '/home/sebab/ARS_Sanitizer_Project/ARS_Sanitizer_Project_ws/build/turtlebot3_simulations' returned '0': CMAKE_PREFIX_PATH=/home/sebab/ARS_Sanitizer_Project/ARS_Sanitizer_Project_ws/install/turtlebot3_gazebo:/home/sebab/ARS_Sanitizer_Project/ARS_Sanitizer_Project_ws/install/turtlebot3_fake_node:/home/sebab/ARS_Sanitizer_Project/ARS_Sanitizer_Project_ws/install/turtlebot3_simulations:/home/sebab/ARS_Sanitizer_Project/ARS_Sanitizer_Project_ws/install/nav2_wfd:/home/sebab/ARS_Sanitizer_Project/ARS_Sanitizer_Project_ws/install/autonomous_exploration:/opt/ros/humble /usr/bin/cmake --build /home/sebab/ARS_Sanitizer_Project/ARS_Sanitizer_Project_ws/build/turtlebot3_simulations -- -j16 -l16
[2.014s] DEBUG:colcon.colcon_core.event_handler.log_command:Invoking command in '/home/sebab/ARS_Sanitizer_Project/ARS_Sanitizer_Project_ws/build/turtlebot3_simulations': CMAKE_PREFIX_PATH=/home/sebab/ARS_Sanitizer_Project/ARS_Sanitizer_Project_ws/install/turtlebot3_gazebo:/home/sebab/ARS_Sanitizer_Project/ARS_Sanitizer_Project_ws/install/turtlebot3_fake_node:/home/sebab/ARS_Sanitizer_Project/ARS_Sanitizer_Project_ws/install/turtlebot3_simulations:/home/sebab/ARS_Sanitizer_Project/ARS_Sanitizer_Project_ws/install/nav2_wfd:/home/sebab/ARS_Sanitizer_Project/ARS_Sanitizer_Project_ws/install/autonomous_exploration:/opt/ros/humble /usr/bin/cmake --install /home/sebab/ARS_Sanitizer_Project/ARS_Sanitizer_Project_ws/build/turtlebot3_simulations
[2.023s] Level 1:colcon.colcon_core.environment:create_environment_scripts_only(turtlebot3_simulations)
[2.023s] DEBUG:colcon.colcon_core.event_handler.log_command:Invoked command in '/home/sebab/ARS_Sanitizer_Project/ARS_Sanitizer_Project_ws/build/turtlebot3_simulations' returned '0': CMAKE_PREFIX_PATH=/home/sebab/ARS_Sanitizer_Project/ARS_Sanitizer_Project_ws/install/turtlebot3_gazebo:/home/sebab/ARS_Sanitizer_Project/ARS_Sanitizer_Project_ws/install/turtlebot3_fake_node:/home/sebab/ARS_Sanitizer_Project/ARS_Sanitizer_Project_ws/install/turtlebot3_simulations:/home/sebab/ARS_Sanitizer_Project/ARS_Sanitizer_Project_ws/install/nav2_wfd:/home/sebab/ARS_Sanitizer_Project/ARS_Sanitizer_Project_ws/install/autonomous_exploration:/opt/ros/humble /usr/bin/cmake --install /home/sebab/ARS_Sanitizer_Project/ARS_Sanitizer_Project_ws/build/turtlebot3_simulations
[2.045s] Level 1:colcon.colcon_core.environment:checking '/home/sebab/ARS_Sanitizer_Project/ARS_Sanitizer_Project_ws/install/turtlebot3_simulations' for CMake module files
[2.046s] Level 1:colcon.colcon_core.environment:checking '/home/sebab/ARS_Sanitizer_Project/ARS_Sanitizer_Project_ws/install/turtlebot3_simulations' for CMake config files
[2.046s] Level 1:colcon.colcon_core.shell:create_environment_hook('turtlebot3_simulations', 'cmake_prefix_path')
[2.059s] INFO:colcon.colcon_core.shell:Creating environment hook '/home/sebab/ARS_Sanitizer_Project/ARS_Sanitizer_Project_ws/install/turtlebot3_simulations/share/turtlebot3_simulations/hook/cmake_prefix_path.ps1'
[2.059s] INFO:colcon.colcon_core.shell:Creating environment descriptor '/home/sebab/ARS_Sanitizer_Project/ARS_Sanitizer_Project_ws/install/turtlebot3_simulations/share/turtlebot3_simulations/hook/cmake_prefix_path.dsv'
[2.060s] INFO:colcon.colcon_core.shell:Creating environment hook '/home/sebab/ARS_Sanitizer_Project/ARS_Sanitizer_Project_ws/install/turtlebot3_simulations/share/turtlebot3_simulations/hook/cmake_prefix_path.sh'
[2.060s] Level 1:colcon.colcon_core.environment:checking '/home/sebab/ARS_Sanitizer_Project/ARS_Sanitizer_Project_ws/install/turtlebot3_simulations/bin'
[2.060s] Level 1:colcon.colcon_core.environment:checking '/home/sebab/ARS_Sanitizer_Project/ARS_Sanitizer_Project_ws/install/turtlebot3_simulations/lib/pkgconfig/turtlebot3_simulations.pc'
[2.060s] Level 1:colcon.colcon_core.environment:checking '/home/sebab/ARS_Sanitizer_Project/ARS_Sanitizer_Project_ws/install/turtlebot3_simulations/lib/python3.10/site-packages'
[2.060s] Level 1:colcon.colcon_core.environment:checking '/home/sebab/ARS_Sanitizer_Project/ARS_Sanitizer_Project_ws/install/turtlebot3_simulations/bin'
[2.075s] INFO:colcon.colcon_core.shell:Creating package script '/home/sebab/ARS_Sanitizer_Project/ARS_Sanitizer_Project_ws/install/turtlebot3_simulations/share/turtlebot3_simulations/package.ps1'
[2.075s] INFO:colcon.colcon_core.shell:Creating package descriptor '/home/sebab/ARS_Sanitizer_Project/ARS_Sanitizer_Project_ws/install/turtlebot3_simulations/share/turtlebot3_simulations/package.dsv'
[2.076s] INFO:colcon.colcon_core.shell:Creating package script '/home/sebab/ARS_Sanitizer_Project/ARS_Sanitizer_Project_ws/install/turtlebot3_simulations/share/turtlebot3_simulations/package.sh'
[2.076s] INFO:colcon.colcon_core.shell:Creating package script '/home/sebab/ARS_Sanitizer_Project/ARS_Sanitizer_Project_ws/install/turtlebot3_simulations/share/turtlebot3_simulations/package.bash'
[2.076s] INFO:colcon.colcon_core.shell:Creating package script '/home/sebab/ARS_Sanitizer_Project/ARS_Sanitizer_Project_ws/install/turtlebot3_simulations/share/turtlebot3_simulations/package.zsh'
[2.077s] Level 1:colcon.colcon_core.environment:create_file_with_runtime_dependencies(/home/sebab/ARS_Sanitizer_Project/ARS_Sanitizer_Project_ws/install/turtlebot3_simulations/share/colcon-core/packages/turtlebot3_simulations)
[2.114s] Level 1:colcon.colcon_core.environment:create_environment_scripts_only(turtlebot3_simulations)
[2.128s] Level 1:colcon.colcon_core.environment:checking '/home/sebab/ARS_Sanitizer_Project/ARS_Sanitizer_Project_ws/install/turtlebot3_simulations' for CMake module files
[2.128s] Level 1:colcon.colcon_core.environment:checking '/home/sebab/ARS_Sanitizer_Project/ARS_Sanitizer_Project_ws/install/turtlebot3_simulations' for CMake config files
[2.128s] Level 1:colcon.colcon_core.shell:create_environment_hook('turtlebot3_simulations', 'cmake_prefix_path')
[2.141s] INFO:colcon.colcon_core.shell:Creating environment hook '/home/sebab/ARS_Sanitizer_Project/ARS_Sanitizer_Project_ws/install/turtlebot3_simulations/share/turtlebot3_simulations/hook/cmake_prefix_path.ps1'
[2.141s] INFO:colcon.colcon_core.shell:Creating environment descriptor '/home/sebab/ARS_Sanitizer_Project/ARS_Sanitizer_Project_ws/install/turtlebot3_simulations/share/turtlebot3_simulations/hook/cmake_prefix_path.dsv'
[2.142s] INFO:colcon.colcon_core.shell:Creating environment hook '/home/sebab/ARS_Sanitizer_Project/ARS_Sanitizer_Project_ws/install/turtlebot3_simulations/share/turtlebot3_simulations/hook/cmake_prefix_path.sh'
[2.142s] Level 1:colcon.colcon_core.environment:checking '/home/sebab/ARS_Sanitizer_Project/ARS_Sanitizer_Project_ws/install/turtlebot3_simulations/bin'
[2.142s] Level 1:colcon.colcon_core.environment:checking '/home/sebab/ARS_Sanitizer_Project/ARS_Sanitizer_Project_ws/install/turtlebot3_simulations/lib/pkgconfig/turtlebot3_simulations.pc'
[2.142s] Level 1:colcon.colcon_core.environment:checking '/home/sebab/ARS_Sanitizer_Project/ARS_Sanitizer_Project_ws/install/turtlebot3_simulations/lib/python3.10/site-packages'
[2.142s] Level 1:colcon.colcon_core.environment:checking '/home/sebab/ARS_Sanitizer_Project/ARS_Sanitizer_Project_ws/install/turtlebot3_simulations/bin'
[2.156s] INFO:colcon.colcon_core.shell:Creating package script '/home/sebab/ARS_Sanitizer_Project/ARS_Sanitizer_Project_ws/install/turtlebot3_simulations/share/turtlebot3_simulations/package.ps1'
[2.156s] INFO:colcon.colcon_core.shell:Creating package descriptor '/home/sebab/ARS_Sanitizer_Project/ARS_Sanitizer_Project_ws/install/turtlebot3_simulations/share/turtlebot3_simulations/package.dsv'
[2.157s] INFO:colcon.colcon_core.shell:Creating package script '/home/sebab/ARS_Sanitizer_Project/ARS_Sanitizer_Project_ws/install/turtlebot3_simulations/share/turtlebot3_simulations/package.sh'
[2.157s] INFO:colcon.colcon_core.shell:Creating package script '/home/sebab/ARS_Sanitizer_Project/ARS_Sanitizer_Project_ws/install/turtlebot3_simulations/share/turtlebot3_simulations/package.bash'
[2.157s] INFO:colcon.colcon_core.shell:Creating package script '/home/sebab/ARS_Sanitizer_Project/ARS_Sanitizer_Project_ws/install/turtlebot3_simulations/share/turtlebot3_simulations/package.zsh'
[2.157s] Level 1:colcon.colcon_core.environment:create_file_with_runtime_dependencies(/home/sebab/ARS_Sanitizer_Project/ARS_Sanitizer_Project_ws/install/turtlebot3_simulations/share/colcon-core/packages/turtlebot3_simulations)
[2.213s] DEBUG:colcon.colcon_core.event_handler.log_command:Invoked command in '/home/sebab/ARS_Sanitizer_Project/ARS_Sanitizer_Project_ws/src/nav2_wavefront_frontier_exploration' returned '0': PYTHONPATH=/home/sebab/ARS_Sanitizer_Project/ARS_Sanitizer_Project_ws/build/nav2_wfd/prefix_override:/home/sebab/ARS_Sanitizer_Project/ARS_Sanitizer_Project_ws/install/nav2_wfd/lib/python3.10/site-packages:${PYTHONPATH} /usr/bin/python3 setup.py egg_info --egg-base ../../build/nav2_wfd build --build-base /home/sebab/ARS_Sanitizer_Project/ARS_Sanitizer_Project_ws/build/nav2_wfd/build install --record /home/sebab/ARS_Sanitizer_Project/ARS_Sanitizer_Project_ws/build/nav2_wfd/install.log --single-version-externally-managed
[2.225s] Level 1:colcon.colcon_core.environment:checking '/home/sebab/ARS_Sanitizer_Project/ARS_Sanitizer_Project_ws/install/nav2_wfd' for CMake module files
[2.226s] Level 1:colcon.colcon_core.environment:checking '/home/sebab/ARS_Sanitizer_Project/ARS_Sanitizer_Project_ws/install/nav2_wfd' for CMake config files
[2.226s] Level 1:colcon.colcon_core.environment:checking '/home/sebab/ARS_Sanitizer_Project/ARS_Sanitizer_Project_ws/install/nav2_wfd/lib'
[2.226s] Level 1:colcon.colcon_core.environment:checking '/home/sebab/ARS_Sanitizer_Project/ARS_Sanitizer_Project_ws/install/nav2_wfd/bin'
[2.226s] Level 1:colcon.colcon_core.environment:checking '/home/sebab/ARS_Sanitizer_Project/ARS_Sanitizer_Project_ws/install/nav2_wfd/lib/pkgconfig/nav2_wfd.pc'
[2.226s] Level 1:colcon.colcon_core.environment:checking '/home/sebab/ARS_Sanitizer_Project/ARS_Sanitizer_Project_ws/install/nav2_wfd/lib/python3.10/site-packages'
[2.226s] Level 1:colcon.colcon_core.shell:create_environment_hook('nav2_wfd', 'pythonpath')
[2.239s] INFO:colcon.colcon_core.shell:Creating environment hook '/home/sebab/ARS_Sanitizer_Project/ARS_Sanitizer_Project_ws/install/nav2_wfd/share/nav2_wfd/hook/pythonpath.ps1'
[2.240s] INFO:colcon.colcon_core.shell:Creating environment descriptor '/home/sebab/ARS_Sanitizer_Project/ARS_Sanitizer_Project_ws/install/nav2_wfd/share/nav2_wfd/hook/pythonpath.dsv'
[2.240s] INFO:colcon.colcon_core.shell:Creating environment hook '/home/sebab/ARS_Sanitizer_Project/ARS_Sanitizer_Project_ws/install/nav2_wfd/share/nav2_wfd/hook/pythonpath.sh'
[2.240s] Level 1:colcon.colcon_core.environment:checking '/home/sebab/ARS_Sanitizer_Project/ARS_Sanitizer_Project_ws/install/nav2_wfd/bin'
[2.240s] Level 1:colcon.colcon_core.environment:create_environment_scripts_only(nav2_wfd)
[2.253s] INFO:colcon.colcon_core.shell:Creating package script '/home/sebab/ARS_Sanitizer_Project/ARS_Sanitizer_Project_ws/install/nav2_wfd/share/nav2_wfd/package.ps1'
[2.254s] INFO:colcon.colcon_core.shell:Creating package descriptor '/home/sebab/ARS_Sanitizer_Project/ARS_Sanitizer_Project_ws/install/nav2_wfd/share/nav2_wfd/package.dsv'
[2.254s] INFO:colcon.colcon_core.shell:Creating package script '/home/sebab/ARS_Sanitizer_Project/ARS_Sanitizer_Project_ws/install/nav2_wfd/share/nav2_wfd/package.sh'
[2.254s] INFO:colcon.colcon_core.shell:Creating package script '/home/sebab/ARS_Sanitizer_Project/ARS_Sanitizer_Project_ws/install/nav2_wfd/share/nav2_wfd/package.bash'
[2.254s] INFO:colcon.colcon_core.shell:Creating package script '/home/sebab/ARS_Sanitizer_Project/ARS_Sanitizer_Project_ws/install/nav2_wfd/share/nav2_wfd/package.zsh'
[2.255s] Level 1:colcon.colcon_core.environment:create_file_with_runtime_dependencies(/home/sebab/ARS_Sanitizer_Project/ARS_Sanitizer_Project_ws/install/nav2_wfd/share/colcon-core/packages/nav2_wfd)
[2.255s] DEBUG:colcon.colcon_parallel_executor.executor.parallel:closing loop
[2.255s] DEBUG:colcon.colcon_parallel_executor.executor.parallel:loop closed
[2.255s] DEBUG:colcon.colcon_parallel_executor.executor.parallel:run_until_complete finished with '0'
[2.255s] DEBUG:colcon.colcon_core.event_reactor:joining thread
[2.273s] INFO:colcon.colcon_core.plugin_system:Skipping extension 'colcon_notification.desktop_notification.terminal_notifier': Not used on non-Darwin systems
[2.273s] INFO:colcon.colcon_core.plugin_system:Skipping extension 'colcon_notification.desktop_notification.win32': Not used on non-Windows systems
[2.273s] INFO:colcon.colcon_notification.desktop_notification:Sending desktop notification using 'notify2'
[2.284s] DEBUG:colcon.colcon_core.event_reactor:joined thread
[2.297s] INFO:colcon.colcon_core.shell:Creating prefix script '/home/sebab/ARS_Sanitizer_Project/ARS_Sanitizer_Project_ws/install/local_setup.ps1'
[2.297s] INFO:colcon.colcon_core.shell:Creating prefix util module '/home/sebab/ARS_Sanitizer_Project/ARS_Sanitizer_Project_ws/install/_local_setup_util_ps1.py'
[2.298s] INFO:colcon.colcon_core.shell:Creating prefix chain script '/home/sebab/ARS_Sanitizer_Project/ARS_Sanitizer_Project_ws/install/setup.ps1'
[2.311s] INFO:colcon.colcon_core.shell:Creating prefix script '/home/sebab/ARS_Sanitizer_Project/ARS_Sanitizer_Project_ws/install/local_setup.sh'
[2.311s] INFO:colcon.colcon_core.shell:Creating prefix util module '/home/sebab/ARS_Sanitizer_Project/ARS_Sanitizer_Project_ws/install/_local_setup_util_sh.py'
[2.312s] INFO:colcon.colcon_core.shell:Creating prefix chain script '/home/sebab/ARS_Sanitizer_Project/ARS_Sanitizer_Project_ws/install/setup.sh'
[2.325s] INFO:colcon.colcon_core.shell:Creating prefix script '/home/sebab/ARS_Sanitizer_Project/ARS_Sanitizer_Project_ws/install/local_setup.bash'
[2.326s] INFO:colcon.colcon_core.shell:Creating prefix chain script '/home/sebab/ARS_Sanitizer_Project/ARS_Sanitizer_Project_ws/install/setup.bash'
[2.339s] INFO:colcon.colcon_core.shell:Creating prefix script '/home/sebab/ARS_Sanitizer_Project/ARS_Sanitizer_Project_ws/install/local_setup.zsh'
[2.340s] INFO:colcon.colcon_core.shell:Creating prefix chain script '/home/sebab/ARS_Sanitizer_Project/ARS_Sanitizer_Project_ws/install/setup.zsh'
