[2.780s] Invoking command in '/home/sebab/ARS_Sanitizer_Project/ARS_Sanitizer_Project_ws/src/energy_nav': PYTHONPATH=/home/sebab/ARS_Sanitizer_Project/ARS_Sanitizer_Project_ws/build/energy_nav/prefix_override:/home/sebab/ARS_Sanitizer_Project/ARS_Sanitizer_Project_ws/install/energy_nav/lib/python3.10/site-packages:${PYTHONPATH} /usr/bin/python3 setup.py egg_info --egg-base ../../build/energy_nav build --build-base /home/sebab/ARS_Sanitizer_Project/ARS_Sanitizer_Project_ws/build/energy_nav/build install --record /home/sebab/ARS_Sanitizer_Project/ARS_Sanitizer_Project_ws/build/energy_nav/install.log --single-version-externally-managed
[3.147s] running egg_info
[3.148s] writing ../../build/energy_nav/energy_nav.egg-info/PKG-INFO
[3.148s] writing dependency_links to ../../build/energy_nav/energy_nav.egg-info/dependency_links.txt
[3.148s] writing entry points to ../../build/energy_nav/energy_nav.egg-info/entry_points.txt
[3.148s] writing requirements to ../../build/energy_nav/energy_nav.egg-info/requires.txt
[3.148s] writing top-level names to ../../build/energy_nav/energy_nav.egg-info/top_level.txt
[3.151s] reading manifest file '../../build/energy_nav/energy_nav.egg-info/SOURCES.txt'
[3.152s] writing manifest file '../../build/energy_nav/energy_nav.egg-info/SOURCES.txt'
[3.152s] running build
[3.152s] running build_py
[3.152s] copying energy_nav/example_navigation.py -> /home/sebab/ARS_Sanitizer_Project/ARS_Sanitizer_Project_ws/build/energy_nav/build/lib/energy_nav
[3.153s] running install
[3.153s] running install_lib
[3.154s] copying /home/sebab/ARS_Sanitizer_Project/ARS_Sanitizer_Project_ws/build/energy_nav/build/lib/energy_nav/example_navigation.py -> /home/sebab/ARS_Sanitizer_Project/ARS_Sanitizer_Project_ws/install/energy_nav/lib/python3.10/site-packages/energy_nav
[3.155s] byte-compiling /home/sebab/ARS_Sanitizer_Project/ARS_Sanitizer_Project_ws/install/energy_nav/lib/python3.10/site-packages/energy_nav/example_navigation.py to example_navigation.cpython-310.pyc
[3.157s] running install_data
[3.158s] running install_egg_info
[3.161s] removing '/home/sebab/ARS_Sanitizer_Project/ARS_Sanitizer_Project_ws/install/energy_nav/lib/python3.10/site-packages/energy_nav-0.0.0-py3.10.egg-info' (and everything under it)
[3.161s] Copying ../../build/energy_nav/energy_nav.egg-info to /home/sebab/ARS_Sanitizer_Project/ARS_Sanitizer_Project_ws/install/energy_nav/lib/python3.10/site-packages/energy_nav-0.0.0-py3.10.egg-info
[3.162s] running install_scripts
[3.194s] Installing energy_nav_node script to /home/sebab/ARS_Sanitizer_Project/ARS_Sanitizer_Project_ws/install/energy_nav/lib/energy_nav
[3.194s] Installing example_nav_node script to /home/sebab/ARS_Sanitizer_Project/ARS_Sanitizer_Project_ws/install/energy_nav/lib/energy_nav
[3.195s] writing list of installed files to '/home/sebab/ARS_Sanitizer_Project/ARS_Sanitizer_Project_ws/build/energy_nav/install.log'
[3.292s] Invoked command in '/home/sebab/ARS_Sanitizer_Project/ARS_Sanitizer_Project_ws/src/energy_nav' returned '0': PYTHONPATH=/home/sebab/ARS_Sanitizer_Project/ARS_Sanitizer_Project_ws/build/energy_nav/prefix_override:/home/sebab/ARS_Sanitizer_Project/ARS_Sanitizer_Project_ws/install/energy_nav/lib/python3.10/site-packages:${PYTHONPATH} /usr/bin/python3 setup.py egg_info --egg-base ../../build/energy_nav build --build-base /home/sebab/ARS_Sanitizer_Project/ARS_Sanitizer_Project_ws/build/energy_nav/build install --record /home/sebab/ARS_Sanitizer_Project/ARS_Sanitizer_Project_ws/build/energy_nav/install.log --single-version-externally-managed
