[1.175s] DEBUG:colcon:Command line arguments: ['/usr/bin/colcon', 'build']
[1.175s] DEBUG:colcon:Parsed command line arguments: Namespace(log_base=None, log_level=None, verb_name='build', build_base='build', install_base='install', merge_install=False, symlink_install=False, test_result_base=None, continue_on_error=False, executor='parallel', parallel_workers=16, event_handlers=None, ignore_user_meta=False, metas=['./colcon.meta'], base_paths=['.'], packages_ignore=None, packages_ignore_regex=None, paths=None, packages_up_to=None, packages_up_to_regex=None, packages_above=None, packages_above_and_dependencies=None, packages_above_depth=None, packages_select_by_dep=None, packages_skip_by_dep=None, packages_skip_up_to=None, packages_select_build_failed=False, packages_skip_build_finished=False, packages_select_test_failures=False, packages_skip_test_passed=False, packages_select=None, packages_skip=None, packages_select_regex=None, packages_skip_regex=None, packages_start=None, packages_end=None, allow_overriding=[], cmake_args=None, cmake_target=None, cmake_target_skip_unavailable=False, cmake_clean_cache=False, cmake_clean_first=False, cmake_force_configure=False, ament_cmake_args=None, catkin_cmake_args=None, catkin_skip_building_tests=False, verb_parser=<colcon_defaults.argument_parser.defaults.DefaultArgumentsDecorator object at 0x7f7a0af9f100>, verb_extension=<colcon_core.verb.build.BuildVerb object at 0x7f7a0af693f0>, main=<bound method BuildVerb.main of <colcon_core.verb.build.BuildVerb object at 0x7f7a0af693f0>>)
[1.227s] Level 1:colcon.colcon_core.package_discovery:discover_packages(colcon_meta) check parameters
[1.227s] Level 1:colcon.colcon_core.package_discovery:discover_packages(recursive) check parameters
[1.227s] Level 1:colcon.colcon_core.package_discovery:discover_packages(ignore) check parameters
[1.227s] Level 1:colcon.colcon_core.package_discovery:discover_packages(path) check parameters
[1.227s] Level 1:colcon.colcon_core.package_discovery:discover_packages(colcon_meta) discover
[1.227s] Level 1:colcon.colcon_core.package_discovery:discover_packages(recursive) discover
[1.227s] INFO:colcon.colcon_core.package_discovery:Crawling recursively for packages in '/home/sebab/ARS_Sanitizer_Project/ARS_Sanitizer_Project_ws'
[1.227s] Level 1:colcon.colcon_core.package_identification:_identify(.) by extensions ['ignore', 'ignore_ament_install']
[1.227s] Level 1:colcon.colcon_core.package_identification:_identify(.) by extension 'ignore'
[1.227s] Level 1:colcon.colcon_core.package_identification:_identify(.) by extension 'ignore_ament_install'
[1.227s] Level 1:colcon.colcon_core.package_identification:_identify(.) by extensions ['colcon_pkg']
[1.227s] Level 1:colcon.colcon_core.package_identification:_identify(.) by extension 'colcon_pkg'
[1.228s] Level 1:colcon.colcon_core.package_identification:_identify(.) by extensions ['colcon_meta']
[1.228s] Level 1:colcon.colcon_core.package_identification:_identify(.) by extension 'colcon_meta'
[1.228s] Level 1:colcon.colcon_core.package_identification:_identify(.) by extensions ['ros']
[1.228s] Level 1:colcon.colcon_core.package_identification:_identify(.) by extension 'ros'
[1.239s] Level 1:colcon.colcon_core.package_identification:_identify(.) by extensions ['cmake', 'python']
[1.239s] Level 1:colcon.colcon_core.package_identification:_identify(.) by extension 'cmake'
[1.239s] Level 1:colcon.colcon_core.package_identification:_identify(.) by extension 'python'
[1.239s] Level 1:colcon.colcon_core.package_identification:_identify(.) by extensions ['python_setup_py']
[1.239s] Level 1:colcon.colcon_core.package_identification:_identify(.) by extension 'python_setup_py'
[1.239s] Level 1:colcon.colcon_core.package_identification:_identify(build) by extensions ['ignore', 'ignore_ament_install']
[1.239s] Level 1:colcon.colcon_core.package_identification:_identify(build) by extension 'ignore'
[1.239s] Level 1:colcon.colcon_core.package_identification:_identify(build) ignored
[1.239s] Level 1:colcon.colcon_core.package_identification:_identify(install) by extensions ['ignore', 'ignore_ament_install']
[1.239s] Level 1:colcon.colcon_core.package_identification:_identify(install) by extension 'ignore'
[1.239s] Level 1:colcon.colcon_core.package_identification:_identify(install) ignored
[1.239s] Level 1:colcon.colcon_core.package_identification:_identify(log) by extensions ['ignore', 'ignore_ament_install']
[1.239s] Level 1:colcon.colcon_core.package_identification:_identify(log) by extension 'ignore'
[1.240s] Level 1:colcon.colcon_core.package_identification:_identify(log) ignored
[1.240s] Level 1:colcon.colcon_core.package_identification:_identify(src) by extensions ['ignore', 'ignore_ament_install']
[1.240s] Level 1:colcon.colcon_core.package_identification:_identify(src) by extension 'ignore'
[1.240s] Level 1:colcon.colcon_core.package_identification:_identify(src) by extension 'ignore_ament_install'
[1.240s] Level 1:colcon.colcon_core.package_identification:_identify(src) by extensions ['colcon_pkg']
[1.240s] Level 1:colcon.colcon_core.package_identification:_identify(src) by extension 'colcon_pkg'
[1.240s] Level 1:colcon.colcon_core.package_identification:_identify(src) by extensions ['colcon_meta']
[1.240s] Level 1:colcon.colcon_core.package_identification:_identify(src) by extension 'colcon_meta'
[1.240s] Level 1:colcon.colcon_core.package_identification:_identify(src) by extensions ['ros']
[1.240s] Level 1:colcon.colcon_core.package_identification:_identify(src) by extension 'ros'
[1.240s] Level 1:colcon.colcon_core.package_identification:_identify(src) by extensions ['cmake', 'python']
[1.240s] Level 1:colcon.colcon_core.package_identification:_identify(src) by extension 'cmake'
[1.240s] Level 1:colcon.colcon_core.package_identification:_identify(src) by extension 'python'
[1.240s] Level 1:colcon.colcon_core.package_identification:_identify(src) by extensions ['python_setup_py']
[1.240s] Level 1:colcon.colcon_core.package_identification:_identify(src) by extension 'python_setup_py'
[1.240s] Level 1:colcon.colcon_core.package_identification:_identify(src/energy_nav) by extensions ['ignore', 'ignore_ament_install']
[1.240s] Level 1:colcon.colcon_core.package_identification:_identify(src/energy_nav) by extension 'ignore'
[1.240s] Level 1:colcon.colcon_core.package_identification:_identify(src/energy_nav) by extension 'ignore_ament_install'
[1.240s] Level 1:colcon.colcon_core.package_identification:_identify(src/energy_nav) by extensions ['colcon_pkg']
[1.240s] Level 1:colcon.colcon_core.package_identification:_identify(src/energy_nav) by extension 'colcon_pkg'
[1.240s] Level 1:colcon.colcon_core.package_identification:_identify(src/energy_nav) by extensions ['colcon_meta']
[1.240s] Level 1:colcon.colcon_core.package_identification:_identify(src/energy_nav) by extension 'colcon_meta'
[1.240s] Level 1:colcon.colcon_core.package_identification:_identify(src/energy_nav) by extensions ['ros']
[1.240s] Level 1:colcon.colcon_core.package_identification:_identify(src/energy_nav) by extension 'ros'
[1.243s] DEBUG:colcon.colcon_core.package_identification:Package 'src/energy_nav' with type 'ros.ament_python' and name 'energy_nav'
[1.243s] Level 1:colcon.colcon_core.package_identification:_identify(src/energy_pub) by extensions ['ignore', 'ignore_ament_install']
[1.243s] Level 1:colcon.colcon_core.package_identification:_identify(src/energy_pub) by extension 'ignore'
[1.243s] Level 1:colcon.colcon_core.package_identification:_identify(src/energy_pub) by extension 'ignore_ament_install'
[1.243s] Level 1:colcon.colcon_core.package_identification:_identify(src/energy_pub) by extensions ['colcon_pkg']
[1.243s] Level 1:colcon.colcon_core.package_identification:_identify(src/energy_pub) by extension 'colcon_pkg'
[1.243s] Level 1:colcon.colcon_core.package_identification:_identify(src/energy_pub) by extensions ['colcon_meta']
[1.243s] Level 1:colcon.colcon_core.package_identification:_identify(src/energy_pub) by extension 'colcon_meta'
[1.243s] Level 1:colcon.colcon_core.package_identification:_identify(src/energy_pub) by extensions ['ros']
[1.243s] Level 1:colcon.colcon_core.package_identification:_identify(src/energy_pub) by extension 'ros'
[1.243s] DEBUG:colcon.colcon_core.package_identification:Package 'src/energy_pub' with type 'ros.ament_python' and name 'energy_pub'
[1.244s] Level 1:colcon.colcon_core.package_identification:_identify(src/nav2_wavefront_frontier_exploration) by extensions ['ignore', 'ignore_ament_install']
[1.244s] Level 1:colcon.colcon_core.package_identification:_identify(src/nav2_wavefront_frontier_exploration) by extension 'ignore'
[1.244s] Level 1:colcon.colcon_core.package_identification:_identify(src/nav2_wavefront_frontier_exploration) by extension 'ignore_ament_install'
[1.244s] Level 1:colcon.colcon_core.package_identification:_identify(src/nav2_wavefront_frontier_exploration) by extensions ['colcon_pkg']
[1.244s] Level 1:colcon.colcon_core.package_identification:_identify(src/nav2_wavefront_frontier_exploration) by extension 'colcon_pkg'
[1.244s] Level 1:colcon.colcon_core.package_identification:_identify(src/nav2_wavefront_frontier_exploration) by extensions ['colcon_meta']
[1.244s] Level 1:colcon.colcon_core.package_identification:_identify(src/nav2_wavefront_frontier_exploration) by extension 'colcon_meta'
[1.244s] Level 1:colcon.colcon_core.package_identification:_identify(src/nav2_wavefront_frontier_exploration) by extensions ['ros']
[1.244s] Level 1:colcon.colcon_core.package_identification:_identify(src/nav2_wavefront_frontier_exploration) by extension 'ros'
[1.244s] DEBUG:colcon.colcon_core.package_identification:Package 'src/nav2_wavefront_frontier_exploration' with type 'ros.ament_python' and name 'nav2_wfd'
[1.244s] Level 1:colcon.colcon_core.package_identification:_identify(src/turtlebot3_simulations) by extensions ['ignore', 'ignore_ament_install']
[1.244s] Level 1:colcon.colcon_core.package_identification:_identify(src/turtlebot3_simulations) by extension 'ignore'
[1.245s] Level 1:colcon.colcon_core.package_identification:_identify(src/turtlebot3_simulations) by extension 'ignore_ament_install'
[1.245s] Level 1:colcon.colcon_core.package_identification:_identify(src/turtlebot3_simulations) by extensions ['colcon_pkg']
[1.245s] Level 1:colcon.colcon_core.package_identification:_identify(src/turtlebot3_simulations) by extension 'colcon_pkg'
[1.245s] Level 1:colcon.colcon_core.package_identification:_identify(src/turtlebot3_simulations) by extensions ['colcon_meta']
[1.245s] Level 1:colcon.colcon_core.package_identification:_identify(src/turtlebot3_simulations) by extension 'colcon_meta'
[1.245s] Level 1:colcon.colcon_core.package_identification:_identify(src/turtlebot3_simulations) by extensions ['ros']
[1.245s] Level 1:colcon.colcon_core.package_identification:_identify(src/turtlebot3_simulations) by extension 'ros'
[1.245s] Level 1:colcon.colcon_core.package_identification:_identify(src/turtlebot3_simulations) by extensions ['cmake', 'python']
[1.245s] Level 1:colcon.colcon_core.package_identification:_identify(src/turtlebot3_simulations) by extension 'cmake'
[1.245s] Level 1:colcon.colcon_core.package_identification:_identify(src/turtlebot3_simulations) by extension 'python'
[1.245s] Level 1:colcon.colcon_core.package_identification:_identify(src/turtlebot3_simulations) by extensions ['python_setup_py']
[1.245s] Level 1:colcon.colcon_core.package_identification:_identify(src/turtlebot3_simulations) by extension 'python_setup_py'
[1.245s] Level 1:colcon.colcon_core.package_identification:_identify(src/turtlebot3_simulations/turtlebot3_fake_node) by extensions ['ignore', 'ignore_ament_install']
[1.245s] Level 1:colcon.colcon_core.package_identification:_identify(src/turtlebot3_simulations/turtlebot3_fake_node) by extension 'ignore'
[1.245s] Level 1:colcon.colcon_core.package_identification:_identify(src/turtlebot3_simulations/turtlebot3_fake_node) by extension 'ignore_ament_install'
[1.245s] Level 1:colcon.colcon_core.package_identification:_identify(src/turtlebot3_simulations/turtlebot3_fake_node) by extensions ['colcon_pkg']
[1.245s] Level 1:colcon.colcon_core.package_identification:_identify(src/turtlebot3_simulations/turtlebot3_fake_node) by extension 'colcon_pkg'
[1.245s] Level 1:colcon.colcon_core.package_identification:_identify(src/turtlebot3_simulations/turtlebot3_fake_node) by extensions ['colcon_meta']
[1.245s] Level 1:colcon.colcon_core.package_identification:_identify(src/turtlebot3_simulations/turtlebot3_fake_node) by extension 'colcon_meta'
[1.245s] Level 1:colcon.colcon_core.package_identification:_identify(src/turtlebot3_simulations/turtlebot3_fake_node) by extensions ['ros']
[1.245s] Level 1:colcon.colcon_core.package_identification:_identify(src/turtlebot3_simulations/turtlebot3_fake_node) by extension 'ros'
[1.246s] DEBUG:colcon.colcon_core.package_identification:Package 'src/turtlebot3_simulations/turtlebot3_fake_node' with type 'ros.ament_cmake' and name 'turtlebot3_fake_node'
[1.247s] Level 1:colcon.colcon_core.package_identification:_identify(src/turtlebot3_simulations/turtlebot3_gazebo) by extensions ['ignore', 'ignore_ament_install']
[1.247s] Level 1:colcon.colcon_core.package_identification:_identify(src/turtlebot3_simulations/turtlebot3_gazebo) by extension 'ignore'
[1.247s] Level 1:colcon.colcon_core.package_identification:_identify(src/turtlebot3_simulations/turtlebot3_gazebo) by extension 'ignore_ament_install'
[1.247s] Level 1:colcon.colcon_core.package_identification:_identify(src/turtlebot3_simulations/turtlebot3_gazebo) by extensions ['colcon_pkg']
[1.247s] Level 1:colcon.colcon_core.package_identification:_identify(src/turtlebot3_simulations/turtlebot3_gazebo) by extension 'colcon_pkg'
[1.247s] Level 1:colcon.colcon_core.package_identification:_identify(src/turtlebot3_simulations/turtlebot3_gazebo) by extensions ['colcon_meta']
[1.247s] Level 1:colcon.colcon_core.package_identification:_identify(src/turtlebot3_simulations/turtlebot3_gazebo) by extension 'colcon_meta'
[1.247s] Level 1:colcon.colcon_core.package_identification:_identify(src/turtlebot3_simulations/turtlebot3_gazebo) by extensions ['ros']
[1.247s] Level 1:colcon.colcon_core.package_identification:_identify(src/turtlebot3_simulations/turtlebot3_gazebo) by extension 'ros'
[1.248s] DEBUG:colcon.colcon_core.package_identification:Package 'src/turtlebot3_simulations/turtlebot3_gazebo' with type 'ros.ament_cmake' and name 'turtlebot3_gazebo'
[1.248s] Level 1:colcon.colcon_core.package_identification:_identify(src/turtlebot3_simulations/turtlebot3_simulations) by extensions ['ignore', 'ignore_ament_install']
[1.248s] Level 1:colcon.colcon_core.package_identification:_identify(src/turtlebot3_simulations/turtlebot3_simulations) by extension 'ignore'
[1.248s] Level 1:colcon.colcon_core.package_identification:_identify(src/turtlebot3_simulations/turtlebot3_simulations) by extension 'ignore_ament_install'
[1.248s] Level 1:colcon.colcon_core.package_identification:_identify(src/turtlebot3_simulations/turtlebot3_simulations) by extensions ['colcon_pkg']
[1.248s] Level 1:colcon.colcon_core.package_identification:_identify(src/turtlebot3_simulations/turtlebot3_simulations) by extension 'colcon_pkg'
[1.248s] Level 1:colcon.colcon_core.package_identification:_identify(src/turtlebot3_simulations/turtlebot3_simulations) by extensions ['colcon_meta']
[1.248s] Level 1:colcon.colcon_core.package_identification:_identify(src/turtlebot3_simulations/turtlebot3_simulations) by extension 'colcon_meta'
[1.248s] Level 1:colcon.colcon_core.package_identification:_identify(src/turtlebot3_simulations/turtlebot3_simulations) by extensions ['ros']
[1.248s] Level 1:colcon.colcon_core.package_identification:_identify(src/turtlebot3_simulations/turtlebot3_simulations) by extension 'ros'
[1.249s] DEBUG:colcon.colcon_core.package_identification:Package 'src/turtlebot3_simulations/turtlebot3_simulations' with type 'ros.ament_cmake' and name 'turtlebot3_simulations'
[1.249s] Level 1:colcon.colcon_core.package_identification:_identify(src/uv_power) by extensions ['ignore', 'ignore_ament_install']
[1.249s] Level 1:colcon.colcon_core.package_identification:_identify(src/uv_power) by extension 'ignore'
[1.249s] Level 1:colcon.colcon_core.package_identification:_identify(src/uv_power) by extension 'ignore_ament_install'
[1.249s] Level 1:colcon.colcon_core.package_identification:_identify(src/uv_power) by extensions ['colcon_pkg']
[1.249s] Level 1:colcon.colcon_core.package_identification:_identify(src/uv_power) by extension 'colcon_pkg'
[1.249s] Level 1:colcon.colcon_core.package_identification:_identify(src/uv_power) by extensions ['colcon_meta']
[1.249s] Level 1:colcon.colcon_core.package_identification:_identify(src/uv_power) by extension 'colcon_meta'
[1.249s] Level 1:colcon.colcon_core.package_identification:_identify(src/uv_power) by extensions ['ros']
[1.249s] Level 1:colcon.colcon_core.package_identification:_identify(src/uv_power) by extension 'ros'
[1.249s] DEBUG:colcon.colcon_core.package_identification:Package 'src/uv_power' with type 'ros.ament_python' and name 'uv_power'
[1.249s] Level 1:colcon.colcon_core.package_discovery:discover_packages(recursive) using defaults
[1.250s] Level 1:colcon.colcon_core.package_discovery:discover_packages(ignore) discover
[1.250s] Level 1:colcon.colcon_core.package_discovery:discover_packages(ignore) using defaults
[1.250s] Level 1:colcon.colcon_core.package_discovery:discover_packages(path) discover
[1.250s] Level 1:colcon.colcon_core.package_discovery:discover_packages(path) using defaults
[1.363s] Level 1:colcon.colcon_core.package_discovery:discover_packages(prefix_path) check parameters
[1.363s] Level 1:colcon.colcon_core.package_discovery:discover_packages(prefix_path) discover
[1.399s] DEBUG:colcon.colcon_installed_package_information.package_discovery:Found 8 installed packages in /home/sebab/ARS_Sanitizer_Project/ARS_Sanitizer_Project_ws/install
[1.416s] DEBUG:colcon.colcon_installed_package_information.package_discovery:Found 399 installed packages in /opt/ros/humble
[1.418s] Level 1:colcon.colcon_core.package_discovery:discover_packages(prefix_path) using defaults
[1.527s] Level 5:colcon.colcon_core.verb:set package 'energy_nav' build argument 'cmake_args' from command line to 'None'
[1.527s] Level 5:colcon.colcon_core.verb:set package 'energy_nav' build argument 'cmake_target' from command line to 'None'
[1.527s] Level 5:colcon.colcon_core.verb:set package 'energy_nav' build argument 'cmake_target_skip_unavailable' from command line to 'False'
[1.527s] Level 5:colcon.colcon_core.verb:set package 'energy_nav' build argument 'cmake_clean_cache' from command line to 'False'
[1.527s] Level 5:colcon.colcon_core.verb:set package 'energy_nav' build argument 'cmake_clean_first' from command line to 'False'
[1.527s] Level 5:colcon.colcon_core.verb:set package 'energy_nav' build argument 'cmake_force_configure' from command line to 'False'
[1.527s] Level 5:colcon.colcon_core.verb:set package 'energy_nav' build argument 'ament_cmake_args' from command line to 'None'
[1.527s] Level 5:colcon.colcon_core.verb:set package 'energy_nav' build argument 'catkin_cmake_args' from command line to 'None'
[1.527s] Level 5:colcon.colcon_core.verb:set package 'energy_nav' build argument 'catkin_skip_building_tests' from command line to 'False'
[1.527s] DEBUG:colcon.colcon_core.verb:Building package 'energy_nav' with the following arguments: {'ament_cmake_args': None, 'build_base': '/home/sebab/ARS_Sanitizer_Project/ARS_Sanitizer_Project_ws/build/energy_nav', 'catkin_cmake_args': None, 'catkin_skip_building_tests': False, 'cmake_args': None, 'cmake_clean_cache': False, 'cmake_clean_first': False, 'cmake_force_configure': False, 'cmake_target': None, 'cmake_target_skip_unavailable': False, 'install_base': '/home/sebab/ARS_Sanitizer_Project/ARS_Sanitizer_Project_ws/install/energy_nav', 'merge_install': False, 'path': '/home/sebab/ARS_Sanitizer_Project/ARS_Sanitizer_Project_ws/src/energy_nav', 'symlink_install': False, 'test_result_base': None}
[1.544s] Level 5:colcon.colcon_core.verb:set package 'energy_pub' build argument 'cmake_args' from command line to 'None'
[1.544s] Level 5:colcon.colcon_core.verb:set package 'energy_pub' build argument 'cmake_target' from command line to 'None'
[1.544s] Level 5:colcon.colcon_core.verb:set package 'energy_pub' build argument 'cmake_target_skip_unavailable' from command line to 'False'
[1.544s] Level 5:colcon.colcon_core.verb:set package 'energy_pub' build argument 'cmake_clean_cache' from command line to 'False'
[1.544s] Level 5:colcon.colcon_core.verb:set package 'energy_pub' build argument 'cmake_clean_first' from command line to 'False'
[1.544s] Level 5:colcon.colcon_core.verb:set package 'energy_pub' build argument 'cmake_force_configure' from command line to 'False'
[1.544s] Level 5:colcon.colcon_core.verb:set package 'energy_pub' build argument 'ament_cmake_args' from command line to 'None'
[1.544s] Level 5:colcon.colcon_core.verb:set package 'energy_pub' build argument 'catkin_cmake_args' from command line to 'None'
[1.544s] Level 5:colcon.colcon_core.verb:set package 'energy_pub' build argument 'catkin_skip_building_tests' from command line to 'False'
[1.544s] DEBUG:colcon.colcon_core.verb:Building package 'energy_pub' with the following arguments: {'ament_cmake_args': None, 'build_base': '/home/sebab/ARS_Sanitizer_Project/ARS_Sanitizer_Project_ws/build/energy_pub', 'catkin_cmake_args': None, 'catkin_skip_building_tests': False, 'cmake_args': None, 'cmake_clean_cache': False, 'cmake_clean_first': False, 'cmake_force_configure': False, 'cmake_target': None, 'cmake_target_skip_unavailable': False, 'install_base': '/home/sebab/ARS_Sanitizer_Project/ARS_Sanitizer_Project_ws/install/energy_pub', 'merge_install': False, 'path': '/home/sebab/ARS_Sanitizer_Project/ARS_Sanitizer_Project_ws/src/energy_pub', 'symlink_install': False, 'test_result_base': None}
[1.561s] Level 5:colcon.colcon_core.verb:set package 'nav2_wfd' build argument 'cmake_args' from command line to 'None'
[1.561s] Level 5:colcon.colcon_core.verb:set package 'nav2_wfd' build argument 'cmake_target' from command line to 'None'
[1.561s] Level 5:colcon.colcon_core.verb:set package 'nav2_wfd' build argument 'cmake_target_skip_unavailable' from command line to 'False'
[1.561s] Level 5:colcon.colcon_core.verb:set package 'nav2_wfd' build argument 'cmake_clean_cache' from command line to 'False'
[1.561s] Level 5:colcon.colcon_core.verb:set package 'nav2_wfd' build argument 'cmake_clean_first' from command line to 'False'
[1.561s] Level 5:colcon.colcon_core.verb:set package 'nav2_wfd' build argument 'cmake_force_configure' from command line to 'False'
[1.561s] Level 5:colcon.colcon_core.verb:set package 'nav2_wfd' build argument 'ament_cmake_args' from command line to 'None'
[1.561s] Level 5:colcon.colcon_core.verb:set package 'nav2_wfd' build argument 'catkin_cmake_args' from command line to 'None'
[1.561s] Level 5:colcon.colcon_core.verb:set package 'nav2_wfd' build argument 'catkin_skip_building_tests' from command line to 'False'
[1.561s] DEBUG:colcon.colcon_core.verb:Building package 'nav2_wfd' with the following arguments: {'ament_cmake_args': None, 'build_base': '/home/sebab/ARS_Sanitizer_Project/ARS_Sanitizer_Project_ws/build/nav2_wfd', 'catkin_cmake_args': None, 'catkin_skip_building_tests': False, 'cmake_args': None, 'cmake_clean_cache': False, 'cmake_clean_first': False, 'cmake_force_configure': False, 'cmake_target': None, 'cmake_target_skip_unavailable': False, 'install_base': '/home/sebab/ARS_Sanitizer_Project/ARS_Sanitizer_Project_ws/install/nav2_wfd', 'merge_install': False, 'path': '/home/sebab/ARS_Sanitizer_Project/ARS_Sanitizer_Project_ws/src/nav2_wavefront_frontier_exploration', 'symlink_install': False, 'test_result_base': None}
[1.578s] Level 5:colcon.colcon_core.verb:set package 'turtlebot3_fake_node' build argument 'cmake_args' from command line to 'None'
[1.578s] Level 5:colcon.colcon_core.verb:set package 'turtlebot3_fake_node' build argument 'cmake_target' from command line to 'None'
[1.578s] Level 5:colcon.colcon_core.verb:set package 'turtlebot3_fake_node' build argument 'cmake_target_skip_unavailable' from command line to 'False'
[1.578s] Level 5:colcon.colcon_core.verb:set package 'turtlebot3_fake_node' build argument 'cmake_clean_cache' from command line to 'False'
[1.578s] Level 5:colcon.colcon_core.verb:set package 'turtlebot3_fake_node' build argument 'cmake_clean_first' from command line to 'False'
[1.578s] Level 5:colcon.colcon_core.verb:set package 'turtlebot3_fake_node' build argument 'cmake_force_configure' from command line to 'False'
[1.578s] Level 5:colcon.colcon_core.verb:set package 'turtlebot3_fake_node' build argument 'ament_cmake_args' from command line to 'None'
[1.578s] Level 5:colcon.colcon_core.verb:set package 'turtlebot3_fake_node' build argument 'catkin_cmake_args' from command line to 'None'
[1.578s] Level 5:colcon.colcon_core.verb:set package 'turtlebot3_fake_node' build argument 'catkin_skip_building_tests' from command line to 'False'
[1.578s] DEBUG:colcon.colcon_core.verb:Building package 'turtlebot3_fake_node' with the following arguments: {'ament_cmake_args': None, 'build_base': '/home/sebab/ARS_Sanitizer_Project/ARS_Sanitizer_Project_ws/build/turtlebot3_fake_node', 'catkin_cmake_args': None, 'catkin_skip_building_tests': False, 'cmake_args': None, 'cmake_clean_cache': False, 'cmake_clean_first': False, 'cmake_force_configure': False, 'cmake_target': None, 'cmake_target_skip_unavailable': False, 'install_base': '/home/sebab/ARS_Sanitizer_Project/ARS_Sanitizer_Project_ws/install/turtlebot3_fake_node', 'merge_install': False, 'path': '/home/sebab/ARS_Sanitizer_Project/ARS_Sanitizer_Project_ws/src/turtlebot3_simulations/turtlebot3_fake_node', 'symlink_install': False, 'test_result_base': None}
[1.596s] Level 5:colcon.colcon_core.verb:set package 'turtlebot3_gazebo' build argument 'cmake_args' from command line to 'None'
[1.596s] Level 5:colcon.colcon_core.verb:set package 'turtlebot3_gazebo' build argument 'cmake_target' from command line to 'None'
[1.596s] Level 5:colcon.colcon_core.verb:set package 'turtlebot3_gazebo' build argument 'cmake_target_skip_unavailable' from command line to 'False'
[1.596s] Level 5:colcon.colcon_core.verb:set package 'turtlebot3_gazebo' build argument 'cmake_clean_cache' from command line to 'False'
[1.596s] Level 5:colcon.colcon_core.verb:set package 'turtlebot3_gazebo' build argument 'cmake_clean_first' from command line to 'False'
[1.596s] Level 5:colcon.colcon_core.verb:set package 'turtlebot3_gazebo' build argument 'cmake_force_configure' from command line to 'False'
[1.596s] Level 5:colcon.colcon_core.verb:set package 'turtlebot3_gazebo' build argument 'ament_cmake_args' from command line to 'None'
[1.596s] Level 5:colcon.colcon_core.verb:set package 'turtlebot3_gazebo' build argument 'catkin_cmake_args' from command line to 'None'
[1.596s] Level 5:colcon.colcon_core.verb:set package 'turtlebot3_gazebo' build argument 'catkin_skip_building_tests' from command line to 'False'
[1.596s] DEBUG:colcon.colcon_core.verb:Building package 'turtlebot3_gazebo' with the following arguments: {'ament_cmake_args': None, 'build_base': '/home/sebab/ARS_Sanitizer_Project/ARS_Sanitizer_Project_ws/build/turtlebot3_gazebo', 'catkin_cmake_args': None, 'catkin_skip_building_tests': False, 'cmake_args': None, 'cmake_clean_cache': False, 'cmake_clean_first': False, 'cmake_force_configure': False, 'cmake_target': None, 'cmake_target_skip_unavailable': False, 'install_base': '/home/sebab/ARS_Sanitizer_Project/ARS_Sanitizer_Project_ws/install/turtlebot3_gazebo', 'merge_install': False, 'path': '/home/sebab/ARS_Sanitizer_Project/ARS_Sanitizer_Project_ws/src/turtlebot3_simulations/turtlebot3_gazebo', 'symlink_install': False, 'test_result_base': None}
[1.613s] Level 5:colcon.colcon_core.verb:set package 'uv_power' build argument 'cmake_args' from command line to 'None'
[1.614s] Level 5:colcon.colcon_core.verb:set package 'uv_power' build argument 'cmake_target' from command line to 'None'
[1.614s] Level 5:colcon.colcon_core.verb:set package 'uv_power' build argument 'cmake_target_skip_unavailable' from command line to 'False'
[1.614s] Level 5:colcon.colcon_core.verb:set package 'uv_power' build argument 'cmake_clean_cache' from command line to 'False'
[1.614s] Level 5:colcon.colcon_core.verb:set package 'uv_power' build argument 'cmake_clean_first' from command line to 'False'
[1.614s] Level 5:colcon.colcon_core.verb:set package 'uv_power' build argument 'cmake_force_configure' from command line to 'False'
[1.614s] Level 5:colcon.colcon_core.verb:set package 'uv_power' build argument 'ament_cmake_args' from command line to 'None'
[1.614s] Level 5:colcon.colcon_core.verb:set package 'uv_power' build argument 'catkin_cmake_args' from command line to 'None'
[1.614s] Level 5:colcon.colcon_core.verb:set package 'uv_power' build argument 'catkin_skip_building_tests' from command line to 'False'
[1.614s] DEBUG:colcon.colcon_core.verb:Building package 'uv_power' with the following arguments: {'ament_cmake_args': None, 'build_base': '/home/sebab/ARS_Sanitizer_Project/ARS_Sanitizer_Project_ws/build/uv_power', 'catkin_cmake_args': None, 'catkin_skip_building_tests': False, 'cmake_args': None, 'cmake_clean_cache': False, 'cmake_clean_first': False, 'cmake_force_configure': False, 'cmake_target': None, 'cmake_target_skip_unavailable': False, 'install_base': '/home/sebab/ARS_Sanitizer_Project/ARS_Sanitizer_Project_ws/install/uv_power', 'merge_install': False, 'path': '/home/sebab/ARS_Sanitizer_Project/ARS_Sanitizer_Project_ws/src/uv_power', 'symlink_install': False, 'test_result_base': None}
[1.631s] Level 5:colcon.colcon_core.verb:set package 'turtlebot3_simulations' build argument 'cmake_args' from command line to 'None'
[1.631s] Level 5:colcon.colcon_core.verb:set package 'turtlebot3_simulations' build argument 'cmake_target' from command line to 'None'
[1.631s] Level 5:colcon.colcon_core.verb:set package 'turtlebot3_simulations' build argument 'cmake_target_skip_unavailable' from command line to 'False'
[1.631s] Level 5:colcon.colcon_core.verb:set package 'turtlebot3_simulations' build argument 'cmake_clean_cache' from command line to 'False'
[1.631s] Level 5:colcon.colcon_core.verb:set package 'turtlebot3_simulations' build argument 'cmake_clean_first' from command line to 'False'
[1.631s] Level 5:colcon.colcon_core.verb:set package 'turtlebot3_simulations' build argument 'cmake_force_configure' from command line to 'False'
[1.631s] Level 5:colcon.colcon_core.verb:set package 'turtlebot3_simulations' build argument 'ament_cmake_args' from command line to 'None'
[1.631s] Level 5:colcon.colcon_core.verb:set package 'turtlebot3_simulations' build argument 'catkin_cmake_args' from command line to 'None'
[1.631s] Level 5:colcon.colcon_core.verb:set package 'turtlebot3_simulations' build argument 'catkin_skip_building_tests' from command line to 'False'
[1.631s] DEBUG:colcon.colcon_core.verb:Building package 'turtlebot3_simulations' with the following arguments: {'ament_cmake_args': None, 'build_base': '/home/sebab/ARS_Sanitizer_Project/ARS_Sanitizer_Project_ws/build/turtlebot3_simulations', 'catkin_cmake_args': None, 'catkin_skip_building_tests': False, 'cmake_args': None, 'cmake_clean_cache': False, 'cmake_clean_first': False, 'cmake_force_configure': False, 'cmake_target': None, 'cmake_target_skip_unavailable': False, 'install_base': '/home/sebab/ARS_Sanitizer_Project/ARS_Sanitizer_Project_ws/install/turtlebot3_simulations', 'merge_install': False, 'path': '/home/sebab/ARS_Sanitizer_Project/ARS_Sanitizer_Project_ws/src/turtlebot3_simulations/turtlebot3_simulations', 'symlink_install': False, 'test_result_base': None}
[1.647s] INFO:colcon.colcon_core.executor:Executing jobs using 'parallel' executor
[1.665s] DEBUG:colcon.colcon_parallel_executor.executor.parallel:run_until_complete
[1.665s] INFO:colcon.colcon_ros.task.ament_cmake.build:Building ROS package in '/home/sebab/ARS_Sanitizer_Project/ARS_Sanitizer_Project_ws/src/turtlebot3_simulations/turtlebot3_fake_node' with build type 'ament_cmake'
[1.666s] INFO:colcon.colcon_cmake.task.cmake.build:Building CMake package in '/home/sebab/ARS_Sanitizer_Project/ARS_Sanitizer_Project_ws/src/turtlebot3_simulations/turtlebot3_fake_node'
[1.683s] INFO:colcon.colcon_core.plugin_system:Skipping extension 'colcon_core.shell.bat': Not used on non-Windows systems
[1.684s] INFO:colcon.colcon_core.shell:Skip shell extension 'powershell' for command environment: Not usable outside of PowerShell
[1.684s] DEBUG:colcon.colcon_core.shell:Skip shell extension 'dsv' for command environment
[1.736s] INFO:colcon.colcon_ros.task.ament_cmake.build:Building ROS package in '/home/sebab/ARS_Sanitizer_Project/ARS_Sanitizer_Project_ws/src/turtlebot3_simulations/turtlebot3_gazebo' with build type 'ament_cmake'
[1.737s] INFO:colcon.colcon_cmake.task.cmake.build:Building CMake package in '/home/sebab/ARS_Sanitizer_Project/ARS_Sanitizer_Project_ws/src/turtlebot3_simulations/turtlebot3_gazebo'
[1.754s] INFO:colcon.colcon_core.shell:Skip shell extension 'powershell' for command environment: Not usable outside of PowerShell
[1.754s] DEBUG:colcon.colcon_core.shell:Skip shell extension 'dsv' for command environment
[1.808s] INFO:colcon.colcon_ros.task.ament_python.build:Building ROS package in '/home/sebab/ARS_Sanitizer_Project/ARS_Sanitizer_Project_ws/src/energy_nav' with build type 'ament_python'
[1.808s] Level 1:colcon.colcon_core.shell:create_environment_hook('energy_nav', 'ament_prefix_path')
[1.827s] INFO:colcon.colcon_core.shell:Creating environment hook '/home/sebab/ARS_Sanitizer_Project/ARS_Sanitizer_Project_ws/install/energy_nav/share/energy_nav/hook/ament_prefix_path.ps1'
[1.828s] INFO:colcon.colcon_core.shell:Creating environment descriptor '/home/sebab/ARS_Sanitizer_Project/ARS_Sanitizer_Project_ws/install/energy_nav/share/energy_nav/hook/ament_prefix_path.dsv'
[1.828s] INFO:colcon.colcon_core.shell:Creating environment hook '/home/sebab/ARS_Sanitizer_Project/ARS_Sanitizer_Project_ws/install/energy_nav/share/energy_nav/hook/ament_prefix_path.sh'
[1.846s] INFO:colcon.colcon_core.shell:Skip shell extension 'powershell' for command environment: Not usable outside of PowerShell
[1.846s] DEBUG:colcon.colcon_core.shell:Skip shell extension 'dsv' for command environment
[1.902s] INFO:colcon.colcon_ros.task.ament_python.build:Building ROS package in '/home/sebab/ARS_Sanitizer_Project/ARS_Sanitizer_Project_ws/src/energy_pub' with build type 'ament_python'
[1.902s] Level 1:colcon.colcon_core.shell:create_environment_hook('energy_pub', 'ament_prefix_path')
[1.922s] INFO:colcon.colcon_core.shell:Creating environment hook '/home/sebab/ARS_Sanitizer_Project/ARS_Sanitizer_Project_ws/install/energy_pub/share/energy_pub/hook/ament_prefix_path.ps1'
[1.923s] INFO:colcon.colcon_core.shell:Creating environment descriptor '/home/sebab/ARS_Sanitizer_Project/ARS_Sanitizer_Project_ws/install/energy_pub/share/energy_pub/hook/ament_prefix_path.dsv'
[1.923s] INFO:colcon.colcon_core.shell:Creating environment hook '/home/sebab/ARS_Sanitizer_Project/ARS_Sanitizer_Project_ws/install/energy_pub/share/energy_pub/hook/ament_prefix_path.sh'
[1.944s] INFO:colcon.colcon_core.shell:Skip shell extension 'powershell' for command environment: Not usable outside of PowerShell
[1.944s] DEBUG:colcon.colcon_core.shell:Skip shell extension 'dsv' for command environment
[2.005s] INFO:colcon.colcon_ros.task.ament_python.build:Building ROS package in '/home/sebab/ARS_Sanitizer_Project/ARS_Sanitizer_Project_ws/src/nav2_wavefront_frontier_exploration' with build type 'ament_python'
[2.005s] Level 1:colcon.colcon_core.shell:create_environment_hook('nav2_wfd', 'ament_prefix_path')
[2.024s] INFO:colcon.colcon_core.shell:Creating environment hook '/home/sebab/ARS_Sanitizer_Project/ARS_Sanitizer_Project_ws/install/nav2_wfd/share/nav2_wfd/hook/ament_prefix_path.ps1'
[2.025s] INFO:colcon.colcon_core.shell:Creating environment descriptor '/home/sebab/ARS_Sanitizer_Project/ARS_Sanitizer_Project_ws/install/nav2_wfd/share/nav2_wfd/hook/ament_prefix_path.dsv'
[2.026s] INFO:colcon.colcon_core.shell:Creating environment hook '/home/sebab/ARS_Sanitizer_Project/ARS_Sanitizer_Project_ws/install/nav2_wfd/share/nav2_wfd/hook/ament_prefix_path.sh'
[2.044s] INFO:colcon.colcon_core.shell:Skip shell extension 'powershell' for command environment: Not usable outside of PowerShell
[2.044s] DEBUG:colcon.colcon_core.shell:Skip shell extension 'dsv' for command environment
[2.106s] INFO:colcon.colcon_ros.task.ament_python.build:Building ROS package in '/home/sebab/ARS_Sanitizer_Project/ARS_Sanitizer_Project_ws/src/uv_power' with build type 'ament_python'
[2.106s] Level 1:colcon.colcon_core.shell:create_environment_hook('uv_power', 'ament_prefix_path')
[2.126s] INFO:colcon.colcon_core.shell:Creating environment hook '/home/sebab/ARS_Sanitizer_Project/ARS_Sanitizer_Project_ws/install/uv_power/share/uv_power/hook/ament_prefix_path.ps1'
[2.127s] INFO:colcon.colcon_core.shell:Creating environment descriptor '/home/sebab/ARS_Sanitizer_Project/ARS_Sanitizer_Project_ws/install/uv_power/share/uv_power/hook/ament_prefix_path.dsv'
[2.127s] INFO:colcon.colcon_core.shell:Creating environment hook '/home/sebab/ARS_Sanitizer_Project/ARS_Sanitizer_Project_ws/install/uv_power/share/uv_power/hook/ament_prefix_path.sh'
[2.145s] INFO:colcon.colcon_core.shell:Skip shell extension 'powershell' for command environment: Not usable outside of PowerShell
[2.145s] DEBUG:colcon.colcon_core.shell:Skip shell extension 'dsv' for command environment
[2.207s] DEBUG:colcon.colcon_core.event_handler.log_command:Invoking command in '/home/sebab/ARS_Sanitizer_Project/ARS_Sanitizer_Project_ws/build/turtlebot3_fake_node': CMAKE_PREFIX_PATH=${CMAKE_PREFIX_PATH}:/home/sebab/ARS_Sanitizer_Project/ARS_Sanitizer_Project_ws/install/uv_power:/home/sebab/ARS_Sanitizer_Project/ARS_Sanitizer_Project_ws/install/nav2_wfd:/home/sebab/ARS_Sanitizer_Project/ARS_Sanitizer_Project_ws/install/energy_pub:/home/sebab/ARS_Sanitizer_Project/ARS_Sanitizer_Project_ws/install/energy_nav:/home/sebab/ARS_Sanitizer_Project/ARS_Sanitizer_Project_ws/install/autonomous_exploration:/opt/ros/humble /usr/bin/cmake --build /home/sebab/ARS_Sanitizer_Project/ARS_Sanitizer_Project_ws/build/turtlebot3_fake_node -- -j16 -l16
[2.211s] DEBUG:colcon.colcon_core.event_handler.log_command:Invoking command in '/home/sebab/ARS_Sanitizer_Project/ARS_Sanitizer_Project_ws/build/turtlebot3_gazebo': CMAKE_PREFIX_PATH=${CMAKE_PREFIX_PATH}:/home/sebab/ARS_Sanitizer_Project/ARS_Sanitizer_Project_ws/install/uv_power:/home/sebab/ARS_Sanitizer_Project/ARS_Sanitizer_Project_ws/install/nav2_wfd:/home/sebab/ARS_Sanitizer_Project/ARS_Sanitizer_Project_ws/install/energy_pub:/home/sebab/ARS_Sanitizer_Project/ARS_Sanitizer_Project_ws/install/energy_nav:/home/sebab/ARS_Sanitizer_Project/ARS_Sanitizer_Project_ws/install/autonomous_exploration:/opt/ros/humble /usr/bin/cmake --build /home/sebab/ARS_Sanitizer_Project/ARS_Sanitizer_Project_ws/build/turtlebot3_gazebo -- -j16 -l16
[2.514s] INFO:colcon.colcon_core.task.python.build:Building Python package in '/home/sebab/ARS_Sanitizer_Project/ARS_Sanitizer_Project_ws/src/energy_nav'
[2.532s] INFO:colcon.colcon_core.shell:Skip shell extension 'powershell' for command environment: Not usable outside of PowerShell
[2.532s] DEBUG:colcon.colcon_core.shell:Skip shell extension 'dsv' for command environment
[2.883s] INFO:colcon.colcon_core.task.python.build:Building Python package in '/home/sebab/ARS_Sanitizer_Project/ARS_Sanitizer_Project_ws/src/energy_pub'
[2.902s] INFO:colcon.colcon_core.shell:Skip shell extension 'powershell' for command environment: Not usable outside of PowerShell
[2.902s] DEBUG:colcon.colcon_core.shell:Skip shell extension 'dsv' for command environment
[3.266s] INFO:colcon.colcon_core.task.python.build:Building Python package in '/home/sebab/ARS_Sanitizer_Project/ARS_Sanitizer_Project_ws/src/nav2_wavefront_frontier_exploration'
[3.286s] INFO:colcon.colcon_core.shell:Skip shell extension 'powershell' for command environment: Not usable outside of PowerShell
[3.286s] DEBUG:colcon.colcon_core.shell:Skip shell extension 'dsv' for command environment
[3.351s] DEBUG:colcon.colcon_core.event_handler.log_command:Invoked command in '/home/sebab/ARS_Sanitizer_Project/ARS_Sanitizer_Project_ws/build/turtlebot3_fake_node' returned '0': CMAKE_PREFIX_PATH=${CMAKE_PREFIX_PATH}:/home/sebab/ARS_Sanitizer_Project/ARS_Sanitizer_Project_ws/install/uv_power:/home/sebab/ARS_Sanitizer_Project/ARS_Sanitizer_Project_ws/install/nav2_wfd:/home/sebab/ARS_Sanitizer_Project/ARS_Sanitizer_Project_ws/install/energy_pub:/home/sebab/ARS_Sanitizer_Project/ARS_Sanitizer_Project_ws/install/energy_nav:/home/sebab/ARS_Sanitizer_Project/ARS_Sanitizer_Project_ws/install/autonomous_exploration:/opt/ros/humble /usr/bin/cmake --build /home/sebab/ARS_Sanitizer_Project/ARS_Sanitizer_Project_ws/build/turtlebot3_fake_node -- -j16 -l16
[3.643s] INFO:colcon.colcon_core.task.python.build:Building Python package in '/home/sebab/ARS_Sanitizer_Project/ARS_Sanitizer_Project_ws/src/uv_power'
[3.659s] INFO:colcon.colcon_core.shell:Skip shell extension 'powershell' for command environment: Not usable outside of PowerShell
[3.660s] DEBUG:colcon.colcon_core.shell:Skip shell extension 'dsv' for command environment
[3.716s] DEBUG:colcon.colcon_core.event_handler.log_command:Invoked command in '/home/sebab/ARS_Sanitizer_Project/ARS_Sanitizer_Project_ws/build/turtlebot3_gazebo' returned '0': CMAKE_PREFIX_PATH=${CMAKE_PREFIX_PATH}:/home/sebab/ARS_Sanitizer_Project/ARS_Sanitizer_Project_ws/install/uv_power:/home/sebab/ARS_Sanitizer_Project/ARS_Sanitizer_Project_ws/install/nav2_wfd:/home/sebab/ARS_Sanitizer_Project/ARS_Sanitizer_Project_ws/install/energy_pub:/home/sebab/ARS_Sanitizer_Project/ARS_Sanitizer_Project_ws/install/energy_nav:/home/sebab/ARS_Sanitizer_Project/ARS_Sanitizer_Project_ws/install/autonomous_exploration:/opt/ros/humble /usr/bin/cmake --build /home/sebab/ARS_Sanitizer_Project/ARS_Sanitizer_Project_ws/build/turtlebot3_gazebo -- -j16 -l16
[3.738s] DEBUG:colcon.colcon_core.event_handler.log_command:Invoking command in '/home/sebab/ARS_Sanitizer_Project/ARS_Sanitizer_Project_ws/build/turtlebot3_fake_node': CMAKE_PREFIX_PATH=${CMAKE_PREFIX_PATH}:/home/sebab/ARS_Sanitizer_Project/ARS_Sanitizer_Project_ws/install/uv_power:/home/sebab/ARS_Sanitizer_Project/ARS_Sanitizer_Project_ws/install/nav2_wfd:/home/sebab/ARS_Sanitizer_Project/ARS_Sanitizer_Project_ws/install/energy_pub:/home/sebab/ARS_Sanitizer_Project/ARS_Sanitizer_Project_ws/install/energy_nav:/home/sebab/ARS_Sanitizer_Project/ARS_Sanitizer_Project_ws/install/autonomous_exploration:/opt/ros/humble /usr/bin/cmake --install /home/sebab/ARS_Sanitizer_Project/ARS_Sanitizer_Project_ws/build/turtlebot3_fake_node
[3.752s] Level 1:colcon.colcon_core.environment:create_environment_scripts_only(turtlebot3_fake_node)
[3.752s] DEBUG:colcon.colcon_core.event_handler.log_command:Invoked command in '/home/sebab/ARS_Sanitizer_Project/ARS_Sanitizer_Project_ws/build/turtlebot3_fake_node' returned '0': CMAKE_PREFIX_PATH=${CMAKE_PREFIX_PATH}:/home/sebab/ARS_Sanitizer_Project/ARS_Sanitizer_Project_ws/install/uv_power:/home/sebab/ARS_Sanitizer_Project/ARS_Sanitizer_Project_ws/install/nav2_wfd:/home/sebab/ARS_Sanitizer_Project/ARS_Sanitizer_Project_ws/install/energy_pub:/home/sebab/ARS_Sanitizer_Project/ARS_Sanitizer_Project_ws/install/energy_nav:/home/sebab/ARS_Sanitizer_Project/ARS_Sanitizer_Project_ws/install/autonomous_exploration:/opt/ros/humble /usr/bin/cmake --install /home/sebab/ARS_Sanitizer_Project/ARS_Sanitizer_Project_ws/build/turtlebot3_fake_node
[3.775s] Level 1:colcon.colcon_core.environment:checking '/home/sebab/ARS_Sanitizer_Project/ARS_Sanitizer_Project_ws/install/turtlebot3_fake_node' for CMake module files
[3.776s] Level 1:colcon.colcon_core.environment:checking '/home/sebab/ARS_Sanitizer_Project/ARS_Sanitizer_Project_ws/install/turtlebot3_fake_node' for CMake config files
[3.776s] Level 1:colcon.colcon_core.shell:create_environment_hook('turtlebot3_fake_node', 'cmake_prefix_path')
[3.796s] INFO:colcon.colcon_core.shell:Creating environment hook '/home/sebab/ARS_Sanitizer_Project/ARS_Sanitizer_Project_ws/install/turtlebot3_fake_node/share/turtlebot3_fake_node/hook/cmake_prefix_path.ps1'
[3.796s] INFO:colcon.colcon_core.shell:Creating environment descriptor '/home/sebab/ARS_Sanitizer_Project/ARS_Sanitizer_Project_ws/install/turtlebot3_fake_node/share/turtlebot3_fake_node/hook/cmake_prefix_path.dsv'
[3.797s] INFO:colcon.colcon_core.shell:Creating environment hook '/home/sebab/ARS_Sanitizer_Project/ARS_Sanitizer_Project_ws/install/turtlebot3_fake_node/share/turtlebot3_fake_node/hook/cmake_prefix_path.sh'
[3.797s] Level 1:colcon.colcon_core.environment:checking '/home/sebab/ARS_Sanitizer_Project/ARS_Sanitizer_Project_ws/install/turtlebot3_fake_node/lib'
[3.797s] Level 1:colcon.colcon_core.environment:checking '/home/sebab/ARS_Sanitizer_Project/ARS_Sanitizer_Project_ws/install/turtlebot3_fake_node/bin'
[3.798s] Level 1:colcon.colcon_core.environment:checking '/home/sebab/ARS_Sanitizer_Project/ARS_Sanitizer_Project_ws/install/turtlebot3_fake_node/lib/pkgconfig/turtlebot3_fake_node.pc'
[3.798s] Level 1:colcon.colcon_core.environment:checking '/home/sebab/ARS_Sanitizer_Project/ARS_Sanitizer_Project_ws/install/turtlebot3_fake_node/lib/python3.10/site-packages'
[3.798s] Level 1:colcon.colcon_core.environment:checking '/home/sebab/ARS_Sanitizer_Project/ARS_Sanitizer_Project_ws/install/turtlebot3_fake_node/bin'
[3.819s] INFO:colcon.colcon_core.shell:Creating package script '/home/sebab/ARS_Sanitizer_Project/ARS_Sanitizer_Project_ws/install/turtlebot3_fake_node/share/turtlebot3_fake_node/package.ps1'
[3.820s] INFO:colcon.colcon_core.shell:Creating package descriptor '/home/sebab/ARS_Sanitizer_Project/ARS_Sanitizer_Project_ws/install/turtlebot3_fake_node/share/turtlebot3_fake_node/package.dsv'
[3.821s] INFO:colcon.colcon_core.shell:Creating package script '/home/sebab/ARS_Sanitizer_Project/ARS_Sanitizer_Project_ws/install/turtlebot3_fake_node/share/turtlebot3_fake_node/package.sh'
[3.821s] INFO:colcon.colcon_core.shell:Creating package script '/home/sebab/ARS_Sanitizer_Project/ARS_Sanitizer_Project_ws/install/turtlebot3_fake_node/share/turtlebot3_fake_node/package.bash'
[3.822s] INFO:colcon.colcon_core.shell:Creating package script '/home/sebab/ARS_Sanitizer_Project/ARS_Sanitizer_Project_ws/install/turtlebot3_fake_node/share/turtlebot3_fake_node/package.zsh'
[3.822s] Level 1:colcon.colcon_core.environment:create_file_with_runtime_dependencies(/home/sebab/ARS_Sanitizer_Project/ARS_Sanitizer_Project_ws/install/turtlebot3_fake_node/share/colcon-core/packages/turtlebot3_fake_node)
[3.828s] DEBUG:colcon.colcon_core.event_handler.log_command:Invoking command in '/home/sebab/ARS_Sanitizer_Project/ARS_Sanitizer_Project_ws/build/turtlebot3_gazebo': CMAKE_PREFIX_PATH=${CMAKE_PREFIX_PATH}:/home/sebab/ARS_Sanitizer_Project/ARS_Sanitizer_Project_ws/install/uv_power:/home/sebab/ARS_Sanitizer_Project/ARS_Sanitizer_Project_ws/install/nav2_wfd:/home/sebab/ARS_Sanitizer_Project/ARS_Sanitizer_Project_ws/install/energy_pub:/home/sebab/ARS_Sanitizer_Project/ARS_Sanitizer_Project_ws/install/energy_nav:/home/sebab/ARS_Sanitizer_Project/ARS_Sanitizer_Project_ws/install/autonomous_exploration:/opt/ros/humble /usr/bin/cmake --install /home/sebab/ARS_Sanitizer_Project/ARS_Sanitizer_Project_ws/build/turtlebot3_gazebo
[3.843s] Level 1:colcon.colcon_core.environment:create_environment_scripts_only(turtlebot3_gazebo)
[3.875s] DEBUG:colcon.colcon_core.event_handler.log_command:Invoked command in '/home/sebab/ARS_Sanitizer_Project/ARS_Sanitizer_Project_ws/build/turtlebot3_gazebo' returned '0': CMAKE_PREFIX_PATH=${CMAKE_PREFIX_PATH}:/home/sebab/ARS_Sanitizer_Project/ARS_Sanitizer_Project_ws/install/uv_power:/home/sebab/ARS_Sanitizer_Project/ARS_Sanitizer_Project_ws/install/nav2_wfd:/home/sebab/ARS_Sanitizer_Project/ARS_Sanitizer_Project_ws/install/energy_pub:/home/sebab/ARS_Sanitizer_Project/ARS_Sanitizer_Project_ws/install/energy_nav:/home/sebab/ARS_Sanitizer_Project/ARS_Sanitizer_Project_ws/install/autonomous_exploration:/opt/ros/humble /usr/bin/cmake --install /home/sebab/ARS_Sanitizer_Project/ARS_Sanitizer_Project_ws/build/turtlebot3_gazebo
[3.883s] Level 1:colcon.colcon_core.environment:checking '/home/sebab/ARS_Sanitizer_Project/ARS_Sanitizer_Project_ws/install/turtlebot3_gazebo' for CMake module files
[3.883s] Level 1:colcon.colcon_core.environment:checking '/home/sebab/ARS_Sanitizer_Project/ARS_Sanitizer_Project_ws/install/turtlebot3_gazebo' for CMake config files
[3.885s] Level 1:colcon.colcon_core.shell:create_environment_hook('turtlebot3_gazebo', 'cmake_prefix_path')
[3.905s] INFO:colcon.colcon_core.shell:Creating environment hook '/home/sebab/ARS_Sanitizer_Project/ARS_Sanitizer_Project_ws/install/turtlebot3_gazebo/share/turtlebot3_gazebo/hook/cmake_prefix_path.ps1'
[3.905s] INFO:colcon.colcon_core.shell:Creating environment descriptor '/home/sebab/ARS_Sanitizer_Project/ARS_Sanitizer_Project_ws/install/turtlebot3_gazebo/share/turtlebot3_gazebo/hook/cmake_prefix_path.dsv'
[3.906s] INFO:colcon.colcon_core.shell:Creating environment hook '/home/sebab/ARS_Sanitizer_Project/ARS_Sanitizer_Project_ws/install/turtlebot3_gazebo/share/turtlebot3_gazebo/hook/cmake_prefix_path.sh'
[3.906s] Level 1:colcon.colcon_core.environment:checking '/home/sebab/ARS_Sanitizer_Project/ARS_Sanitizer_Project_ws/install/turtlebot3_gazebo/lib'
[3.906s] Level 1:colcon.colcon_core.environment:checking '/home/sebab/ARS_Sanitizer_Project/ARS_Sanitizer_Project_ws/install/turtlebot3_gazebo/bin'
[3.906s] Level 1:colcon.colcon_core.environment:checking '/home/sebab/ARS_Sanitizer_Project/ARS_Sanitizer_Project_ws/install/turtlebot3_gazebo/lib/pkgconfig/turtlebot3_gazebo.pc'
[3.907s] Level 1:colcon.colcon_core.environment:checking '/home/sebab/ARS_Sanitizer_Project/ARS_Sanitizer_Project_ws/install/turtlebot3_gazebo/lib/python3.10/site-packages'
[3.907s] Level 1:colcon.colcon_core.environment:checking '/home/sebab/ARS_Sanitizer_Project/ARS_Sanitizer_Project_ws/install/turtlebot3_gazebo/bin'
[3.927s] INFO:colcon.colcon_core.shell:Creating package script '/home/sebab/ARS_Sanitizer_Project/ARS_Sanitizer_Project_ws/install/turtlebot3_gazebo/share/turtlebot3_gazebo/package.ps1'
[3.927s] INFO:colcon.colcon_core.shell:Creating package descriptor '/home/sebab/ARS_Sanitizer_Project/ARS_Sanitizer_Project_ws/install/turtlebot3_gazebo/share/turtlebot3_gazebo/package.dsv'
[3.928s] INFO:colcon.colcon_core.shell:Creating package script '/home/sebab/ARS_Sanitizer_Project/ARS_Sanitizer_Project_ws/install/turtlebot3_gazebo/share/turtlebot3_gazebo/package.sh'
[3.928s] INFO:colcon.colcon_core.shell:Creating package script '/home/sebab/ARS_Sanitizer_Project/ARS_Sanitizer_Project_ws/install/turtlebot3_gazebo/share/turtlebot3_gazebo/package.bash'
[3.928s] INFO:colcon.colcon_core.shell:Creating package script '/home/sebab/ARS_Sanitizer_Project/ARS_Sanitizer_Project_ws/install/turtlebot3_gazebo/share/turtlebot3_gazebo/package.zsh'
[3.929s] Level 1:colcon.colcon_core.environment:create_file_with_runtime_dependencies(/home/sebab/ARS_Sanitizer_Project/ARS_Sanitizer_Project_ws/install/turtlebot3_gazebo/share/colcon-core/packages/turtlebot3_gazebo)
[3.951s] Level 1:colcon.colcon_core.environment:create_environment_scripts_only(turtlebot3_fake_node)
[3.971s] Level 1:colcon.colcon_core.environment:checking '/home/sebab/ARS_Sanitizer_Project/ARS_Sanitizer_Project_ws/install/turtlebot3_fake_node' for CMake module files
[3.972s] Level 1:colcon.colcon_core.environment:checking '/home/sebab/ARS_Sanitizer_Project/ARS_Sanitizer_Project_ws/install/turtlebot3_fake_node' for CMake config files
[3.972s] Level 1:colcon.colcon_core.shell:create_environment_hook('turtlebot3_fake_node', 'cmake_prefix_path')
[3.992s] INFO:colcon.colcon_core.shell:Creating environment hook '/home/sebab/ARS_Sanitizer_Project/ARS_Sanitizer_Project_ws/install/turtlebot3_fake_node/share/turtlebot3_fake_node/hook/cmake_prefix_path.ps1'
[3.993s] INFO:colcon.colcon_core.shell:Creating environment descriptor '/home/sebab/ARS_Sanitizer_Project/ARS_Sanitizer_Project_ws/install/turtlebot3_fake_node/share/turtlebot3_fake_node/hook/cmake_prefix_path.dsv'
[3.993s] INFO:colcon.colcon_core.shell:Creating environment hook '/home/sebab/ARS_Sanitizer_Project/ARS_Sanitizer_Project_ws/install/turtlebot3_fake_node/share/turtlebot3_fake_node/hook/cmake_prefix_path.sh'
[3.993s] Level 1:colcon.colcon_core.environment:checking '/home/sebab/ARS_Sanitizer_Project/ARS_Sanitizer_Project_ws/install/turtlebot3_fake_node/lib'
[3.994s] Level 1:colcon.colcon_core.environment:checking '/home/sebab/ARS_Sanitizer_Project/ARS_Sanitizer_Project_ws/install/turtlebot3_fake_node/bin'
[3.994s] Level 1:colcon.colcon_core.environment:checking '/home/sebab/ARS_Sanitizer_Project/ARS_Sanitizer_Project_ws/install/turtlebot3_fake_node/lib/pkgconfig/turtlebot3_fake_node.pc'
[3.994s] Level 1:colcon.colcon_core.environment:checking '/home/sebab/ARS_Sanitizer_Project/ARS_Sanitizer_Project_ws/install/turtlebot3_fake_node/lib/python3.10/site-packages'
[3.994s] Level 1:colcon.colcon_core.environment:checking '/home/sebab/ARS_Sanitizer_Project/ARS_Sanitizer_Project_ws/install/turtlebot3_fake_node/bin'
[4.014s] INFO:colcon.colcon_core.shell:Creating package script '/home/sebab/ARS_Sanitizer_Project/ARS_Sanitizer_Project_ws/install/turtlebot3_fake_node/share/turtlebot3_fake_node/package.ps1'
[4.014s] INFO:colcon.colcon_core.shell:Creating package descriptor '/home/sebab/ARS_Sanitizer_Project/ARS_Sanitizer_Project_ws/install/turtlebot3_fake_node/share/turtlebot3_fake_node/package.dsv'
[4.015s] INFO:colcon.colcon_core.shell:Creating package script '/home/sebab/ARS_Sanitizer_Project/ARS_Sanitizer_Project_ws/install/turtlebot3_fake_node/share/turtlebot3_fake_node/package.sh'
[4.015s] INFO:colcon.colcon_core.shell:Creating package script '/home/sebab/ARS_Sanitizer_Project/ARS_Sanitizer_Project_ws/install/turtlebot3_fake_node/share/turtlebot3_fake_node/package.bash'
[4.016s] INFO:colcon.colcon_core.shell:Creating package script '/home/sebab/ARS_Sanitizer_Project/ARS_Sanitizer_Project_ws/install/turtlebot3_fake_node/share/turtlebot3_fake_node/package.zsh'
[4.016s] Level 1:colcon.colcon_core.environment:create_file_with_runtime_dependencies(/home/sebab/ARS_Sanitizer_Project/ARS_Sanitizer_Project_ws/install/turtlebot3_fake_node/share/colcon-core/packages/turtlebot3_fake_node)
[4.037s] Level 1:colcon.colcon_core.environment:create_environment_scripts_only(turtlebot3_gazebo)
[4.058s] Level 1:colcon.colcon_core.environment:checking '/home/sebab/ARS_Sanitizer_Project/ARS_Sanitizer_Project_ws/install/turtlebot3_gazebo' for CMake module files
[4.059s] Level 1:colcon.colcon_core.environment:checking '/home/sebab/ARS_Sanitizer_Project/ARS_Sanitizer_Project_ws/install/turtlebot3_gazebo' for CMake config files
[4.060s] Level 1:colcon.colcon_core.shell:create_environment_hook('turtlebot3_gazebo', 'cmake_prefix_path')
[4.081s] INFO:colcon.colcon_core.shell:Creating environment hook '/home/sebab/ARS_Sanitizer_Project/ARS_Sanitizer_Project_ws/install/turtlebot3_gazebo/share/turtlebot3_gazebo/hook/cmake_prefix_path.ps1'
[4.081s] INFO:colcon.colcon_core.shell:Creating environment descriptor '/home/sebab/ARS_Sanitizer_Project/ARS_Sanitizer_Project_ws/install/turtlebot3_gazebo/share/turtlebot3_gazebo/hook/cmake_prefix_path.dsv'
[4.082s] INFO:colcon.colcon_core.shell:Creating environment hook '/home/sebab/ARS_Sanitizer_Project/ARS_Sanitizer_Project_ws/install/turtlebot3_gazebo/share/turtlebot3_gazebo/hook/cmake_prefix_path.sh'
[4.082s] Level 1:colcon.colcon_core.environment:checking '/home/sebab/ARS_Sanitizer_Project/ARS_Sanitizer_Project_ws/install/turtlebot3_gazebo/lib'
[4.082s] Level 1:colcon.colcon_core.environment:checking '/home/sebab/ARS_Sanitizer_Project/ARS_Sanitizer_Project_ws/install/turtlebot3_gazebo/bin'
[4.082s] Level 1:colcon.colcon_core.environment:checking '/home/sebab/ARS_Sanitizer_Project/ARS_Sanitizer_Project_ws/install/turtlebot3_gazebo/lib/pkgconfig/turtlebot3_gazebo.pc'
[4.083s] Level 1:colcon.colcon_core.environment:checking '/home/sebab/ARS_Sanitizer_Project/ARS_Sanitizer_Project_ws/install/turtlebot3_gazebo/lib/python3.10/site-packages'
[4.083s] Level 1:colcon.colcon_core.environment:checking '/home/sebab/ARS_Sanitizer_Project/ARS_Sanitizer_Project_ws/install/turtlebot3_gazebo/bin'
[4.105s] INFO:colcon.colcon_core.shell:Creating package script '/home/sebab/ARS_Sanitizer_Project/ARS_Sanitizer_Project_ws/install/turtlebot3_gazebo/share/turtlebot3_gazebo/package.ps1'
[4.105s] INFO:colcon.colcon_core.shell:Creating package descriptor '/home/sebab/ARS_Sanitizer_Project/ARS_Sanitizer_Project_ws/install/turtlebot3_gazebo/share/turtlebot3_gazebo/package.dsv'
[4.106s] INFO:colcon.colcon_core.shell:Creating package script '/home/sebab/ARS_Sanitizer_Project/ARS_Sanitizer_Project_ws/install/turtlebot3_gazebo/share/turtlebot3_gazebo/package.sh'
[4.106s] INFO:colcon.colcon_core.shell:Creating package script '/home/sebab/ARS_Sanitizer_Project/ARS_Sanitizer_Project_ws/install/turtlebot3_gazebo/share/turtlebot3_gazebo/package.bash'
[4.106s] INFO:colcon.colcon_core.shell:Creating package script '/home/sebab/ARS_Sanitizer_Project/ARS_Sanitizer_Project_ws/install/turtlebot3_gazebo/share/turtlebot3_gazebo/package.zsh'
[4.107s] Level 1:colcon.colcon_core.environment:create_file_with_runtime_dependencies(/home/sebab/ARS_Sanitizer_Project/ARS_Sanitizer_Project_ws/install/turtlebot3_gazebo/share/colcon-core/packages/turtlebot3_gazebo)
[4.107s] INFO:colcon.colcon_ros.task.ament_cmake.build:Building ROS package in '/home/sebab/ARS_Sanitizer_Project/ARS_Sanitizer_Project_ws/src/turtlebot3_simulations/turtlebot3_simulations' with build type 'ament_cmake'
[4.107s] INFO:colcon.colcon_cmake.task.cmake.build:Building CMake package in '/home/sebab/ARS_Sanitizer_Project/ARS_Sanitizer_Project_ws/src/turtlebot3_simulations/turtlebot3_simulations'
[4.128s] INFO:colcon.colcon_core.shell:Skip shell extension 'powershell' for command environment: Not usable outside of PowerShell
[4.128s] DEBUG:colcon.colcon_core.shell:Skip shell extension 'dsv' for command environment
[4.218s] DEBUG:colcon.colcon_core.event_handler.log_command:Invoking command in '/home/sebab/ARS_Sanitizer_Project/ARS_Sanitizer_Project_ws/build/turtlebot3_simulations': CMAKE_PREFIX_PATH=/home/sebab/ARS_Sanitizer_Project/ARS_Sanitizer_Project_ws/install/turtlebot3_gazebo:/home/sebab/ARS_Sanitizer_Project/ARS_Sanitizer_Project_ws/install/turtlebot3_fake_node:/home/sebab/ARS_Sanitizer_Project/ARS_Sanitizer_Project_ws/install/turtlebot3_simulations:/home/sebab/ARS_Sanitizer_Project/ARS_Sanitizer_Project_ws/install/uv_power:/home/sebab/ARS_Sanitizer_Project/ARS_Sanitizer_Project_ws/install/nav2_wfd:/home/sebab/ARS_Sanitizer_Project/ARS_Sanitizer_Project_ws/install/energy_pub:/home/sebab/ARS_Sanitizer_Project/ARS_Sanitizer_Project_ws/install/energy_nav:/home/sebab/ARS_Sanitizer_Project/ARS_Sanitizer_Project_ws/install/autonomous_exploration:/opt/ros/humble /usr/bin/cmake --build /home/sebab/ARS_Sanitizer_Project/ARS_Sanitizer_Project_ws/build/turtlebot3_simulations -- -j16 -l16
[4.270s] DEBUG:colcon.colcon_core.event_handler.log_command:Invoking command in '/home/sebab/ARS_Sanitizer_Project/ARS_Sanitizer_Project_ws/src/energy_nav': PYTHONPATH=/home/sebab/ARS_Sanitizer_Project/ARS_Sanitizer_Project_ws/build/energy_nav/prefix_override:/home/sebab/ARS_Sanitizer_Project/ARS_Sanitizer_Project_ws/install/energy_nav/lib/python3.10/site-packages:${PYTHONPATH} /usr/bin/python3 setup.py egg_info --egg-base ../../build/energy_nav build --build-base /home/sebab/ARS_Sanitizer_Project/ARS_Sanitizer_Project_ws/build/energy_nav/build install --record /home/sebab/ARS_Sanitizer_Project/ARS_Sanitizer_Project_ws/build/energy_nav/install.log --single-version-externally-managed
[4.277s] DEBUG:colcon.colcon_core.event_handler.log_command:Invoking command in '/home/sebab/ARS_Sanitizer_Project/ARS_Sanitizer_Project_ws/src/uv_power': PYTHONPATH=/home/sebab/ARS_Sanitizer_Project/ARS_Sanitizer_Project_ws/build/uv_power/prefix_override:/home/sebab/ARS_Sanitizer_Project/ARS_Sanitizer_Project_ws/install/uv_power/lib/python3.10/site-packages:${PYTHONPATH} /usr/bin/python3 setup.py egg_info --egg-base ../../build/uv_power build --build-base /home/sebab/ARS_Sanitizer_Project/ARS_Sanitizer_Project_ws/build/uv_power/build install --record /home/sebab/ARS_Sanitizer_Project/ARS_Sanitizer_Project_ws/build/uv_power/install.log --single-version-externally-managed
[4.278s] DEBUG:colcon.colcon_core.event_handler.log_command:Invoked command in '/home/sebab/ARS_Sanitizer_Project/ARS_Sanitizer_Project_ws/build/turtlebot3_simulations' returned '0': CMAKE_PREFIX_PATH=/home/sebab/ARS_Sanitizer_Project/ARS_Sanitizer_Project_ws/install/turtlebot3_gazebo:/home/sebab/ARS_Sanitizer_Project/ARS_Sanitizer_Project_ws/install/turtlebot3_fake_node:/home/sebab/ARS_Sanitizer_Project/ARS_Sanitizer_Project_ws/install/turtlebot3_simulations:/home/sebab/ARS_Sanitizer_Project/ARS_Sanitizer_Project_ws/install/uv_power:/home/sebab/ARS_Sanitizer_Project/ARS_Sanitizer_Project_ws/install/nav2_wfd:/home/sebab/ARS_Sanitizer_Project/ARS_Sanitizer_Project_ws/install/energy_pub:/home/sebab/ARS_Sanitizer_Project/ARS_Sanitizer_Project_ws/install/energy_nav:/home/sebab/ARS_Sanitizer_Project/ARS_Sanitizer_Project_ws/install/autonomous_exploration:/opt/ros/humble /usr/bin/cmake --build /home/sebab/ARS_Sanitizer_Project/ARS_Sanitizer_Project_ws/build/turtlebot3_simulations -- -j16 -l16
[4.284s] DEBUG:colcon.colcon_core.event_handler.log_command:Invoking command in '/home/sebab/ARS_Sanitizer_Project/ARS_Sanitizer_Project_ws/src/nav2_wavefront_frontier_exploration': PYTHONPATH=/home/sebab/ARS_Sanitizer_Project/ARS_Sanitizer_Project_ws/build/nav2_wfd/prefix_override:/home/sebab/ARS_Sanitizer_Project/ARS_Sanitizer_Project_ws/install/nav2_wfd/lib/python3.10/site-packages:${PYTHONPATH} /usr/bin/python3 setup.py egg_info --egg-base ../../build/nav2_wfd build --build-base /home/sebab/ARS_Sanitizer_Project/ARS_Sanitizer_Project_ws/build/nav2_wfd/build install --record /home/sebab/ARS_Sanitizer_Project/ARS_Sanitizer_Project_ws/build/nav2_wfd/install.log --single-version-externally-managed
[4.285s] DEBUG:colcon.colcon_core.event_handler.log_command:Invoking command in '/home/sebab/ARS_Sanitizer_Project/ARS_Sanitizer_Project_ws/src/energy_pub': PYTHONPATH=/home/sebab/ARS_Sanitizer_Project/ARS_Sanitizer_Project_ws/build/energy_pub/prefix_override:/home/sebab/ARS_Sanitizer_Project/ARS_Sanitizer_Project_ws/install/energy_pub/lib/python3.10/site-packages:${PYTHONPATH} /usr/bin/python3 setup.py egg_info --egg-base ../../build/energy_pub build --build-base /home/sebab/ARS_Sanitizer_Project/ARS_Sanitizer_Project_ws/build/energy_pub/build install --record /home/sebab/ARS_Sanitizer_Project/ARS_Sanitizer_Project_ws/build/energy_pub/install.log --single-version-externally-managed
[4.302s] DEBUG:colcon.colcon_core.event_handler.log_command:Invoking command in '/home/sebab/ARS_Sanitizer_Project/ARS_Sanitizer_Project_ws/build/turtlebot3_simulations': CMAKE_PREFIX_PATH=/home/sebab/ARS_Sanitizer_Project/ARS_Sanitizer_Project_ws/install/turtlebot3_gazebo:/home/sebab/ARS_Sanitizer_Project/ARS_Sanitizer_Project_ws/install/turtlebot3_fake_node:/home/sebab/ARS_Sanitizer_Project/ARS_Sanitizer_Project_ws/install/turtlebot3_simulations:/home/sebab/ARS_Sanitizer_Project/ARS_Sanitizer_Project_ws/install/uv_power:/home/sebab/ARS_Sanitizer_Project/ARS_Sanitizer_Project_ws/install/nav2_wfd:/home/sebab/ARS_Sanitizer_Project/ARS_Sanitizer_Project_ws/install/energy_pub:/home/sebab/ARS_Sanitizer_Project/ARS_Sanitizer_Project_ws/install/energy_nav:/home/sebab/ARS_Sanitizer_Project/ARS_Sanitizer_Project_ws/install/autonomous_exploration:/opt/ros/humble /usr/bin/cmake --install /home/sebab/ARS_Sanitizer_Project/ARS_Sanitizer_Project_ws/build/turtlebot3_simulations
[4.315s] Level 1:colcon.colcon_core.environment:create_environment_scripts_only(turtlebot3_simulations)
[4.316s] DEBUG:colcon.colcon_core.event_handler.log_command:Invoked command in '/home/sebab/ARS_Sanitizer_Project/ARS_Sanitizer_Project_ws/build/turtlebot3_simulations' returned '0': CMAKE_PREFIX_PATH=/home/sebab/ARS_Sanitizer_Project/ARS_Sanitizer_Project_ws/install/turtlebot3_gazebo:/home/sebab/ARS_Sanitizer_Project/ARS_Sanitizer_Project_ws/install/turtlebot3_fake_node:/home/sebab/ARS_Sanitizer_Project/ARS_Sanitizer_Project_ws/install/turtlebot3_simulations:/home/sebab/ARS_Sanitizer_Project/ARS_Sanitizer_Project_ws/install/uv_power:/home/sebab/ARS_Sanitizer_Project/ARS_Sanitizer_Project_ws/install/nav2_wfd:/home/sebab/ARS_Sanitizer_Project/ARS_Sanitizer_Project_ws/install/energy_pub:/home/sebab/ARS_Sanitizer_Project/ARS_Sanitizer_Project_ws/install/energy_nav:/home/sebab/ARS_Sanitizer_Project/ARS_Sanitizer_Project_ws/install/autonomous_exploration:/opt/ros/humble /usr/bin/cmake --install /home/sebab/ARS_Sanitizer_Project/ARS_Sanitizer_Project_ws/build/turtlebot3_simulations
[4.337s] Level 1:colcon.colcon_core.environment:checking '/home/sebab/ARS_Sanitizer_Project/ARS_Sanitizer_Project_ws/install/turtlebot3_simulations' for CMake module files
[4.338s] Level 1:colcon.colcon_core.environment:checking '/home/sebab/ARS_Sanitizer_Project/ARS_Sanitizer_Project_ws/install/turtlebot3_simulations' for CMake config files
[4.338s] Level 1:colcon.colcon_core.shell:create_environment_hook('turtlebot3_simulations', 'cmake_prefix_path')
[4.360s] INFO:colcon.colcon_core.shell:Creating environment hook '/home/sebab/ARS_Sanitizer_Project/ARS_Sanitizer_Project_ws/install/turtlebot3_simulations/share/turtlebot3_simulations/hook/cmake_prefix_path.ps1'
[4.360s] INFO:colcon.colcon_core.shell:Creating environment descriptor '/home/sebab/ARS_Sanitizer_Project/ARS_Sanitizer_Project_ws/install/turtlebot3_simulations/share/turtlebot3_simulations/hook/cmake_prefix_path.dsv'
[4.360s] INFO:colcon.colcon_core.shell:Creating environment hook '/home/sebab/ARS_Sanitizer_Project/ARS_Sanitizer_Project_ws/install/turtlebot3_simulations/share/turtlebot3_simulations/hook/cmake_prefix_path.sh'
[4.361s] Level 1:colcon.colcon_core.environment:checking '/home/sebab/ARS_Sanitizer_Project/ARS_Sanitizer_Project_ws/install/turtlebot3_simulations/bin'
[4.361s] Level 1:colcon.colcon_core.environment:checking '/home/sebab/ARS_Sanitizer_Project/ARS_Sanitizer_Project_ws/install/turtlebot3_simulations/lib/pkgconfig/turtlebot3_simulations.pc'
[4.361s] Level 1:colcon.colcon_core.environment:checking '/home/sebab/ARS_Sanitizer_Project/ARS_Sanitizer_Project_ws/install/turtlebot3_simulations/lib/python3.10/site-packages'
[4.362s] Level 1:colcon.colcon_core.environment:checking '/home/sebab/ARS_Sanitizer_Project/ARS_Sanitizer_Project_ws/install/turtlebot3_simulations/bin'
[4.383s] INFO:colcon.colcon_core.shell:Creating package script '/home/sebab/ARS_Sanitizer_Project/ARS_Sanitizer_Project_ws/install/turtlebot3_simulations/share/turtlebot3_simulations/package.ps1'
[4.384s] INFO:colcon.colcon_core.shell:Creating package descriptor '/home/sebab/ARS_Sanitizer_Project/ARS_Sanitizer_Project_ws/install/turtlebot3_simulations/share/turtlebot3_simulations/package.dsv'
[4.384s] INFO:colcon.colcon_core.shell:Creating package script '/home/sebab/ARS_Sanitizer_Project/ARS_Sanitizer_Project_ws/install/turtlebot3_simulations/share/turtlebot3_simulations/package.sh'
[4.384s] INFO:colcon.colcon_core.shell:Creating package script '/home/sebab/ARS_Sanitizer_Project/ARS_Sanitizer_Project_ws/install/turtlebot3_simulations/share/turtlebot3_simulations/package.bash'
[4.385s] INFO:colcon.colcon_core.shell:Creating package script '/home/sebab/ARS_Sanitizer_Project/ARS_Sanitizer_Project_ws/install/turtlebot3_simulations/share/turtlebot3_simulations/package.zsh'
[4.385s] Level 1:colcon.colcon_core.environment:create_file_with_runtime_dependencies(/home/sebab/ARS_Sanitizer_Project/ARS_Sanitizer_Project_ws/install/turtlebot3_simulations/share/colcon-core/packages/turtlebot3_simulations)
[4.429s] Level 1:colcon.colcon_core.environment:create_environment_scripts_only(turtlebot3_simulations)
[4.448s] Level 1:colcon.colcon_core.environment:checking '/home/sebab/ARS_Sanitizer_Project/ARS_Sanitizer_Project_ws/install/turtlebot3_simulations' for CMake module files
[4.449s] Level 1:colcon.colcon_core.environment:checking '/home/sebab/ARS_Sanitizer_Project/ARS_Sanitizer_Project_ws/install/turtlebot3_simulations' for CMake config files
[4.449s] Level 1:colcon.colcon_core.shell:create_environment_hook('turtlebot3_simulations', 'cmake_prefix_path')
[4.468s] INFO:colcon.colcon_core.shell:Creating environment hook '/home/sebab/ARS_Sanitizer_Project/ARS_Sanitizer_Project_ws/install/turtlebot3_simulations/share/turtlebot3_simulations/hook/cmake_prefix_path.ps1'
[4.468s] INFO:colcon.colcon_core.shell:Creating environment descriptor '/home/sebab/ARS_Sanitizer_Project/ARS_Sanitizer_Project_ws/install/turtlebot3_simulations/share/turtlebot3_simulations/hook/cmake_prefix_path.dsv'
[4.469s] INFO:colcon.colcon_core.shell:Creating environment hook '/home/sebab/ARS_Sanitizer_Project/ARS_Sanitizer_Project_ws/install/turtlebot3_simulations/share/turtlebot3_simulations/hook/cmake_prefix_path.sh'
[4.469s] Level 1:colcon.colcon_core.environment:checking '/home/sebab/ARS_Sanitizer_Project/ARS_Sanitizer_Project_ws/install/turtlebot3_simulations/bin'
[4.469s] Level 1:colcon.colcon_core.environment:checking '/home/sebab/ARS_Sanitizer_Project/ARS_Sanitizer_Project_ws/install/turtlebot3_simulations/lib/pkgconfig/turtlebot3_simulations.pc'
[4.469s] Level 1:colcon.colcon_core.environment:checking '/home/sebab/ARS_Sanitizer_Project/ARS_Sanitizer_Project_ws/install/turtlebot3_simulations/lib/python3.10/site-packages'
[4.469s] Level 1:colcon.colcon_core.environment:checking '/home/sebab/ARS_Sanitizer_Project/ARS_Sanitizer_Project_ws/install/turtlebot3_simulations/bin'
[4.489s] INFO:colcon.colcon_core.shell:Creating package script '/home/sebab/ARS_Sanitizer_Project/ARS_Sanitizer_Project_ws/install/turtlebot3_simulations/share/turtlebot3_simulations/package.ps1'
[4.489s] INFO:colcon.colcon_core.shell:Creating package descriptor '/home/sebab/ARS_Sanitizer_Project/ARS_Sanitizer_Project_ws/install/turtlebot3_simulations/share/turtlebot3_simulations/package.dsv'
[4.490s] INFO:colcon.colcon_core.shell:Creating package script '/home/sebab/ARS_Sanitizer_Project/ARS_Sanitizer_Project_ws/install/turtlebot3_simulations/share/turtlebot3_simulations/package.sh'
[4.490s] INFO:colcon.colcon_core.shell:Creating package script '/home/sebab/ARS_Sanitizer_Project/ARS_Sanitizer_Project_ws/install/turtlebot3_simulations/share/turtlebot3_simulations/package.bash'
[4.490s] INFO:colcon.colcon_core.shell:Creating package script '/home/sebab/ARS_Sanitizer_Project/ARS_Sanitizer_Project_ws/install/turtlebot3_simulations/share/turtlebot3_simulations/package.zsh'
[4.491s] Level 1:colcon.colcon_core.environment:create_file_with_runtime_dependencies(/home/sebab/ARS_Sanitizer_Project/ARS_Sanitizer_Project_ws/install/turtlebot3_simulations/share/colcon-core/packages/turtlebot3_simulations)
[4.648s] DEBUG:colcon.colcon_core.event_handler.log_command:Invoked command in '/home/sebab/ARS_Sanitizer_Project/ARS_Sanitizer_Project_ws/src/energy_nav' returned '0': PYTHONPATH=/home/sebab/ARS_Sanitizer_Project/ARS_Sanitizer_Project_ws/build/energy_nav/prefix_override:/home/sebab/ARS_Sanitizer_Project/ARS_Sanitizer_Project_ws/install/energy_nav/lib/python3.10/site-packages:${PYTHONPATH} /usr/bin/python3 setup.py egg_info --egg-base ../../build/energy_nav build --build-base /home/sebab/ARS_Sanitizer_Project/ARS_Sanitizer_Project_ws/build/energy_nav/build install --record /home/sebab/ARS_Sanitizer_Project/ARS_Sanitizer_Project_ws/build/energy_nav/install.log --single-version-externally-managed
[4.671s] Level 1:colcon.colcon_core.environment:checking '/home/sebab/ARS_Sanitizer_Project/ARS_Sanitizer_Project_ws/install/energy_nav' for CMake module files
[4.672s] Level 1:colcon.colcon_core.environment:checking '/home/sebab/ARS_Sanitizer_Project/ARS_Sanitizer_Project_ws/install/energy_nav' for CMake config files
[4.672s] Level 1:colcon.colcon_core.environment:checking '/home/sebab/ARS_Sanitizer_Project/ARS_Sanitizer_Project_ws/install/energy_nav/lib'
[4.672s] Level 1:colcon.colcon_core.environment:checking '/home/sebab/ARS_Sanitizer_Project/ARS_Sanitizer_Project_ws/install/energy_nav/bin'
[4.673s] Level 1:colcon.colcon_core.environment:checking '/home/sebab/ARS_Sanitizer_Project/ARS_Sanitizer_Project_ws/install/energy_nav/lib/pkgconfig/energy_nav.pc'
[4.673s] Level 1:colcon.colcon_core.environment:checking '/home/sebab/ARS_Sanitizer_Project/ARS_Sanitizer_Project_ws/install/energy_nav/lib/python3.10/site-packages'
[4.673s] Level 1:colcon.colcon_core.shell:create_environment_hook('energy_nav', 'pythonpath')
[4.692s] INFO:colcon.colcon_core.shell:Creating environment hook '/home/sebab/ARS_Sanitizer_Project/ARS_Sanitizer_Project_ws/install/energy_nav/share/energy_nav/hook/pythonpath.ps1'
[4.693s] INFO:colcon.colcon_core.shell:Creating environment descriptor '/home/sebab/ARS_Sanitizer_Project/ARS_Sanitizer_Project_ws/install/energy_nav/share/energy_nav/hook/pythonpath.dsv'
[4.693s] INFO:colcon.colcon_core.shell:Creating environment hook '/home/sebab/ARS_Sanitizer_Project/ARS_Sanitizer_Project_ws/install/energy_nav/share/energy_nav/hook/pythonpath.sh'
[4.693s] Level 1:colcon.colcon_core.environment:checking '/home/sebab/ARS_Sanitizer_Project/ARS_Sanitizer_Project_ws/install/energy_nav/bin'
[4.693s] Level 1:colcon.colcon_core.environment:create_environment_scripts_only(energy_nav)
[4.710s] INFO:colcon.colcon_core.shell:Creating package script '/home/sebab/ARS_Sanitizer_Project/ARS_Sanitizer_Project_ws/install/energy_nav/share/energy_nav/package.ps1'
[4.711s] INFO:colcon.colcon_core.shell:Creating package descriptor '/home/sebab/ARS_Sanitizer_Project/ARS_Sanitizer_Project_ws/install/energy_nav/share/energy_nav/package.dsv'
[4.712s] INFO:colcon.colcon_core.shell:Creating package script '/home/sebab/ARS_Sanitizer_Project/ARS_Sanitizer_Project_ws/install/energy_nav/share/energy_nav/package.sh'
[4.712s] INFO:colcon.colcon_core.shell:Creating package script '/home/sebab/ARS_Sanitizer_Project/ARS_Sanitizer_Project_ws/install/energy_nav/share/energy_nav/package.bash'
[4.712s] INFO:colcon.colcon_core.shell:Creating package script '/home/sebab/ARS_Sanitizer_Project/ARS_Sanitizer_Project_ws/install/energy_nav/share/energy_nav/package.zsh'
[4.713s] Level 1:colcon.colcon_core.environment:create_file_with_runtime_dependencies(/home/sebab/ARS_Sanitizer_Project/ARS_Sanitizer_Project_ws/install/energy_nav/share/colcon-core/packages/energy_nav)
[4.715s] DEBUG:colcon.colcon_core.event_handler.log_command:Invoked command in '/home/sebab/ARS_Sanitizer_Project/ARS_Sanitizer_Project_ws/src/uv_power' returned '0': PYTHONPATH=/home/sebab/ARS_Sanitizer_Project/ARS_Sanitizer_Project_ws/build/uv_power/prefix_override:/home/sebab/ARS_Sanitizer_Project/ARS_Sanitizer_Project_ws/install/uv_power/lib/python3.10/site-packages:${PYTHONPATH} /usr/bin/python3 setup.py egg_info --egg-base ../../build/uv_power build --build-base /home/sebab/ARS_Sanitizer_Project/ARS_Sanitizer_Project_ws/build/uv_power/build install --record /home/sebab/ARS_Sanitizer_Project/ARS_Sanitizer_Project_ws/build/uv_power/install.log --single-version-externally-managed
[4.733s] Level 1:colcon.colcon_core.environment:checking '/home/sebab/ARS_Sanitizer_Project/ARS_Sanitizer_Project_ws/install/uv_power' for CMake module files
[4.733s] Level 1:colcon.colcon_core.environment:checking '/home/sebab/ARS_Sanitizer_Project/ARS_Sanitizer_Project_ws/install/uv_power' for CMake config files
[4.734s] Level 1:colcon.colcon_core.environment:checking '/home/sebab/ARS_Sanitizer_Project/ARS_Sanitizer_Project_ws/install/uv_power/lib'
[4.734s] Level 1:colcon.colcon_core.environment:checking '/home/sebab/ARS_Sanitizer_Project/ARS_Sanitizer_Project_ws/install/uv_power/bin'
[4.734s] Level 1:colcon.colcon_core.environment:checking '/home/sebab/ARS_Sanitizer_Project/ARS_Sanitizer_Project_ws/install/uv_power/lib/pkgconfig/uv_power.pc'
[4.734s] Level 1:colcon.colcon_core.environment:checking '/home/sebab/ARS_Sanitizer_Project/ARS_Sanitizer_Project_ws/install/uv_power/lib/python3.10/site-packages'
[4.734s] Level 1:colcon.colcon_core.shell:create_environment_hook('uv_power', 'pythonpath')
[4.751s] INFO:colcon.colcon_core.shell:Creating environment hook '/home/sebab/ARS_Sanitizer_Project/ARS_Sanitizer_Project_ws/install/uv_power/share/uv_power/hook/pythonpath.ps1'
[4.752s] INFO:colcon.colcon_core.shell:Creating environment descriptor '/home/sebab/ARS_Sanitizer_Project/ARS_Sanitizer_Project_ws/install/uv_power/share/uv_power/hook/pythonpath.dsv'
[4.752s] INFO:colcon.colcon_core.shell:Creating environment hook '/home/sebab/ARS_Sanitizer_Project/ARS_Sanitizer_Project_ws/install/uv_power/share/uv_power/hook/pythonpath.sh'
[4.753s] Level 1:colcon.colcon_core.environment:checking '/home/sebab/ARS_Sanitizer_Project/ARS_Sanitizer_Project_ws/install/uv_power/bin'
[4.753s] Level 1:colcon.colcon_core.environment:create_environment_scripts_only(uv_power)
[4.770s] INFO:colcon.colcon_core.shell:Creating package script '/home/sebab/ARS_Sanitizer_Project/ARS_Sanitizer_Project_ws/install/uv_power/share/uv_power/package.ps1'
[4.771s] INFO:colcon.colcon_core.shell:Creating package descriptor '/home/sebab/ARS_Sanitizer_Project/ARS_Sanitizer_Project_ws/install/uv_power/share/uv_power/package.dsv'
[4.771s] INFO:colcon.colcon_core.shell:Creating package script '/home/sebab/ARS_Sanitizer_Project/ARS_Sanitizer_Project_ws/install/uv_power/share/uv_power/package.sh'
[4.771s] INFO:colcon.colcon_core.shell:Creating package script '/home/sebab/ARS_Sanitizer_Project/ARS_Sanitizer_Project_ws/install/uv_power/share/uv_power/package.bash'
[4.772s] INFO:colcon.colcon_core.shell:Creating package script '/home/sebab/ARS_Sanitizer_Project/ARS_Sanitizer_Project_ws/install/uv_power/share/uv_power/package.zsh'
[4.772s] Level 1:colcon.colcon_core.environment:create_file_with_runtime_dependencies(/home/sebab/ARS_Sanitizer_Project/ARS_Sanitizer_Project_ws/install/uv_power/share/colcon-core/packages/uv_power)
[4.773s] DEBUG:colcon.colcon_core.event_handler.log_command:Invoked command in '/home/sebab/ARS_Sanitizer_Project/ARS_Sanitizer_Project_ws/src/nav2_wavefront_frontier_exploration' returned '0': PYTHONPATH=/home/sebab/ARS_Sanitizer_Project/ARS_Sanitizer_Project_ws/build/nav2_wfd/prefix_override:/home/sebab/ARS_Sanitizer_Project/ARS_Sanitizer_Project_ws/install/nav2_wfd/lib/python3.10/site-packages:${PYTHONPATH} /usr/bin/python3 setup.py egg_info --egg-base ../../build/nav2_wfd build --build-base /home/sebab/ARS_Sanitizer_Project/ARS_Sanitizer_Project_ws/build/nav2_wfd/build install --record /home/sebab/ARS_Sanitizer_Project/ARS_Sanitizer_Project_ws/build/nav2_wfd/install.log --single-version-externally-managed
[4.790s] Level 1:colcon.colcon_core.environment:checking '/home/sebab/ARS_Sanitizer_Project/ARS_Sanitizer_Project_ws/install/nav2_wfd' for CMake module files
[4.791s] Level 1:colcon.colcon_core.environment:checking '/home/sebab/ARS_Sanitizer_Project/ARS_Sanitizer_Project_ws/install/nav2_wfd' for CMake config files
[4.791s] Level 1:colcon.colcon_core.environment:checking '/home/sebab/ARS_Sanitizer_Project/ARS_Sanitizer_Project_ws/install/nav2_wfd/lib'
[4.791s] Level 1:colcon.colcon_core.environment:checking '/home/sebab/ARS_Sanitizer_Project/ARS_Sanitizer_Project_ws/install/nav2_wfd/bin'
[4.791s] Level 1:colcon.colcon_core.environment:checking '/home/sebab/ARS_Sanitizer_Project/ARS_Sanitizer_Project_ws/install/nav2_wfd/lib/pkgconfig/nav2_wfd.pc'
[4.792s] Level 1:colcon.colcon_core.environment:checking '/home/sebab/ARS_Sanitizer_Project/ARS_Sanitizer_Project_ws/install/nav2_wfd/lib/python3.10/site-packages'
[4.792s] Level 1:colcon.colcon_core.shell:create_environment_hook('nav2_wfd', 'pythonpath')
[4.808s] INFO:colcon.colcon_core.shell:Creating environment hook '/home/sebab/ARS_Sanitizer_Project/ARS_Sanitizer_Project_ws/install/nav2_wfd/share/nav2_wfd/hook/pythonpath.ps1'
[4.809s] INFO:colcon.colcon_core.shell:Creating environment descriptor '/home/sebab/ARS_Sanitizer_Project/ARS_Sanitizer_Project_ws/install/nav2_wfd/share/nav2_wfd/hook/pythonpath.dsv'
[4.809s] INFO:colcon.colcon_core.shell:Creating environment hook '/home/sebab/ARS_Sanitizer_Project/ARS_Sanitizer_Project_ws/install/nav2_wfd/share/nav2_wfd/hook/pythonpath.sh'
[4.810s] Level 1:colcon.colcon_core.environment:checking '/home/sebab/ARS_Sanitizer_Project/ARS_Sanitizer_Project_ws/install/nav2_wfd/bin'
[4.810s] Level 1:colcon.colcon_core.environment:create_environment_scripts_only(nav2_wfd)
[4.827s] INFO:colcon.colcon_core.shell:Creating package script '/home/sebab/ARS_Sanitizer_Project/ARS_Sanitizer_Project_ws/install/nav2_wfd/share/nav2_wfd/package.ps1'
[4.828s] INFO:colcon.colcon_core.shell:Creating package descriptor '/home/sebab/ARS_Sanitizer_Project/ARS_Sanitizer_Project_ws/install/nav2_wfd/share/nav2_wfd/package.dsv'
[4.828s] INFO:colcon.colcon_core.shell:Creating package script '/home/sebab/ARS_Sanitizer_Project/ARS_Sanitizer_Project_ws/install/nav2_wfd/share/nav2_wfd/package.sh'
[4.828s] INFO:colcon.colcon_core.shell:Creating package script '/home/sebab/ARS_Sanitizer_Project/ARS_Sanitizer_Project_ws/install/nav2_wfd/share/nav2_wfd/package.bash'
[4.829s] INFO:colcon.colcon_core.shell:Creating package script '/home/sebab/ARS_Sanitizer_Project/ARS_Sanitizer_Project_ws/install/nav2_wfd/share/nav2_wfd/package.zsh'
[4.829s] Level 1:colcon.colcon_core.environment:create_file_with_runtime_dependencies(/home/sebab/ARS_Sanitizer_Project/ARS_Sanitizer_Project_ws/install/nav2_wfd/share/colcon-core/packages/nav2_wfd)
[4.830s] DEBUG:colcon.colcon_core.event_handler.log_command:Invoked command in '/home/sebab/ARS_Sanitizer_Project/ARS_Sanitizer_Project_ws/src/energy_pub' returned '0': PYTHONPATH=/home/sebab/ARS_Sanitizer_Project/ARS_Sanitizer_Project_ws/build/energy_pub/prefix_override:/home/sebab/ARS_Sanitizer_Project/ARS_Sanitizer_Project_ws/install/energy_pub/lib/python3.10/site-packages:${PYTHONPATH} /usr/bin/python3 setup.py egg_info --egg-base ../../build/energy_pub build --build-base /home/sebab/ARS_Sanitizer_Project/ARS_Sanitizer_Project_ws/build/energy_pub/build install --record /home/sebab/ARS_Sanitizer_Project/ARS_Sanitizer_Project_ws/build/energy_pub/install.log --single-version-externally-managed
[4.847s] Level 1:colcon.colcon_core.environment:checking '/home/sebab/ARS_Sanitizer_Project/ARS_Sanitizer_Project_ws/install/energy_pub' for CMake module files
[4.848s] Level 1:colcon.colcon_core.environment:checking '/home/sebab/ARS_Sanitizer_Project/ARS_Sanitizer_Project_ws/install/energy_pub' for CMake config files
[4.848s] Level 1:colcon.colcon_core.environment:checking '/home/sebab/ARS_Sanitizer_Project/ARS_Sanitizer_Project_ws/install/energy_pub/lib'
[4.848s] Level 1:colcon.colcon_core.environment:checking '/home/sebab/ARS_Sanitizer_Project/ARS_Sanitizer_Project_ws/install/energy_pub/bin'
[4.848s] Level 1:colcon.colcon_core.environment:checking '/home/sebab/ARS_Sanitizer_Project/ARS_Sanitizer_Project_ws/install/energy_pub/lib/pkgconfig/energy_pub.pc'
[4.849s] Level 1:colcon.colcon_core.environment:checking '/home/sebab/ARS_Sanitizer_Project/ARS_Sanitizer_Project_ws/install/energy_pub/lib/python3.10/site-packages'
[4.849s] Level 1:colcon.colcon_core.shell:create_environment_hook('energy_pub', 'pythonpath')
[4.866s] INFO:colcon.colcon_core.shell:Creating environment hook '/home/sebab/ARS_Sanitizer_Project/ARS_Sanitizer_Project_ws/install/energy_pub/share/energy_pub/hook/pythonpath.ps1'
[4.866s] INFO:colcon.colcon_core.shell:Creating environment descriptor '/home/sebab/ARS_Sanitizer_Project/ARS_Sanitizer_Project_ws/install/energy_pub/share/energy_pub/hook/pythonpath.dsv'
[4.866s] INFO:colcon.colcon_core.shell:Creating environment hook '/home/sebab/ARS_Sanitizer_Project/ARS_Sanitizer_Project_ws/install/energy_pub/share/energy_pub/hook/pythonpath.sh'
[4.867s] Level 1:colcon.colcon_core.environment:checking '/home/sebab/ARS_Sanitizer_Project/ARS_Sanitizer_Project_ws/install/energy_pub/bin'
[4.867s] Level 1:colcon.colcon_core.environment:create_environment_scripts_only(energy_pub)
[4.884s] INFO:colcon.colcon_core.shell:Creating package script '/home/sebab/ARS_Sanitizer_Project/ARS_Sanitizer_Project_ws/install/energy_pub/share/energy_pub/package.ps1'
[4.885s] INFO:colcon.colcon_core.shell:Creating package descriptor '/home/sebab/ARS_Sanitizer_Project/ARS_Sanitizer_Project_ws/install/energy_pub/share/energy_pub/package.dsv'
[4.885s] INFO:colcon.colcon_core.shell:Creating package script '/home/sebab/ARS_Sanitizer_Project/ARS_Sanitizer_Project_ws/install/energy_pub/share/energy_pub/package.sh'
[4.886s] INFO:colcon.colcon_core.shell:Creating package script '/home/sebab/ARS_Sanitizer_Project/ARS_Sanitizer_Project_ws/install/energy_pub/share/energy_pub/package.bash'
[4.886s] INFO:colcon.colcon_core.shell:Creating package script '/home/sebab/ARS_Sanitizer_Project/ARS_Sanitizer_Project_ws/install/energy_pub/share/energy_pub/package.zsh'
[4.886s] Level 1:colcon.colcon_core.environment:create_file_with_runtime_dependencies(/home/sebab/ARS_Sanitizer_Project/ARS_Sanitizer_Project_ws/install/energy_pub/share/colcon-core/packages/energy_pub)
[4.886s] DEBUG:colcon.colcon_parallel_executor.executor.parallel:closing loop
[4.887s] DEBUG:colcon.colcon_parallel_executor.executor.parallel:loop closed
[4.887s] DEBUG:colcon.colcon_parallel_executor.executor.parallel:run_until_complete finished with '0'
[4.887s] DEBUG:colcon.colcon_core.event_reactor:joining thread
[4.910s] INFO:colcon.colcon_core.plugin_system:Skipping extension 'colcon_notification.desktop_notification.terminal_notifier': Not used on non-Darwin systems
[4.910s] INFO:colcon.colcon_core.plugin_system:Skipping extension 'colcon_notification.desktop_notification.win32': Not used on non-Windows systems
[4.910s] INFO:colcon.colcon_notification.desktop_notification:Sending desktop notification using 'notify2'
[4.924s] DEBUG:colcon.colcon_core.event_reactor:joined thread
[4.944s] INFO:colcon.colcon_core.shell:Creating prefix script '/home/sebab/ARS_Sanitizer_Project/ARS_Sanitizer_Project_ws/install/local_setup.ps1'
[4.944s] INFO:colcon.colcon_core.shell:Creating prefix util module '/home/sebab/ARS_Sanitizer_Project/ARS_Sanitizer_Project_ws/install/_local_setup_util_ps1.py'
[4.946s] INFO:colcon.colcon_core.shell:Creating prefix chain script '/home/sebab/ARS_Sanitizer_Project/ARS_Sanitizer_Project_ws/install/setup.ps1'
[4.963s] INFO:colcon.colcon_core.shell:Creating prefix script '/home/sebab/ARS_Sanitizer_Project/ARS_Sanitizer_Project_ws/install/local_setup.sh'
[4.964s] INFO:colcon.colcon_core.shell:Creating prefix util module '/home/sebab/ARS_Sanitizer_Project/ARS_Sanitizer_Project_ws/install/_local_setup_util_sh.py'
[4.964s] INFO:colcon.colcon_core.shell:Creating prefix chain script '/home/sebab/ARS_Sanitizer_Project/ARS_Sanitizer_Project_ws/install/setup.sh'
[4.982s] INFO:colcon.colcon_core.shell:Creating prefix script '/home/sebab/ARS_Sanitizer_Project/ARS_Sanitizer_Project_ws/install/local_setup.bash'
[4.982s] INFO:colcon.colcon_core.shell:Creating prefix chain script '/home/sebab/ARS_Sanitizer_Project/ARS_Sanitizer_Project_ws/install/setup.bash'
[5.001s] INFO:colcon.colcon_core.shell:Creating prefix script '/home/sebab/ARS_Sanitizer_Project/ARS_Sanitizer_Project_ws/install/local_setup.zsh'
[5.002s] INFO:colcon.colcon_core.shell:Creating prefix chain script '/home/sebab/ARS_Sanitizer_Project/ARS_Sanitizer_Project_ws/install/setup.zsh'
