[1.635s] Invoking command in '/home/sebab/ARS_Sanitizer_Project/ARS_Sanitizer_Project_ws/src/nav2_wavefront_frontier_exploration': PYTHONPATH=/home/sebab/ARS_Sanitizer_Project/ARS_Sanitizer_Project_ws/build/nav2_wfd/prefix_override:/home/sebab/ARS_Sanitizer_Project/ARS_Sanitizer_Project_ws/install/nav2_wfd/lib/python3.10/site-packages:${PYTHONPATH} /usr/bin/python3 setup.py egg_info --egg-base ../../build/nav2_wfd build --build-base /home/sebab/ARS_Sanitizer_Project/ARS_Sanitizer_Project_ws/build/nav2_wfd/build install --record /home/sebab/ARS_Sanitizer_Project/ARS_Sanitizer_Project_ws/build/nav2_wfd/install.log --single-version-externally-managed
[1.924s] running egg_info
[1.925s] writing ../../build/nav2_wfd/nav2_wfd.egg-info/PKG-INFO
[1.925s] writing dependency_links to ../../build/nav2_wfd/nav2_wfd.egg-info/dependency_links.txt
[1.925s] writing entry points to ../../build/nav2_wfd/nav2_wfd.egg-info/entry_points.txt
[1.925s] writing requirements to ../../build/nav2_wfd/nav2_wfd.egg-info/requires.txt
[1.925s] writing top-level names to ../../build/nav2_wfd/nav2_wfd.egg-info/top_level.txt
[1.928s] reading manifest file '../../build/nav2_wfd/nav2_wfd.egg-info/SOURCES.txt'
[1.928s] adding license file 'LICENSE'
[1.928s] writing manifest file '../../build/nav2_wfd/nav2_wfd.egg-info/SOURCES.txt'
[1.928s] running build
[1.929s] running build_py
[1.929s] running install
[1.929s] running install_lib
[1.930s] running install_data
[1.931s] running install_egg_info
[1.933s] removing '/home/sebab/ARS_Sanitizer_Project/ARS_Sanitizer_Project_ws/install/nav2_wfd/lib/python3.10/site-packages/nav2_wfd-0.0.0-py3.10.egg-info' (and everything under it)
[1.933s] Copying ../../build/nav2_wfd/nav2_wfd.egg-info to /home/sebab/ARS_Sanitizer_Project/ARS_Sanitizer_Project_ws/install/nav2_wfd/lib/python3.10/site-packages/nav2_wfd-0.0.0-py3.10.egg-info
[1.934s] running install_scripts
[1.961s] Installing explore script to /home/sebab/ARS_Sanitizer_Project/ARS_Sanitizer_Project_ws/install/nav2_wfd/lib/nav2_wfd
[1.961s] writing list of installed files to '/home/sebab/ARS_Sanitizer_Project/ARS_Sanitizer_Project_ws/build/nav2_wfd/install.log'
[2.075s] Invoked command in '/home/sebab/ARS_Sanitizer_Project/ARS_Sanitizer_Project_ws/src/nav2_wavefront_frontier_exploration' returned '0': PYTHONPATH=/home/sebab/ARS_Sanitizer_Project/ARS_Sanitizer_Project_ws/build/nav2_wfd/prefix_override:/home/sebab/ARS_Sanitizer_Project/ARS_Sanitizer_Project_ws/install/nav2_wfd/lib/python3.10/site-packages:${PYTHONPATH} /usr/bin/python3 setup.py egg_info --egg-base ../../build/nav2_wfd build --build-base /home/sebab/ARS_Sanitizer_Project/ARS_Sanitizer_Project_ws/build/nav2_wfd/build install --record /home/sebab/ARS_Sanitizer_Project/ARS_Sanitizer_Project_ws/build/nav2_wfd/install.log --single-version-externally-managed
