[0.037s] Invoking command in '/home/sebab/ARS_final_project/build/turtlebot3_gazebo': CMAKE_PREFIX_PATH=/opt/ros/humble /usr/bin/cmake /home/sebab/ARS_final_project/src/turtlebot3_simulations/turtlebot3_gazebo -DAMENT_CMAKE_SYMLINK_INSTALL=1 -DCMAKE_INSTALL_PREFIX=/home/sebab/ARS_final_project/install/turtlebot3_gazebo
[0.068s] -- The C compiler identification is GNU 11.4.0
[0.107s] -- The CXX compiler identification is GNU 11.4.0
[0.111s] -- Detecting C compiler ABI info
[0.152s] -- Detecting C compiler ABI info - done
[0.156s] -- Check for working C compiler: /usr/bin/cc - skipped
[0.157s] -- Detecting C compile features
[0.157s] -- Detecting C compile features - done
[0.158s] -- Detecting CXX compiler ABI info
[0.206s] -- Detecting CXX compiler ABI info - done
[0.211s] -- Check for working CXX compiler: /usr/bin/c++ - skipped
[0.211s] -- Detecting CXX compile features
[0.211s] -- Detecting CXX compile features - done
[0.213s] -- Found ament_cmake: 1.3.6 (/opt/ros/humble/share/ament_cmake/cmake)
[0.318s] -- Found Python3: /usr/bin/python3.10 (found version "3.10.12") found components: Interpreter 
[0.354s] -- Override CMake install command with custom implementation using symlinks instead of copying resources
[0.382s] [33mCMake Warning (dev) at /usr/share/cmake-3.22/Modules/FindPackageHandleStandardArgs.cmake:440 (message):
[0.382s]   The package name passed to `find_package_handle_standard_args` (PkgConfig)
[0.382s]   does not match the name of the calling package (gazebo).  This can lead to
[0.382s]   problems in calling code that expects `find_package` result variables
[0.382s]   (e.g., `_FOUND`) to follow a certain pattern.
[0.382s] Call Stack (most recent call first):
[0.382s]   /usr/share/cmake-3.22/Modules/FindPkgConfig.cmake:99 (find_package_handle_standard_args)
[0.382s]   /usr/lib/x86_64-linux-gnu/cmake/gazebo/gazebo-config.cmake:72 (include)
[0.382s]   CMakeLists.txt:23 (find_package)
[0.382s] This warning is for project developers.  Use -Wno-dev to suppress it.
[0.382s] [0m
[0.382s] -- Found PkgConfig: /usr/bin/pkg-config (found version "0.29.2") 
[0.385s] -- Checking for module 'bullet>=2.82'
[0.391s] --   Found bullet, version 3.05
[0.450s] -- Found fcl: /usr/include (found suitable version "0.7.0", minimum required is "0.5.0") 
[0.477s] -- Found assimp: /usr/include (found version "5.2.0") 
[0.488s] -- Found DART: /usr/include (Required is at least version "6.6") found components: dart 
[0.589s] -- Found Boost: /usr/lib/x86_64-linux-gnu/cmake/Boost-1.74.0/BoostConfig.cmake (found suitable version "1.74.0", minimum required is "1.40.0") found components: thread system filesystem program_options regex iostreams date_time 
[0.601s] -- Found Protobuf: /usr/lib/x86_64-linux-gnu/libprotobuf.so (found version "3.12.4") 
[0.604s] -- Looking for ignition-math6 -- found version 6.15.1
[0.607s] -- Searching for dependencies of ignition-math6
[0.608s] -- Looking for OGRE...
[0.608s] -- OGRE_PREFIX_WATCH changed.
[0.611s] -- Checking for module 'OGRE'
[0.618s] --   Found OGRE, version 1.9.0
[0.636s] -- Found Ogre Ghadamon (1.9.0)
[0.646s] -- Found OGRE: optimized;/usr/lib/x86_64-linux-gnu/libOgreMain.so;debug;/usr/lib/x86_64-linux-gnu/libOgreMain.so
[0.652s] -- Looking for OGRE_Paging...
[0.655s] -- Found OGRE_Paging: optimized;/usr/lib/x86_64-linux-gnu/libOgrePaging.so;debug;/usr/lib/x86_64-linux-gnu/libOgrePaging.so
[0.656s] -- Looking for OGRE_Terrain...
[0.659s] -- Found OGRE_Terrain: optimized;/usr/lib/x86_64-linux-gnu/libOgreTerrain.so;debug;/usr/lib/x86_64-linux-gnu/libOgreTerrain.so
[0.659s] -- Looking for OGRE_Property...
[0.662s] -- Found OGRE_Property: optimized;/usr/lib/x86_64-linux-gnu/libOgreProperty.so;debug;/usr/lib/x86_64-linux-gnu/libOgreProperty.so
[0.662s] -- Looking for OGRE_RTShaderSystem...
[0.666s] -- Found OGRE_RTShaderSystem: optimized;/usr/lib/x86_64-linux-gnu/libOgreRTShaderSystem.so;debug;/usr/lib/x86_64-linux-gnu/libOgreRTShaderSystem.so
[0.666s] -- Looking for OGRE_Volume...
[0.669s] -- Found OGRE_Volume: optimized;/usr/lib/x86_64-linux-gnu/libOgreVolume.so;debug;/usr/lib/x86_64-linux-gnu/libOgreVolume.so
[0.669s] -- Looking for OGRE_Overlay...
[0.673s] -- Found OGRE_Overlay: optimized;/usr/lib/x86_64-linux-gnu/libOgreOverlay.so;debug;/usr/lib/x86_64-linux-gnu/libOgreOverlay.so
[0.745s] -- Looking for ignition-math6 -- found version 6.15.1
[0.746s] -- Looking for ignition-transport8 -- found version 8.2.1
[0.746s] -- Searching for dependencies of ignition-transport8
[0.758s] -- Found Protobuf: /usr/lib/x86_64-linux-gnu/libprotobuf.so (found suitable version "3.12.4", minimum required is "3") 
[0.765s] -- Config-file not installed for ZeroMQ -- checking for pkg-config
[0.768s] -- Checking for module 'libzmq >= 4'
[0.776s] --   Found libzmq , version 4.3.4
[0.796s] -- Found ZeroMQ: TRUE (Required is at least version "4") 
[0.800s] -- Checking for module 'uuid'
[0.807s] --   Found uuid, version 2.37.2
[0.826s] -- Found UUID: TRUE  
[0.827s] -- Looking for ignition-msgs5 -- found version 5.8.1
[0.827s] -- Searching for dependencies of ignition-msgs5
[0.840s] -- Looking for ignition-math6 -- found version 6.15.1
[0.842s] -- Checking for module 'tinyxml2'
[0.849s] --   Found tinyxml2, version 9.0.0
[0.869s] -- Looking for ignition-msgs5 -- found version 5.8.1
[0.870s] -- Looking for ignition-common3 -- found version 3.14.0
[0.870s] -- Searching for dependencies of ignition-common3
[0.870s] -- Looking for dlfcn.h - found
[0.871s] -- Looking for libdl - found
[0.872s] -- Found DL: TRUE  
[0.879s] -- Found tinyobjloader: /usr/lib/x86_64-linux-gnu/cmake/tinyobjloader/tinyobjloader-config.cmake (found version "2.0.0") 
[0.880s] -- Searching for <ignition-common3> component [graphics]
[0.881s] -- Looking for ignition-common3-graphics -- found version 3.14.0
[0.881s] -- Searching for dependencies of ignition-common3-graphics
[0.881s] -- Looking for ignition-math6 -- found version 6.15.1
[0.883s] -- Looking for ignition-fuel_tools4 -- found version 4.4.0
[0.883s] -- Searching for dependencies of ignition-fuel_tools4
[0.931s] -- Found CURL: /usr/lib/x86_64-linux-gnu/libcurl.so (found version "7.81.0")  
[0.936s] -- Checking for module 'jsoncpp'
[0.943s] --   Found jsoncpp, version 1.9.5
[0.962s] -- Found JSONCPP: TRUE  
[0.965s] -- Checking for module 'libzip'
[0.972s] --   Found libzip, version 1.7.3
[0.991s] -- Found ZIP: TRUE  
[0.991s] -- Looking for ignition-common3 -- found version 3.14.0
[0.991s] -- Looking for ignition-math6 -- found version 6.15.1
[0.992s] -- Looking for ignition-msgs5 -- found version 5.8.1
[0.995s] -- Found gazebo_ros_pkgs: 3.7.0 (/opt/ros/humble/share/gazebo_ros_pkgs/cmake)
[0.996s] -- Found geometry_msgs: 4.2.3 (/opt/ros/humble/share/geometry_msgs/cmake)
[1.014s] -- Found rosidl_generator_c: 3.1.5 (/opt/ros/humble/share/rosidl_generator_c/cmake)
[1.017s] -- Found rosidl_adapter: 3.1.5 (/opt/ros/humble/share/rosidl_adapter/cmake)
[1.022s] -- Found rosidl_generator_cpp: 3.1.5 (/opt/ros/humble/share/rosidl_generator_cpp/cmake)
[1.030s] -- Using all available rosidl_typesupport_c: rosidl_typesupport_fastrtps_c;rosidl_typesupport_introspection_c
[1.043s] -- Using all available rosidl_typesupport_cpp: rosidl_typesupport_fastrtps_cpp;rosidl_typesupport_introspection_cpp
[1.115s] -- Found nav_msgs: 4.2.3 (/opt/ros/humble/share/nav_msgs/cmake)
[1.167s] -- Found rclcpp: 16.0.7 (/opt/ros/humble/share/rclcpp/cmake)
[1.204s] -- Found rmw_implementation_cmake: 6.1.1 (/opt/ros/humble/share/rmw_implementation_cmake/cmake)
[1.205s] -- Found rmw_cyclonedds_cpp: 1.3.4 (/opt/ros/humble/share/rmw_cyclonedds_cpp/cmake)
[1.224s] -- Using RMW implementation 'rmw_cyclonedds_cpp' as default
[1.230s] -- Found Threads: TRUE  
[1.308s] -- Found sensor_msgs: 4.2.3 (/opt/ros/humble/share/sensor_msgs/cmake)
[1.359s] -- Found tf2: 0.25.5 (/opt/ros/humble/share/tf2/cmake)
[1.412s] -- Configuring done
[1.428s] -- Generating done
[1.430s] -- Build files have been written to: /home/sebab/ARS_final_project/build/turtlebot3_gazebo
[1.440s] Invoked command in '/home/sebab/ARS_final_project/build/turtlebot3_gazebo' returned '0': CMAKE_PREFIX_PATH=/opt/ros/humble /usr/bin/cmake /home/sebab/ARS_final_project/src/turtlebot3_simulations/turtlebot3_gazebo -DAMENT_CMAKE_SYMLINK_INSTALL=1 -DCMAKE_INSTALL_PREFIX=/home/sebab/ARS_final_project/install/turtlebot3_gazebo
[1.440s] Invoking command in '/home/sebab/ARS_final_project/build/turtlebot3_gazebo': CMAKE_PREFIX_PATH=/opt/ros/humble /usr/bin/cmake --build /home/sebab/ARS_final_project/build/turtlebot3_gazebo -- -j16 -l16
[1.471s] [ 37%] [32mBuilding CXX object CMakeFiles/obstacles.dir/models/turtlebot3_dqn_world/obstacle_plugin/obstacles.cc.o[0m
[1.471s] [ 37%] [32mBuilding CXX object CMakeFiles/obstacle1.dir/models/turtlebot3_dqn_world/obstacle_plugin/obstacle1.cc.o[0m
[1.471s] [ 50%] [32mBuilding CXX object CMakeFiles/obstacle2.dir/models/turtlebot3_dqn_world/obstacle_plugin/obstacle2.cc.o[0m
[1.471s] [ 50%] [32mBuilding CXX object CMakeFiles/turtlebot3_drive.dir/src/turtlebot3_drive.cpp.o[0m
[9.603s] [ 62%] [32m[1mLinking CXX shared library libobstacle1.so[0m
[9.659s] [ 75%] [32m[1mLinking CXX shared library libobstacle2.so[0m
[9.664s] [ 87%] [32m[1mLinking CXX shared library libobstacles.so[0m
[9.677s] [100%] [32m[1mLinking CXX executable turtlebot3_drive[0m
[9.768s] [100%] Built target obstacle1
[9.825s] [100%] Built target obstacle2
[9.831s] [100%] Built target obstacles
[10.052s] [100%] Built target turtlebot3_drive
