running egg_info
writing ../../build/task4_sanification/task4_sanification.egg-info/PKG-INFO
writing dependency_links to ../../build/task4_sanification/task4_sanification.egg-info/dependency_links.txt
writing entry points to ../../build/task4_sanification/task4_sanification.egg-info/entry_points.txt
writing requirements to ../../build/task4_sanification/task4_sanification.egg-info/requires.txt
writing top-level names to ../../build/task4_sanification/task4_sanification.egg-info/top_level.txt
reading manifest file '../../build/task4_sanification/task4_sanification.egg-info/SOURCES.txt'
writing manifest file '../../build/task4_sanification/task4_sanification.egg-info/SOURCES.txt'
running build
running build_py
copying task4_sanification/energy_navigation_node.py -> /home/sebab/ARS_Sanitizer_Project/ARS_Sanitizer_Project_ws/build/task4_sanification/build/lib/task4_sanification
running install
running install_lib
copying /home/sebab/ARS_Sanitizer_Project/ARS_Sanitizer_Project_ws/build/task4_sanification/build/lib/task4_sanification/energy_navigation_node.py -> /home/sebab/ARS_Sanitizer_Project/ARS_Sanitizer_Project_ws/install/task4_sanification/lib/python3.10/site-packages/task4_sanification
byte-compiling /home/sebab/ARS_Sanitizer_Project/ARS_Sanitizer_Project_ws/install/task4_sanification/lib/python3.10/site-packages/task4_sanification/energy_navigation_node.py to energy_navigation_node.cpython-310.pyc
running install_data
running install_egg_info
removing '/home/sebab/ARS_Sanitizer_Project/ARS_Sanitizer_Project_ws/install/task4_sanification/lib/python3.10/site-packages/task4_sanification-0.0.0-py3.10.egg-info' (and everything under it)
Copying ../../build/task4_sanification/task4_sanification.egg-info to /home/sebab/ARS_Sanitizer_Project/ARS_Sanitizer_Project_ws/install/task4_sanification/lib/python3.10/site-packages/task4_sanification-0.0.0-py3.10.egg-info
running install_scripts
Installing energy_navigation script to /home/sebab/ARS_Sanitizer_Project/ARS_Sanitizer_Project_ws/install/task4_sanification/lib/task4_sanification
Installing energy_publisher script to /home/sebab/ARS_Sanitizer_Project/ARS_Sanitizer_Project_ws/install/task4_sanification/lib/task4_sanification
Installing power_publisher script to /home/sebab/ARS_Sanitizer_Project/ARS_Sanitizer_Project_ws/install/task4_sanification/lib/task4_sanification
writing list of installed files to '/home/sebab/ARS_Sanitizer_Project/ARS_Sanitizer_Project_ws/build/task4_sanification/install.log'
