[1.384s] Invoking command in '/home/sebab/ARS_Sanitizer_Project/ARS_Sanitizer_Project_ws/src/energy_nav': PYTHONPATH=/home/sebab/ARS_Sanitizer_Project/ARS_Sanitizer_Project_ws/build/energy_nav/prefix_override:/home/sebab/ARS_Sanitizer_Project/ARS_Sanitizer_Project_ws/install/energy_nav/lib/python3.10/site-packages:${PYTHONPATH} /usr/bin/python3 setup.py egg_info --egg-base ../../build/energy_nav build --build-base /home/sebab/ARS_Sanitizer_Project/ARS_Sanitizer_Project_ws/build/energy_nav/build install --record /home/sebab/ARS_Sanitizer_Project/ARS_Sanitizer_Project_ws/build/energy_nav/install.log --single-version-externally-managed
[1.576s] running egg_info
[1.576s] creating ../../build/energy_nav/energy_nav.egg-info
[1.576s] writing ../../build/energy_nav/energy_nav.egg-info/PKG-INFO
[1.576s] writing dependency_links to ../../build/energy_nav/energy_nav.egg-info/dependency_links.txt
[1.576s] writing entry points to ../../build/energy_nav/energy_nav.egg-info/entry_points.txt
[1.576s] writing requirements to ../../build/energy_nav/energy_nav.egg-info/requires.txt
[1.576s] writing top-level names to ../../build/energy_nav/energy_nav.egg-info/top_level.txt
[1.577s] writing manifest file '../../build/energy_nav/energy_nav.egg-info/SOURCES.txt'
[1.577s] reading manifest file '../../build/energy_nav/energy_nav.egg-info/SOURCES.txt'
[1.578s] writing manifest file '../../build/energy_nav/energy_nav.egg-info/SOURCES.txt'
[1.578s] running build
[1.578s] running build_py
[1.578s] creating /home/sebab/ARS_Sanitizer_Project/ARS_Sanitizer_Project_ws/build/energy_nav/build
[1.578s] creating /home/sebab/ARS_Sanitizer_Project/ARS_Sanitizer_Project_ws/build/energy_nav/build/lib
[1.578s] creating /home/sebab/ARS_Sanitizer_Project/ARS_Sanitizer_Project_ws/build/energy_nav/build/lib/energy_nav
[1.578s] copying energy_nav/__init__.py -> /home/sebab/ARS_Sanitizer_Project/ARS_Sanitizer_Project_ws/build/energy_nav/build/lib/energy_nav
[1.578s] copying energy_nav/example_navigation.py -> /home/sebab/ARS_Sanitizer_Project/ARS_Sanitizer_Project_ws/build/energy_nav/build/lib/energy_nav
[1.578s] copying energy_nav/energy_navigation.py -> /home/sebab/ARS_Sanitizer_Project/ARS_Sanitizer_Project_ws/build/energy_nav/build/lib/energy_nav
[1.578s] running install
[1.579s] running install_lib
[1.579s] creating /home/sebab/ARS_Sanitizer_Project/ARS_Sanitizer_Project_ws/install/energy_nav/lib/python3.10/site-packages/energy_nav
[1.579s] copying /home/sebab/ARS_Sanitizer_Project/ARS_Sanitizer_Project_ws/build/energy_nav/build/lib/energy_nav/__init__.py -> /home/sebab/ARS_Sanitizer_Project/ARS_Sanitizer_Project_ws/install/energy_nav/lib/python3.10/site-packages/energy_nav
[1.579s] copying /home/sebab/ARS_Sanitizer_Project/ARS_Sanitizer_Project_ws/build/energy_nav/build/lib/energy_nav/example_navigation.py -> /home/sebab/ARS_Sanitizer_Project/ARS_Sanitizer_Project_ws/install/energy_nav/lib/python3.10/site-packages/energy_nav
[1.579s] copying /home/sebab/ARS_Sanitizer_Project/ARS_Sanitizer_Project_ws/build/energy_nav/build/lib/energy_nav/energy_navigation.py -> /home/sebab/ARS_Sanitizer_Project/ARS_Sanitizer_Project_ws/install/energy_nav/lib/python3.10/site-packages/energy_nav
[1.579s] byte-compiling /home/sebab/ARS_Sanitizer_Project/ARS_Sanitizer_Project_ws/install/energy_nav/lib/python3.10/site-packages/energy_nav/__init__.py to __init__.cpython-310.pyc
[1.579s] byte-compiling /home/sebab/ARS_Sanitizer_Project/ARS_Sanitizer_Project_ws/install/energy_nav/lib/python3.10/site-packages/energy_nav/example_navigation.py to example_navigation.cpython-310.pyc
[1.581s] byte-compiling /home/sebab/ARS_Sanitizer_Project/ARS_Sanitizer_Project_ws/install/energy_nav/lib/python3.10/site-packages/energy_nav/energy_navigation.py to energy_navigation.cpython-310.pyc
[1.582s] running install_data
[1.582s] creating /home/sebab/ARS_Sanitizer_Project/ARS_Sanitizer_Project_ws/install/energy_nav/share/ament_index
[1.582s] creating /home/sebab/ARS_Sanitizer_Project/ARS_Sanitizer_Project_ws/install/energy_nav/share/ament_index/resource_index
[1.582s] creating /home/sebab/ARS_Sanitizer_Project/ARS_Sanitizer_Project_ws/install/energy_nav/share/ament_index/resource_index/packages
[1.582s] copying resource/energy_nav -> /home/sebab/ARS_Sanitizer_Project/ARS_Sanitizer_Project_ws/install/energy_nav/share/ament_index/resource_index/packages
[1.582s] copying package.xml -> /home/sebab/ARS_Sanitizer_Project/ARS_Sanitizer_Project_ws/install/energy_nav/share/energy_nav
[1.582s] running install_egg_info
[1.583s] Copying ../../build/energy_nav/energy_nav.egg-info to /home/sebab/ARS_Sanitizer_Project/ARS_Sanitizer_Project_ws/install/energy_nav/lib/python3.10/site-packages/energy_nav-0.0.0-py3.10.egg-info
[1.584s] running install_scripts
[1.598s] Installing energy_nav_node script to /home/sebab/ARS_Sanitizer_Project/ARS_Sanitizer_Project_ws/install/energy_nav/lib/energy_nav
[1.598s] Installing example_nav_node script to /home/sebab/ARS_Sanitizer_Project/ARS_Sanitizer_Project_ws/install/energy_nav/lib/energy_nav
[1.598s] writing list of installed files to '/home/sebab/ARS_Sanitizer_Project/ARS_Sanitizer_Project_ws/build/energy_nav/install.log'
[1.728s] Invoked command in '/home/sebab/ARS_Sanitizer_Project/ARS_Sanitizer_Project_ws/src/energy_nav' returned '0': PYTHONPATH=/home/sebab/ARS_Sanitizer_Project/ARS_Sanitizer_Project_ws/build/energy_nav/prefix_override:/home/sebab/ARS_Sanitizer_Project/ARS_Sanitizer_Project_ws/install/energy_nav/lib/python3.10/site-packages:${PYTHONPATH} /usr/bin/python3 setup.py egg_info --egg-base ../../build/energy_nav build --build-base /home/sebab/ARS_Sanitizer_Project/ARS_Sanitizer_Project_ws/build/energy_nav/build install --record /home/sebab/ARS_Sanitizer_Project/ARS_Sanitizer_Project_ws/build/energy_nav/install.log --single-version-externally-managed
