[1.319s] Invoking command in '/home/sebab/ARS_Sanitizer_Project/ARS_Sanitizer_Project_ws/src/uv_power': PYTHONPATH=/home/sebab/ARS_Sanitizer_Project/ARS_Sanitizer_Project_ws/build/uv_power/prefix_override:/home/sebab/ARS_Sanitizer_Project/ARS_Sanitizer_Project_ws/install/uv_power/lib/python3.10/site-packages:${PYTHONPATH} /usr/bin/python3 setup.py egg_info --egg-base ../../build/uv_power build --build-base /home/sebab/ARS_Sanitizer_Project/ARS_Sanitizer_Project_ws/build/uv_power/build install --record /home/sebab/ARS_Sanitizer_Project/ARS_Sanitizer_Project_ws/build/uv_power/install.log --single-version-externally-managed
[1.536s] running egg_info
[1.536s] writing ../../build/uv_power/uv_power.egg-info/PKG-INFO
[1.536s] writing dependency_links to ../../build/uv_power/uv_power.egg-info/dependency_links.txt
[1.536s] writing entry points to ../../build/uv_power/uv_power.egg-info/entry_points.txt
[1.536s] writing requirements to ../../build/uv_power/uv_power.egg-info/requires.txt
[1.536s] writing top-level names to ../../build/uv_power/uv_power.egg-info/top_level.txt
[1.537s] reading manifest file '../../build/uv_power/uv_power.egg-info/SOURCES.txt'
[1.538s] writing manifest file '../../build/uv_power/uv_power.egg-info/SOURCES.txt'
[1.538s] running build
[1.538s] running build_py
[1.538s] running install
[1.539s] running install_lib
[1.539s] running install_data
[1.540s] running install_egg_info
[1.541s] removing '/home/sebab/ARS_Sanitizer_Project/ARS_Sanitizer_Project_ws/install/uv_power/lib/python3.10/site-packages/uv_power-0.0.0-py3.10.egg-info' (and everything under it)
[1.541s] Copying ../../build/uv_power/uv_power.egg-info to /home/sebab/ARS_Sanitizer_Project/ARS_Sanitizer_Project_ws/install/uv_power/lib/python3.10/site-packages/uv_power-0.0.0-py3.10.egg-info
[1.542s] running install_scripts
[1.557s] Installing uv_power script to /home/sebab/ARS_Sanitizer_Project/ARS_Sanitizer_Project_ws/install/uv_power/lib/uv_power
[1.557s] writing list of installed files to '/home/sebab/ARS_Sanitizer_Project/ARS_Sanitizer_Project_ws/build/uv_power/install.log'
[1.582s] Invoked command in '/home/sebab/ARS_Sanitizer_Project/ARS_Sanitizer_Project_ws/src/uv_power' returned '0': PYTHONPATH=/home/sebab/ARS_Sanitizer_Project/ARS_Sanitizer_Project_ws/build/uv_power/prefix_override:/home/sebab/ARS_Sanitizer_Project/ARS_Sanitizer_Project_ws/install/uv_power/lib/python3.10/site-packages:${PYTHONPATH} /usr/bin/python3 setup.py egg_info --egg-base ../../build/uv_power build --build-base /home/sebab/ARS_Sanitizer_Project/ARS_Sanitizer_Project_ws/build/uv_power/build install --record /home/sebab/ARS_Sanitizer_Project/ARS_Sanitizer_Project_ws/build/uv_power/install.log --single-version-externally-managed
