[0.036s] Invoking command in '/home/sebab/ARS_final_project/build/turtlebot3_simulations': AMENT_PREFIX_PATH=/home/sebab/ARS_final_project/install/turtlebot3_gazebo:/home/sebab/ARS_final_project/install/turtlebot3_fake_node:${AMENT_PREFIX_PATH} CMAKE_PREFIX_PATH=/home/sebab/ARS_final_project/install/turtlebot3_gazebo:/home/sebab/ARS_final_project/install/turtlebot3_fake_node:/opt/ros/humble /usr/bin/cmake /home/sebab/ARS_final_project/src/turtlebot3_simulations/turtlebot3_simulations -DCMAKE_INSTALL_PREFIX=/home/sebab/ARS_final_project/install/turtlebot3_simulations
[0.078s] -- The C compiler identification is GNU 11.4.0
[0.126s] -- The CXX compiler identification is GNU 11.4.0
[0.130s] -- Detecting C compiler ABI info
[0.204s] -- Detecting C compiler ABI info - done
[0.210s] -- Check for working C compiler: /usr/bin/cc - skipped
[0.210s] -- Detecting C compile features
[0.211s] -- Detecting C compile features - done
[0.215s] -- Detecting CXX compiler ABI info
[0.301s] -- Detecting CXX compiler ABI info - done
[0.306s] -- Check for working CXX compiler: /usr/bin/c++ - skipped
[0.306s] -- Detecting CXX compile features
[0.306s] -- Detecting CXX compile features - done
[0.308s] -- Found ament_cmake: 1.3.6 (/opt/ros/humble/share/ament_cmake/cmake)
[0.418s] -- Found Python3: /usr/bin/python3.10 (found version "3.10.12") found components: Interpreter 
[0.509s] -- Configuring done
[0.510s] -- Generating done
[0.511s] -- Build files have been written to: /home/sebab/ARS_final_project/build/turtlebot3_simulations
[0.514s] Invoked command in '/home/sebab/ARS_final_project/build/turtlebot3_simulations' returned '0': AMENT_PREFIX_PATH=/home/sebab/ARS_final_project/install/turtlebot3_gazebo:/home/sebab/ARS_final_project/install/turtlebot3_fake_node:${AMENT_PREFIX_PATH} CMAKE_PREFIX_PATH=/home/sebab/ARS_final_project/install/turtlebot3_gazebo:/home/sebab/ARS_final_project/install/turtlebot3_fake_node:/opt/ros/humble /usr/bin/cmake /home/sebab/ARS_final_project/src/turtlebot3_simulations/turtlebot3_simulations -DCMAKE_INSTALL_PREFIX=/home/sebab/ARS_final_project/install/turtlebot3_simulations
[0.514s] Invoking command in '/home/sebab/ARS_final_project/build/turtlebot3_simulations': AMENT_PREFIX_PATH=/home/sebab/ARS_final_project/install/turtlebot3_gazebo:/home/sebab/ARS_final_project/install/turtlebot3_fake_node:${AMENT_PREFIX_PATH} CMAKE_PREFIX_PATH=/home/sebab/ARS_final_project/install/turtlebot3_gazebo:/home/sebab/ARS_final_project/install/turtlebot3_fake_node:/opt/ros/humble /usr/bin/cmake --build /home/sebab/ARS_final_project/build/turtlebot3_simulations -- -j16 -l16
[0.555s] Invoked command in '/home/sebab/ARS_final_project/build/turtlebot3_simulations' returned '0': AMENT_PREFIX_PATH=/home/sebab/ARS_final_project/install/turtlebot3_gazebo:/home/sebab/ARS_final_project/install/turtlebot3_fake_node:${AMENT_PREFIX_PATH} CMAKE_PREFIX_PATH=/home/sebab/ARS_final_project/install/turtlebot3_gazebo:/home/sebab/ARS_final_project/install/turtlebot3_fake_node:/opt/ros/humble /usr/bin/cmake --build /home/sebab/ARS_final_project/build/turtlebot3_simulations -- -j16 -l16
[0.582s] Invoking command in '/home/sebab/ARS_final_project/build/turtlebot3_simulations': AMENT_PREFIX_PATH=/home/sebab/ARS_final_project/install/turtlebot3_gazebo:/home/sebab/ARS_final_project/install/turtlebot3_fake_node:${AMENT_PREFIX_PATH} CMAKE_PREFIX_PATH=/home/sebab/ARS_final_project/install/turtlebot3_gazebo:/home/sebab/ARS_final_project/install/turtlebot3_fake_node:/opt/ros/humble /usr/bin/cmake --install /home/sebab/ARS_final_project/build/turtlebot3_simulations
[0.594s] -- Install configuration: ""
[0.594s] -- Installing: /home/sebab/ARS_final_project/install/turtlebot3_simulations/share/ament_index/resource_index/package_run_dependencies/turtlebot3_simulations
[0.594s] -- Installing: /home/sebab/ARS_final_project/install/turtlebot3_simulations/share/ament_index/resource_index/parent_prefix_path/turtlebot3_simulations
[0.595s] -- Installing: /home/sebab/ARS_final_project/install/turtlebot3_simulations/share/turtlebot3_simulations/environment/ament_prefix_path.sh
[0.595s] -- Installing: /home/sebab/ARS_final_project/install/turtlebot3_simulations/share/turtlebot3_simulations/environment/ament_prefix_path.dsv
[0.595s] -- Installing: /home/sebab/ARS_final_project/install/turtlebot3_simulations/share/turtlebot3_simulations/environment/path.sh
[0.595s] -- Installing: /home/sebab/ARS_final_project/install/turtlebot3_simulations/share/turtlebot3_simulations/environment/path.dsv
[0.595s] -- Installing: /home/sebab/ARS_final_project/install/turtlebot3_simulations/share/turtlebot3_simulations/local_setup.bash
[0.595s] -- Installing: /home/sebab/ARS_final_project/install/turtlebot3_simulations/share/turtlebot3_simulations/local_setup.sh
[0.595s] -- Installing: /home/sebab/ARS_final_project/install/turtlebot3_simulations/share/turtlebot3_simulations/local_setup.zsh
[0.595s] -- Installing: /home/sebab/ARS_final_project/install/turtlebot3_simulations/share/turtlebot3_simulations/local_setup.dsv
[0.596s] -- Installing: /home/sebab/ARS_final_project/install/turtlebot3_simulations/share/turtlebot3_simulations/package.dsv
[0.596s] -- Installing: /home/sebab/ARS_final_project/install/turtlebot3_simulations/share/ament_index/resource_index/packages/turtlebot3_simulations
[0.596s] -- Installing: /home/sebab/ARS_final_project/install/turtlebot3_simulations/share/turtlebot3_simulations/cmake/turtlebot3_simulationsConfig.cmake
[0.596s] -- Installing: /home/sebab/ARS_final_project/install/turtlebot3_simulations/share/turtlebot3_simulations/cmake/turtlebot3_simulationsConfig-version.cmake
[0.596s] -- Installing: /home/sebab/ARS_final_project/install/turtlebot3_simulations/share/turtlebot3_simulations/package.xml
[0.599s] Invoked command in '/home/sebab/ARS_final_project/build/turtlebot3_simulations' returned '0': AMENT_PREFIX_PATH=/home/sebab/ARS_final_project/install/turtlebot3_gazebo:/home/sebab/ARS_final_project/install/turtlebot3_fake_node:${AMENT_PREFIX_PATH} CMAKE_PREFIX_PATH=/home/sebab/ARS_final_project/install/turtlebot3_gazebo:/home/sebab/ARS_final_project/install/turtlebot3_fake_node:/opt/ros/humble /usr/bin/cmake --install /home/sebab/ARS_final_project/build/turtlebot3_simulations
