running egg_info
writing ../../build/energy_nav/energy_nav.egg-info/PKG-INFO
writing dependency_links to ../../build/energy_nav/energy_nav.egg-info/dependency_links.txt
writing entry points to ../../build/energy_nav/energy_nav.egg-info/entry_points.txt
writing requirements to ../../build/energy_nav/energy_nav.egg-info/requires.txt
writing top-level names to ../../build/energy_nav/energy_nav.egg-info/top_level.txt
reading manifest file '../../build/energy_nav/energy_nav.egg-info/SOURCES.txt'
writing manifest file '../../build/energy_nav/energy_nav.egg-info/SOURCES.txt'
running build
running build_py
copying energy_nav/example_navigation.py -> /home/sebab/ARS_Sanitizer_Project/ARS_Sanitizer_Project_ws/build/energy_nav/build/lib/energy_nav
running install
running install_lib
copying /home/sebab/ARS_Sanitizer_Project/ARS_Sanitizer_Project_ws/build/energy_nav/build/lib/energy_nav/example_navigation.py -> /home/sebab/ARS_Sanitizer_Project/ARS_Sanitizer_Project_ws/install/energy_nav/lib/python3.10/site-packages/energy_nav
byte-compiling /home/sebab/ARS_Sanitizer_Project/ARS_Sanitizer_Project_ws/install/energy_nav/lib/python3.10/site-packages/energy_nav/example_navigation.py to example_navigation.cpython-310.pyc
running install_data
running install_egg_info
removing '/home/sebab/ARS_Sanitizer_Project/ARS_Sanitizer_Project_ws/install/energy_nav/lib/python3.10/site-packages/energy_nav-0.0.0-py3.10.egg-info' (and everything under it)
Copying ../../build/energy_nav/energy_nav.egg-info to /home/sebab/ARS_Sanitizer_Project/ARS_Sanitizer_Project_ws/install/energy_nav/lib/python3.10/site-packages/energy_nav-0.0.0-py3.10.egg-info
running install_scripts
Installing energy_nav_node script to /home/sebab/ARS_Sanitizer_Project/ARS_Sanitizer_Project_ws/install/energy_nav/lib/energy_nav
Installing example_nav_node script to /home/sebab/ARS_Sanitizer_Project/ARS_Sanitizer_Project_ws/install/energy_nav/lib/energy_nav
writing list of installed files to '/home/sebab/ARS_Sanitizer_Project/ARS_Sanitizer_Project_ws/build/energy_nav/install.log'
